Brightmere Ironshore Bushgate Morwall Clearland Lochmage Foxvale Violetley Corbank Courtcastle Oldmoor Ironriver Snowshore Stonefair Fairsage Wildemarsh Shoreburn Lightmere Wolflea Irondeer Oakmere Bluedell Greyice Eriwall Brightmere Greenshore Valhaven Westmill Morwald Buttermead Rosemill Esterfall Newby Eastcastle Clearnesse Westerlight Freyview Butterbush Erilyn Courtwall Wellmage Goldwyvern Stoneglass Southwheat Esterash Newley Foxhaven Westvale Woodice Dellwyn Marbleiron
47
Brightmere Brightmere
Ironshore Ironshore
Bushgate Bushgate
Morwall Morwall
Clearland Clearland
Lochmage Lochmage
Foxvale Foxvale
Violetley Violetley
Corbank Corbank
Courtcastle Courtcastle
Oldmoor Oldmoor
Ironriver Ironriver
Snowshore Snowshore
Stonefair Stonefair
Fairsage Fairsage
Wildemarsh Wildemarsh
Shoreburn Shoreburn
Lightmere Lightmere
Wolflea Wolflea
Irondeer Irondeer
Oakmere Oakmere
Bluedell Bluedell
Greyice Greyice
Eriwall Eriwall
Greenshore Greenshore
Valhaven Valhaven
Westmill Westmill
Morwald Morwald
Buttermead Buttermead
Rosemill Rosemill
Esterfall Esterfall
Newby Newby
Eastcastle Eastcastle
Clearnesse Clearnesse
Westerlight Westerlight
Freyview Freyview
Butterbush Butterbush
Erilyn Erilyn
Courtwall Courtwall
Wellmage Wellmage
Goldwyvern Goldwyvern
Stoneglass Stoneglass
Southwheat Southwheat
Esterash Esterash
Newley Newley
Foxhaven Foxhaven
Westvale Westvale
