Shoreburn Stonefair Coldville Flowerfield Snowsage Newley Lochmage Greensummer Courtedge Ironshore Goldwyvern Esterfall Freyview Mallowness Bluedale Fairsage Wellbank Seamoor Foxvale Bluelake Westmill Eriwall Esterash Rosegate Redlake Clearnesse Morwald Silverlea Shoreburn Mistshore Springfox Snowshore Clearland Mallowway Fogland Brightmere Fieldedge Wolflea Wellmage Bluewyn Highmont Orbarrow Verthedge Morwall Newby Butterbush Freymere Summermage Woodice Oakmere Greyice Oldmoor Ostwynne Silverbarrow Mallowbridge Windbridge Janholt Westerlight Lightmere Southwheat Applecastle Strongfall Southpine Redwell Buttermead Violetley Valhaven Courtwall Starryhill Stoneglass Butterway Westvale Silverwitch Violetfay Icenesse Dellwyn Newmill Erilyn Rosemill Orfort Flowermill Courtcastle Brightrock Goldcrest Northwynne Irondeer Butterhill Eastcastle Ironriver Northriver Foxhaven Corbank Wildemarsh Blackbush Bushgate Deephedge Bluedell Wooddell Fairice Greenshore Marbleiron
97
Shoreburn Shoreburn
Stonefair Stonefair
Coldville Coldville
Flowerfield Flowerfield
Snowsage Snowsage
Newley Newley
Lochmage Lochmage
Greensummer Greensummer
Courtedge Courtedge
Ironshore Ironshore
Goldwyvern Goldwyvern
Esterfall Esterfall
Freyview Freyview
Mallowness Mallowness
Bluedale Bluedale
Fairsage Fairsage
Wellbank Wellbank
Seamoor Seamoor
Foxvale Foxvale
Bluelake Bluelake
Westmill Westmill
Eriwall Eriwall
Esterash Esterash
Rosegate Rosegate
Redlake Redlake
Clearnesse Clearnesse
Morwald Morwald
Silverlea Silverlea
Mistshore Mistshore
Springfox Springfox
Snowshore Snowshore
Clearland Clearland
Mallowway Mallowway
Fogland Fogland
Brightmere Brightmere
Fieldedge Fieldedge
Wolflea Wolflea
Wellmage Wellmage
Bluewyn Bluewyn
Highmont Highmont
Orbarrow Orbarrow
Verthedge Verthedge
Morwall Morwall
Newby Newby
Butterbush Butterbush
Freymere Freymere
Summermage Summermage
Woodice Woodice
Oakmere Oakmere
Greyice Greyice
Oldmoor Oldmoor
Ostwynne Ostwynne
Silverbarrow Silverbarrow
Mallowbridge Mallowbridge
Windbridge Windbridge
Janholt Janholt
Westerlight Westerlight
Lightmere Lightmere
Southwheat Southwheat
Applecastle Applecastle
Strongfall Strongfall
Southpine Southpine
Redwell Redwell
Buttermead Buttermead
Violetley Violetley
Valhaven Valhaven
Courtwall Courtwall
Starryhill Starryhill
Stoneglass Stoneglass
Butterway Butterway
Westvale Westvale
Silverwitch Silverwitch
Violetfay Violetfay
Icenesse Icenesse
Dellwyn Dellwyn
Newmill Newmill
Erilyn Erilyn
Rosemill Rosemill
Orfort Orfort
Flowermill Flowermill
Courtcastle Courtcastle
Brightrock Brightrock
Goldcrest Goldcrest
Northwynne Northwynne
Irondeer Irondeer
Butterhill Butterhill
Eastcastle Eastcastle
Ironriver Ironriver
Northriver Northriver
Foxhaven Foxhaven
Corbank Corbank
Wildemarsh Wildemarsh
Blackbush Blackbush
Bushgate Bushgate
Deephedge Deephedge
Bluedell Bluedell
Wooddell Wooddell
