Clearnesse Clearnesse Morwald Butterbush Valhaven Freyview Newby Goldwyvern Dellwyn Esterfall Violetley Foxvale Foxhaven Morwall Oakmere Oldmoor Buttermead Ironshore Courtcastle Woodice Eriwall Courtwall Westvale Ironriver Corbank Marbleiron
22
Clearnesse Clearnesse
Morwald Morwald
Butterbush Butterbush
Valhaven Valhaven
Freyview Freyview
Newby Newby
Goldwyvern Goldwyvern
Dellwyn Dellwyn
Esterfall Esterfall
Violetley Violetley
Foxvale Foxvale
Foxhaven Foxhaven
Morwall Morwall
Oakmere Oakmere
Oldmoor Oldmoor
Buttermead Buttermead
Ironshore Ironshore
Courtcastle Courtcastle
Woodice Woodice
Eriwall Eriwall
Courtwall Courtwall
Westvale Westvale
