44 34 71 83 187 32 181 169 31 109 184 85 133 106 178 47 166 118 13 174 124 137 16 25 46 67 195 136 73 163 79 112 61 100 3 40 165 55 2 4 157 41 193 154 196 37 160 200 152 58 167 130 6 43 121 153 148 5 28 10 22 29 129 99 142 8 190 132 175 127 74 7 19 139 94 24 162 49 76 97 101 52 145 180 82 107 197 115 88 1
61
34 34
71 64
187 187
181 181
169 169
31 31
109 109
184 184
85 85
133 133
106 106
178 178
166 166
118 118
13 13
174 103
124 124
16 16
25 70
46 46
67 67
136 136
73 73
163 163
79 79
112 112
61 61
100 100
40 40
55 55
4 4
157 157
193 193
154 154
196 196
37 37
160 160
152 91
58 58
130 130
43 43
121 121
153 151
148 148
28 28
10 10
22 22
142 142
190 190
175 175
127 127
7 7
19 19
139 139
94 94
49 49
76 76
97 97
52 52
145 172
82 82
