FacultyClub Hilgard SproulPlaza BioscienceLibrary BancroftDance LawrenceofScience Koshland MediaCenter SutardjaDai BrainImagingCenter Birge NewspapersLibrary Stephens Wheeler OBrien Jacobs EarthLibrary InternationalHouse Cheit OptometryLibrary EarthquakeLibrary UniversityHouse CITRIS SpringerGateway Sproul HearstGym Warren MelvinLaboratory StowPlaza Pimentel DonnerLaboratory Library FPF AnthropologyLibrary IRLE Investigative Manville Durham MartinezCommons StudentUnion Etcheverry CareerCenter EnergyBuilding Spieker Morrison ArtHistoryLibrary Unit3 Mulford PacificFilmArchive AndersenAuditorium FacultyClub
48
FacultyClub FacultyClub
Hilgard Hilgard
SproulPlaza SproulPlaza
BioscienceLibrary BioscienceLibrary
BancroftDance BancroftDance
LawrenceofScience LawrenceofScience
Koshland Koshland
MediaCenter MediaCenter
SutardjaDai SutardjaDai
BrainImagingCenter BrainImagingCenter
Birge Birge
NewspapersLibrary NewspapersLibrary
Stephens Stephens
Wheeler Wheeler
OBrien OBrien
Jacobs Jacobs
EarthLibrary EarthLibrary
InternationalHouse InternationalHouse
Cheit Cheit
OptometryLibrary OptometryLibrary
EarthquakeLibrary EarthquakeLibrary
UniversityHouse UniversityHouse
CITRIS CITRIS
SpringerGateway SpringerGateway
Sproul Sproul
HearstGym HearstGym
Warren Warren
MelvinLaboratory MelvinLaboratory
StowPlaza StowPlaza
Pimentel Pimentel
DonnerLaboratory DonnerLaboratory
Library Library
FPF FPF
AnthropologyLibrary AnthropologyLibrary
IRLE IRLE
Investigative Investigative
Manville Manville
Durham Durham
MartinezCommons MartinezCommons
StudentUnion StudentUnion
Etcheverry Etcheverry
CareerCenter CareerCenter
EnergyBuilding EnergyBuilding
Spieker Spieker
Morrison Morrison
ArtHistoryLibrary ArtHistoryLibrary
Unit3 Unit3
Mulford Mulford
