FacultyClub Unit3 MediaCenter BancroftDance Sproul FoundersRock Davis Mulford AndersenAuditorium EarthLibrary HearstFieldAnnex LatinAmerican Jacobs Morrison PacificFilmArchive BrainImagingCenter Durham Wellman IdaHouse BanwayBuilding VisualCenter FoxCottage SEAsianLibrary NewspapersLibrary Hilgard EarthquakeLibrary StudentUnion SproulPlaza McCone HealthServices WooHonFai Etcheverry TAAP Boalt EngineeringLibrary Latimer CITRIS BancroftLibrary UniversityHouse Spieker AnthropologyLibrary MartinezCommons Wheeler HearstGym MSRI NorthGate OBrien BioscienceLibrary VLSB Stanley Senior HearstFountain Cheit StowPlaza Koshland MelvinLaboratory UpperHearstParking MathLibrary BerkeleyLawLibrary SpringerGateway Investigative MLK EastAsianLibrary Bechtel Hildebrand Manville ArtHistoryLibrary HearstGreekTheatre InternationalHouse DonnerLaboratory AlumniHouse AquaticCenter CesarChavez SutardjaDai Pimentel Bowles SocialLibrary FPF SimpsonCenter IRLE LeConte MaxwellField LawSchool Library Durant Soda Warren Underhill EnergyBuilding Campbell Birge EthnicLibrary PhysicsLibrary Evans Giauque CareerCenter BerkeleyWayWest LawrenceofScience OptometryLibrary Stephens FacultyClub
98
FacultyClub FacultyClub
Unit3 Unit3
MediaCenter MediaCenter
BancroftDance BancroftDance
Sproul Sproul
FoundersRock FoundersRock
Davis Davis
Mulford Mulford
AndersenAuditorium AndersenAuditorium
EarthLibrary EarthLibrary
HearstFieldAnnex HearstFieldAnnex
LatinAmerican LatinAmerican
Jacobs Jacobs
Morrison Morrison
PacificFilmArchive PacificFilmArchive
BrainImagingCenter BrainImagingCenter
Durham Durham
Wellman Wellman
IdaHouse IdaHouse
BanwayBuilding BanwayBuilding
VisualCenter VisualCenter
FoxCottage FoxCottage
SEAsianLibrary SEAsianLibrary
NewspapersLibrary NewspapersLibrary
Hilgard Hilgard
EarthquakeLibrary EarthquakeLibrary
StudentUnion StudentUnion
SproulPlaza SproulPlaza
McCone McCone
HealthServices HealthServices
WooHonFai WooHonFai
Etcheverry Etcheverry
TAAP TAAP
Boalt Boalt
EngineeringLibrary EngineeringLibrary
Latimer Latimer
CITRIS CITRIS
BancroftLibrary BancroftLibrary
UniversityHouse UniversityHouse
Spieker Spieker
AnthropologyLibrary AnthropologyLibrary
MartinezCommons MartinezCommons
Wheeler Wheeler
HearstGym HearstGym
MSRI MSRI
NorthGate NorthGate
OBrien OBrien
BioscienceLibrary BioscienceLibrary
VLSB VLSB
Stanley Stanley
Senior Senior
HearstFountain HearstFountain
Cheit Cheit
StowPlaza StowPlaza
Koshland Koshland
MelvinLaboratory MelvinLaboratory
UpperHearstParking UpperHearstParking
MathLibrary MathLibrary
BerkeleyLawLibrary BerkeleyLawLibrary
SpringerGateway SpringerGateway
Investigative Investigative
MLK MLK
EastAsianLibrary EastAsianLibrary
Bechtel Bechtel
Hildebrand Hildebrand
Manville Manville
ArtHistoryLibrary ArtHistoryLibrary
HearstGreekTheatre HearstGreekTheatre
InternationalHouse InternationalHouse
DonnerLaboratory DonnerLaboratory
AlumniHouse AlumniHouse
AquaticCenter AquaticCenter
CesarChavez CesarChavez
SutardjaDai SutardjaDai
Pimentel Pimentel
Bowles Bowles
SocialLibrary SocialLibrary
FPF FPF
SimpsonCenter SimpsonCenter
IRLE IRLE
LeConte LeConte
MaxwellField MaxwellField
LawSchool LawSchool
Library Library
Durant Durant
Soda Soda
Warren Warren
Underhill Underhill
EnergyBuilding EnergyBuilding
Campbell Campbell
Birge Birge
EthnicLibrary EthnicLibrary
PhysicsLibrary PhysicsLibrary
Evans Evans
Giauque Giauque
CareerCenter CareerCenter
BerkeleyWayWest BerkeleyWayWest
LawrenceofScience LawrenceofScience
