FacultyClub BrainImagingCenter Morrison LawrenceofScience Pimentel Spieker HearstGym Mulford PacificFilmArchive Wheeler StudentUnion UniversityHouse Cheit BioscienceLibrary Etcheverry EarthquakeLibrary Hilgard SutardjaDai Durham CareerCenter Library OBrien FPF SproulPlaza Manville FacultyClub
25
FacultyClub FacultyClub
BrainImagingCenter BrainImagingCenter
Morrison Morrison
LawrenceofScience LawrenceofScience
Pimentel Pimentel
Spieker Spieker
HearstGym HearstGym
Mulford Mulford
PacificFilmArchive PacificFilmArchive
Wheeler Wheeler
StudentUnion StudentUnion
UniversityHouse UniversityHouse
Cheit Cheit
BioscienceLibrary BioscienceLibrary
Etcheverry Etcheverry
EarthquakeLibrary EarthquakeLibrary
Hilgard Hilgard
SutardjaDai SutardjaDai
Durham Durham
CareerCenter CareerCenter
Library Library
OBrien OBrien
FPF FPF
SproulPlaza SproulPlaza
Manville Manville
