0 140 85 82 15 76 106 19 93 145 120 112 35 155 69 56 154 13 123 96 105 26 92 8 46 83 188 175 199 44 170 3 135 67 103 172 77 87 173 195 80 47 167 181 49 52 124 113 178 177 55 114 32 102 33 197 48 51 97 171 149 58 161 73 90 169 60 148 38 91 88 162 94 65 132 134 74 75 64 180 17 191 18 25 141 153 158 131 71 99 139 168 42 133 136 143 119 117 174 0
96
140 140
85 85
82 82
15 15
76 76
106 106
19 19
93 93
145 145
120 120
112 112
35 35
155 155
69 69
56 56
154 154
13 13
123 123
96 96
105 105
26 26
92 92
8 8
46 46
83 83
188 188
175 175
199 199
44 44
170 170
3 3
135 135
67 67
103 103
172 172
77 77
87 87
173 173
195 195
80 80
47 47
167 167
181 181
49 49
52 52
124 124
113 113
178 178
177 177
55 55
114 114
32 32
102 102
33 33
197 197
48 48
51 51
97 97
171 171
149 149
58 58
161 161
73 73
90 90
169 169
60 60
148 148
38 38
91 91
88 88
162 162
94 94
65 65
132 132
134 134
74 74
75 75
64 64
180 180
17 17
191 191
18 18
25 25
141 141
153 153
158 158
131 131
71 71
99 99
139 139
168 168
42 42
133 133
136 136
143 143
119 119
