1 15 99 45 78 57 98 52 49 77 25 100 92 62 60 85 53 21 68 69 64 12 34 31 7 76 42 95 16 59 44 88 84 56 4 26 48 61 38 63 22 9 33 29 37 50 17 67 82 72 43 66 70 40 47 6 65 35 39 93 2 36 51 54 80 20 79 58 11 24 97 10 8 90 27 19 55 3 14 89 46 91 75 74 94 71 23 104 73 185 30 5 96 87 32 28 83 167 101 18 86 41 13 81 1
100
15 15
99 99
45 45
78 78
57 57
98 98
52 52
49 49
77 77
25 25
100 100
92 92
62 62
60 60
85 85
53 53
21 21
68 68
69 69
64 64
12 12
34 34
31 31
7 7
76 76
42 42
95 95
16 16
59 59
44 44
88 88
84 84
56 56
4 4
26 26
48 48
61 61
38 38
63 63
22 22
9 9
33 33
29 29
37 37
50 50
17 17
67 67
82 82
72 72
43 43
66 66
70 70
40 40
47 47
6 6
65 65
35 35
39 39
93 93
2 2
36 36
51 51
54 54
80 80
20 20
79 79
58 58
11 11
24 24
97 97
10 10
8 8
90 90
27 27
19 19
55 55
3 3
14 14
89 89
46 46
91 91
75 75
74 74
94 94
71 71
23 23
73 73
30 30
5 5
96 96
87 87
32 32
28 28
83 83
101 101
18 18
86 86
41 41
13 13
81 81
