86 154 93 56 96 162 67 119 172 126 97 14 140 77 159 164 6 52 156 31 114 92 158 102 5 177 64 130 107 44 4 149 23 181 100 59 147 157 71 15 167 8 178 16 13 63 121 166 27 173 133 17 36 141 48 117 7 72 45 25 104 11 30 81 138 69 171 10 200 46 37 75 108 50 29 88 160 79 32 98 65 165 184 76 137 101 132 163 53 137 85 188 61 127 109 180 193 24 20 41 148 51 65 93 154 2
78
154 154
93 93
96 96
162 191
119 86 86
172 172
126 126
97 97
14 14
140 140
77 190
159 22
164 43
6 6
52 52
156 156
31 31
114 35
92 116
158 99 74 185
102 82 123
177 174 111 128 34
64 64
107 107 134 120
44 60
4 4
23 21
181 181
100 139 199
59 59
147 40
157 157
71 71
15 15
167 167
178 178
13 106
63 63
121 121
27 169 145
133 133
17 17
36 36
48 48
7 7
72 72
45 45
11 11
81 28
138 138
69 155
10 10
200 200
46 192
37 37
108 38
88 88
79 3
32 32
98 98
65 26
165 165
76 76
137 137
101 101
132 132
53 53
85 85
61 61
127 146
109 109
180 122
193 193
24 24
20 87
41 41
148 47
51 51
