111l1II 1I1lllI I1llll1 ll111ll 1I11Ill 1llI111 11lI11I 11IIII1 IlI1Il1 1I1I1l1 II1Il1I I11111l I1ll1II Il1Il1I lI1l111 Ill11II l1IllI1 lIl111I Ill1I11 lIllIll 1I1l1Il III111I l1Ill11 llI1lII IlI1II1 I11I111 1l11lII IIlIllI 111lI1I lIIlII1 1l1lIlI lll1I1l I11I11l lIIl11l l1lll11 II11l1l IIl1l1I 11111lI l1I111I 1I1I1lI 1lIl11I lllIl1I lII111l III1llI I111I1I l1l11l1 llIIII1 1IlIl1I I1llII1 l1lllll lI11III l1IIl1l
47
1I1lllI 1I1lllI
I1llll1 I1llll1
ll111ll ll111ll
1I11Ill 1I11Ill
1llI111 1llI111
11lI11I 11lI11I
11IIII1 11IIII1
IlI1Il1 IlI1Il1
1I1I1l1 1I1I1l1
II1Il1I II1Il1I
I11111l I11111l
I1ll1II I1ll1II
Il1Il1I Il1Il1I
lI1l111 lI1l111
Ill11II Ill11II
l1IllI1 l1IllI1
lIl111I lIl111I
Ill1I11 Ill1I11
lIllIll lIllIll
1I1l1Il 1I1l1Il
III111I III111I
l1Ill11 l1Ill11
llI1lII llI1lII
IlI1II1 IlI1II1
I11I111 I11I111
1l11lII 1l11lII
IIlIllI IIlIllI
111lI1I 111lI1I
lIIlII1 lIIlII1
1l1lIlI 1l1lIlI
lll1I1l lll1I1l
I11I11l I11I11l
lIIl11l lIIl11l
l1lll11 l1lll11
II11l1l II11l1l
IIl1l1I IIl1l1I
11111lI 11111lI
l1I111I l1I111I
1I1I1lI 1I1I1lI
1lIl11I 1lIl11I
lII111l lII111l
III1llI III1llI
I111I1I I111I1I
l1l11l1 l1l11l1
llIIII1 llIIII1
1IlIl1I 1IlIl1I
I1llII1 I1llII1
