K H CT BR A BS BU N BM AH R AA CG BO BJ CU AR BL BD BY AI AN CP BA BP AM F CD CA AC D CN CI O L BZ V CO CR T CH BV BT X AJ E BQ AP BI AV AQ CL S BC AW CF CQ AL AS Y AT BE AK BK AY BG BW P AE Z BB C G I J AZ BF BH BX U CM CV AO CE CK M B AB AF CS BN CC CJ CB AD W AX AU AG Q K
100
K K
H H
CT CT
BR BR
A A
BS BS
BU BU
N N
BM BM
AH AH
R R
AA AA
CG CG
BO BO
BJ BJ
CU CU
AR AR
BL BL
BD BD
BY BY
AI AI
AN AN
CP CP
BA BA
BP BP
AM AM
F F
CD CD
CA CA
AC AC
D D
CN CN
CI CI
O O
L L
BZ BZ
V V
CO CO
CR CR
T T
CH CH
BV BV
BT BT
X X
AJ AJ
E E
BQ BQ
AP AP
BI BI
AV AV
AQ AQ
CL CL
S S
BC BC
AW AW
CF CF
CQ CQ
AL AL
AS AS
Y Y
AT AT
BE BE
AK AK
BK BK
AY AY
BG BG
BW BW
P P
AE AE
Z Z
BB BB
C C
G G
I I
J J
AZ AZ
BF BF
BH BH
BX BX
U U
CM CM
CV CV
AO AO
CE CE
CK CK
M M
B B
AB AB
AF AF
CS CS
BN BN
CC CC
CJ CJ
CB CB
AD AD
W W
AX AX
AU AU
AG AG
Q Q
