IIII1I1 l1IlIl1 IlllI11 lI1l1II II111I1 I11IIlI lIIIllI 11lI11I IIlIIII I1I1111 11I1Ill IIII1ll 11IIl1I II1I1Il IIllIl1 lI11l1l 1IIlIIl l1IlIII III1lII 1IlII1I 11I1lll I1I111I 1lI11l1 lII1I11 lIlllll IIlIlI1 IIII1I1
25
l1IlIl1 l1IlIl1
IlllI11 IlllI11
lI1l1II lI1l1II
II111I1 II111I1
I11IIlI I11IIlI
lIIIllI lIIIllI
11lI11I 11lI11I
IIlIIII IIlIIII
I1I1111 I1I1111
11I1Ill 11I1Ill
IIII1ll IIII1ll
11IIl1I 11IIl1I
II1I1Il II1I1Il
IIllIl1 IIllIl1
lI11l1l lI11l1l
1IIlIIl 1IIlIIl
l1IlIII l1IlIII
III1lII III1lII
1IlII1I 1IlII1I
11I1lll 11I1lll
I1I111I I1I111I
1lI11l1 1lI11l1
lII1I11 lII1I11
lIlllll lIlllll
IIlIlI1 IIlIlI1
