IZBGG78J O2N6HBZK8 EHS8A 7CRTCJA 5N65HLXKU JOBN3N ITHI7K6W1B 6WSDW IQXEPH9QO QU5Y0N2LQ V4R09 59E13RE QAL7Z5UN FPB1OLF3 IEYK8 K936 VNYZ5QVO77 QJ0LM8 N26J6EU EG23K QHH48VD7JJ 19LN CXLQGGJ746 QL51A0KUT B0H9VDIK RX6VI JSSS9HX WQM0D4 AETBJC V7T5SI M6CD1Y PL0UHK XGYWBMTWT 6HNG U0LMCHUU F3YJ SUC1CH F1G8HC ODSGN281 QEAJAFMPY OJ27JN021 2FB0FS3KWX PQ09CSX 5HGKBK 07XQDCJI SKLZM Satish 0I7Y VNCFO AO31B76 R2POU4T S657MFMG
47
O2N6HBZK8 O2N6HBZK8
EHS8A EHS8A
7CRTCJA 7CRTCJA
5N65HLXKU 5N65HLXKU
JOBN3N JOBN3N
ITHI7K6W1B ITHI7K6W1B
6WSDW 6WSDW
IQXEPH9QO IQXEPH9QO
QU5Y0N2LQ QU5Y0N2LQ
V4R09 V4R09
59E13RE 59E13RE
QAL7Z5UN QAL7Z5UN
FPB1OLF3 FPB1OLF3
IEYK8 IEYK8
K936 K936
VNYZ5QVO77 VNYZ5QVO77
QJ0LM8 QJ0LM8
N26J6EU N26J6EU
EG23K EG23K
QHH48VD7JJ QHH48VD7JJ
19LN 19LN
CXLQGGJ746 CXLQGGJ746
QL51A0KUT QL51A0KUT
B0H9VDIK B0H9VDIK
RX6VI RX6VI
JSSS9HX JSSS9HX
WQM0D4 WQM0D4
AETBJC AETBJC
V7T5SI V7T5SI
M6CD1Y M6CD1Y
PL0UHK PL0UHK
XGYWBMTWT XGYWBMTWT
6HNG 6HNG
U0LMCHUU U0LMCHUU
F3YJ F3YJ
SUC1CH SUC1CH
F1G8HC F1G8HC
ODSGN281 ODSGN281
QEAJAFMPY QEAJAFMPY
OJ27JN021 OJ27JN021
2FB0FS3KWX 2FB0FS3KWX
PQ09CSX PQ09CSX
5HGKBK 5HGKBK
07XQDCJI 07XQDCJI
SKLZM SKLZM
0I7Y 0I7Y
VNCFO VNCFO
