NN7ZEA 3J6SSA B3R68HYWZ B690 Satish L7QS0UEPJ SQLSVN 7T8I47 HM48FZD0 ET82NVH9 EFIKTK4Y0Y ETB2 E9DZLL CV6NHW7M CKNDWG ETNCY9XH2 ARTWTP9 HQG39M A118 GNVXN 8MDFNIK8AY P6RI91D87 GN4G0L2 7622OJ H41HZ6 ZZACWP FWM5C W71YV1R66L 9V10EOH 1UCE O44VZ MXJIYJYNH4 E5HD J2ETZ1C QW15YTSV ZMQ5BH PMXEOGGIQ A8WYICH3 CB93 LBR67PCKBJ 8TH7QVQY CXQDH6YMZ8 26PG M71OYIS PUW25N M35E YSRPP LM7KL5G3V 79KTC8AS9 DYYG23O G4QE3I 5XYO M649OA RP28W1 8UPUEGO 5HULMUDLAQ E37ZKA8WK G90OCSZY GILAN21GR3 PIW6IC50D 02X2C MLKOJ FM2HEMVR1 IHN21LA4 Q7ZEY Q7Z37G5 YU3U1T LQQ5IH ZH2INF JX6GCY 6PVQIBNB9 C8WREP H1LQ91V 7GAD3F 4C88SXD 9K8PLAET 9QJRN DNIV2BOR2P 2BLLD3SK 01G9IQ2 EEZS FM2G14H8I E2DHWGC 3IXHQXHYBV FPZT KBI1CALMNJ 0TRB9358 ZMZIWZ VGYKKKOFLZ 3WJYJDDU VOAV 4UE11 2B1K6EW9CL DDB26ZHC 4P0LGP0 4VE7V 91ZONFE YQB2CII950 HBQM42U DST5W4G0 KCOFJD GH8C
97
3J6SSA 3J6SSA
B3R68HYWZ B3R68HYWZ
B690 B690
L7QS0UEPJ L7QS0UEPJ
SQLSVN SQLSVN
7T8I47 7T8I47
HM48FZD0 HM48FZD0
ET82NVH9 ET82NVH9
EFIKTK4Y0Y EFIKTK4Y0Y
ETB2 ETB2
E9DZLL E9DZLL
CV6NHW7M CV6NHW7M
CKNDWG CKNDWG
ETNCY9XH2 ETNCY9XH2
ARTWTP9 ARTWTP9
HQG39M HQG39M
A118 A118
GNVXN GNVXN
8MDFNIK8AY 8MDFNIK8AY
P6RI91D87 P6RI91D87
GN4G0L2 GN4G0L2
7622OJ 7622OJ
H41HZ6 H41HZ6
ZZACWP ZZACWP
FWM5C FWM5C
W71YV1R66L W71YV1R66L
9V10EOH 9V10EOH
1UCE 1UCE
O44VZ O44VZ
MXJIYJYNH4 MXJIYJYNH4
E5HD E5HD
J2ETZ1C J2ETZ1C
QW15YTSV QW15YTSV
ZMQ5BH ZMQ5BH
PMXEOGGIQ PMXEOGGIQ
A8WYICH3 A8WYICH3
CB93 CB93
LBR67PCKBJ LBR67PCKBJ
8TH7QVQY 8TH7QVQY
CXQDH6YMZ8 CXQDH6YMZ8
26PG 26PG
M71OYIS M71OYIS
PUW25N PUW25N
M35E M35E
YSRPP YSRPP
LM7KL5G3V LM7KL5G3V
79KTC8AS9 79KTC8AS9
DYYG23O DYYG23O
G4QE3I G4QE3I
5XYO 5XYO
M649OA M649OA
RP28W1 RP28W1
8UPUEGO 8UPUEGO
5HULMUDLAQ 5HULMUDLAQ
E37ZKA8WK E37ZKA8WK
G90OCSZY G90OCSZY
GILAN21GR3 GILAN21GR3
PIW6IC50D PIW6IC50D
02X2C 02X2C
MLKOJ MLKOJ
FM2HEMVR1 FM2HEMVR1
IHN21LA4 IHN21LA4
Q7ZEY Q7ZEY
Q7Z37G5 Q7Z37G5
YU3U1T YU3U1T
LQQ5IH LQQ5IH
ZH2INF ZH2INF
JX6GCY JX6GCY
6PVQIBNB9 6PVQIBNB9
C8WREP C8WREP
H1LQ91V H1LQ91V
7GAD3F 7GAD3F
4C88SXD 4C88SXD
9K8PLAET 9K8PLAET
9QJRN 9QJRN
DNIV2BOR2P DNIV2BOR2P
2BLLD3SK 2BLLD3SK
01G9IQ2 01G9IQ2
EEZS EEZS
FM2G14H8I FM2G14H8I
E2DHWGC E2DHWGC
3IXHQXHYBV 3IXHQXHYBV
FPZT FPZT
KBI1CALMNJ KBI1CALMNJ
0TRB9358 0TRB9358
ZMZIWZ ZMZIWZ
VGYKKKOFLZ VGYKKKOFLZ
3WJYJDDU 3WJYJDDU
VOAV VOAV
4UE11 4UE11
2B1K6EW9CL 2B1K6EW9CL
DDB26ZHC DDB26ZHC
4P0LGP0 4P0LGP0
4VE7V 4VE7V
91ZONFE 91ZONFE
YQB2CII950 YQB2CII950
HBQM42U HBQM42U
