Satish VFRT26 OXWYDF Z6H98 PZMGYZL KRM4B FS1RWBVR7 KSHB2KG 92R432 PTWCQ WZ1MC3189 ZY9VPYMXA ER2YSPML1C 9XFF PTL1QU NSBI PYD9SISJI ZRYV5F 4INC2D8SDN 1BZLEM BBFYA9B YXBMACC 399VM5PU6 UVP4WIKK R6VBAVZ0B ICTGXV Satish
25
VFRT26 VFRT26
OXWYDF OXWYDF
Z6H98 Z6H98
PZMGYZL PZMGYZL
KRM4B KRM4B
FS1RWBVR7 FS1RWBVR7
KSHB2KG KSHB2KG
92R432 92R432
PTWCQ PTWCQ
WZ1MC3189 WZ1MC3189
ZY9VPYMXA ZY9VPYMXA
ER2YSPML1C ER2YSPML1C
9XFF 9XFF
PTL1QU PTL1QU
NSBI NSBI
PYD9SISJI PYD9SISJI
ZRYV5F ZRYV5F
4INC2D8SDN 4INC2D8SDN
1BZLEM 1BZLEM
BBFYA9B BBFYA9B
YXBMACC YXBMACC
399VM5PU6 399VM5PU6
UVP4WIKK UVP4WIKK
R6VBAVZ0B R6VBAVZ0B
ICTGXV ICTGXV
