129 89 81 128 100 39 25 190 55 53 98 107 49 88 21 11 36 150 91 110 85 87 192 122 191 4 152 197 97 65 161 103 5 188 56 137 126 105 95 156 64 63 99 33 180 163 48 142 0 17 2 9 114 184 8 92 145 23 160 109 177 175 58 130 61 189 125 155 66 158 174 59 44 151 16 14 13 96 196 171 29 194 57 108 84 76 51 62 40 26 50 178 123 82 157 121 183 6 101 15 195 129
100
89 89
81 81
128 128
100 100
39 39
25 25
190 190
55 55
53 53
98 98
107 107
49 49
88 88
21 21
11 11
36 36
150 150
91 91
110 110
85 85
87 87
192 192
122 122
191 191
4 4
152 152
197 197
97 97
65 65
161 161
103 103
5 5
188 188
56 56
137 137
126 126
105 105
95 95
156 156
64 64
63 63
99 99
33 33
180 180
163 163
48 48
142 142
0 0
17 17
2 2
9 9
114 114
184 184
8 8
92 92
145 145
23 23
160 160
109 109
177 177
175 175
58 58
130 130
61 61
189 189
125 125
155 155
66 66
158 158
174 174
59 59
44 44
151 151
16 16
14 14
13 13
96 96
196 196
171 171
29 29
194 194
57 57
108 108
84 84
76 76
51 51
62 62
40 40
26 26
50 50
178 178
123 123
82 82
157 157
121 121
183 183
6 6
101 101
15 15
195 195
