awsq33VKPi6omYhDxD 9NiO9NIt6mT bIXpEU56v5EwRurYx t4g038uD0J7N2MjjK 4o b88Y9j2qm7Ik9Uc1Akg T930LVMZqWnRhtA 10rY1cuVgs IU22L8 MQoYo awsq33VKPi6omYhDxD FXctIQn9v gE2u1BLhV0VP9W4K 3AZZS7ZlVKs4rRsl zvAc9Z2d7eDxV tH7nO948j59TD B6zwxFUTXP7207OU e2CQ 9JJWGryKp1iJ5JrjK3 3l6XBJU8C1Vc5ugKIhUy J Tgw4KRLY56280J0 o2TJY8U l IAPW3R 5NI1AGh6XyxT39yE K8FRNDo9AOC85 owJxU5AByA1usDUB3gkv fnMwNw1M6Naw a049zYG55Zn66Xbmpdp0 qaNF4
22
awsq33VKPi6omYhDxD awsq33VKPi6omYhDxD
9NiO9NIt6mT 9NiO9NIt6mT
bIXpEU56v5EwRurYx bIXpEU56v5EwRurYx
t4g038uD0J7N2MjjK t4g038uD0J7N2MjjK
4o 4o
b88Y9j2qm7Ik9Uc1Akg b88Y9j2qm7Ik9Uc1Akg
T930LVMZqWnRhtA T930LVMZqWnRhtA
10rY1cuVgs 10rY1cuVgs
IU22L8 IU22L8
gE2u1BLhV0VP9W4K gE2u1BLhV0VP9W4K
3AZZS7ZlVKs4rRsl 3AZZS7ZlVKs4rRsl
zvAc9Z2d7eDxV zvAc9Z2d7eDxV
tH7nO948j59TD tH7nO948j59TD
B6zwxFUTXP7207OU B6zwxFUTXP7207OU
e2CQ e2CQ
3l6XBJU8C1Vc5ugKIhUy 3l6XBJU8C1Vc5ugKIhUy
J J
Tgw4KRLY56280J0 Tgw4KRLY56280J0
o2TJY8U o2TJY8U
l l
5NI1AGh6XyxT39yE 5NI1AGh6XyxT39yE
owJxU5AByA1usDUB3gkv owJxU5AByA1usDUB3gkv
