845LWU7Kg6167HQY 6EkMcG0h 8M2OK8Px58 geUO1h r X6SrYf57mSUQQ28C NQ3vX6W6H74aK53np 4l4aqvNKB KpBvy ICQxh0Q58799CUd2 B4mQOl023dn1 TBk5Pt5vt5SInt 7L 5 42U0k6JhTQxPvUw8 O58T eqYzN7b19UgNo1K 672Pt4Ytw8LW N8191M9E9v 48783322I5q9PFVPT 5Qkzz260R7 eDv5MBdo TU76UjE52906 1P8KX 845LWU7Kg6167HQY i7lmV5iDIgl5f 9 D SmI7f H6pXAnE0KypnExX YLKBD54k nd5qDM7kw618Hh0d4048 ftk2 KKUFV29x8iO EnhLq7BgTj8IN3Z2m fgM12T 5CCl0n2r5512 3 O41Muu YKpC4gQmPKaU311w9eOT 4 DUiYDuR9yYFD5 MVvh 11l6P71DgEau1baEX4 xaM1q4jQi3efYb0 2qgWbB40Ya16 MY3aL96Y u3Qv 95E0752p51t ZT3 y 3k ElUTL 122gt
46
845LWU7Kg6167HQY 845LWU7Kg6167HQY
6EkMcG0h SL88w66v7
8M2OK8Px58 8M2OK8Px58
geUO1h geUO1h
r r
X6SrYf57mSUQQ28C X6SrYf57mSUQQ28C
NQ3vX6W6H74aK53np NQ3vX6W6H74aK53np
4l4aqvNKB 4l4aqvNKB
KpBvy KpBvy
ICQxh0Q58799CUd2 ICQxh0Q58799CUd2
B4mQOl023dn1 B4mQOl023dn1
TBk5Pt5vt5SInt TBk5Pt5vt5SInt
7L 7L
5 5
42U0k6JhTQxPvUw8 42U0k6JhTQxPvUw8
O58T O58T
eqYzN7b19UgNo1K eqYzN7b19UgNo1K
672Pt4Ytw8LW 672Pt4Ytw8LW
48783322I5q9PFVPT 48783322I5q9PFVPT
5Qkzz260R7 5Qkzz260R7
eDv5MBdo eDv5MBdo
TU76UjE52906 TU76UjE52906
9 9
D D
SmI7f SmI7f
H6pXAnE0KypnExX H6pXAnE0KypnExX
YLKBD54k YLKBD54k
ftk2 ftk2
KKUFV29x8iO KKUFV29x8iO
EnhLq7BgTj8IN3Z2m EnhLq7BgTj8IN3Z2m
fgM12T 6RiHvQ4xTN5
5CCl0n2r5512 5CCl0n2r5512
3 3
O41Muu O41Muu
YKpC4gQmPKaU311w9eOT YKpC4gQmPKaU311w9eOT
4 4
DUiYDuR9yYFD5 DUiYDuR9yYFD5
MVvh MVvh
11l6P71DgEau1baEX4 11l6P71DgEau1baEX4
xaM1q4jQi3efYb0 xaM1q4jQi3efYb0
2qgWbB40Ya16 2qgWbB40Ya16
MY3aL96Y MY3aL96Y
u3Qv u3Qv
95E0752p51t 95E0752p51t
ZT3 ZT3
y y
