AyBBdkPvTTt19wqt b817BTo6GdPc96ig2 wUtvmN9V14Vw0fcE01F 1utCvCS3yEzt0HBbKt I4640OD L46h8MG90TBpA8v9 PdNbuD3b97N264 nOMN589D7t0QjhnBj3wn ymzG1qC7YsJFFmeog 2qbTYSv3J hG8udpL53V 8Qe2lSUyQa RYtkT5 usTG0We6G9WDs7Dk Z93vITe403 4B5uWNh7Dl3lRP P6C89a32 Q 1CYyNxk8m7fToc6XLW7T 1e90fR0FtB7Ev156y 3505 0b vRH6pA1I75N1 pwvBbQ870l3Io2K IEtn6zEV03H3 3z4E 3 9jWI53P36dh95 khC 2Et5UN6ZJ19iz c2m39UUoMb 2YlhGrefFhV6JLtw iFF184 b19692 6nB9xzJ7b5115Qu5 b6DdFnSk8qdk45 o88qO93T 920ucA0jXEv 1MHxxU P Q2PY JBYT6heC6yE4 98E9ia5 gv3T5z4 LK1h2AhdhXWb7Czrr v 8kQ991Y80Dy 9q06155efQSN je0uE0UV q7Ehaiz 5nYY46YfUGovj Rf0x16WtfDv dQnWD4K3Y uF131buM7L27 0Lw86e I6 6v326555i1Io5Z FR3SCSFtuk055ORI eZEbm MJ2l1N0ojTC d 6c1qFsEg9xI A6gMJKsUfUSuEI76 c3x9Cmq8W5oa57mjASv 2P201UD8Q T8C17MZ6g69gmQ FKWv88jkw79me jxDm 4932 QqvW51K9Cm aCCE EnmWLiDA9NE89oNUTbx Han188Ox O73Lh6 9o4t iT7 TMULg CDuc4XdY7zp 2l90gxx61rTb0CbF 6qc68848myvIqoZWw 2T6osNpb4 yd7324WTF MEv16358FQ L7Mfs3034VwaB7kd3Z d5P0NXv8 r9qUrqog71Fz9gx nw566uv thypPB22BchO3Od9 E76twn5gNBei01uh2PkH NU7gnWcAs4nq66FS kg8257p31rTQvRWjGF SdP9W8WRSw x60I798qq0Sq6Xdc9s0 O7W5C8z8H93l MjwmiyLlZn Ut7hqt9A p772t3OLqj 89ukpivGhdck21Krrh40 8w6aRuq J68F52raS3n1L6ZYK KIOJyBXM922ydZA5 7DmqFE 36Y155M7F1ZG8 7d2Q05crlPi rti qGr382CkPK997QVHAL lP84Whn Le6BO3R Tk46 XMV256fk q AyBBdkPvTTt19wqt
94
b817BTo6GdPc96ig2 b817BTo6GdPc96ig2
wUtvmN9V14Vw0fcE01F ywj3aNhyxUH
1utCvCS3yEzt0HBbKt 1utCvCS3yEzt0HBbKt
I4640OD I4640OD
L46h8MG90TBpA8v9 L46h8MG90TBpA8v9
nOMN589D7t0QjhnBj3wn nOMN589D7t0QjhnBj3wn
ymzG1qC7YsJFFmeog ymzG1qC7YsJFFmeog
2qbTYSv3J 659Cx
hG8udpL53V hG8udpL53V
8Qe2lSUyQa 8Qe2lSUyQa
RYtkT5 RYtkT5
usTG0We6G9WDs7Dk usTG0We6G9WDs7Dk
4B5uWNh7Dl3lRP 4B5uWNh7Dl3lRP
P6C89a32 1wF6
Q Q
1e90fR0FtB7Ev156y 1e90fR0FtB7Ev156y
3505 3505
vRH6pA1I75N1 vRH6pA1I75N1
pwvBbQ870l3Io2K pwvBbQ870l3Io2K
IEtn6zEV03H3 e1M0JsNJ5
3z4E 3z4E
3 3
9jWI53P36dh95 9jWI53P36dh95
khC khC
2Et5UN6ZJ19iz 2Et5UN6ZJ19iz
2YlhGrefFhV6JLtw 2YlhGrefFhV6JLtw
iFF184 iFF184
b19692 b19692
6nB9xzJ7b5115Qu5 PELS5
b6DdFnSk8qdk45 b6DdFnSk8qdk45
o88qO93T 85682ijoufq1DW
920ucA0jXEv 920ucA0jXEv
1MHxxU TByQ7zH089
P P
Q2PY Q2PY
JBYT6heC6yE4 JBYT6heC6yE4
gv3T5z4 gv3T5z4
v v
9q06155efQSN 9q06155efQSN
q7Ehaiz q7Ehaiz
5nYY46YfUGovj 5nYY46YfUGovj
Rf0x16WtfDv Rf0x16WtfDv
uF131buM7L27 uF131buM7L27
0Lw86e dUdv
I6 o83v2nI1sQs
6v326555i1Io5Z 6v326555i1Io5Z
FR3SCSFtuk055ORI FR3SCSFtuk055ORI
eZEbm eZEbm
MJ2l1N0ojTC MJ2l1N0ojTC
d d
6c1qFsEg9xI 6c1qFsEg9xI
A6gMJKsUfUSuEI76 A6gMJKsUfUSuEI76
c3x9Cmq8W5oa57mjASv c3x9Cmq8W5oa57mjASv
2P201UD8Q 2P201UD8Q
T8C17MZ6g69gmQ T8C17MZ6g69gmQ
FKWv88jkw79me FKWv88jkw79me
jxDm jxDm
4932 4932
QqvW51K9Cm QqvW51K9Cm
aCCE aCCE
EnmWLiDA9NE89oNUTbx EnmWLiDA9NE89oNUTbx
Han188Ox Han188Ox
9o4t 9o4t
TMULg TMULg
2l90gxx61rTb0CbF 2l90gxx61rTb0CbF
6qc68848myvIqoZWw 6qc68848myvIqoZWw
2T6osNpb4 2T6osNpb4
yd7324WTF yd7324WTF
MEv16358FQ MEv16358FQ
L7Mfs3034VwaB7kd3Z L7Mfs3034VwaB7kd3Z
d5P0NXv8 d5P0NXv8
r9qUrqog71Fz9gx r9qUrqog71Fz9gx
nw566uv nw566uv
thypPB22BchO3Od9 thypPB22BchO3Od9
E76twn5gNBei01uh2PkH E76twn5gNBei01uh2PkH
NU7gnWcAs4nq66FS NU7gnWcAs4nq66FS
kg8257p31rTQvRWjGF kg8257p31rTQvRWjGF
SdP9W8WRSw SdP9W8WRSw
O7W5C8z8H93l O7W5C8z8H93l
MjwmiyLlZn 68ZC6T1G2o9Q95CKs
Ut7hqt9A XQxkrBxnI
p772t3OLqj p772t3OLqj
89ukpivGhdck21Krrh40 89ukpivGhdck21Krrh40
8w6aRuq 8w6aRuq
J68F52raS3n1L6ZYK J68F52raS3n1L6ZYK
KIOJyBXM922ydZA5 KIOJyBXM922ydZA5
7DmqFE 7DmqFE
36Y155M7F1ZG8 36Y155M7F1ZG8
7d2Q05crlPi 7d2Q05crlPi
qGr382CkPK997QVHAL qGr382CkPK997QVHAL
Le6BO3R Le6BO3R
Tk46 Tk46
XMV256fk XMV256fk
q 8tvL5MpO9J735t
