0 90 79 138 160 94 148 71 67 8 128 53 20 103 30 51 47 107 55 63 24 54 108 26 89 23 197 16 57 18 82 99 32 143 154 199 142 116 19 105 92 124 93 174 29 14 61 65 3 12 153 73 96 112 50 9 64 141 31 109 5 13 17 21 122 10 42 145 95 147 97 84 87 125 34 76 7 33 72 28 41 46 22 107 81 174 56 36 2 158 40 184 35 100 40 49 121 11 75 85 68 58 6 198 60 140 0 59 0
81
0 43 15 37 52 62 86
59 59
90 90
79 4
94 94
71 71
67 67
8 8
128 45
53 53
20 20
30 30
51 51
47 47
55 55
63 63
24 24
54 98
26 26
89 89
23 23
16 16
57 1
18 18
82 82
99 99
32 25
199 39
19 19
92 92
93 38
29 29
14 14
61 70
65 65
3 3
12 12
153 66
73 73
96 96
50 50
9 80
64 64
31 31
5 5
13 13
17 17
21 21
10 10
42 48
95 95
97 97
84 84
87 87
125 91 77
34 34
76 76
7 7
33 74
72 83
28 28
41 41
46 46
22 22
81 81
56 56
36 36
2 78 27
40 40
184 69
35 35
100 44
49 49
11 11
75 75
85 85
68 68
58 58
6 6
198 88
60 60
