a0 b9 b8 b7 b6 a0 b5 b4 a0 f4 f5 g1 g2 g4 g5 g7 g8 f5 f4 a0 m4 n0 m5 n2 n1 n0 m4 a0 o9 o8 o7 o6 o5 o4 o3 o2 o1 o0 n9 n8 n7 n6 n5 n4 a0 d5 e5 e6 e7 d7 d8 a0 d4 e0 e1 e2 e3 d6 a0 d1 c6 d2 c5 c4 c3 a0 g9 e8 h0 p8 p7 p6 p5 p4 p3 p2 p1 a0 k4 a0
56
a0 k2 i6 k3 i9 k5 i3 i2 k1 k8 p9 k6 k9 p0 i1 i7 i7 i8 c8 c9 c7 b2 b1 b3 b0 l0 l0 l1 l1 l2 l2 l3 l3 l4 l4 l5 l5 l6 l6 l7 l7 l8 l9 c2 c0 c1 i4 i5 k0 k7
k4 k4
b9 b9
b8 b8
b7 b7
b6 b6
b5 b5
b4 b4
g1 g1
g2 g3
g4 g6
g5 g5
g7 g7
g8 i0
n0 n0
n2 n2 n3
n1 n1
o9 o9
o8 o8
o7 o7
o6 o6
o5 o5
o4 o4
o3 o3
o2 o2
o1 o1
o0 o0
n9 n9
n8 n8
n7 n7
n6 n6
n5 n5
n4 n4
e5 e5
e6 e6
e7 e7
d8 e9 g0
e0 e0
e1 e1
e2 e2
e3 e3
d6 e4
c6 c6
c5 c5
c4 c4
c3 c3
g9 g9
e8 e8
p8 p8
p7 p7
p6 p6
p5 p5
p4 p4
p3 p3
p2 p2
p1 p1
