69 148 197 81 58 194 44 87 56 191 171 192 72 64 119 162 36 133 16 132 121 53 5 80 149 82 163 185 118 127 59 106 26 117 11 112 97 166 158 135 30 147 90 27 195 113 24 2 115 52 104 110 74 165 146 131 14 1 198 188 100 101 77 160 51 128 46 134 190 50 150 37 71 33 25 186 83 31 63 99 193 69
80
148 148
197 197
81 81
58 58
194 194
44 44
87 87
56 56
191 191
171 171
192 192
72 72
64 64
119 119
162 162
36 36
133 133
16 16
132 132
121 121
53 53
5 5
80 80
149 149
82 82
163 163
185 185
118 118
127 127
59 59
106 106
26 26
117 117
11 11
112 112
97 97
166 166
158 158
135 135
30 30
147 147
90 90
27 27
195 195
113 113
24 24
2 2
115 115
52 52
104 104
110 110
74 74
165 165
146 146
131 131
14 14
1 1
198 198
188 188
100 100
101 101
77 77
160 160
51 51
128 128
46 46
134 134
190 190
50 50
150 150
37 37
71 71
33 33
25 25
186 186
83 83
31 31
63 63
99 99
193 193
