33 29 99 11 42 142 176 179 54 133 199 111 121 6 89 76 154 18 161 109 123 81 167 162 91 131 53 98 125 80 56 135 151 130 52 155 190 51 103 27 32 39 14 59 60 83 33 140 16 152 73 146 45 13 192 148 115 63 139 138 116 120 21 31 86 134 100 97 137 50 66 173 132 48 5 172 95 147 113 198 47 127 114 112 107 44 25 23 68 58 43 187 17 64 165 171 136 184 96 20 94 163 129 141 61 193 4
89
99 99
11 11
42 42
142 142
176 178
179 179
54 54
133 133
199 199
111 111
89 89
76 76
154 154
18 18
161 161
109 109
123 123
81 81
167 167
91 91
131 200
53 53
98 98
125 157
80 80
56 56
135 135
130 130
52 52
155 155
190 190
51 77
103 103
27 27
32 32
39 39
14 118
59 59
60 60
83 83
33 108
140 140
16 16
152 152
73 73
146 146
45 45
192 192
148 105
115 115
63 174
139 139
138 138
116 116
120 120
31 31
86 128
134 134
100 72
97 97
50 50
66 66
173 173
132 132
5 5
172 12
95 95
113 88
198 143
47 47
127 127
114 114
112 112
107 107
44 44
23 23
58 58
43 158
17 17
64 90
165 165
171 171
136 136
184 184
96 96
20 20
94 94
163 163
129 129
