112 151 129 80 182 59 119 44 42 41 143 138 194 8 109 120 121 64 33 78 66 117 118 160 0 40 11 21 17 95 163 68 171 187 34 71 165 184 126 52 130 69 168 123 27 104 85 94 154 73 131 172 97 13 9 14 124 127 70 102 174 29 162 36 144 35 158 136 183 107 24 72 147 105 58 75 169 181 28 84 157 96 114 49 56 83 81 170 149 60 99 54 152 188 166 146 53 6 23 20 190 112
100
151 151
129 129
80 80
182 182
59 59
119 119
44 44
42 42
41 41
143 143
138 138
194 194
8 8
109 109
120 120
121 121
64 64
33 33
78 78
66 66
117 117
118 118
160 160
0 0
40 40
11 11
21 21
17 17
95 95
163 163
68 68
171 171
187 187
34 34
71 71
165 165
184 184
126 126
52 52
130 130
69 69
168 168
123 123
27 27
104 104
85 85
94 94
154 154
73 73
131 131
172 172
97 97
13 13
9 9
14 14
124 124
127 127
70 70
102 102
174 174
29 29
162 162
36 36
144 144
35 35
158 158
136 136
183 183
107 107
24 24
72 72
147 147
105 105
58 58
75 75
169 169
181 181
28 28
84 84
157 157
96 96
114 114
49 49
56 56
83 83
81 81
170 170
149 149
60 60
99 99
54 54
152 152
188 188
166 166
146 146
53 53
6 6
23 23
20 20
190 190
