Soda loc3 loc64 loc199 loc80 loc179 loc82 loc65 loc92 loc57 loc157 loc59 loc20 loc40 loc137 loc75 loc92 loc45 loc129 loc17 loc23 loc74 loc13 loc34 loc118 loc14 loc121 loc88 loc138 loc32 loc189 loc97 loc167 loc84 loc34 loc94 loc83 loc50 loc43 loc27 loc8 loc77 loc180 loc35 loc79 loc193 loc15 loc10 loc95 loc183 loc111 loc128 loc31 loc24 loc198 loc166 loc28 loc198 loc39 loc136 loc30 loc11 loc111 loc131 loc55 loc188 loc147 loc38 loc100 loc181 loc165 loc114 loc22 loc194 loc141 loc60 loc68 loc126 loc52 loc196 loc51 loc155 loc103 loc178 loc61 loc113 loc7 loc142 loc185 loc196 loc170 loc192 loc68 loc60 loc101 loc41 loc122 loc26 loc115 loc37 loc27 loc43 loc151 loc104 loc163 loc154 loc171 loc42 loc177 loc90 loc179 loc58 loc53 loc140 loc25 loc106 loc36 loc145 loc156 loc6 loc172 loc106 Soda
95
Soda Soda
loc3 loc3
loc64 loc64
loc199 loc199
loc80 loc80
loc82 loc82
loc65 loc65
loc57 loc57
loc157 loc157
loc59 loc59
loc20 loc20
loc40 loc40
loc137 loc137
loc75 loc72
loc45 loc45
loc17 loc17
loc23 loc23
loc74 loc74
loc13 loc13
loc34 loc34
loc118 loc118
loc14 loc14
loc121 loc121
loc88 loc88
loc138 loc138
loc32 loc32
loc189 loc189
loc97 loc97
loc167 loc167
loc84 loc84
loc94 loc94
loc83 loc83
loc50 loc50
loc8 loc8
loc77 loc77 loc173 loc173 loc107 loc146
loc180 loc180
loc35 loc35
loc79 loc79
loc193 loc193
loc15 loc15
loc10 loc10
loc95 loc95
loc183 loc183
loc111 loc111
loc128 loc128
loc24 loc24
loc166 loc109
loc28 loc28
loc39 loc39
loc136 loc136
loc30 loc30
loc11 loc11
loc131 loc131
loc55 loc55
loc188 loc188
loc147 loc147
loc38 loc38
loc100 loc100
loc181 loc181
loc165 loc165
loc114 loc114
loc22 loc22
loc194 loc194
loc141 loc141
loc126 loc126
loc51 loc51
loc155 loc155
loc103 loc103
loc61 loc61
loc7 loc7
loc142 loc142
loc185 loc185
loc170 loc170
loc192 loc192
loc101 loc101
loc41 loc41
loc122 loc122
loc26 loc26
loc115 loc9
loc37 loc37
loc151 loc151
loc163 loc163
loc154 loc154
loc171 loc171
loc42 loc42
loc90 loc90
loc58 loc58
loc53 loc53
loc140 loc140
loc25 loc25
loc106 loc106
loc36 loc36
loc145 loc145
loc156 loc156
loc6 loc6
