0 13 31 14 93 21 6 25 1 95 188 10 12 23 149 66 5 27 44 46 49 20 52 82 22 62 4 57 11 70 36 58 15 113 30 55 77 32 18 73 7 88 90 87 178 43 132 76 47 37 48 72 177 59 50 9 85 148 61 100 29 16 74 67 91 24 94 40 64 96 97 34 51 89 68 79 41 19 28 2 53 54 45 56 99 63 26 110 17 39 86 8 60 92 3 42 78 35 38 81 192 69 137 83 98 84 80 71 0
97
13 13
31 31
14 14
93 93
21 21
6 6
25 25
1 1
95 95
10 10
12 12
23 23
66 66
5 65
27 27
44 44
46 46
49 49
20 20
52 52
82 82
22 22
62 62
4 4
57 57
11 11
70 70
36 36
58 58
15 15
30 30
55 55
77 77
32 32
18 18
73 73
7 7
88 88
90 90
87 87
43 43
76 76
47 47
37 37
48 48
72 72
177 33
59 59
50 50
9 9
85 85
61 61
100 100
29 29
16 16
74 74
67 67
91 91
24 24
94 94
40 40
64 64
96 96
97 97
34 34
51 51
89 89
68 68
79 79
41 41
19 19
28 28
2 2
53 53
54 54
45 45
56 56
99 99
63 63
26 26
17 17
39 39
86 86
8 8
60 60
92 92
3 3
42 42
78 78
35 35
38 38
81 81
192 75
69 69
83 83
98 98
84 84
