48 23 39 85 92 126 119 93 133 106 170 3 155 199 138 176 40 16 98 67 50 34 165 38 147 135 181 113 69 77 19 121 120 159 197 65 5 51 84 60 57 103 98 101 43 137 143 125 174 179 102 110 154 115 10 46 196 141 129 136 152 29 96 191 66 74 149 140 175 7 78 185 190 8 162 123 114 157 194 193 52 156 180 9 42 158 177 107 87 90 25 171 163 36 55 47 108 72 186 73 48 20 168 109 6 11 79 21 148 81 35 173 145 118 58 164 77 124 2
95
48 48
23 23
39 39
85 85
126 126
119 119
93 93
133 133
106 64
170 170
3 3
155 155
199 199
138 138
176 176
40 40
16 16
98 98
67 67
34 34
165 165
38 117
147 147
135 135
181 181
113 182
69 69
19 19
120 120
197 197
5 5
84 84
60 60
57 151
103 103
101 101
137 137
143 167
125 125
179 179
110 110
154 53
115 115
10 10
46 46
196 196
141 141
129 129
136 136
152 152
29 29
191 191
66 66
74 74
149 149
175 175
7 7
78 78
185 185
190 190
123 123
157 157
194 194
193 193
52 52
156 156
180 180
9 9
42 42
158 158
177 177
107 107
87 87
90 90
25 25
171 171
163 163
36 36
55 55
108 108
186 186
73 73
20 20
109 109
11 11
79 79
21 21
148 148
35 35
173 88
145 145
118 118
58 58
164 164
124 56
