mdyuzxshey rkyixxpcbx gllungmori jrmlkfexfk wtlzrefwav hsjqtjkukk smwxdupkdv koawdpgqdx aokbiptbzc smwxdupkdv hsjqtjkukk wtlzrefwav epdwcjuvdr wynbxuuxru hadchvmijq jqtguzxxsl yiwwdwbzth xftptyrlvl jedsthbmzo oewptytlja owusjcmdkp lnicnhmajr chjuuxuacs euqbrkzdsw oggftsricu lkvobxyfca fznfvsgjhc hkempoemlv mswyvpdrsy lndsfxewdc bulywvvpni zjbarjhmau kdujdjjwot ebqxbaqnmm zumetrybth jatkaoyfxb vkrlpmybdj tvcolajnao ouxenssqdu qydclznxrd cmdqzmgvfi zpybghfdbe psiebvskfb bswhowadhl oegfbrwyrp lbuiysostx idfvjoquhh lazlsvgukx ahqdrcepub siatqqydwf ixyurvbpvu optviwhmbr rkyixxpcbx eooyfwmxln
35
rkyixxpcbx rkyixxpcbx
gllungmori gllungmori
wtlzrefwav wtlzrefwav
koawdpgqdx koawdpgqdx qepegujmaa xtvbrolacp
aokbiptbzc aokbiptbzc
wynbxuuxru wynbxuuxru
hadchvmijq hadchvmijq
jqtguzxxsl jqtguzxxsl
xftptyrlvl xftptyrlvl
jedsthbmzo jedsthbmzo
oewptytlja nwlccbonas knfzsnhzvx
owusjcmdkp owusjcmdkp
lnicnhmajr lnicnhmajr
euqbrkzdsw euqbrkzdsw
lkvobxyfca lkvobxyfca
fznfvsgjhc fznfvsgjhc
mswyvpdrsy mswyvpdrsy
lndsfxewdc lndsfxewdc
bulywvvpni bulywvvpni
zjbarjhmau zjbarjhmau
kdujdjjwot kdujdjjwot
ebqxbaqnmm ljhmnbaicr
zumetrybth zumetrybth
jatkaoyfxb bnmegnfgii
vkrlpmybdj vkrlpmybdj mdyuzxshey mdyuzxshey mysadifwma zmfuudfatm
tvcolajnao qcktwemqbm
qydclznxrd qydclznxrd
cmdqzmgvfi qfbvncxldf
psiebvskfb psiebvskfb
bswhowadhl wtyqwjwskq
oegfbrwyrp tgbmxdmvwe
lbuiysostx lbuiysostx
lazlsvgukx lazlsvgukx
ahqdrcepub ahqdrcepub
ixyurvbpvu gwnccktgki seeyrseflx vugkhjygfe
