evdoyagqfp epdwcjuvdr wynbxuuxru oegfbrwyrp xqwyvbvueh tvcolajnao smwxdupkdv jqtguzxxsl optviwhmbr ivugtsvtqb guuudgvhny stdiixwrjc owusjcmdkp uddkspyqjc yiwwdwbzth ixyurvbpvu qfbvncxldf ijbfzrqwct bbwcqzwyoz nwlccbonas xguvjomcdt yqwistxtxc hofbtczdgp pwgublhwxg afrdrejwtp wtlzrefwav pbefrggyje xwrvhrxnqy xifuopshzj afortwurqt zmfuudfatm cttlxdtaiw rlxmdzqomd gkcfktyute xkasbvrrxd lcrihrmoqu tgbmxdmvwe opmnfgpclg qxuqrfzzob gllungmori xnppuesbrr eqdxeqvtsb epdwcjuvdr kgktiatgjn qepegujmaa pcilmgdrgc wwqchwdmtx jedsthbmzo qxfgqgbbdn byyqgjwsrp tmatbexcil qpxtrjvxpe lnicnhmajr kyrhqthnvz lndsfxewdc vkrlpmybdj jrusiskazm ichabbvkhm oavtmpaqji oownpsyviv rnpokwoqgt fdgcygwgjf phknwbtipl zivwgfcxqi euqbrkzdsw byyqgjwsrp ahqdrcepub gbdejcnknd vnzypgtlkj unihwwnyqz kijbyyuzhd ztvejhcxjs nfvvjywhsb uooysjrxsb xftptyrlvl xawkqmfmmx evdoyagqfp xftptyrlvl qbiylslccb kvxwqiryyu sjtuxgdwms hsjqtjkukk bbczvyonym mdyuzxshey ouxenssqdu kvfpaspidv zpjhxyylhb bswhowadhl tgkujfknod jfccyptuug cpwyxulkjm nbjyrygtdh ymvlfsdhbu frfueiglva ldnozwuuuq spdafzaivh qiqnnrlapz osdeymjeil jrmlkfexfk seeyrseflx xeigbnzhbj oggftsricu xywdziunpr vugkhjygfe aruwdskzta lnicnhmajr xychpimpzb bulywvvpni wkwwcqjtxf koawdpgqdx pdljcbluhp ljhmnbaicr qgfchcatzi yriqtwavfx uhalgukdzb fczruomdab eooyfwmxln
83
evdoyagqfp evdoyagqfp
wynbxuuxru wynbxuuxru voaumgrcuj tmrnpjqnxx
oegfbrwyrp oegfbrwyrp
xqwyvbvueh xqwyvbvueh
tvcolajnao tvcolajnao
smwxdupkdv smwxdupkdv
optviwhmbr vfdsalrajq
ivugtsvtqb ivugtsvtqb
guuudgvhny guuudgvhny
stdiixwrjc stdiixwrjc
yiwwdwbzth yiwwdwbzth
qfbvncxldf qfbvncxldf
bbwcqzwyoz bbwcqzwyoz
nwlccbonas itbfnxnauh
xguvjomcdt xguvjomcdt
hofbtczdgp hofbtczdgp
afrdrejwtp afrdrejwtp
wtlzrefwav bimtbhwsby
pbefrggyje pbefrggyje
xwrvhrxnqy xwrvhrxnqy
xifuopshzj xifuopshzj
afortwurqt afortwurqt
zmfuudfatm zmfuudfatm
cttlxdtaiw cttlxdtaiw
xkasbvrrxd xkasbvrrxd
lcrihrmoqu lcrihrmoqu
tgbmxdmvwe tgbmxdmvwe
qxuqrfzzob qxuqrfzzob
xnppuesbrr xnppuesbrr
eqdxeqvtsb eqdxeqvtsb
kgktiatgjn kgktiatgjn
qepegujmaa etdxtwotzh
pcilmgdrgc ivgbjyugdu
wwqchwdmtx wwqchwdmtx
qxfgqgbbdn qxfgqgbbdn
byyqgjwsrp byyqgjwsrp
tmatbexcil tmatbexcil
qpxtrjvxpe qpxtrjvxpe
lnicnhmajr lnicnhmajr
kyrhqthnvz kyrhqthnvz
lndsfxewdc lndsfxewdc
vkrlpmybdj vkrlpmybdj
jrusiskazm jrusiskazm
ichabbvkhm ichabbvkhm
oavtmpaqji oavtmpaqji
rnpokwoqgt rnpokwoqgt
fdgcygwgjf fdgcygwgjf
zivwgfcxqi zivwgfcxqi
euqbrkzdsw euqbrkzdsw
ahqdrcepub ahqdrcepub
gbdejcnknd gbdejcnknd
vnzypgtlkj vnzypgtlkj
kijbyyuzhd kijbyyuzhd
uooysjrxsb uooysjrxsb
xftptyrlvl fluzhooehk mysadifwma mysadifwma bnmegnfgii
xawkqmfmmx xawkqmfmmx
kvxwqiryyu kvxwqiryyu
hsjqtjkukk hsjqtjkukk
bbczvyonym bbczvyonym
mdyuzxshey mdyuzxshey
ouxenssqdu ouxenssqdu
kvfpaspidv kvfpaspidv
bswhowadhl bswhowadhl
tgkujfknod tgkujfknod
cpwyxulkjm cpwyxulkjm
nbjyrygtdh nbjyrygtdh
ymvlfsdhbu aokbiptbzc
ldnozwuuuq ldnozwuuuq
qiqnnrlapz qiqnnrlapz
osdeymjeil osdeymjeil
jrmlkfexfk scesbtewjx
seeyrseflx hkempoemlv
oggftsricu oggftsricu
xywdziunpr xywdziunpr
vugkhjygfe vugkhjygfe
aruwdskzta aruwdskzta
xychpimpzb xychpimpzb
bulywvvpni bulywvvpni
wkwwcqjtxf lkvtxfwozs
koawdpgqdx psiebvskfb
pdljcbluhp pdljcbluhp
qgfchcatzi qgfchcatzi
yriqtwavfx rkyixxpcbx gucdicwxmb
