lVOvaZXqjnb1QiPN4SL LxrqIj6vUJmAulbGEsz 6yczq9OEfSPk2s1GodH WMcq9fQKeLJk5Y0CDTR pBC7kb6YvcSm2XysuzG CgrHnsmUEaKbL2Bu9fI PmQXT3OGFtJDs9diWZV PMi5mGhrzJqWAYD3BHv sYlHgS5wtRaZOTc7xoL ZYgsVSN6W2mIfqFPXei rqNcZ8MUzDE3H2ekKJp tmubz8TR6MEqo04GaXQ QKaVhgAPN7MzZXkIJif ejNRIidB4gvrEPnTV8U cbGv0lH2ekt7XznaK9Q lZ2Ga35MbPOtokD1gF0 Sz9FxGJ7CPMEbUovXQq bf47z98om5ZMUVORjG0 YioPekqCUnASaBF9NdH r7lSNvA6nm9JpW8THBj 7ylUw023cBhQYobkz4m d6UiSTzYoMpXGw48gAD 7aRmJfDh4vEt258Ai9L 1V4PG7oEw2rS9xRO3Bj DQw9naPXAhyUOL6tvVl ctr2CvsehWx0ENY16wO asp20NJKvZUtDiW1Trx K7nbuQS5FWTkmHyhi69 bWTReYw0BhlvS4MOVfL xgwVF2QIT3hvcbajUW6 gPuR31xAk9zvU6NTyj8 rqNcZ8MUzDE3H2ekKJp Dea9uc7gshQNXqSrGwR 0I5bOlMW6Q9DuYsrn12 wVe6HY1xINUrGjoPvBR 5VbntkgFqTX8w9sYai2 H73qxghnr8SspNjtPW5 0I5bOlMW6Q9DuYsrn12 lVOvaZXqjnb1QiPN4SL
33
lVOvaZXqjnb1QiPN4SL lVOvaZXqjnb1QiPN4SL
LxrqIj6vUJmAulbGEsz LxrqIj6vUJmAulbGEsz
6yczq9OEfSPk2s1GodH 6yczq9OEfSPk2s1GodH
WMcq9fQKeLJk5Y0CDTR WMcq9fQKeLJk5Y0CDTR
pBC7kb6YvcSm2XysuzG pBC7kb6YvcSm2XysuzG
CgrHnsmUEaKbL2Bu9fI CgrHnsmUEaKbL2Bu9fI
PmQXT3OGFtJDs9diWZV PmQXT3OGFtJDs9diWZV
PMi5mGhrzJqWAYD3BHv PMi5mGhrzJqWAYD3BHv
ZYgsVSN6W2mIfqFPXei ZYgsVSN6W2mIfqFPXei
rqNcZ8MUzDE3H2ekKJp prEdKF8t2xfGRCWhIb6 w94BKFb1ecikMGfS70L 9ZJNwSv0RBa6MeqIpmt oarTSh6swBUepOyZfIL J3FvU9WXMbfo8m0ZhcD WFoj1MI7y5B3zXtAgZ8 zROkalGf12roedQWiBZ YkRo3m4NGhXuEbHLgis wG9ACiZlVUHDz67EehO qe0CW9YTfri5FH8nzhZ q2hnSgjm30BKapPZH8v PjaGwqf8CSFyxQX6Tph
tmubz8TR6MEqo04GaXQ tmubz8TR6MEqo04GaXQ
QKaVhgAPN7MzZXkIJif M5bN0l7KCxBwZvTjOzI UIJTGnEvaFfWoB4pReZ
ejNRIidB4gvrEPnTV8U ejNRIidB4gvrEPnTV8U
cbGv0lH2ekt7XznaK9Q cbGv0lH2ekt7XznaK9Q
lZ2Ga35MbPOtokD1gF0 lZ2Ga35MbPOtokD1gF0
Sz9FxGJ7CPMEbUovXQq Sz9FxGJ7CPMEbUovXQq
bf47z98om5ZMUVORjG0 bf47z98om5ZMUVORjG0
YioPekqCUnASaBF9NdH YioPekqCUnASaBF9NdH
7ylUw023cBhQYobkz4m 7ylUw023cBhQYobkz4m
d6UiSTzYoMpXGw48gAD d6UiSTzYoMpXGw48gAD
7aRmJfDh4vEt258Ai9L 7aRmJfDh4vEt258Ai9L
1V4PG7oEw2rS9xRO3Bj 1V4PG7oEw2rS9xRO3Bj
DQw9naPXAhyUOL6tvVl yReNFSdk9pj46IBuJlD
ctr2CvsehWx0ENY16wO ctr2CvsehWx0ENY16wO
asp20NJKvZUtDiW1Trx ofc35ZL6ED4Qs9nYgtu
K7nbuQS5FWTkmHyhi69 K7nbuQS5FWTkmHyhi69
bWTReYw0BhlvS4MOVfL bWTReYw0BhlvS4MOVfL
gPuR31xAk9zvU6NTyj8 gPuR31xAk9zvU6NTyj8
Dea9uc7gshQNXqSrGwR Dea9uc7gshQNXqSrGwR
0I5bOlMW6Q9DuYsrn12 9TnE82lFzgSRfhLcjty ZCNy86nGLY4wfo1cWje
wVe6HY1xINUrGjoPvBR wVe6HY1xINUrGjoPvBR
5VbntkgFqTX8w9sYai2 5VbntkgFqTX8w9sYai2
H73qxghnr8SspNjtPW5 H73qxghnr8SspNjtPW5
