AwxIeucriHjf27FhspG yWzqUasT3R6D74kKJru LKpfxPqdJvaI8C0We3z ZU4OFqH2PfgLpEJVSG6 eqi0fKTM2RdD6zkSAEr KJwAq0SmfUlOGo8Pbeh 8aKYx2SdqPRjFvi6yr4 bXmHFcCtVZPv4oxBweM IlfLurGFiMO9W3wUAXR OzSVlAJPB8pD7McueaG Nji35abpK0CTUSlWGuA iEFbnXL3WCYzGIBsQyg BS8iY9aPlgh1QqrIpVd KJwAq0SmfUlOGo8Pbeh VmTt9Ek3YP0ioL4huqK 6OhBRdtHjncfMpQmIAY XHfCu7qLi0aIveTUmlM 1pEvPaYSub2mW8eItUO XfrmtaWRUdFACN809yS ZU4OFqH2PfgLpEJVSG6 pdb3WuP0IFN8hwBkH69 KJwAq0SmfUlOGo8Pbeh 4RPkH7Dc2lSytIEjdvZ NCitHRhmgX02L7OSpdJ 9k3KERBOiDm5tSLWTuV r7atW26zvHYEAjxZB5I ZDtoyidIR6aqQwg1rfL N4xuWFlCoSegmctI20M qR1w8vWKJ9GTMoIVHEe dLzEgnCZKowbF2kJImP 8CRHxDVKFZsYB6tMpik PyJKts960QpjhTLD2OE v8rJpjBE2GMRcaD7w4V iYI8LowClq2xG0XWSdZ SgEu94o85QKaBwRnUqk ORVoYgr9pvTkjDEn3z1 2oDxBYX4AFTcdsuyjS7 ZyajO0zqmgFGd4PUlik ILEw3dp8bC7yilBnYuX weiO89Us3SIvoaPtrB0 iEFbnXL3WCYzGIBsQyg JOjfABw83oFCiaXDvMs SILZWArv6k7FcGhyeb5 3WN1qBmcvAExjdM6Gr7 SWcTa048zDXHmAk67vq UhV08bJKBApcNP4O7xl TwZjBSskDY4E9OdRuXv 32iUhWwbaRQdpGN6CP9 JcQAO3uxterl9IUwhKB sho45SEzbYFQpR1CwZm 4WPDhRB2vq5G1CNxpiz 8XdiGJQuvDq0O45cAa3 TD1lnWQY5GcdEjtfVzs NXV1D2dbScZ4y9pUtqW f0JPGEvKuMcqjgi5XlZ 5Sgq2KH8U61EC0W3VNR 6OhBRdtHjncfMpQmIAY kC0UP5yi37XTohZLezu yfojKR4t2HQN6IZaeG9 VMPr01qNctRo2GspAdh iEFbnXL3WCYzGIBsQyg FhQNEw3VjK7YeUgT8rm p39vLN8ZTmldOHc7FQq OFnyj64xurghSV8Cz13 iEFbnXL3WCYzGIBsQyg LdUAKJjGy23PM8pSE0H tW8U5JQYoGLH1fxkDly ZiPlEIqjAW0gpVoJsT6 RZydCPMgeNYjxh8sAGI ZU4OFqH2PfgLpEJVSG6 JX3fUkTlirV92nytHdI IxZGeW9SUK2QcXf7aJs 81enwCUSxbBZOYdyVNm oXD0mSLKMYy5gjbW7s3 gkIdtam3XO0GhSfHMn2 oqS8bChDzaEOsTV2FZp Z67LKcAUNbXP0xGtue2 4LxtbrVK16vaZhMqPTf sP8cQuHBaxI7wkL0VTS p80UhzCbyXmZiGjNTVY SBXYtjvfK32xzIsAgbu Kziaen3V8Um1wETpYt7 CN1OwEHxoMR8mP7VXyj f1VyRETclzY830eXJ2Q AwxIeucriHjf27FhspG
67
AwxIeucriHjf27FhspG AwxIeucriHjf27FhspG
yWzqUasT3R6D74kKJru NWGQdEXnhM5gUqcJ13T wJPGQIr4Njpk7Re6sbX
LKpfxPqdJvaI8C0We3z LKpfxPqdJvaI8C0We3z
eqi0fKTM2RdD6zkSAEr eqi0fKTM2RdD6zkSAEr
KJwAq0SmfUlOGo8Pbeh 5Hz2glV7fhLTxX0iEyu J1VXRSak3EBr6AGsmz7 XBQSWe7pwDs2Ik8lnAv EyCHsSP5XZrQR0L23jf EwF5nLVG0tZTx9dWU1D uhaSszxK8v16PtwWV50 2SbQ735yxpaYRJGdLNt uFkwq6pWAKVEXdDRGQb BMxnoGrf91mOZwU8P3C XMuchaoDbgs8v65ECIF ou7YpydAjD9Tzn0MSEv Jlkixpd2cLWGKCrVSmf mqAocERyYrzi36U5pTt Ou5bfz3rmJwxCBhTatL C7gXPVA3YZ2QWdsUkGx GpTdeJ4jlQkvCMFtiU8 vBQ8qjbgmCfZIxY2zJP srXSIvPOWTzJ7opbjGc ciYOlIwSpvHz3ybj2mV KtuJ8324zFfxhcgNUO0 jIi2sVXxaTR5vQNo6uH 8XNwOR4jem9hBP3VKuk J6ComdZW9qLG5V7D2Qb LgX3GoqbTpRCdhOElKA
8aKYx2SdqPRjFvi6yr4 8aKYx2SdqPRjFvi6yr4
bXmHFcCtVZPv4oxBweM bXmHFcCtVZPv4oxBweM
IlfLurGFiMO9W3wUAXR M7vKqQH6U3sGneYpBmr
OzSVlAJPB8pD7McueaG OzSVlAJPB8pD7McueaG
Nji35abpK0CTUSlWGuA Nji35abpK0CTUSlWGuA
BS8iY9aPlgh1QqrIpVd BS8iY9aPlgh1QqrIpVd
VmTt9Ek3YP0ioL4huqK VmTt9Ek3YP0ioL4huqK
XHfCu7qLi0aIveTUmlM XHfCu7qLi0aIveTUmlM
1pEvPaYSub2mW8eItUO 1pEvPaYSub2mW8eItUO
XfrmtaWRUdFACN809yS XfrmtaWRUdFACN809yS
pdb3WuP0IFN8hwBkH69 pdb3WuP0IFN8hwBkH69
4RPkH7Dc2lSytIEjdvZ 4RPkH7Dc2lSytIEjdvZ
9k3KERBOiDm5tSLWTuV 9k3KERBOiDm5tSLWTuV
r7atW26zvHYEAjxZB5I r7atW26zvHYEAjxZB5I
ZDtoyidIR6aqQwg1rfL ZDtoyidIR6aqQwg1rfL
N4xuWFlCoSegmctI20M N4xuWFlCoSegmctI20M
qR1w8vWKJ9GTMoIVHEe qR1w8vWKJ9GTMoIVHEe
dLzEgnCZKowbF2kJImP dLzEgnCZKowbF2kJImP
8CRHxDVKFZsYB6tMpik 8CRHxDVKFZsYB6tMpik
PyJKts960QpjhTLD2OE PyJKts960QpjhTLD2OE
v8rJpjBE2GMRcaD7w4V v8rJpjBE2GMRcaD7w4V
iYI8LowClq2xG0XWSdZ iYI8LowClq2xG0XWSdZ
SgEu94o85QKaBwRnUqk SgEu94o85QKaBwRnUqk
ORVoYgr9pvTkjDEn3z1 ORVoYgr9pvTkjDEn3z1
2oDxBYX4AFTcdsuyjS7 2oDxBYX4AFTcdsuyjS7
ZyajO0zqmgFGd4PUlik ZyajO0zqmgFGd4PUlik
weiO89Us3SIvoaPtrB0 weiO89Us3SIvoaPtrB0
JOjfABw83oFCiaXDvMs EtZy03uSNxdF1kcjeG7
SILZWArv6k7FcGhyeb5 SILZWArv6k7FcGhyeb5
3WN1qBmcvAExjdM6Gr7 0l5Q4wHKrGTtYmko6uB
SWcTa048zDXHmAk67vq SWcTa048zDXHmAk67vq
UhV08bJKBApcNP4O7xl UhV08bJKBApcNP4O7xl
TwZjBSskDY4E9OdRuXv TwZjBSskDY4E9OdRuXv
32iUhWwbaRQdpGN6CP9 32iUhWwbaRQdpGN6CP9
JcQAO3uxterl9IUwhKB JcQAO3uxterl9IUwhKB
sho45SEzbYFQpR1CwZm sho45SEzbYFQpR1CwZm
4WPDhRB2vq5G1CNxpiz 4WPDhRB2vq5G1CNxpiz
8XdiGJQuvDq0O45cAa3 8XdiGJQuvDq0O45cAa3
TD1lnWQY5GcdEjtfVzs TD1lnWQY5GcdEjtfVzs
NXV1D2dbScZ4y9pUtqW NXV1D2dbScZ4y9pUtqW
5Sgq2KH8U61EC0W3VNR 5Sgq2KH8U61EC0W3VNR
6OhBRdtHjncfMpQmIAY DZKQ08WnbkSIqz2rAm6 wdEaysuC74BJzk6lPtZ
kC0UP5yi37XTohZLezu kC0UP5yi37XTohZLezu
VMPr01qNctRo2GspAdh VMPr01qNctRo2GspAdh
FhQNEw3VjK7YeUgT8rm FhQNEw3VjK7YeUgT8rm
p39vLN8ZTmldOHc7FQq p39vLN8ZTmldOHc7FQq
OFnyj64xurghSV8Cz13 OFnyj64xurghSV8Cz13
LdUAKJjGy23PM8pSE0H LdUAKJjGy23PM8pSE0H
tW8U5JQYoGLH1fxkDly tW8U5JQYoGLH1fxkDly
ZiPlEIqjAW0gpVoJsT6 ZiPlEIqjAW0gpVoJsT6
RZydCPMgeNYjxh8sAGI RZydCPMgeNYjxh8sAGI
JX3fUkTlirV92nytHdI JX3fUkTlirV92nytHdI
IxZGeW9SUK2QcXf7aJs IxZGeW9SUK2QcXf7aJs
81enwCUSxbBZOYdyVNm sOhbeTrPJkB5zIDlpEx
oXD0mSLKMYy5gjbW7s3 oXD0mSLKMYy5gjbW7s3
gkIdtam3XO0GhSfHMn2 gkIdtam3XO0GhSfHMn2
oqS8bChDzaEOsTV2FZp oqS8bChDzaEOsTV2FZp
Z67LKcAUNbXP0xGtue2 Z67LKcAUNbXP0xGtue2
4LxtbrVK16vaZhMqPTf 4LxtbrVK16vaZhMqPTf
sP8cQuHBaxI7wkL0VTS sP8cQuHBaxI7wkL0VTS
p80UhzCbyXmZiGjNTVY mxbN18fatelypn20FLZ
SBXYtjvfK32xzIsAgbu SBXYtjvfK32xzIsAgbu
