0 11 179 180 181 11 130 131 11 78 187 186 185 78 49 194 195 196 49 10 199 198 197 10 114 115 10 25 125 124 25 34 120 121 34 58 101 100 58 18 102 103 18 53 176 177 178 53 84 145 144 143 84 133 132 84 45 175 174 173 45 90 182 183 184 90 26 158 159 160 26 1 157 156 155 1 12 138 139 12 38 148 147 146 38 60 108 109 60 128 129 60 9 161 162 163 9 21 140 141 142 21 87 151 150 149 87 47 154 153 152 47 166 165 164 47 41 112 113 41 123 122 41 31 118 119 31 5 116 117 5 94 127 126 94 69 110 111 69 40 134 135 40 46 172 171 170 46 83 169 168 167 83 44 104 105 44 39 106 107 39 57 188 189 190 57 136 137 57 54 193 192 191 54 0
99
179 179
180 180
181 181
130 130
131 131
187 187
186 186
185 185
194 194
195 195
196 196
199 199
198 198
197 197
114 114
115 115
125 125
124 124
120 120
121 121
101 101
100 100
102 102
103 103
176 176
177 177
178 178
145 145
144 144
143 143
133 133
132 132
175 175
174 174
173 173
182 182
183 183
184 184
158 158
159 159
160 160
157 157
156 156
155 155
138 138
139 139
148 148
147 147
146 146
108 108
109 109
128 128
129 129
161 161
162 162
163 163
140 140
141 141
142 142
151 151
150 150
149 149
154 154
153 153
152 152
166 166
165 165
164 164
112 112
113 113
123 123
122 122
118 118
119 119
116 116
117 117
127 127
126 126
110 110
111 111
134 134
135 135
172 172
171 171
170 170
169 169
168 168
167 167
104 104
105 105
106 106
107 107
188 188
189 189
190 190
136 136
137 137
193 193
192 192
