0 40 64 65 40 88 89 90 40 48 97 98 99 48 81 80 79 48 12 94 95 96 12 5 91 92 93 5 49 87 86 85 49 23 63 62 23 32 52 53 32 42 51 50 42 10 67 66 10 14 72 71 70 14 16 58 59 16 11 68 69 11 6 57 56 6 1 60 61 1 2 75 74 73 2 21 76 77 78 21 19 55 54 19 84 83 82 19 0
49
64 64
65 65
88 88
89 89
90 90
97 97
98 98
99 99
81 81
80 80
79 79
94 94
95 95
96 96
91 91
92 92
93 93
87 87
86 86
85 85
63 63
62 62
52 52
53 53
51 51
50 50
67 67
66 66
72 72
71 71
70 70
58 58
59 59
68 68
69 69
57 57
56 56
60 60
61 61
75 75
74 74
73 73
76 76
77 77
78 78
55 55
54 54
84 84
83 83
