0 115 118 27 65 100 145 190 192 191 92 90 69 114 79 139 195 197 196 12 66 67 123 120 122 151 152 150 39 54 99 189 182 180 183 47 105 140 142 141 132 130 170 15 17 113 110 57 55 58 32 30 125 128 117 166 137 135 52 169 82 108 102 101 2 28 25 20 160 144 64 184 44 179 74 149 154 94 124 134 159 104 129 72 185 187 186 42 40 35 95 87 85 75 0
83
0 3
118 118
27 27
65 68
100 100
145 148
192 192
92 91
69 69
114 114
79 79
139 139
195 195
197 197
12 11
66 66
67 67
123 123
120 120
122 122
152 152
39 39
54 54
99 99
189 189
182 181
180 180
183 183
47 47
105 105
142 142
141 141
132 131
130 133
170 172
15 15
17 16
113 113
110 110
57 56
55 55
58 58
32 32
30 30
125 125
128 128
117 116 168
166 166
137 136
135 138
52 52
82 82
108 108
102 102
101 101
2 13
28 28
25 25
20 20
160 160 161
144 144
64 64
184 184
44 44
179 179
74 74
149 149
154 154
94 94
124 124
134 134
159 159
104 104
129 129
72 72
187 187
186 186
42 41
40 43
35 38 37 36
95 97
87 87
75 78
