loc0 loc70 loc25 loc53 loc26 loc71 loc44 loc62 loc8 loc89 loc41 loc95 loc5 loc86 loc50 loc59 loc47 loc92 loc20 loc65 loc37 loc55 loc19 loc73 loc46 loc65 loc2 loc67 loc22 loc58 loc4 loc66 loc31 loc58 loc39 loc57 loc33 loc60 loc15 loc51 loc24 loc78 loc7 loc52 loc34 loc85 loc40 loc75 loc18 loc72 loc48 loc99 loc45 loc54 loc36 loc90 loc27 loc72 loc49 loc58 loc12 loc66 loc13 loc67 loc32 loc77 loc43 loc70 loc0
41
loc25 loc25
loc53 loc35 loc16
loc26 loc26
loc44 loc44
loc62 loc17
loc8 loc8
loc41 loc41
loc5 loc5
loc86 loc23
loc50 loc50
loc47 loc47
loc20 loc20
loc65 loc11 loc38 loc28 loc14 loc1 loc29 loc10
loc37 loc37
loc19 loc19
loc46 loc46
loc2 loc2
loc22 loc22
loc4 loc4
loc66 loc3 loc30
loc31 loc31
loc39 loc39
loc33 loc33
loc60 loc21
loc15 loc15
loc51 loc42 loc6
loc24 loc24
loc7 loc7
loc34 loc34
loc40 loc40
loc18 loc18
loc48 loc48
loc45 loc45
loc54 loc9
loc36 loc36
loc27 loc27
loc49 loc49
loc12 loc12
loc13 loc13
loc32 loc32
loc43 loc43
