loc0 loc103 loc40 loc193 loc85 loc157 loc49 loc130 loc76 loc104 loc95 loc149 loc77 loc113 loc41 loc155 loc83 loc131 loc32 loc155 loc5 loc137 loc20 loc128 loc65 loc118 loc19 loc127 loc1 loc153 loc81 loc135 loc9 loc108 loc63 loc171 loc54 loc111 loc22 loc120 loc3 loc138 loc84 loc102 loc72 loc189 loc48 loc102 loc39 loc153 loc18 loc135 loc90 loc153 loc55 loc172 loc91 loc127 loc100 loc136 loc37 loc199 loc64 loc109 loc10 loc139 loc31 loc112 loc38 loc118 loc29 loc155 loc14 loc176 loc23 loc158 loc68 loc149 loc86 loc125 loc98 loc107 loc17 loc152 loc44 loc116 loc80 loc179 loc35 loc107 loc26 loc169 loc70 loc124 loc97 loc160 loc43 loc115 loc88 loc124 loc61 loc160 loc52 loc105 loc15 loc132 loc51 loc105 loc96 loc168 loc87 loc114 loc33 loc123 loc93 loc186 loc6 loc183 loc75 loc102 loc66 loc129 loc12 loc120 loc4 loc157 loc13 loc166 loc94 loc103 loc0
84
loc103 loc58 loc50
loc40 loc40
loc85 loc85
loc49 loc49
loc76 loc76
loc95 loc95
loc77 loc77
loc41 loc41
loc83 loc83
loc131 loc56
loc32 loc32
loc5 loc5
loc20 loc20
loc128 loc74 loc74 loc47 loc92 loc11
loc65 loc65
loc19 loc19
loc1 loc1
loc81 loc81
loc9 loc9
loc63 loc63
loc54 loc54
loc22 loc22
loc3 loc3
loc84 loc84
loc72 loc72
loc189 loc57
loc48 loc48
loc102 loc99
loc39 loc39
loc18 loc18
loc135 loc27 loc36
loc90 loc90
loc153 loc45
loc55 loc55
loc172 loc82
loc91 loc91
loc100 loc100
loc136 loc28
loc37 loc37
loc64 loc64
loc109 loc73
loc10 loc10
loc31 loc31
loc38 loc38
loc118 loc46 loc2
loc29 loc29
loc14 loc14
loc23 loc23
loc158 loc59 loc62
loc68 loc68
loc86 loc86
loc98 loc98
loc107 loc8 loc71 loc53
loc17 loc17
loc44 loc44
loc80 loc80
loc179 loc89
loc35 loc35
loc26 loc26
loc70 loc70
loc124 loc16 loc7 loc34
loc97 loc97
loc43 loc43
loc115 loc25
loc88 loc88
loc61 loc61
loc52 loc52
loc105 loc78 loc42 loc60 loc69
loc15 loc15
loc132 loc24
loc51 loc51
loc96 loc96
loc87 loc87
loc33 loc33
loc93 loc93
loc6 loc6
loc183 loc21 loc30
loc75 loc75
loc66 loc66
loc129 loc67
loc12 loc12
loc4 loc4
loc13 loc13
loc166 loc79
