99 126 3 0 6 132 155 50 41 25 1 5 15 23 9 7 10 31 185 16 82 20 8 22 23 88 16 97 11 30 21 142 52 33 13 66 12 19 17 6 106 7 112 2 103 28 40 3 55 24 50 117 150 11 160 13 35 31 170 11 166 3 164 168 184 21 163 16 167 7 34 188 31 148 125 90 56 2 73 6 51 61 14 178 13 171 7 181 111 4 19 158 14 149 192 2 146 7 98 3 161 123 6 130 37 169 32 173 16 92 119 6 151 7 100 52 94 16 174 11 172 18 39 6 70 78 14 68 108 59 53 16 102 124 14 190 19 80 75 63 2 47 83 14 186 49 99
99
99 99
126 126
0 0
132 132
155 155
50 114
41 41
25 25
1 1
5 5
15 15
9 9
10 10
185 185
82 82
20 20
8 8
22 22
23 180
88 88
97 97
30 30
142 142
33 33
66 66
12 12
17 17
106 106
112 112
103 103
28 28
40 40
55 55
24 24
117 117
150 150
160 160
35 35
170 170
166 166
164 164
168 168
184 184
163 163
16 165
167 167
34 34
188 188
148 148
125 125
90 90
56 56
73 73
51 51
61 61
178 178
171 171
181 181
111 111
4 4
19 122 26
158 158
149 149
192 192
2 27
146 146
98 98
3 127
161 161
123 123
130 130
169 169
173 173
92 92
119 119
151 151
100 100
94 94
174 174
172 172
18 18
39 39
6 183
70 70
78 78
68 68
59 59
53 53
102 102
124 124
14 42
190 190
80 80
75 75
63 63
47 47
83 83
186 186
49 131
