81 78 108 48 49 150 71 178 18 35 23 24 180 1 161 95 57 86 12 85 109 159 126 162 145 74 14 77 127 8 154 166 93 87 58 117 132 34 27 80 125 70 92 170 124 165 189 100 52 188 198 191 96 64 76 69 199 138 107 9 200 46 152 182 184 141 195 41 164 121 156 43 89 84 56 53 97 33 115 36 17 42 90 88 179 153 59 158 130 103 135 183 123 65 16 45 196 197 20 167 81
100
81 81
78 78
108 108
48 48
49 49
150 150
71 71
178 178
18 18
35 35
23 23
24 24
180 180
1 1
161 161
95 95
57 57
86 86
12 12
85 85
109 109
159 159
126 126
162 162
145 145
74 74
14 14
77 77
127 127
8 8
154 154
166 166
93 93
87 87
58 58
117 117
132 132
34 34
27 27
80 80
125 125
70 70
92 92
170 170
124 124
165 165
189 189
100 100
52 52
188 188
198 198
191 191
96 96
64 64
76 76
69 69
199 199
138 138
107 107
9 9
200 200
46 46
152 152
182 182
184 184
141 141
195 195
41 41
164 164
121 121
156 156
43 43
89 89
84 84
56 56
53 53
97 97
33 33
115 115
36 36
17 17
42 42
90 90
88 88
179 179
153 153
59 59
158 158
130 130
103 103
135 135
183 183
123 123
65 65
16 16
45 45
196 196
197 197
20 20
167 167
