10 1 25 35 37 36 2 22 29 38 21 23 41 32 34 15 6 8 12 5 11 43 42 39 3 7 10 50 184 82 111 81 53 79 76 73 61 187 64 66 185 59 63 68 106 91 199 89 192 97 99 198 101 193 87 196 112 84 57 96 93 71 58 67 88 103 104 62 102 94 108 69 191 190 186 98 86 83 197 107 52 51 109 72 92 56 77 74 78 54 50 10
87
1 1
25 25
35 35
37 37
36 36
2 2
22 22
29 29
38 38
21 21
23 23
41 41
32 32
34 34
15 15
6 6
8 8
12 12
5 5
11 11
43 43
42 42
39 39
3 3
7 7
184 184
82 82
111 111
81 81
53 53
79 79
76 76
73 73
61 61
187 187
64 64
66 66
185 185
59 59
63 63
68 68
106 106
91 91
199 199
89 89
192 192
97 97
99 99
198 198
101 101
193 193
87 87
196 196
112 112
84 84
57 57
96 96
93 93
71 71
58 58
67 67
88 88
103 103
104 104
62 62
102 102
94 94
108 108
69 69
191 191
190 190
186 186
98 98
86 86
83 83
197 197
107 107
52 52
51 51
109 109
72 72
92 92
56 56
77 77
74 74
78 78
54 54
