0 39 42 55 59 13 36 51 71 87 33 80 31 79 23 16 100 29 46 7 9 52 18 92 21 99 77 84 81 66 94 83 89 26 70 50 45 30 82 90 47 5 3 56 35 78 38 95 65 61 69 93 86 40 44 62 49 22 63 19 91 97 68 88 85 28 98 24 41 48 73 74 53 20 64 72 8 10 2 54 27 17 32 75 76 58 4 12 60 1 25 15 6 43 34 11 14 57 96 37 67 0
100
39 39
42 42
55 55
59 59
13 13
36 36
51 51
71 71
87 87
33 33
80 80
31 31
79 79
23 23
16 16
100 100
29 29
46 46
7 7
9 9
52 52
18 18
92 92
21 21
99 99
77 77
84 84
81 81
66 66
94 94
83 83
89 89
26 26
70 70
50 50
45 45
30 30
82 82
90 90
47 47
5 5
3 3
56 56
35 35
78 78
38 38
95 95
65 65
61 61
69 69
93 93
86 86
40 40
44 44
62 62
49 49
22 22
63 63
19 19
91 91
97 97
68 68
88 88
85 85
28 28
98 98
24 24
41 41
48 48
73 73
74 74
53 53
20 20
64 64
72 72
8 8
10 10
2 2
54 54
27 27
17 17
32 32
75 75
76 76
58 58
4 4
12 12
60 60
1 1
25 25
15 15
6 6
43 43
34 34
11 11
14 14
57 57
96 96
37 37
67 67
