0 1 69 70 121 163 164 165 166 167 168 169 171 172 177 175 173 171 169 170 183 185 186 187 191 189 188 186 185 183 170 169 168 167 166 165 164 163 121 70 122 123 138 139 140 141 142 143 145 147 148 150 151 146 145 143 142 141 140 139 138 123 122 70 69 68 67 66 64 63 62 60 59 58 56 55 53 52 51 50 49 48 47 46 45 44 43 41 34 33 32 31 30 28 4 3 2 0
43
0 0
1 1
69 69 91 91 100 101 93 93 95 96 94 90 90 107 107 108 108 113 113 118 118 120 73 73 74 74 75 75 76 76 77 77 78 78 79 79 80 80 82 83
121 121
163 163
166 166
167 167
168 168
172 172
177 181
175 176
170 170
183 183
191 191 195 195 196 196 198 199
188 188
140 140
141 141
142 142
147 147
148 148
150 150
146 146 153 153 154 154 158 159
122 131 131 132 132 134 134 136 137 128 129
68 68
66 66
64 65
63 57
62 62
60 61
59 59
58 58
53 54
52 52
51 51
50 50
47 29
45 45
44 44
41 42
33 35 35 38 39
31 31
4 4
3 5 5 9 9 10 19 21 22 24 24 25 25 26 27 11 11 13 13 15 15 17 18 14
