PQlYD3syBoo7C0hcATPD gByPZFfsA72SjYPmontO pGBevvfrXEYRwdy9Xa3h WuSb6mZA4Ht48gzyBwrs tBx3RfPMJg4OhazCeTsa rRx4ufuRfBzAjOzuQptQ aZ1gME9dgT1obQwN7kgz 8kEed91vb76Fhm6ivuFw xUd3lWAackpOjTn98YBa VjMruztOvYBB57sBtK7F iA0OPvpmSXnD5PmFrIY3 5wKsB6wx9H7PujNL03GN e7HIMwL2s8LjuoIRxDl7 IuwSP1hfYZRam5iX6Sbk jN7FJhuhmTKkduIKGyBx symCtAIG82LYD9Qs6FxZ 4yCDRp1k04Ch6IBU1p1H Zd6upjEKdV6jHG9xKORy IBSvm7mZeG0vXjguUx8d SWMrIKPuAQFTY7HmPty0 UWVA5dAu4wDF6Efl9d4O mMXK7rFRd7VNNboRtMKu lTNvRGBulC52xVXvXmmj egafCQ4ih9nCuFY3RBSk j1u2ybLPFsWda7RGIo6J y5UFufU6hy8Zt47b4K3v XT2Ymi7YdhYVjSO57uvy oRnkB9WX4h9Vz2XYe2Mz XtcwDUG5TGpryRZKRvrm j0WhcaOOy1JCyHTrxCSk ul5TY5YtUVHURRbHo0xt 4EHOWDgXvpoSadcvvLu4 SJuQEhk6NZgb7Y1YXHxx C8l14blndt8uGQmGfPky MmXiw0PdJXAsicjY4bml KFbZubIZwxKjbFZIhivu Mo6dK8I2XR9RUnPgLFfU oAwJ8ncZge95DCLogDfz Kxk6VsPzNOhHpwuN2F67 Hj9GXo6u0dDYfg4xoW2T ZOUAFthiVkWe23hp0746 JWNjS0Xtxw6CDJbk4UbK ikaH2IngBoan8x64dwnD 58LVuHISdldtYbuuEa4z 4ck2vdbl0wzRRSh9h5JI zOauzkXEQku3g7FmlO3i diWFyYW4KuKIAVWCVTOh 58PE6yTygndgQ75HC5PU xM3fh05um8j45RhdwKOx yuNLI2bosn9XVMaJllU2 0UIZ9YDhxr3ipBPf2WkK hQH0nHlpxkrlncu9buJt zTPp43usagg8jQuMreHJ XfIhMNfCnUCbP8MIjhA8 CeJalRL3KinyCQjl6tio BfkNC5T0oZOQYOkOg1Lr DLNj52Bf5LL4ZddWTcYY MGPH1ZQv2OM6dRC07Rj5 ouUk8HCXkT1xNHUSpktV 1AmZo7yJ6YJzwrjZr6vX aAf4nv1B7ggfx0DjrAOi wpM05AhdMYgh3n4WvalH iGcRn4eFfZI68Qr0MOgy c5B3yGaAxuGVYEd7DCc5 I3dKkMa3JUxVpADvWcmQ y5HlDp3ZOU3fT35BihFS Saezs03GHhWlgEusf2xb m3uIZkevVRyscNPa6NkD 8BVD1mXIeFKDWXC0pHC5 AhTd32p44tQrgKLluTfO NpHJpdHaoVuG1evDy4mD ajZwDYcDrAcHajKZpRul r52GhdJM3J6bC9RxltxZ CQFH0bM5UHhxPATIQeaZ N4yrn0aLU6ELQucPFmw8 EWUzUZ9Yb7H9gHpK5NdI mHciHIbodF92KWBlyZhd 29ZrssG8owPMWU0dtlEx TRIzdQQDV9bs8k4M9U4X h36zX7NC4P81W3KQD11u MnuekaeS1NiILcuuvn3o JNypu0O2hxRmLxF04Zie pmpfdWSNFW4BZf3j9zey AcGlxsvhfAOKA2Ti96Hg LvHeBFyLyC9KHnAltZnF 4xoBiS6HZ3COfmNv2aTR BHDRDstSlZtm71sWfOHB dcRmXZcpiyoLWuwR56cL WpDgsUZvfm1s3J1djPk6 upn88whXcmTNEpbLaMgR CE9MuYF6CpN99atuGjZ0 IjoU40tEWMCkwd5SaIZC dPunn27br1tTUelFVNIt 2RLdpM4k7Le8vufDMuf4 CtdShr26uGGV2W6zZTdS PRxK9WGPQn2vmuBbswLk daYVb2kr83paGhJZJJyA dRs9JullKCFwk8f9TP2C FE9d826a5RuYfSI6vEz4 lP2ISUwXZ5Vr1Dbyi5b2 PQlYD3syBoo7C0hcATPD
100
PQlYD3syBoo7C0hcATPD PQlYD3syBoo7C0hcATPD
gByPZFfsA72SjYPmontO gByPZFfsA72SjYPmontO
pGBevvfrXEYRwdy9Xa3h pGBevvfrXEYRwdy9Xa3h
WuSb6mZA4Ht48gzyBwrs WuSb6mZA4Ht48gzyBwrs
tBx3RfPMJg4OhazCeTsa tBx3RfPMJg4OhazCeTsa
rRx4ufuRfBzAjOzuQptQ rRx4ufuRfBzAjOzuQptQ
aZ1gME9dgT1obQwN7kgz aZ1gME9dgT1obQwN7kgz
8kEed91vb76Fhm6ivuFw 8kEed91vb76Fhm6ivuFw
xUd3lWAackpOjTn98YBa xUd3lWAackpOjTn98YBa
VjMruztOvYBB57sBtK7F VjMruztOvYBB57sBtK7F
iA0OPvpmSXnD5PmFrIY3 iA0OPvpmSXnD5PmFrIY3
5wKsB6wx9H7PujNL03GN 5wKsB6wx9H7PujNL03GN
e7HIMwL2s8LjuoIRxDl7 e7HIMwL2s8LjuoIRxDl7
IuwSP1hfYZRam5iX6Sbk IuwSP1hfYZRam5iX6Sbk
jN7FJhuhmTKkduIKGyBx jN7FJhuhmTKkduIKGyBx
symCtAIG82LYD9Qs6FxZ symCtAIG82LYD9Qs6FxZ
4yCDRp1k04Ch6IBU1p1H 4yCDRp1k04Ch6IBU1p1H
Zd6upjEKdV6jHG9xKORy Zd6upjEKdV6jHG9xKORy
IBSvm7mZeG0vXjguUx8d IBSvm7mZeG0vXjguUx8d
SWMrIKPuAQFTY7HmPty0 SWMrIKPuAQFTY7HmPty0
UWVA5dAu4wDF6Efl9d4O UWVA5dAu4wDF6Efl9d4O
mMXK7rFRd7VNNboRtMKu mMXK7rFRd7VNNboRtMKu
lTNvRGBulC52xVXvXmmj lTNvRGBulC52xVXvXmmj
egafCQ4ih9nCuFY3RBSk egafCQ4ih9nCuFY3RBSk
j1u2ybLPFsWda7RGIo6J j1u2ybLPFsWda7RGIo6J
y5UFufU6hy8Zt47b4K3v y5UFufU6hy8Zt47b4K3v
XT2Ymi7YdhYVjSO57uvy XT2Ymi7YdhYVjSO57uvy
oRnkB9WX4h9Vz2XYe2Mz oRnkB9WX4h9Vz2XYe2Mz
XtcwDUG5TGpryRZKRvrm XtcwDUG5TGpryRZKRvrm
j0WhcaOOy1JCyHTrxCSk j0WhcaOOy1JCyHTrxCSk
ul5TY5YtUVHURRbHo0xt ul5TY5YtUVHURRbHo0xt
4EHOWDgXvpoSadcvvLu4 4EHOWDgXvpoSadcvvLu4
SJuQEhk6NZgb7Y1YXHxx SJuQEhk6NZgb7Y1YXHxx
C8l14blndt8uGQmGfPky C8l14blndt8uGQmGfPky
MmXiw0PdJXAsicjY4bml MmXiw0PdJXAsicjY4bml
KFbZubIZwxKjbFZIhivu KFbZubIZwxKjbFZIhivu
Mo6dK8I2XR9RUnPgLFfU Mo6dK8I2XR9RUnPgLFfU
oAwJ8ncZge95DCLogDfz oAwJ8ncZge95DCLogDfz
Kxk6VsPzNOhHpwuN2F67 Kxk6VsPzNOhHpwuN2F67
Hj9GXo6u0dDYfg4xoW2T Hj9GXo6u0dDYfg4xoW2T
ZOUAFthiVkWe23hp0746 ZOUAFthiVkWe23hp0746
JWNjS0Xtxw6CDJbk4UbK JWNjS0Xtxw6CDJbk4UbK
ikaH2IngBoan8x64dwnD ikaH2IngBoan8x64dwnD
58LVuHISdldtYbuuEa4z 58LVuHISdldtYbuuEa4z
4ck2vdbl0wzRRSh9h5JI 4ck2vdbl0wzRRSh9h5JI
zOauzkXEQku3g7FmlO3i zOauzkXEQku3g7FmlO3i
diWFyYW4KuKIAVWCVTOh diWFyYW4KuKIAVWCVTOh
58PE6yTygndgQ75HC5PU 58PE6yTygndgQ75HC5PU
xM3fh05um8j45RhdwKOx xM3fh05um8j45RhdwKOx
yuNLI2bosn9XVMaJllU2 yuNLI2bosn9XVMaJllU2
0UIZ9YDhxr3ipBPf2WkK 0UIZ9YDhxr3ipBPf2WkK
hQH0nHlpxkrlncu9buJt hQH0nHlpxkrlncu9buJt
zTPp43usagg8jQuMreHJ zTPp43usagg8jQuMreHJ
XfIhMNfCnUCbP8MIjhA8 XfIhMNfCnUCbP8MIjhA8
CeJalRL3KinyCQjl6tio CeJalRL3KinyCQjl6tio
BfkNC5T0oZOQYOkOg1Lr BfkNC5T0oZOQYOkOg1Lr
DLNj52Bf5LL4ZddWTcYY DLNj52Bf5LL4ZddWTcYY
MGPH1ZQv2OM6dRC07Rj5 MGPH1ZQv2OM6dRC07Rj5
ouUk8HCXkT1xNHUSpktV ouUk8HCXkT1xNHUSpktV
1AmZo7yJ6YJzwrjZr6vX 1AmZo7yJ6YJzwrjZr6vX
aAf4nv1B7ggfx0DjrAOi aAf4nv1B7ggfx0DjrAOi
wpM05AhdMYgh3n4WvalH wpM05AhdMYgh3n4WvalH
iGcRn4eFfZI68Qr0MOgy iGcRn4eFfZI68Qr0MOgy
c5B3yGaAxuGVYEd7DCc5 c5B3yGaAxuGVYEd7DCc5
I3dKkMa3JUxVpADvWcmQ I3dKkMa3JUxVpADvWcmQ
y5HlDp3ZOU3fT35BihFS y5HlDp3ZOU3fT35BihFS
Saezs03GHhWlgEusf2xb Saezs03GHhWlgEusf2xb
m3uIZkevVRyscNPa6NkD m3uIZkevVRyscNPa6NkD
8BVD1mXIeFKDWXC0pHC5 8BVD1mXIeFKDWXC0pHC5
AhTd32p44tQrgKLluTfO AhTd32p44tQrgKLluTfO
NpHJpdHaoVuG1evDy4mD NpHJpdHaoVuG1evDy4mD
ajZwDYcDrAcHajKZpRul ajZwDYcDrAcHajKZpRul
r52GhdJM3J6bC9RxltxZ r52GhdJM3J6bC9RxltxZ
CQFH0bM5UHhxPATIQeaZ CQFH0bM5UHhxPATIQeaZ
N4yrn0aLU6ELQucPFmw8 N4yrn0aLU6ELQucPFmw8
EWUzUZ9Yb7H9gHpK5NdI EWUzUZ9Yb7H9gHpK5NdI
mHciHIbodF92KWBlyZhd mHciHIbodF92KWBlyZhd
29ZrssG8owPMWU0dtlEx 29ZrssG8owPMWU0dtlEx
TRIzdQQDV9bs8k4M9U4X TRIzdQQDV9bs8k4M9U4X
h36zX7NC4P81W3KQD11u h36zX7NC4P81W3KQD11u
MnuekaeS1NiILcuuvn3o MnuekaeS1NiILcuuvn3o
JNypu0O2hxRmLxF04Zie JNypu0O2hxRmLxF04Zie
pmpfdWSNFW4BZf3j9zey pmpfdWSNFW4BZf3j9zey
AcGlxsvhfAOKA2Ti96Hg AcGlxsvhfAOKA2Ti96Hg
LvHeBFyLyC9KHnAltZnF LvHeBFyLyC9KHnAltZnF
4xoBiS6HZ3COfmNv2aTR 4xoBiS6HZ3COfmNv2aTR
BHDRDstSlZtm71sWfOHB BHDRDstSlZtm71sWfOHB
dcRmXZcpiyoLWuwR56cL dcRmXZcpiyoLWuwR56cL
WpDgsUZvfm1s3J1djPk6 WpDgsUZvfm1s3J1djPk6
upn88whXcmTNEpbLaMgR upn88whXcmTNEpbLaMgR
CE9MuYF6CpN99atuGjZ0 CE9MuYF6CpN99atuGjZ0
IjoU40tEWMCkwd5SaIZC IjoU40tEWMCkwd5SaIZC
dPunn27br1tTUelFVNIt dPunn27br1tTUelFVNIt
2RLdpM4k7Le8vufDMuf4 2RLdpM4k7Le8vufDMuf4
CtdShr26uGGV2W6zZTdS CtdShr26uGGV2W6zZTdS
PRxK9WGPQn2vmuBbswLk PRxK9WGPQn2vmuBbswLk
daYVb2kr83paGhJZJJyA daYVb2kr83paGhJZJJyA
dRs9JullKCFwk8f9TP2C dRs9JullKCFwk8f9TP2C
FE9d826a5RuYfSI6vEz4 FE9d826a5RuYfSI6vEz4
lP2ISUwXZ5Vr1Dbyi5b2 lP2ISUwXZ5Vr1Dbyi5b2
