yZx4F8OpIk5Ar2sBMJAx K5SbR7BNjzxCUkAdrGa5 pyuAeTbcVcifrFis8Hjk sI5I68bj40h6dFM0JU7L ylc14u4guzQsG1HGoIaW SxhNwhmBZW56skeskoXT OLNsB9xLMpVZMUaTLkU7 a37twrOQlX8ckvFplsbJ 1nX5xj0493ZNrFPUOVt9 bSPdwFdSvkSaDMkIhhIm Jl9fGpEEaLR4lmSJYVKz u3rvHKE2Cknh2L20VX31 t3p35rQwuMfICpxwBTRV sYiNL7uSzhZbFuuuJ7Ov 3NlcmlomZH13bXyH9A3z e6PVUjjd6ajldcTPycA6 tg1w5Br4i5001iky5uAt MMuVzSLYdkYJSnZzYgpt aUS8Ma4u9DWG5rGkGMu3 k4TDiYyIyLOxd2S09stN ixBQklcj47gZLpsoK0Z1 hCu50otWd5xV17Ex0c3a E0w68ygm8mlxdWmjUSMA 3Nm0UHOvSd34D8rM2yZH TIQTzk08mTKB7r8LXluj xjrY90FEcI7klV7sjO39 Ux0fPXy37kADOkMzDLQ2 OX2sgS0EKma0KPRXo24b BoPjxvlt26bTwBLbfnZh O3Hkka0xTn4TYlQWkSEt j8a5XYXH6AK0uHrNRime oNRzekgjmcfhwbUnE9E5 KdV5bt367BMwPhG3obI3 coccrxCAACMV0GSxD2xc evP9W9Sp0JotOHAnvl9E 2GGOgT8kgyBmX858M38j u8Sh3uzUVF2pFMTdyMgE mhfSTNs1vGxIVkKDB1R9 MjcrC2MkSyccg6AM7KMW iPYb45Axawv8d5E4ZUWT uwJup2WiLVChmnkelhR8 c2xoK29xdkQaHgutY5NS 4vVzhXxSoe23m0D4crAQ 73lJNME3ed7CVENNhT28 YCHj3zwS8C1T4iIu3mub xfBJiQuas9xv3hIOUe8o Z5A3tROaNW2mCwf9Mwns p1HQ9bUXYQS3CJ4AN6us YXB7UTVLkwJ3CJcMVTzW 9RASC8iIlFoW2F9PoUXZ brD3Sp7VWuo0VotesZDK yZx4F8OpIk5Ar2sBMJAx
50
K5SbR7BNjzxCUkAdrGa5 K5SbR7BNjzxCUkAdrGa5
pyuAeTbcVcifrFis8Hjk pyuAeTbcVcifrFis8Hjk
sI5I68bj40h6dFM0JU7L sI5I68bj40h6dFM0JU7L
ylc14u4guzQsG1HGoIaW ylc14u4guzQsG1HGoIaW
SxhNwhmBZW56skeskoXT SxhNwhmBZW56skeskoXT
OLNsB9xLMpVZMUaTLkU7 OLNsB9xLMpVZMUaTLkU7
a37twrOQlX8ckvFplsbJ a37twrOQlX8ckvFplsbJ
1nX5xj0493ZNrFPUOVt9 1nX5xj0493ZNrFPUOVt9
bSPdwFdSvkSaDMkIhhIm bSPdwFdSvkSaDMkIhhIm
Jl9fGpEEaLR4lmSJYVKz Jl9fGpEEaLR4lmSJYVKz
u3rvHKE2Cknh2L20VX31 u3rvHKE2Cknh2L20VX31
t3p35rQwuMfICpxwBTRV t3p35rQwuMfICpxwBTRV
sYiNL7uSzhZbFuuuJ7Ov sYiNL7uSzhZbFuuuJ7Ov
3NlcmlomZH13bXyH9A3z 3NlcmlomZH13bXyH9A3z
e6PVUjjd6ajldcTPycA6 e6PVUjjd6ajldcTPycA6
tg1w5Br4i5001iky5uAt tg1w5Br4i5001iky5uAt
MMuVzSLYdkYJSnZzYgpt MMuVzSLYdkYJSnZzYgpt
aUS8Ma4u9DWG5rGkGMu3 aUS8Ma4u9DWG5rGkGMu3
k4TDiYyIyLOxd2S09stN k4TDiYyIyLOxd2S09stN
ixBQklcj47gZLpsoK0Z1 ixBQklcj47gZLpsoK0Z1
hCu50otWd5xV17Ex0c3a hCu50otWd5xV17Ex0c3a
E0w68ygm8mlxdWmjUSMA E0w68ygm8mlxdWmjUSMA
3Nm0UHOvSd34D8rM2yZH 3Nm0UHOvSd34D8rM2yZH
TIQTzk08mTKB7r8LXluj TIQTzk08mTKB7r8LXluj
xjrY90FEcI7klV7sjO39 xjrY90FEcI7klV7sjO39
Ux0fPXy37kADOkMzDLQ2 Ux0fPXy37kADOkMzDLQ2
OX2sgS0EKma0KPRXo24b OX2sgS0EKma0KPRXo24b
BoPjxvlt26bTwBLbfnZh BoPjxvlt26bTwBLbfnZh
O3Hkka0xTn4TYlQWkSEt O3Hkka0xTn4TYlQWkSEt
j8a5XYXH6AK0uHrNRime j8a5XYXH6AK0uHrNRime
oNRzekgjmcfhwbUnE9E5 oNRzekgjmcfhwbUnE9E5
KdV5bt367BMwPhG3obI3 KdV5bt367BMwPhG3obI3
coccrxCAACMV0GSxD2xc coccrxCAACMV0GSxD2xc
evP9W9Sp0JotOHAnvl9E evP9W9Sp0JotOHAnvl9E
2GGOgT8kgyBmX858M38j 2GGOgT8kgyBmX858M38j
u8Sh3uzUVF2pFMTdyMgE u8Sh3uzUVF2pFMTdyMgE
mhfSTNs1vGxIVkKDB1R9 mhfSTNs1vGxIVkKDB1R9
MjcrC2MkSyccg6AM7KMW MjcrC2MkSyccg6AM7KMW
iPYb45Axawv8d5E4ZUWT iPYb45Axawv8d5E4ZUWT
uwJup2WiLVChmnkelhR8 uwJup2WiLVChmnkelhR8
c2xoK29xdkQaHgutY5NS c2xoK29xdkQaHgutY5NS
4vVzhXxSoe23m0D4crAQ 4vVzhXxSoe23m0D4crAQ
73lJNME3ed7CVENNhT28 73lJNME3ed7CVENNhT28
YCHj3zwS8C1T4iIu3mub YCHj3zwS8C1T4iIu3mub
xfBJiQuas9xv3hIOUe8o xfBJiQuas9xv3hIOUe8o
Z5A3tROaNW2mCwf9Mwns Z5A3tROaNW2mCwf9Mwns
p1HQ9bUXYQS3CJ4AN6us p1HQ9bUXYQS3CJ4AN6us
YXB7UTVLkwJ3CJcMVTzW YXB7UTVLkwJ3CJcMVTzW
9RASC8iIlFoW2F9PoUXZ 9RASC8iIlFoW2F9PoUXZ
brD3Sp7VWuo0VotesZDK brD3Sp7VWuo0VotesZDK
