OYUinzd4zxVxIptSBcML 0Y8GuXeRCg3UQ8iw3rJM lM0uQphyVNPO90DR8P6A n14fgY77RxYuy7mkbJU1 2mMEW336zlvoabKQ0Mze 29cQGjH4xgr2WjuBLLEb paxbzGIrGUKuLL8gNR12 5euTHFaulIyTMDOpAOiL 0rs0of9LUAzWTuABwTnG 4R5nKw333ATOizKdSrav xtyNkgmQQDlFdBVfN1o5 jVnJVrQfkUuQ5PfgtD65 ysFvkOBVEgTOFmcR2xc1 5dLU2ihY8weFRtdH0NCX dVfyZ8osOWlPeWeMnteY C4iWe9yR2mvfNmTv1Ujg 3SpSgYRcx99pESu1D9Wi KRZBWx1Sd8wB0uU3QWeQ 2LHGJx7lje13o5VgjaWa wDv7iczN6LiK2xDJOu0N 7sEAL87eVGtPRFGU7wZL TOlchSnWWkR7rRWP9Cdc ugVnD0zzPxsfEn932v1t 6YPXen0OkUAjsBQbugH8 mSL1gwuFl7ezuWmYhoWX knZxc5ZrIrcQzv054Pss OYUinzd4zxVxIptSBcML
25
0Y8GuXeRCg3UQ8iw3rJM 0Y8GuXeRCg3UQ8iw3rJM
lM0uQphyVNPO90DR8P6A lM0uQphyVNPO90DR8P6A
n14fgY77RxYuy7mkbJU1 n14fgY77RxYuy7mkbJU1
2mMEW336zlvoabKQ0Mze 2mMEW336zlvoabKQ0Mze
29cQGjH4xgr2WjuBLLEb 29cQGjH4xgr2WjuBLLEb
paxbzGIrGUKuLL8gNR12 paxbzGIrGUKuLL8gNR12
5euTHFaulIyTMDOpAOiL 5euTHFaulIyTMDOpAOiL
0rs0of9LUAzWTuABwTnG 0rs0of9LUAzWTuABwTnG
4R5nKw333ATOizKdSrav 4R5nKw333ATOizKdSrav
xtyNkgmQQDlFdBVfN1o5 xtyNkgmQQDlFdBVfN1o5
jVnJVrQfkUuQ5PfgtD65 jVnJVrQfkUuQ5PfgtD65
ysFvkOBVEgTOFmcR2xc1 ysFvkOBVEgTOFmcR2xc1
5dLU2ihY8weFRtdH0NCX 5dLU2ihY8weFRtdH0NCX
dVfyZ8osOWlPeWeMnteY dVfyZ8osOWlPeWeMnteY
C4iWe9yR2mvfNmTv1Ujg C4iWe9yR2mvfNmTv1Ujg
3SpSgYRcx99pESu1D9Wi 3SpSgYRcx99pESu1D9Wi
KRZBWx1Sd8wB0uU3QWeQ KRZBWx1Sd8wB0uU3QWeQ
2LHGJx7lje13o5VgjaWa 2LHGJx7lje13o5VgjaWa
wDv7iczN6LiK2xDJOu0N wDv7iczN6LiK2xDJOu0N
7sEAL87eVGtPRFGU7wZL 7sEAL87eVGtPRFGU7wZL
TOlchSnWWkR7rRWP9Cdc TOlchSnWWkR7rRWP9Cdc
ugVnD0zzPxsfEn932v1t ugVnD0zzPxsfEn932v1t
6YPXen0OkUAjsBQbugH8 6YPXen0OkUAjsBQbugH8
mSL1gwuFl7ezuWmYhoWX mSL1gwuFl7ezuWmYhoWX
knZxc5ZrIrcQzv054Pss knZxc5ZrIrcQzv054Pss
