destitute Halstead decor swingy midget Bleeker Hewlett diligent Modesto Vega yogurt creekside illusion Darwin amateur minion Rio Fisk anvil McCall bobble mediate Isfahan choice trill fatten Injun jewel embassy extractor septillion shroud Andersen tate ripe stanza swordfish Auberge slowdown Elizabethan schedule connubial Hindi Loomis transpiration Dominican Gilmore funny MN balustrade papal destitute
50
Halstead Halstead
decor decor
swingy swingy
midget midget
Bleeker Bleeker
Hewlett Hewlett
diligent diligent
Modesto Modesto
Vega Vega
yogurt yogurt
creekside creekside
illusion illusion
Darwin Darwin
amateur amateur
minion minion
Rio Rio
Fisk Fisk
anvil anvil
McCall McCall
bobble bobble
mediate mediate
Isfahan Isfahan
choice choice
trill trill
fatten fatten
Injun Injun
jewel jewel
embassy embassy
extractor extractor
septillion septillion
shroud shroud
Andersen Andersen
tate tate
ripe ripe
stanza stanza
swordfish swordfish
Auberge Auberge
slowdown slowdown
Elizabethan Elizabethan
schedule schedule
connubial connubial
Hindi Hindi
Loomis Loomis
transpiration transpiration
Dominican Dominican
Gilmore Gilmore
funny funny
MN MN
balustrade balustrade
papal papal
