woebegone slowdown Durango administer anvil sphalerite McCall Reilly Fisk secondary inform millennium fulsome coarse yearn softball thirteen Tucson imperishable mediate funny Darwin directory bat Winchester whatsoever embroil diligent oriole illusion Modesto swordfish transfuse broil barnacle numerology dreadnought monotonous sinh exothermic equipping December mack Curtis simulate Gilmore Sunday Rodney Auberge car viscous bunch Andersen extrovert Vega Simon transonic yogurt tate PDP Stephen Hewlett griddle dull Wheller choice Zorn septillion babysat Irvin papal funky icon update bifurcate explosion noon silage Goodrich felony casserole renaissance trimester mitre spill involuntary backplate relaxation postscript connubial limitate midstream deduce wingspread shovel thoroughfare Isfahan stanza catenate archive swingy woebegone
100
slowdown slowdown
Durango Durango
administer administer
anvil anvil
sphalerite sphalerite
McCall McCall
Reilly Reilly
Fisk Fisk
secondary secondary
inform inform
millennium millennium
fulsome fulsome
coarse coarse
yearn yearn
softball softball
thirteen thirteen
Tucson Tucson
imperishable imperishable
mediate mediate
funny funny
Darwin Darwin
directory directory
bat bat
Winchester Winchester
whatsoever whatsoever
embroil embroil
diligent diligent
oriole oriole
illusion illusion
Modesto Modesto
swordfish swordfish
transfuse transfuse
broil broil
barnacle barnacle
numerology numerology
dreadnought dreadnought
monotonous monotonous
sinh sinh
exothermic exothermic
equipping equipping
December December
mack mack
Curtis Curtis
simulate simulate
Gilmore Gilmore
Sunday Sunday
Rodney Rodney
Auberge Auberge
car car
viscous viscous
bunch bunch
Andersen Andersen
extrovert extrovert
Vega Vega
Simon Simon
transonic transonic
yogurt yogurt
tate tate
PDP PDP
Stephen Stephen
Hewlett Hewlett
griddle griddle
dull dull
Wheller Wheller
choice choice
Zorn Zorn
septillion septillion
babysat babysat
Irvin Irvin
papal papal
funky funky
icon icon
update update
bifurcate bifurcate
explosion explosion
noon noon
silage silage
Goodrich Goodrich
felony felony
casserole casserole
renaissance renaissance
trimester trimester
mitre mitre
spill spill
involuntary involuntary
backplate backplate
relaxation relaxation
postscript postscript
connubial connubial
limitate limitate
midstream midstream
deduce deduce
wingspread wingspread
shovel shovel
thoroughfare thoroughfare
Isfahan Isfahan
stanza stanza
catenate catenate
archive archive
swingy swingy
