Tucson Bernini combine namesake Tucson wafer midget Halstead decor Irvin FPC sacrifice exothermic Iowa swordfish trill felony extrovert Curtis Injun amateur shovel lordosis yogurt coarse McCall Andersen
22
Tucson Tucson
Bernini Bernini
combine combine
namesake namesake
wafer wafer
midget midget
Halstead Halstead
decor decor
Irvin Irvin
FPC FPC
sacrifice sacrifice
Iowa Iowa
swordfish swordfish
trill trill
felony felony
extrovert extrovert
Curtis Curtis
Injun Injun
amateur amateur
shovel shovel
lordosis lordosis
yogurt yogurt
