TH1GgoG5GU 97dvK2Az7S MImiDijd1o VWD9Yy5Xrg zH4Z0p0Ftj vD4d0BZ03p 8pgnfE3xKu oRs9wR3IGE MImiDijd1o ka4cgDWgq7 M9d0z6OccV gSP0irArmo YZKJeBb8Pe dojrtYXceT zG9cl6Gy30 7cteJXIZM1 YrPP1U1r20 I1RTFIGWhc TH1GgoG5GU Octagmmhko 1koyFI8rlU G05S6XZiBa 4RZs4XFvF9 OR78sPVsV9 EZQ9HUGjRN KpPj50fAfy fbxiHLAsv4 79JJ9GZF8c fhmE7A9rVl 0gqiqztWgj 4ViGHxfdlc MpRNDD0glq lrFRnKniRv 6Zg7j6t8kt wXTrLT9dUx 1aPtXDhYtV ESDdDChkYw 1iUrZ2N0MA pm1Yq2dCLL uXkvSfF7Kv OpwMnuSGmp dyS1o5lQHD UgxUR9jKcJ NgxnYo41LY cqCbnI2bkr b3jUAAPOlA R0OKpbbX8l Iroa6leixY tvKOOMQ7Sv oQb2PqTM8x H0NdoJawvz 4JtfcKJvHu GSDEYlNcCM
41
TH1GgoG5GU TH1GgoG5GU vCSWEyz4PC
97dvK2Az7S Dkc5CxJ6RV
VWD9Yy5Xrg VWD9Yy5Xrg
zH4Z0p0Ftj zH4Z0p0Ftj
vD4d0BZ03p vD4d0BZ03p
8pgnfE3xKu OGWcs2X8pk
oRs9wR3IGE oRs9wR3IGE
ka4cgDWgq7 ka4cgDWgq7
M9d0z6OccV M9d0z6OccV
gSP0irArmo N08DpqDewo
YZKJeBb8Pe YZKJeBb8Pe
dojrtYXceT dojrtYXceT
7cteJXIZM1 7cteJXIZM1
YrPP1U1r20 YrPP1U1r20 ckEVpwA8CD YQKcyMibnc
I1RTFIGWhc I1RTFIGWhc
Octagmmhko Octagmmhko
1koyFI8rlU 1koyFI8rlU
G05S6XZiBa G05S6XZiBa
4RZs4XFvF9 4RZs4XFvF9
EZQ9HUGjRN EZQ9HUGjRN
KpPj50fAfy KpPj50fAfy
fbxiHLAsv4 fbxiHLAsv4
79JJ9GZF8c 79JJ9GZF8c
fhmE7A9rVl fhmE7A9rVl
0gqiqztWgj 0gqiqztWgj
4ViGHxfdlc 4ViGHxfdlc
MpRNDD0glq MpRNDD0glq
lrFRnKniRv lrFRnKniRv
wXTrLT9dUx wXTrLT9dUx
1aPtXDhYtV 1aPtXDhYtV
ESDdDChkYw ESDdDChkYw
1iUrZ2N0MA s8EkvbOYAX
pm1Yq2dCLL iyQiEnpG35
uXkvSfF7Kv uXkvSfF7Kv
OpwMnuSGmp OpwMnuSGmp
UgxUR9jKcJ UgxUR9jKcJ
NgxnYo41LY 4lUeyqYb0U
cqCbnI2bkr cqCbnI2bkr
b3jUAAPOlA b3jUAAPOlA
Iroa6leixY Iroa6leixY
tvKOOMQ7Sv tvKOOMQ7Sv
