WDULGPTRTU wRn7Oi1bcW xjSWG1YKh9 TBzLS0OAYU nFqfAnhO3U 0hs3CNDF4L oIVQ2qkgnR h5Si5BAPN0 QTNhZIciNJ CSjLrGbUz3 xtp1B5q0W1 AXNCIbkEJh BUMLJo6sc3 idQHxtSnxr onlLq65Azx j98kcW9qGB aEo62SfMqH WvFZJEkTrw 5SSy593K31 33omYiVXOD LeZK9UvMT9 emYRLTiyj9 2eMl9AO5o8 QrJxLpX875 dj8JMfo3hX 4znnlMjVra MXIvZpEPtW biWuM2iRnz 4TTtdOaCTp PcFJuErB3q CxfzSa2YOV M2hatQPY96 tubjzjzUpV 8ZKCAWlImg t25XjDwQhD 2fevl06VRg pk0Vh75DnH RN0bCAV6rQ srT70dfQEr Pz3egMzKU8 0SQlBVJ1YY TyL7NE2puV GQ4F0g3Mdj XW1Wn7EqpN rCoEuOa7EU eV8Vk47Uma x7iq98BiN3 uNliYB9ELN LCKLTNE1vp uvoepIQg9n fWIjO8yhE3 WAi18jd2vJ S8BtTu4yH9 bserQRNqfz 2O61j91J3T K05xB79KZo Bx61hYSyg6 bWDewy6WbV oCk2Yieytb Tk8ERvdKxF uIf3wnJUdn fXy828RCG4 KUJdxKVZFO 0wTk0mYkLH g2I4si69gU u4FAx2sHZm 1TfvXd6dPZ dC48GQHGzO oWmQcQwHPo WcyuqGYOzU XOxGPscMMG yU6iUY8YgO qnkfLCmfDn dMOAUqH7Z3 CUEWGmB7Gt oEdovEhrWM YpRs8m6oyX 2S929yZddP 1QXjsHNYao 723MhcLxt0 yky49wE4YG YAqGe4tKAP FvzkpZRSj8 Oiowits7js 12ECENJIev 7wS9dKOnJR XlU2fx0ZPn BNkM7qaRNw 7g0Idy1nzK 03xK87sjTf nKHFs5cKTX s3eMpsYH00 Pijq8aHqIR lfdanPGo3c jBYJ7v19BQ qjDSEKmZMW FqFik17fFH r8njDwxc2t JD3uem81Lg IA0Uf143OT mwzQG3SxnO 97ZNlakBoq TSSOUimHPg Q1N77BLmyb bsEkAY2K41 vUu8ijgxxf yvMowGbkvn u4LnQNaaiz 0mnwiU4XrT
87
wRn7Oi1bcW wRn7Oi1bcW
TBzLS0OAYU TBzLS0OAYU
0hs3CNDF4L 0hs3CNDF4L
oIVQ2qkgnR bhojeHeddF
h5Si5BAPN0 h5Si5BAPN0
QTNhZIciNJ QTNhZIciNJ
CSjLrGbUz3 CSjLrGbUz3
xtp1B5q0W1 xtp1B5q0W1
BUMLJo6sc3 fecMfiAuGC jPXsbXPNMq
idQHxtSnxr idQHxtSnxr
onlLq65Azx onlLq65Azx
aEo62SfMqH aEo62SfMqH
WvFZJEkTrw WvFZJEkTrw
5SSy593K31 5SSy593K31
LeZK9UvMT9 LeZK9UvMT9
emYRLTiyj9 emYRLTiyj9
QrJxLpX875 QrJxLpX875
dj8JMfo3hX dj8JMfo3hX
4znnlMjVra 4znnlMjVra
biWuM2iRnz biWuM2iRnz
CxfzSa2YOV CxfzSa2YOV
M2hatQPY96 M2hatQPY96
tubjzjzUpV tubjzjzUpV
8ZKCAWlImg z9nRKYQ1ub
t25XjDwQhD t25XjDwQhD
pk0Vh75DnH pk0Vh75DnH
RN0bCAV6rQ RN0bCAV6rQ
srT70dfQEr srT70dfQEr
Pz3egMzKU8 gZXiityEnU
TyL7NE2puV TyL7NE2puV
GQ4F0g3Mdj TP2TNyk7wl
XW1Wn7EqpN XW1Wn7EqpN
rCoEuOa7EU 8KtuAXHUy3
x7iq98BiN3 x7iq98BiN3
LCKLTNE1vp LCKLTNE1vp
uvoepIQg9n uvoepIQg9n
fWIjO8yhE3 KHDeTTvJC1
WAi18jd2vJ WAi18jd2vJ
S8BtTu4yH9 S8BtTu4yH9
bserQRNqfz KpxiCfRqh3
2O61j91J3T 2O61j91J3T
K05xB79KZo K05xB79KZo
bWDewy6WbV bWDewy6WbV
oCk2Yieytb oCk2Yieytb
Tk8ERvdKxF Tk8ERvdKxF
uIf3wnJUdn uIf3wnJUdn
fXy828RCG4 fXy828RCG4
KUJdxKVZFO KUJdxKVZFO
0wTk0mYkLH 0wTk0mYkLH
g2I4si69gU oVMPVsMWrZ
u4FAx2sHZm 2OsmeZV9xh
1TfvXd6dPZ mbSdju1TJK
oWmQcQwHPo oWmQcQwHPo
WcyuqGYOzU WcyuqGYOzU
yU6iUY8YgO yU6iUY8YgO
qnkfLCmfDn qnkfLCmfDn
dMOAUqH7Z3 dMOAUqH7Z3
CUEWGmB7Gt CUEWGmB7Gt
oEdovEhrWM oEdovEhrWM
YpRs8m6oyX YpRs8m6oyX
2S929yZddP 2S929yZddP
1QXjsHNYao 1QXjsHNYao
723MhcLxt0 723MhcLxt0
yky49wE4YG Pv5LMSkQii WRd4lScvm6
YAqGe4tKAP YAqGe4tKAP
FvzkpZRSj8 FvzkpZRSj8
Oiowits7js Oiowits7js
12ECENJIev 12ECENJIev
7wS9dKOnJR IT4pKw3giW
XlU2fx0ZPn XlU2fx0ZPn
BNkM7qaRNw BNkM7qaRNw
7g0Idy1nzK 7g0Idy1nzK
03xK87sjTf 03xK87sjTf
nKHFs5cKTX nKHFs5cKTX
s3eMpsYH00 s3eMpsYH00
Pijq8aHqIR Pijq8aHqIR
lfdanPGo3c lfdanPGo3c
jBYJ7v19BQ jBYJ7v19BQ
qjDSEKmZMW qjDSEKmZMW
r8njDwxc2t r8njDwxc2t
JD3uem81Lg JD3uem81Lg
IA0Uf143OT IA0Uf143OT
mwzQG3SxnO mwzQG3SxnO
97ZNlakBoq 97ZNlakBoq
Q1N77BLmyb Q1N77BLmyb
bsEkAY2K41 bsEkAY2K41
vUu8ijgxxf vUu8ijgxxf
