QwY2G6aX6c TDmNOuGJBk I4iTN5KXjB BtCEVbHoQI HG8olhhcTZ oWdH0Xcxwv VBTKstUXwG HTp005294X Z82QDWb0Pr ctUVEJSyNR T3o9dNVbcG RLF9v27sOQ f91pUtm9EZ vzXeZbLrSW UphA2uAaYC VbPBW7rmhF QwY2G6aX6c 8Jejdr7ynm 7d3UA4fKWz Z82QDWb0Pr U5XdtBFGOe uVIshS2g8a zUWT7uduzq MuYreynm57 osdKgXyg1e gLI8ArV2Ui oPQmRUijH5 6lpxgUxCxO pxgZ5VHtpD MzId8uwrPz
22
QwY2G6aX6c QwY2G6aX6c
TDmNOuGJBk TDmNOuGJBk
I4iTN5KXjB I4iTN5KXjB
BtCEVbHoQI BtCEVbHoQI
HG8olhhcTZ HG8olhhcTZ
VBTKstUXwG 8UaR4YpZys
HTp005294X IU0Ia8127Z
Z82QDWb0Pr Z82QDWb0Pr
T3o9dNVbcG T3o9dNVbcG
RLF9v27sOQ RLF9v27sOQ
f91pUtm9EZ f91pUtm9EZ
vzXeZbLrSW vzXeZbLrSW
UphA2uAaYC UphA2uAaYC
8Jejdr7ynm 8Jejdr7ynm
7d3UA4fKWz 7d3UA4fKWz
U5XdtBFGOe U5XdtBFGOe
uVIshS2g8a qg08r1Pg6g
zUWT7uduzq zUWT7uduzq
MuYreynm57 MuYreynm57
osdKgXyg1e osdKgXyg1e
gLI8ArV2Ui gLI8ArV2Ui
oPQmRUijH5 oPQmRUijH5
