1 1eH 1aT 1cD 1bX 1bY 1dE 1aZ 1dI 1cP 1bT 1cY 1aS 1dS 1cK 1bN 1bQ 1cB 1dM 1bP 1dT 1dZ 1cT 1eA 1bJ 1bE 1aY 1dD 1aQ 1cZ 1aW 1bB 1cN 1dO 1dW 1aJ 1aB 1cQ 1aI 1aC 1bR 1aU 1bK 1cU 1aN 1cO 1bA 1dH 1dF 1aA 1eE 1aL 1dC 1bL 1bC 1bV 1bS 1bG 1bU 1cC 1dV 1cR 1dN 1eB 1eG 1dA 1bD 1cJ 1aX 1cX 1cW 1eC 1eI 1aE 1eF 1cH 1cS 1dG 1cE 1cV 1bO 1bM 1dK 1dJ 1aM 1aK 1cI 1aP 1bW 1bF 1bH 1cF 1eD 1dR 1dP 1dY 1cG 1aR 1aV 1eJ 1
100
1 1
1eH 1eH
1aT 1aT
1cD 1cD
1bX 1bX
1bY 1bY
1dE 1dE
1aZ 1aZ
1dI 1dI
1cP 1cP
1bT 1bT
1cY 1cY
1aS 1aS
1dS 1dS
1cK 1cK
1bN 1bN
1bQ 1bQ
1cB 1cB
1dM 1dM
1bP 1bP
1dT 1dT
1dZ 1dZ
1cT 1cT
1eA 1eA
1bJ 1bJ
1bE 1bE
1aY 1aY
1dD 1dD
1aQ 1aQ
1cZ 1cZ
1aW 1aW
1bB 1bB
1cN 1cN
1dO 1dO
1dW 1dW
1aJ 1aJ
1aB 1aB
1cQ 1cQ
1aI 1aI
1aC 1aC
1bR 1bR
1aU 1aU
1bK 1bK
1cU 1cU
1aN 1aN
1cO 1cO
1bA 1bA
1dH 1dH
1dF 1dF
1aA 1aA
1eE 1eE
1aL 1aL
1dC 1dC
1bL 1bL
1bC 1bC
1bV 1bV
1bS 1bS
1bG 1bG
1bU 1bU
1cC 1cC
1dV 1dV
1cR 1cR
1dN 1dN
1eB 1eB
1eG 1eG
1dA 1dA
1bD 1bD
1cJ 1cJ
1aX 1aX
1cX 1cX
1cW 1cW
1eC 1eC
1eI 1eI
1aE 1aE
1eF 1eF
1cH 1cH
1cS 1cS
1dG 1dG
1cE 1cE
1cV 1cV
1bO 1bO
1bM 1bM
1dK 1dK
1dJ 1dJ
1aM 1aM
1aK 1aK
1cI 1cI
1aP 1aP
1bW 1bW
1bF 1bF
1bH 1bH
1cF 1cF
1eD 1eD
1dR 1dR
1dP 1dP
1dY 1dY
1cG 1cG
1aR 1aR
1aV 1aV
1eJ 1eJ
