153 140 138 90 23 26 43 15 53 170 163 197 89 86 19 192 5 79 29 58 12 150 156 131 188 180 42 135 195 120 169 168 177 13 83 127 49 88 95 0 172 112 34 16 167 40 81 118 96 70 61 145 56 194 128 126 7 8 20 160 129 98 184 21 161 60 182 28 3 171 37 146 137 41 52 108 50 74 147 119 124 134 47 152 136 179 36 11 196 93 122 187 113 68 99 178 77 2 4 35 153
100
153 153
140 140
138 138
90 90
23 23
26 26
43 43
15 15
53 53
170 170
163 163
197 197
89 89
86 86
19 19
192 192
5 5
79 79
29 29
58 58
12 12
150 150
156 156
131 131
188 188
180 180
42 42
135 135
195 195
120 120
169 169
168 168
177 177
13 13
83 83
127 127
49 49
88 88
95 95
0 0
172 172
112 112
34 34
16 16
167 167
40 40
81 81
118 118
96 96
70 70
61 61
145 145
56 56
194 194
128 128
126 126
7 7
8 8
20 20
160 160
129 129
98 98
184 184
21 21
161 161
60 60
182 182
28 28
3 3
171 171
37 37
146 146
137 137
41 41
52 52
108 108
50 50
74 74
147 147
119 119
124 124
134 134
47 47
152 152
136 136
179 179
36 36
11 11
196 196
93 93
122 122
187 187
113 113
68 68
99 99
178 178
77 77
2 2
4 4
35 35
