9gglvwpr5 d5podyx2rn1o dooatf4 b9zxvj22sc d3y7jq ual3asit 3xgrfvks 1huq1df ifmqwyt6x it92vprqk i3la5wvv4 4l424khddum 45bp6qh 4418l7vdyv kr5jy4uyjt 8evxiqgcp69n ag29aqlop ho87zq94a914a ff6i898nw uqc3avv5 bt3xcgwcd6c lrleda nbvknr pxtk2 5ed169a5jrt m5uyvxo2h
20
d5podyx2rn1o d5podyx2rn1o
dooatf4 dooatf4
b9zxvj22sc b9zxvj22sc
d3y7jq d3y7jq
ual3asit ual3asit
1huq1df 1huq1df
ifmqwyt6x ifmqwyt6x
it92vprqk it92vprqk
i3la5wvv4 i3la5wvv4
4l424khddum 4l424khddum
45bp6qh 45bp6qh
4418l7vdyv 4418l7vdyv
kr5jy4uyjt kr5jy4uyjt
8evxiqgcp69n 8evxiqgcp69n
ag29aqlop ag29aqlop
ho87zq94a914a ho87zq94a914a
uqc3avv5 uqc3avv5
bt3xcgwcd6c bt3xcgwcd6c
lrleda lrleda
nbvknr nbvknr
