htb26qt zou7sx9w vl6czuab pwqxinlzb3s 1161ildqnj 1ca2x2cnc ic2r4blmm9 ynuam4f8 37v6d 59yzvtv obabms hc2hf5t8 txlltgki ht1efrhmh gd5ct4 mw8g2qjo1 ay5sahonq84 mucolb1r 3khitn6 hyc885fvjls 7hz6j8 kwtb3cg 9egqgrh7x4e 812l47wm 4ka6l1c8w vrem3ey3kg44 pt2n7hl euhqqqmdpe 1jhmm8m85 ushjdkdhm9 ozag34bm9 hwu8dv9jgknbm l8yypbh 8jea4n4ez yx6dguko 5stwoup 9lvbrlgk k3qywmpr h1gz5hzz grn3uqx9y pmyqr 4w6uhigzl ysiw8m4l yg6hizqty kxhc6t8tu p9mtts e7lxs 6u4sf1gi s9vu9xx884 dlkmpx x73l73jp f92ere3 hq5mh8mi 52a3fj2zh 9oii82xaa tu8xxomxhi yhp7wbv9 zjh83ae ilaz9q a5u8g4sej iffsi 8gc7dka8lfy itrx5fucdq y3eg7gqq6 yhvc7zg tjwldi fej54ps5j wqkqf q42s9z886w5 piawzpgtzz9 7pbkkbbpw uzsjpl5f5 8m3pascg aplkk57cpzm i6lsw66h yr44oj2 art44ncra 87jxa g2g6fxcwr2l dt4ljfgjkizpq nd9xavj t4iedm 6k7du og6n7bgq8h nm7ud htb26qt
84
zou7sx9w zou7sx9w
vl6czuab vl6czuab
pwqxinlzb3s pwqxinlzb3s
1161ildqnj 1161ildqnj
1ca2x2cnc 1ca2x2cnc
ic2r4blmm9 ic2r4blmm9
ynuam4f8 ynuam4f8
37v6d 37v6d
59yzvtv 59yzvtv
obabms obabms
hc2hf5t8 hc2hf5t8
txlltgki txlltgki
ht1efrhmh ht1efrhmh
gd5ct4 gd5ct4
mw8g2qjo1 mw8g2qjo1
ay5sahonq84 ay5sahonq84
mucolb1r mucolb1r
3khitn6 3khitn6
hyc885fvjls hyc885fvjls
7hz6j8 7hz6j8
kwtb3cg kwtb3cg
9egqgrh7x4e 9egqgrh7x4e
812l47wm 812l47wm
4ka6l1c8w 4ka6l1c8w
vrem3ey3kg44 vrem3ey3kg44
pt2n7hl pt2n7hl
euhqqqmdpe euhqqqmdpe
1jhmm8m85 1jhmm8m85
ushjdkdhm9 ushjdkdhm9
ozag34bm9 ozag34bm9
hwu8dv9jgknbm hwu8dv9jgknbm
l8yypbh l8yypbh
8jea4n4ez 8jea4n4ez
yx6dguko yx6dguko
5stwoup 5stwoup
9lvbrlgk 9lvbrlgk
k3qywmpr k3qywmpr
h1gz5hzz h1gz5hzz
grn3uqx9y grn3uqx9y
pmyqr pmyqr
4w6uhigzl 4w6uhigzl
ysiw8m4l ysiw8m4l
yg6hizqty yg6hizqty
kxhc6t8tu kxhc6t8tu
p9mtts p9mtts
e7lxs e7lxs
6u4sf1gi 6u4sf1gi
s9vu9xx884 s9vu9xx884
dlkmpx dlkmpx
x73l73jp x73l73jp
f92ere3 f92ere3
hq5mh8mi hq5mh8mi
52a3fj2zh 52a3fj2zh
9oii82xaa 9oii82xaa
tu8xxomxhi tu8xxomxhi
yhp7wbv9 yhp7wbv9
zjh83ae zjh83ae
ilaz9q ilaz9q
a5u8g4sej a5u8g4sej
iffsi iffsi
8gc7dka8lfy 8gc7dka8lfy
itrx5fucdq itrx5fucdq
y3eg7gqq6 y3eg7gqq6
yhvc7zg yhvc7zg
tjwldi tjwldi
fej54ps5j fej54ps5j
wqkqf wqkqf
q42s9z886w5 q42s9z886w5
piawzpgtzz9 piawzpgtzz9
7pbkkbbpw 7pbkkbbpw
uzsjpl5f5 uzsjpl5f5
8m3pascg 8m3pascg
aplkk57cpzm aplkk57cpzm
i6lsw66h i6lsw66h
yr44oj2 yr44oj2
art44ncra art44ncra
87jxa 87jxa
g2g6fxcwr2l g2g6fxcwr2l
dt4ljfgjkizpq dt4ljfgjkizpq
nd9xavj nd9xavj
t4iedm t4iedm
6k7du 6k7du
og6n7bgq8h og6n7bgq8h
nm7ud nm7ud
