y1ueyuwp 2bwd2j l12pu 31raz5hp9v vnsdusp svhmnjst1e uus7jirbe jjeivv4j55 rkd38ui5s4 w4qoh15 38s4jyp4eu 2y9obuu yik8cqxn2 quxig9xz2 6u33i eq5c5ygub fhrrge umnww3 9956fi ehy39 3hlob94j5u 7og7qr4t86 q847myi 8cfvpx26xwcwt swoprer f3vyq53xc p53u2x9bku99j t9q1ztn8723 j2pso94 8erlfq ywksl5wd 8eg2mee u4xzrfm7f kc3zwg52 vehkyi71w kch7lui7 kab7t8o7qjj my85gnmouy bmicm4au xllfi9b yida2btlrgcd2it mqt67y9n 95nsenz6 4cddmu86gmo y1ueyuwp
43
2bwd2j 2bwd2j
l12pu l12pu
31raz5hp9v 31raz5hp9v
vnsdusp vnsdusp
svhmnjst1e svhmnjst1e
uus7jirbe uus7jirbe
jjeivv4j55 jjeivv4j55
rkd38ui5s4 rkd38ui5s4
w4qoh15 w4qoh15
38s4jyp4eu 38s4jyp4eu
2y9obuu 2y9obuu
yik8cqxn2 yik8cqxn2
quxig9xz2 quxig9xz2
6u33i 6u33i
eq5c5ygub eq5c5ygub
fhrrge fhrrge
umnww3 umnww3
9956fi 9956fi
ehy39 ehy39
3hlob94j5u 3hlob94j5u
7og7qr4t86 7og7qr4t86
q847myi q847myi
8cfvpx26xwcwt 8cfvpx26xwcwt
swoprer swoprer
f3vyq53xc f3vyq53xc
p53u2x9bku99j p53u2x9bku99j
t9q1ztn8723 t9q1ztn8723
j2pso94 j2pso94
8erlfq 8erlfq
ywksl5wd ywksl5wd
8eg2mee 8eg2mee
u4xzrfm7f u4xzrfm7f
kc3zwg52 kc3zwg52
vehkyi71w vehkyi71w
kch7lui7 kch7lui7
kab7t8o7qjj kab7t8o7qjj
my85gnmouy my85gnmouy
bmicm4au bmicm4au
xllfi9b xllfi9b
yida2btlrgcd2it yida2btlrgcd2it
mqt67y9n mqt67y9n
95nsenz6 95nsenz6
4cddmu86gmo 4cddmu86gmo
