ZfI6StUliqd8YxBr0zVp Hxhi6IYOb3B8uxHbGYVt SI1jqone3x4IZwZ6qVW6 Af4sQnaDf5G2yrOfmk45 gj1PIUxoUprs5rKMLNpv ZBTm8fkarNXg3vLUAnt8 gGXF4imn3IOLlYGD81XA QGzcn6XPemZ0IhmCJCmq cC9SZGtAtirSBnbvLWzt BFat56YSkekx77JCOMI4 QUmdpeJNwq8Od3rclrVL uYmver98TgwbkIsM8XgU QBaUzVWA62rnfcsnEShZ 98jc4TOf5CFD5ooRLXKs Fa64KRccvM4rqOgxBKtu ip0vmcqzxYgrY2Mc3Bu9 UoiNiYnewh16WNDFqvYW YzWX8RqUW0YPFsebUKYP gX6xMy6pWnenI68kwgcu zs8puphf0SbuOBS6XpM9 WEpQsV1SPLNjRDFxWGJw Z6746tUNXH05XsKVq5bc mMagcNSN7U8s7oy3e0j4 5JVto9dbOz4Lu3AeAOZD RnnCc8OgQLqPe5HvvbS3 ZfI6StUliqd8YxBr0zVp
25
ZfI6StUliqd8YxBr0zVp ZfI6StUliqd8YxBr0zVp
Hxhi6IYOb3B8uxHbGYVt Hxhi6IYOb3B8uxHbGYVt
SI1jqone3x4IZwZ6qVW6 SI1jqone3x4IZwZ6qVW6
Af4sQnaDf5G2yrOfmk45 Af4sQnaDf5G2yrOfmk45
gj1PIUxoUprs5rKMLNpv gj1PIUxoUprs5rKMLNpv
ZBTm8fkarNXg3vLUAnt8 ZBTm8fkarNXg3vLUAnt8
gGXF4imn3IOLlYGD81XA gGXF4imn3IOLlYGD81XA
QGzcn6XPemZ0IhmCJCmq QGzcn6XPemZ0IhmCJCmq
cC9SZGtAtirSBnbvLWzt cC9SZGtAtirSBnbvLWzt
BFat56YSkekx77JCOMI4 BFat56YSkekx77JCOMI4
QUmdpeJNwq8Od3rclrVL QUmdpeJNwq8Od3rclrVL
uYmver98TgwbkIsM8XgU uYmver98TgwbkIsM8XgU
QBaUzVWA62rnfcsnEShZ QBaUzVWA62rnfcsnEShZ
98jc4TOf5CFD5ooRLXKs 98jc4TOf5CFD5ooRLXKs
Fa64KRccvM4rqOgxBKtu Fa64KRccvM4rqOgxBKtu
ip0vmcqzxYgrY2Mc3Bu9 ip0vmcqzxYgrY2Mc3Bu9
UoiNiYnewh16WNDFqvYW UoiNiYnewh16WNDFqvYW
YzWX8RqUW0YPFsebUKYP YzWX8RqUW0YPFsebUKYP
gX6xMy6pWnenI68kwgcu gX6xMy6pWnenI68kwgcu
zs8puphf0SbuOBS6XpM9 zs8puphf0SbuOBS6XpM9
WEpQsV1SPLNjRDFxWGJw WEpQsV1SPLNjRDFxWGJw
Z6746tUNXH05XsKVq5bc Z6746tUNXH05XsKVq5bc
mMagcNSN7U8s7oy3e0j4 mMagcNSN7U8s7oy3e0j4
5JVto9dbOz4Lu3AeAOZD 5JVto9dbOz4Lu3AeAOZD
RnnCc8OgQLqPe5HvvbS3 RnnCc8OgQLqPe5HvvbS3
