hC71hIuyRaST3AiaSZqg QHOT9LWV0s6xVVreglDh l5OFQGDhW1xJJ8ERuglz RNtZ6m1O9hQj2ovJiJE3 P6PcaiimLTne6w5m7SJi g5fwwkfUKem4JdibLkXM COVfDobG5VcfcSxLDUch nOsoIFzZBhdd6bjP45Ba NXZByMrsstrrXRLxVcyg 1wSeohNTb1oCspxe2x4j jLS4UljOCe6h8LwAOGRX yXrak2UUHdgFCsCWvgfp DmIjX4adnoqSEDmx2f39 wqyhoOJuJuNfuZ1c9ZhU 1uTE034Q24DWmybWBbX4 IC3wlDskAWyf0o1M61kl W5rNQea9NsCafaUbLgWC C5aQkckiWq5qVUhbiI57 KqTw626stjcdChciHrJ6 4MuL6AbQo2ozZ4x7psrd Mi1upMhcgP7iV16OWKN5 2dfprAgHp3T6RrgooKgP v0QCMKnmfkXllH4nQHen gZiMcGUkLd8qaWleLH1T RDnAjQbgrCahBSBieO1p LI8fhHKJlh7mQx1nNK0m eULKHiriYHElwEbrQo2X 468JV90VoJDfHRf7bwGC 1Oc2bGjHzXrMLiYLik5Z TrUW9m3qjkTMvqHNRot0 zbsjvfwSdNExCnTFLo8x xtgYSd34f56WAH3CCBpW 6KcltWtleWJ6izN3XL0F nnG2z19YXqYOoAxMQkFV qsbRHSDlSHG3Ep5gugbq oakCd1HozhO35GtImcF2 FE29I03FH1qEyEvIQNGT cXmjc3Wu4kjM1IHGgfA5 sCcEFmBkhTop4sycKzuM qyWH5Ui5kFJGpXM7i2RZ 2TderjwrXrNV2UBZ77eD nmwnnNlPCMIjajSEo2R3 vXrEXAmThLoQVXFImZcg 3MmCPAjYheu6g9TkIxDm NWAZrSnr0i1Dj5TA6dLc WgneGAZv4qtDq8Q5DYZf aGWdv30UuUFiszMErlJF 7DZfG4yobV0xCcSaxf27 EqrhH8oFQmMRN10foGjV PFAHK1LPbENiUm01N8B0 UQEmoPmHSH2FlTDuXOEx Wf6tYlitgmZKoXfughsS 24YcTAlCtPoNC11H3BAQ Mufarp9xGx29xj0P1ijS OBEPyJuvhH0Z9VoT2UNC x81SdeDfzbsk8wgCHcJT Dv6lwBgjbbZceuQXFzFf laRDyozSdXcFtmdQ5VqD YygsiZkXDS9oQ07w4psX ymIUUgCvgB7r5le0Mh11 OLGSBuAPLZmdhTN6ApoS dsEyS8WvuzfBZPrbbzZx fuNQ8Sfy86k6zaBQjwEz rW1b1NT9NaRlIIxoT8XF lVjpvSHc5hBrS7dzTmI1 z0rRwRZbA1TaaAgS8PYu EEWjQ3rZ3GM9oucA2vc5 6jnt0RQvUBeXBhrLOwzh mkGdh9qd7uj9x5W3Koxj CgUyoeVDFzkf0g6EiF8w btiXecpJBKmrIHtQ7jPA ddzqPXECnHQT4a4RIpSF VkEnPX1CQCoh4CxlXSlf 8IUV6HBSYn47shRwVW5F OAcbYkMyAi1Iu0vWaaFc Z2YJKymsE6JEohxl2CgC NqvNOj5h3GSbJm5NawjL 61VEe5QpRdEG1AHTZmSn g6Fit1BcwBIbAAJnBKGn 2QgUKFj4HV0dn5Ia55tj QYsTJmc2IUi36H1YK47s 4wWd3kvalFkda9M583i7 1ae7bJScGomdGEdgag5b b9q1t3OMZ6dXE5R6ca5w 2YL9dYowMkTTxjU0fVal JuSdCG8HSUzwufkmRvTN 8w6JkwNghwwfzVWZlMG6 yMXdJdorJpzOHHt9uIfg oq1GulTWdKtwAlNIQxnY t9sTQNaMU9o2HF5pm7xT Tgouk8HApNFShyYjQedR 5doygtE58PVlrfBbaaxD kuIwHVHn49UEM4TprHKr IWOalMs6IXX5Ln6F9Eov 72cxNTZ1Tw5teVGiR2xj Ca5sYccbD9TUz7JLHrcf bw0K7NVh1sgqlnescYkX R22TNV5lr1tmI44FcHvv 63EFNMvLteBrV7Lj9nA4 fzCA3w8Mu664WC0yRZb5 RSJQdRAK7H6zYHVeXyPj hC71hIuyRaST3AiaSZqg
100
QHOT9LWV0s6xVVreglDh QHOT9LWV0s6xVVreglDh
l5OFQGDhW1xJJ8ERuglz l5OFQGDhW1xJJ8ERuglz
RNtZ6m1O9hQj2ovJiJE3 RNtZ6m1O9hQj2ovJiJE3
P6PcaiimLTne6w5m7SJi P6PcaiimLTne6w5m7SJi
g5fwwkfUKem4JdibLkXM g5fwwkfUKem4JdibLkXM
COVfDobG5VcfcSxLDUch COVfDobG5VcfcSxLDUch
nOsoIFzZBhdd6bjP45Ba nOsoIFzZBhdd6bjP45Ba
NXZByMrsstrrXRLxVcyg NXZByMrsstrrXRLxVcyg
1wSeohNTb1oCspxe2x4j 1wSeohNTb1oCspxe2x4j
jLS4UljOCe6h8LwAOGRX jLS4UljOCe6h8LwAOGRX
yXrak2UUHdgFCsCWvgfp yXrak2UUHdgFCsCWvgfp
DmIjX4adnoqSEDmx2f39 DmIjX4adnoqSEDmx2f39
wqyhoOJuJuNfuZ1c9ZhU wqyhoOJuJuNfuZ1c9ZhU
1uTE034Q24DWmybWBbX4 1uTE034Q24DWmybWBbX4
IC3wlDskAWyf0o1M61kl IC3wlDskAWyf0o1M61kl
W5rNQea9NsCafaUbLgWC W5rNQea9NsCafaUbLgWC
C5aQkckiWq5qVUhbiI57 C5aQkckiWq5qVUhbiI57
KqTw626stjcdChciHrJ6 KqTw626stjcdChciHrJ6
4MuL6AbQo2ozZ4x7psrd 4MuL6AbQo2ozZ4x7psrd
Mi1upMhcgP7iV16OWKN5 Mi1upMhcgP7iV16OWKN5
2dfprAgHp3T6RrgooKgP 2dfprAgHp3T6RrgooKgP
v0QCMKnmfkXllH4nQHen v0QCMKnmfkXllH4nQHen
gZiMcGUkLd8qaWleLH1T gZiMcGUkLd8qaWleLH1T
RDnAjQbgrCahBSBieO1p RDnAjQbgrCahBSBieO1p
LI8fhHKJlh7mQx1nNK0m LI8fhHKJlh7mQx1nNK0m
eULKHiriYHElwEbrQo2X eULKHiriYHElwEbrQo2X
468JV90VoJDfHRf7bwGC 468JV90VoJDfHRf7bwGC
1Oc2bGjHzXrMLiYLik5Z 1Oc2bGjHzXrMLiYLik5Z
TrUW9m3qjkTMvqHNRot0 TrUW9m3qjkTMvqHNRot0
zbsjvfwSdNExCnTFLo8x zbsjvfwSdNExCnTFLo8x
xtgYSd34f56WAH3CCBpW xtgYSd34f56WAH3CCBpW
6KcltWtleWJ6izN3XL0F 6KcltWtleWJ6izN3XL0F
nnG2z19YXqYOoAxMQkFV nnG2z19YXqYOoAxMQkFV
qsbRHSDlSHG3Ep5gugbq qsbRHSDlSHG3Ep5gugbq
oakCd1HozhO35GtImcF2 oakCd1HozhO35GtImcF2
FE29I03FH1qEyEvIQNGT FE29I03FH1qEyEvIQNGT
cXmjc3Wu4kjM1IHGgfA5 cXmjc3Wu4kjM1IHGgfA5
sCcEFmBkhTop4sycKzuM sCcEFmBkhTop4sycKzuM
qyWH5Ui5kFJGpXM7i2RZ qyWH5Ui5kFJGpXM7i2RZ
2TderjwrXrNV2UBZ77eD 2TderjwrXrNV2UBZ77eD
nmwnnNlPCMIjajSEo2R3 nmwnnNlPCMIjajSEo2R3
vXrEXAmThLoQVXFImZcg vXrEXAmThLoQVXFImZcg
3MmCPAjYheu6g9TkIxDm 3MmCPAjYheu6g9TkIxDm
NWAZrSnr0i1Dj5TA6dLc NWAZrSnr0i1Dj5TA6dLc
WgneGAZv4qtDq8Q5DYZf WgneGAZv4qtDq8Q5DYZf
aGWdv30UuUFiszMErlJF aGWdv30UuUFiszMErlJF
7DZfG4yobV0xCcSaxf27 7DZfG4yobV0xCcSaxf27
EqrhH8oFQmMRN10foGjV EqrhH8oFQmMRN10foGjV
PFAHK1LPbENiUm01N8B0 PFAHK1LPbENiUm01N8B0
UQEmoPmHSH2FlTDuXOEx UQEmoPmHSH2FlTDuXOEx
Wf6tYlitgmZKoXfughsS Wf6tYlitgmZKoXfughsS
24YcTAlCtPoNC11H3BAQ 24YcTAlCtPoNC11H3BAQ
Mufarp9xGx29xj0P1ijS Mufarp9xGx29xj0P1ijS
OBEPyJuvhH0Z9VoT2UNC OBEPyJuvhH0Z9VoT2UNC
x81SdeDfzbsk8wgCHcJT x81SdeDfzbsk8wgCHcJT
Dv6lwBgjbbZceuQXFzFf Dv6lwBgjbbZceuQXFzFf
laRDyozSdXcFtmdQ5VqD laRDyozSdXcFtmdQ5VqD
YygsiZkXDS9oQ07w4psX YygsiZkXDS9oQ07w4psX
ymIUUgCvgB7r5le0Mh11 ymIUUgCvgB7r5le0Mh11
OLGSBuAPLZmdhTN6ApoS OLGSBuAPLZmdhTN6ApoS
dsEyS8WvuzfBZPrbbzZx dsEyS8WvuzfBZPrbbzZx
fuNQ8Sfy86k6zaBQjwEz fuNQ8Sfy86k6zaBQjwEz
rW1b1NT9NaRlIIxoT8XF rW1b1NT9NaRlIIxoT8XF
lVjpvSHc5hBrS7dzTmI1 lVjpvSHc5hBrS7dzTmI1
z0rRwRZbA1TaaAgS8PYu z0rRwRZbA1TaaAgS8PYu
EEWjQ3rZ3GM9oucA2vc5 EEWjQ3rZ3GM9oucA2vc5
6jnt0RQvUBeXBhrLOwzh 6jnt0RQvUBeXBhrLOwzh
mkGdh9qd7uj9x5W3Koxj mkGdh9qd7uj9x5W3Koxj
CgUyoeVDFzkf0g6EiF8w CgUyoeVDFzkf0g6EiF8w
btiXecpJBKmrIHtQ7jPA btiXecpJBKmrIHtQ7jPA
ddzqPXECnHQT4a4RIpSF ddzqPXECnHQT4a4RIpSF
VkEnPX1CQCoh4CxlXSlf VkEnPX1CQCoh4CxlXSlf
8IUV6HBSYn47shRwVW5F 8IUV6HBSYn47shRwVW5F
OAcbYkMyAi1Iu0vWaaFc OAcbYkMyAi1Iu0vWaaFc
Z2YJKymsE6JEohxl2CgC Z2YJKymsE6JEohxl2CgC
NqvNOj5h3GSbJm5NawjL NqvNOj5h3GSbJm5NawjL
61VEe5QpRdEG1AHTZmSn 61VEe5QpRdEG1AHTZmSn
g6Fit1BcwBIbAAJnBKGn g6Fit1BcwBIbAAJnBKGn
2QgUKFj4HV0dn5Ia55tj 2QgUKFj4HV0dn5Ia55tj
QYsTJmc2IUi36H1YK47s QYsTJmc2IUi36H1YK47s
4wWd3kvalFkda9M583i7 4wWd3kvalFkda9M583i7
1ae7bJScGomdGEdgag5b 1ae7bJScGomdGEdgag5b
b9q1t3OMZ6dXE5R6ca5w b9q1t3OMZ6dXE5R6ca5w
2YL9dYowMkTTxjU0fVal 2YL9dYowMkTTxjU0fVal
JuSdCG8HSUzwufkmRvTN JuSdCG8HSUzwufkmRvTN
8w6JkwNghwwfzVWZlMG6 8w6JkwNghwwfzVWZlMG6
yMXdJdorJpzOHHt9uIfg yMXdJdorJpzOHHt9uIfg
oq1GulTWdKtwAlNIQxnY oq1GulTWdKtwAlNIQxnY
t9sTQNaMU9o2HF5pm7xT t9sTQNaMU9o2HF5pm7xT
Tgouk8HApNFShyYjQedR Tgouk8HApNFShyYjQedR
5doygtE58PVlrfBbaaxD 5doygtE58PVlrfBbaaxD
kuIwHVHn49UEM4TprHKr kuIwHVHn49UEM4TprHKr
IWOalMs6IXX5Ln6F9Eov IWOalMs6IXX5Ln6F9Eov
72cxNTZ1Tw5teVGiR2xj 72cxNTZ1Tw5teVGiR2xj
Ca5sYccbD9TUz7JLHrcf Ca5sYccbD9TUz7JLHrcf
bw0K7NVh1sgqlnescYkX bw0K7NVh1sgqlnescYkX
R22TNV5lr1tmI44FcHvv R22TNV5lr1tmI44FcHvv
63EFNMvLteBrV7Lj9nA4 63EFNMvLteBrV7Lj9nA4
fzCA3w8Mu664WC0yRZb5 fzCA3w8Mu664WC0yRZb5
RSJQdRAK7H6zYHVeXyPj RSJQdRAK7H6zYHVeXyPj
