M2S9flVUcYP2sJdh8LXf sH3pvLOfMUrEGUrmsHCu Z0DuoZMcx6oyDPWFznMK 9GrchmlNCDIapQ9OnEYh 9Jr76N4fnNot7SNYqBKG zdtRVpQ9lVyEhNj9Evpp Jjat3uJ5XboI9kZe0522 yHMPX8vHctuUweyLluyz yZPIHwySFuIdRJCMzjnz Pqf0Sn4UvsBLaxz7WO4n EtrZREkmL456viQQJ9Rb S8uMGvUglWyhnfV5Wzdp 48nWZMVqWDxfH9uMf2U3 cdaizmjQrCe5Vnwy3JQF 0uvEfLgT4s8ImTk9VWBt vxiwkV1b5fV2sGCBFsRQ tUowOUG1V7iCXBCMR0AT 8KfYYXeMqM0D4nShLOzi Dt5YfbjQq6VoKnyw6Zav uy6RcQAYd3ATM1Icq3my dOKaHsIcDX32wPXAX2Gt LxEzX08MG9T8knIYbul0 4bQwji0D4wyEDLd54MWv PZrpdQAa8H8tkrajh08J zD7ErBenXxsG4D9b5TEV m1IYiQsUBuvvpTv7yWXO Z8MZ2JfftjeVVnGFSOQe k7k4sHxeh1pR4sOjcVuj gZVNRDm5p6aX5QEEX8UG 93aDiM8K0XhtiVcCVKi2 vodEvdIApqt0N3TZsbxN L8bxdxuDa5issn2PiN3u dKH5OdpmJKCU83bbXVxZ pNXWB5geApaSjbsCCT4J W4IxjYZtRN88GGSV9Uoc Eu0wGcDBBrgvePzHfqrS LNMZej67uy0Whvqp5OR1 H59EihDjhfpS7ToXFM3L M2S9flVUcYP2sJdh8LXf NMTjl1jsvrb7y2ggdCSc ECCnzlgsMEvTYjNwAlfM Bc6dudheE3WGLxP0iDdK tVhIJJgs0kEFaQx1hdWm 5gumrx48u1yPpF6ivPOI XmlH4l2BXG35TF70bZqZ nbZglhhmYQAPQz4eETaj v0QJIKD4q7sFXrzFSb6J Kfu1pc3YPMGebW7Iu8ex oWxP87H6AXwFzF0dpB9d fmFrd4vggNac5TkiFJAd jgcWqrcniA4q9WNs9xkc
47
M2S9flVUcYP2sJdh8LXf M2S9flVUcYP2sJdh8LXf
sH3pvLOfMUrEGUrmsHCu sH3pvLOfMUrEGUrmsHCu
Z0DuoZMcx6oyDPWFznMK Z0DuoZMcx6oyDPWFznMK
9GrchmlNCDIapQ9OnEYh 9GrchmlNCDIapQ9OnEYh
9Jr76N4fnNot7SNYqBKG 9Jr76N4fnNot7SNYqBKG
zdtRVpQ9lVyEhNj9Evpp zdtRVpQ9lVyEhNj9Evpp
Jjat3uJ5XboI9kZe0522 Jjat3uJ5XboI9kZe0522
yHMPX8vHctuUweyLluyz yHMPX8vHctuUweyLluyz
yZPIHwySFuIdRJCMzjnz yZPIHwySFuIdRJCMzjnz
Pqf0Sn4UvsBLaxz7WO4n Pqf0Sn4UvsBLaxz7WO4n
EtrZREkmL456viQQJ9Rb EtrZREkmL456viQQJ9Rb
S8uMGvUglWyhnfV5Wzdp S8uMGvUglWyhnfV5Wzdp
48nWZMVqWDxfH9uMf2U3 48nWZMVqWDxfH9uMf2U3
cdaizmjQrCe5Vnwy3JQF cdaizmjQrCe5Vnwy3JQF
0uvEfLgT4s8ImTk9VWBt 0uvEfLgT4s8ImTk9VWBt
vxiwkV1b5fV2sGCBFsRQ vxiwkV1b5fV2sGCBFsRQ
tUowOUG1V7iCXBCMR0AT tUowOUG1V7iCXBCMR0AT
8KfYYXeMqM0D4nShLOzi 8KfYYXeMqM0D4nShLOzi
Dt5YfbjQq6VoKnyw6Zav Dt5YfbjQq6VoKnyw6Zav
uy6RcQAYd3ATM1Icq3my uy6RcQAYd3ATM1Icq3my
dOKaHsIcDX32wPXAX2Gt dOKaHsIcDX32wPXAX2Gt
LxEzX08MG9T8knIYbul0 LxEzX08MG9T8knIYbul0
4bQwji0D4wyEDLd54MWv 4bQwji0D4wyEDLd54MWv
PZrpdQAa8H8tkrajh08J PZrpdQAa8H8tkrajh08J
zD7ErBenXxsG4D9b5TEV zD7ErBenXxsG4D9b5TEV
m1IYiQsUBuvvpTv7yWXO m1IYiQsUBuvvpTv7yWXO
Z8MZ2JfftjeVVnGFSOQe Z8MZ2JfftjeVVnGFSOQe
k7k4sHxeh1pR4sOjcVuj k7k4sHxeh1pR4sOjcVuj
gZVNRDm5p6aX5QEEX8UG gZVNRDm5p6aX5QEEX8UG
93aDiM8K0XhtiVcCVKi2 93aDiM8K0XhtiVcCVKi2
vodEvdIApqt0N3TZsbxN vodEvdIApqt0N3TZsbxN
L8bxdxuDa5issn2PiN3u L8bxdxuDa5issn2PiN3u
dKH5OdpmJKCU83bbXVxZ dKH5OdpmJKCU83bbXVxZ
pNXWB5geApaSjbsCCT4J pNXWB5geApaSjbsCCT4J
W4IxjYZtRN88GGSV9Uoc W4IxjYZtRN88GGSV9Uoc
Eu0wGcDBBrgvePzHfqrS Eu0wGcDBBrgvePzHfqrS
LNMZej67uy0Whvqp5OR1 LNMZej67uy0Whvqp5OR1
H59EihDjhfpS7ToXFM3L H59EihDjhfpS7ToXFM3L
NMTjl1jsvrb7y2ggdCSc NMTjl1jsvrb7y2ggdCSc
ECCnzlgsMEvTYjNwAlfM ECCnzlgsMEvTYjNwAlfM
Bc6dudheE3WGLxP0iDdK Bc6dudheE3WGLxP0iDdK
tVhIJJgs0kEFaQx1hdWm tVhIJJgs0kEFaQx1hdWm
5gumrx48u1yPpF6ivPOI 5gumrx48u1yPpF6ivPOI
XmlH4l2BXG35TF70bZqZ XmlH4l2BXG35TF70bZqZ
nbZglhhmYQAPQz4eETaj nbZglhhmYQAPQz4eETaj
v0QJIKD4q7sFXrzFSb6J v0QJIKD4q7sFXrzFSb6J
Kfu1pc3YPMGebW7Iu8ex Kfu1pc3YPMGebW7Iu8ex
