Milwaukee Tampa SanDiego Dallas Tucson Raleigh Boston Wichita Baltimore LongBeach FortWorth Louisville Madison SanJose SaintPaul Indianapolis LasVegas Atlanta Oakland WinstonSalem Durham Memphis Honolulu Chesapeake Lubbock StPetersburg Henderson Lincoln SantaAna Pittsburgh ElPaso Charlotte Phoenix Cincinnati Fresno Lexington JerseyCity Laredo Cleveland Anchorage FortWayne Aurora Austin SanAntonio Newark Scottsdale Denver Detroit Plano Chandler NewOrleans Minneapolis Bakersfield OklahomaCity Hialeah Glendale Columbus Milwaukee Stockton Houston
47
Milwaukee Milwaukee
Tampa Tampa
SanDiego SanDiego
Dallas Dallas
Tucson Tucson
Raleigh Raleigh
Baltimore Baltimore
LongBeach LongBeach
FortWorth FortWorth
Madison Madison
SanJose SanJose
Indianapolis Indianapolis
Atlanta Atlanta
WinstonSalem WinstonSalem
Durham Durham
Memphis Memphis
Honolulu Honolulu
Chesapeake Chesapeake
Lubbock Lubbock
StPetersburg Spokane
Henderson Henderson
Lincoln Lincoln
SantaAna SantaAna
Pittsburgh Pittsburgh
ElPaso ElPaso
Charlotte Charlotte
Phoenix Phoenix
Cincinnati Cincinnati
Lexington Lexington
JerseyCity JerseyCity
Laredo Laredo
Anchorage Anchorage
FortWayne FortWayne
Aurora Aurora
Austin Austin
SanAntonio SanAntonio
Newark Newark
Scottsdale Scottsdale
Denver Denver
Plano Plano
Chandler Chandler
NewOrleans NewOrleans
Bakersfield Bakersfield
OklahomaCity OklahomaCity
Hialeah Hialeah
Glendale Glendale
Columbus Columbus
