Jacksonville Indianapolis Raleigh Austin Milwaukee Tucson Columbus Detroit FortWorth SanJose Boston OklahomaCity Phoenix Oakland Philadelphia Chicago Minneapolis Jacksonville Tulsa Albuquerque Oakland LongBeach LasVegas Seattle Portland Arlington Louisville Atlanta SanFrancisco Nashville ElPaso LosAngeles
22
Jacksonville Jacksonville
Indianapolis Indianapolis
Raleigh Memphis
Austin Austin
Tucson Tucson
Columbus Columbus
FortWorth FortWorth
SanJose SanJose
Boston Boston
Phoenix Phoenix
Philadelphia Philadelphia
Minneapolis Minneapolis
Tulsa Tulsa
Albuquerque Albuquerque
LongBeach LongBeach
LasVegas LasVegas
Seattle Seattle
Portland Portland
Louisville Louisville
Atlanta Fresno
SanFrancisco SanFrancisco
Nashville VirginiaBeach
