FortWayne Worcester SantaClarita Henderson Alexandria Spokane Oxnard Tacoma Tempe Scottsdale Boise Chattanooga Cleveland SanAntonio Memphis Glendale CapeCoral Anaheim Springfield McAllen Newark Plano PortStLucie Vancouver Austin Denton GrandPrairie BatonRouge Fayetteville FortWorth Corona Olathe Lincoln Richmond GrandRapids Savannah Cincinnati Paterson Orange SanFrancisco Honolulu Fremont ElPaso Knoxville Riverside ChulaVista Akron Raleigh Shreveport Buffalo Pomona LosAngeles Aurora Yonkers Durham MorenoValley Midland Anchorage Orlando Ontario Salem Boston KansasCity Brownsville Jackson Surprise Murfreesboro Charlotte SanDiego FortLauderdale Madison NewportNews DesMoines Indianapolis Baltimore Lexington Oceanside Fontana Joliet SanBernardino Berkeley SaintPaul Washington SanJose Jacksonville Hayward Naperville Chicago Irvine Waco Wichita Frisco Louisville Lubbock SantaAna Bakersfield Toledo GardenGrove Phoenix LittleRock Tallahassee Syracuse NewYork
97
Worcester Worcester
SantaClarita SantaClarita
Henderson Henderson
Alexandria Alexandria
Spokane Spokane
Oxnard Oxnard
Tacoma Tacoma
Tempe Tempe
Scottsdale Scottsdale
Boise Boise
Cleveland Cleveland
SanAntonio SanAntonio
Memphis Memphis
Glendale Glendale
CapeCoral CapeCoral
Anaheim Anaheim
Springfield Springfield
McAllen McAllen
Newark Newark
Plano Plano
PortStLucie PortStLucie
Vancouver Vancouver
Austin Austin
Denton Denton
GrandPrairie GrandPrairie
BatonRouge BatonRouge
Fayetteville Fayetteville
FortWorth FortWorth
Corona Corona
Olathe Olathe
Lincoln Lincoln
Richmond Richmond
GrandRapids GrandRapids
Savannah Savannah
Cincinnati Cincinnati
Paterson Paterson
Orange Orange
SanFrancisco SanFrancisco
Honolulu Honolulu
Fremont Fremont
ElPaso ElPaso
Knoxville Knoxville
Riverside Riverside
ChulaVista ChulaVista
Akron Akron
Raleigh Raleigh
Shreveport Shreveport
Buffalo Buffalo
Pomona Pomona
LosAngeles LosAngeles
Aurora Aurora
Yonkers Yonkers
Durham Durham
Midland Midland
Anchorage Anchorage
Orlando Orlando
Ontario Ontario
Salem Salem
Boston Boston
KansasCity KansasCity
Brownsville Brownsville
Jackson Jackson
Surprise Surprise
Murfreesboro Murfreesboro
Charlotte Charlotte
SanDiego SanDiego
FortLauderdale FortLauderdale
Madison Madison
NewportNews NewportNews
DesMoines DesMoines
Indianapolis Indianapolis
Baltimore Baltimore
Lexington Lexington
Oceanside Oceanside
Fontana Fontana
Joliet Joliet
SanBernardino SanBernardino
Berkeley Berkeley
SaintPaul SaintPaul
Washington Washington
SanJose SanJose
Jacksonville Jacksonville
Hayward Hayward
Naperville Naperville
Chicago Chicago
Irvine Irvine
Waco Waco
Wichita Wichita
Frisco Frisco
Louisville Louisville
Lubbock Lubbock
SantaAna SantaAna
Bakersfield Bakersfield
Toledo Toledo
GardenGrove GardenGrove
Phoenix Phoenix
LittleRock LittleRock
