A0 I7 G0 J1 I1 F2 C4 D9 D7 I2 B6 D5 A7 E0 D0 A9 J5 A8 J7 A2 K0 C7 B7 H0 I6 D3 G3 I8 I3 G1 F8 H1 G8 C6 D1 J0 J9 D2 I4 I0 A1 I5 E7 F7 A4 E9 F4 I9 E3 A6 F5 E2 F6 G2 J4 J8 B5 B1 B4 D6 C0 J6 B0 C3 C5 F1 H8 J3 E6 H5 C8 E8 G7 G5 E5 H2 D4 E4 A5 F0 H9 B2 B3 D8 F3 C1 H3 C2 H4 H6 A3 F9 E1 B8 H7 G6 G9 B9 C9 G4 J2 A0
100
I7 I7
G0 G0
J1 J1
I1 I1
F2 F2
C4 C4
D9 D9
D7 D7
I2 I2
B6 B6
D5 D5
A7 A7
E0 E0
D0 D0
A9 A9
J5 J5
A8 A8
J7 J7
A2 A2
K0 K0
C7 C7
B7 B7
H0 H0
I6 I6
D3 D3
G3 G3
I8 I8
I3 I3
G1 G1
F8 F8
H1 H1
G8 G8
C6 C6
D1 D1
J0 J0
J9 J9
D2 D2
I4 I4
I0 I0
A1 A1
I5 I5
E7 E7
F7 F7
A4 A4
E9 E9
F4 F4
I9 I9
E3 E3
A6 A6
F5 F5
E2 E2
F6 F6
G2 G2
J4 J4
J8 J8
B5 B5
B1 B1
B4 B4
D6 D6
C0 C0
J6 J6
B0 B0
C3 C3
C5 C5
F1 F1
H8 H8
J3 J3
E6 E6
H5 H5
C8 C8
E8 E8
G7 G7
G5 G5
E5 E5
H2 H2
D4 D4
E4 E4
A5 A5
F0 F0
H9 H9
B2 B2
B3 B3
D8 D8
F3 F3
C1 C1
H3 H3
C2 C2
H4 H4
H6 H6
A3 A3
F9 F9
E1 E1
B8 B8
H7 H7
G6 G6
G9 G9
B9 B9
C9 C9
G4 G4
J2 J2
