0 73 39 38 44 32 70 62 18 34 55 95 85 36 37 26 31 46 19 29 69 72 35 25 17 52 57 83 87 42 93 54 20 40 15 51 13 1 60 92 47 74 84 94 59 58 5 3 6 10 53 8 7 2 9 33 78 79 77 49 98 97 50 27 90 91 64 89 76 24 14 66 21 23 56 67 4 63 88 99 16 61 71 11 48 45 12 65 68 28 22 80 86 81 96 30 43 82 41 75 0
98
0 0
73 73
39 39
38 38
44 44
32 32
70 70
62 62
18 18
34 34
55 55
95 95
85 85
36 36
37 37
26 26
31 31
46 46
19 19
29 29
69 69
72 72
35 35
25 25
17 17
52 52
57 57
83 83
87 87
42 42
93 93
54 54
20 20
40 40
15 15
51 51
13 13
1 1
60 60
92 92
47 47
74 74
84 84
94 94
59 59
58 58
5 5
3 3
6 6
10 10
53 53
8 8
7 7
2 2
9 9
33 33
78 78
79 79
77 77
49 49
98 98
97 97
50 50
27 27
90 90
91 91
64 64
89 89
76 76
24 24
14 14
66 66
21 21
23 23
56 56
67 67
4 4
63 63
88 88
99 99
16 16
61 61
71 71
11 11
48 48
45 45
12 12
65 65
68 68
28 28
22 22
80 80
86 86
81 81
96 96
30 30
43 43
82 82
