K U GK T R BO BI CW CK DZ EQ DP EA AG GC BQ CJ DH FR FO FM EJ DX EH GO AS EC AH AN BA GE BR P FS FU BL GD BG BP FZ GR BF DC DB FP EM B EV EU DG FH CQ CM CY M L GJ FI FJ GI EG DS EZ BY EK EN AX CT BX EL ED FE DI GG FV EO DV FD BJ AW BB FX FG DK G I BE GF CE CF AM V X DR Y AJ GL CB Z AF AB K
100
U U
GK GK
T T
R R
BO BO
BI BI
CW CW
CK CK
DZ DZ
EQ EQ
DP DP
EA EA
AG AG
GC GC
BQ BQ
CJ CJ
DH DH
FR FR
FO FO
FM FM
EJ EJ
DX DX
EH EH
GO GO
AS AS
EC EC
AH AH
AN AN
BA BA
GE GE
BR BR
P P
FS FS
FU FU
BL BL
GD GD
BG BG
BP BP
FZ FZ
GR GR
BF BF
DC DC
DB DB
FP FP
EM EM
B B
EV EV
EU EU
DG DG
FH FH
CQ CQ
CM CM
CY CY
M M
L L
GJ GJ
FI FI
FJ FJ
GI GI
EG EG
DS DS
EZ EZ
BY BY
EK EK
EN EN
AX AX
CT CT
BX BX
EL EL
ED ED
FE FE
DI DI
GG GG
FV FV
EO EO
DV DV
FD FD
BJ BJ
AW AW
BB BB
FX FX
FG FG
DK DK
G G
I I
BE BE
GF GF
CE CE
CF CF
AM AM
V V
X X
DR DR
Y Y
AJ AJ
GL GL
CB CB
Z Z
AF AF
AB AB
