89 12 16 6 36 1 156 112 111 64 80 29 61 121 118 102 4 199 135 136 37 38 39 114 58 191 81 128 147 107 197 13 18 3 48 141 173 195 148 49 97 59 146 183 82 83 51 41 109 94 151 85 25 190 179 79 56 100 144 75 21 101 192 133 155 32 140 33 160 27 189 98 70 127 124 11 5 9 96 188 132 78 149 88 86 99 23 122 178 69 130 44 125 193 172 73 31 194 187 65 169 89
100
12 12
16 16
6 6
36 36
1 1
156 156
112 112
111 111
64 64
80 80
29 29
61 61
121 121
118 118
102 102
4 4
199 199
135 135
136 136
37 37
38 38
39 39
114 114
58 58
191 191
81 81
128 128
147 147
107 107
197 197
13 13
18 18
3 3
48 48
141 141
173 173
195 195
148 148
49 49
97 97
59 59
146 146
183 183
82 82
83 83
51 51
41 41
109 109
94 94
151 151
85 85
25 25
190 190
179 179
79 79
56 56
100 100
144 144
75 75
21 21
101 101
192 192
133 133
155 155
32 32
140 140
33 33
160 160
27 27
189 189
98 98
70 70
127 127
124 124
11 11
5 5
9 9
96 96
188 188
132 132
78 78
149 149
88 88
86 86
99 99
23 23
122 122
178 178
69 69
130 130
44 44
125 125
193 193
172 172
73 73
31 31
194 194
187 187
65 65
169 169
