nfmdkillhdlepsteinst dfkilllmtepsteinhdsn nfdhkilllsmtepsteind killnsfmhdepsteindtl tmlepsteinsdnfkillhd epsteinskilldlndhmtf fdshnmkillepsteinltd fddsepsteinhnlkilltm nhmkilllsftepsteindd fmdhlepsteinstdnkill epsteinmhndfkilltdls epsteindlsfdntmkillh nkilltdhlmdepsteinsf hepsteinsddnfkillmlt epsteinkillmsftnddlh fhndskillepsteintldm killdmnsfhldepsteint ndkillftdsmepsteinlh lmhdtfdepsteinnkills lhepsteinkilldtnmfsd hsdfepsteintlnkilldm fshtdepsteinmldnkill epsteintdkilllnfdhms ntlepsteindmfdshkill killepsteinlhtfdsmdn dhkilllsepsteinmntdf nepsteinlmdkilldhfts hsndepsteindlmtkillf lndsdkilltmepsteinhf hdepsteinskillldtnfm hnsdkilllftdmepstein epsteinfsddmthkillnl tlsfdmdepsteinnhkill ddlmnftepsteinhskill fepsteinhsntddkilllm lsdepsteinfmkillndth tlmsdhdnkillfepstein fmsepsteindntldhkill epsteindfhlmdnskillt hnfdtmlepsteinkillds nltdmsfepsteinkilldh tfkilllnmsdhepsteind mftkillepsteinndlhsd dnkillepsteinlshdtfm lnsmkilltfdepsteindh stepsteinhkillfmnldd dmepsteinfnhltkillsd depsteinnlsfmhtkilld ddtmkillepsteinflsnh killmlepsteindthnfsd epsteinlshkilldnfdmt flepsteindndhmtkills dlnsthfmepsteinkilld msfltdkillnepsteinhd
47
dfkilllmtepsteinhdsn dfkilllmtepsteinhdsn
nfdhkilllsmtepsteind nfdhkilllsmtepsteind
killnsfmhdepsteindtl killnsfmhdepsteindtl
tmlepsteinsdnfkillhd tmlepsteinsdnfkillhd
epsteinskilldlndhmtf epsteinskilldlndhmtf
fdshnmkillepsteinltd fdshnmkillepsteinltd
nhmkilllsftepsteindd nhmkilllsftepsteindd
epsteinmhndfkilltdls epsteinmhndfkilltdls
epsteindlsfdntmkillh epsteindlsfdntmkillh
nkilltdhlmdepsteinsf nkilltdhlmdepsteinsf
hepsteinsddnfkillmlt hepsteinsddnfkillmlt
epsteinkillmsftnddlh epsteinkillmsftnddlh
fhndskillepsteintldm fhndskillepsteintldm
killdmnsfhldepsteint killdmnsfhldepsteint
ndkillftdsmepsteinlh ndkillftdsmepsteinlh
lmhdtfdepsteinnkills lmhdtfdepsteinnkills
lhepsteinkilldtnmfsd lhepsteinkilldtnmfsd
hsdfepsteintlnkilldm hsdfepsteintlnkilldm
fshtdepsteinmldnkill fshtdepsteinmldnkill
epsteintdkilllnfdhms epsteintdkilllnfdhms
ntlepsteindmfdshkill ntlepsteindmfdshkill
killepsteinlhtfdsmdn killepsteinlhtfdsmdn
dhkilllsepsteinmntdf dhkilllsepsteinmntdf
nepsteinlmdkilldhfts nepsteinlmdkilldhfts
hsndepsteindlmtkillf hsndepsteindlmtkillf
lndsdkilltmepsteinhf lndsdkilltmepsteinhf
hdepsteinskillldtnfm hdepsteinskillldtnfm
hnsdkilllftdmepstein hnsdkilllftdmepstein
epsteinfsddmthkillnl dhepsteindsnlkillfmt
tlsfdmdepsteinnhkill tlsfdmdepsteinnhkill
ddlmnftepsteinhskill ddlmnftepsteinhskill
fepsteinhsntddkilllm fepsteinhsntddkilllm
lsdepsteinfmkillndth lsdepsteinfmkillndth
tlmsdhdnkillfepstein tlmsdhdnkillfepstein
fmsepsteindntldhkill fmsepsteindntldhkill
epsteindfhlmdnskillt epsteindfhlmdnskillt
hnfdtmlepsteinkillds hnfdtmlepsteinkillds
nltdmsfepsteinkilldh nltdmsfepsteinkilldh
mftkillepsteinndlhsd mftkillepsteinndlhsd
dnkillepsteinlshdtfm dnkillepsteinlshdtfm
lnsmkilltfdepsteindh lnsmkilltfdepsteindh
stepsteinhkillfmnldd stepsteinhkillfmnldd
dmepsteinfnhltkillsd dmepsteinfnhltkillsd
depsteinnlsfmhtkilld depsteinnlsfmhtkilld
ddtmkillepsteinflsnh ddtmkillepsteinflsnh
killmlepsteindthnfsd killmlepsteindthnfsd
epsteinlshkilldnfdmt epsteinlshkilldnfdmt
