hdkillsndtepsteinmlf epsteintfhndkilllmsd epsteinsnmflhtdkilld mhkillepsteinddlfsnt tldkillhsfnmepsteind depsteinftndhmkillsl hepsteinnfdmlsdtkill lkilldtnmsepsteindfh dkillnmsfhtlepsteind ndkillthdepsteinlsmf ndshkilldmlepsteinft fdskillndtmepsteinlh ldepsteindhkilltsmfn dfdepsteintlnskillhm mkilldlshdtfepsteinn thnkillmddsepsteinfl epsteinldtnfmshdkill fdmtdepsteinkilllsnh mdkilllfdnstepsteinh epsteinfthkilldnslmd epsteindkilltlmnhsfd sdndhepsteinltkillfm shfnmltepsteindkilld depsteintkilllnmsfdh thdlskillnfdmepstein lepsteinkilldhfmstnd shdepsteinftkillnlmd killmfndshdtepsteinl fhnmkillepsteinsdltd mkillldnhepsteinstfd fmtnkilldepsteindhsl fhdmnepsteindkillslt epsteinhdkillltsmfdn dnldkillhmfstepstein killdldepsteinmfsthn dmtlsfhnkilldepstein dhmkillfdltnsepstein killtepsteinddhlmnsf tndskilldfepsteinmhl mdkillntepsteindfhsl msepsteintlhnfkilldd hmdkilllnepsteinfsdt lsmftnepsteinkillhdd nfltdmkillsdepsteinh hepsteinntdkillsdmfl hnsepsteinmkillfddtl dhtepsteinkillsdflmn tdkillepsteinsmhdfnl dtnkillsepsteinmdfhl dftkillhmldnepsteins hmndfkillslepsteintd epsteindmshtfldnkill hsepsteinfkillnmddtl dlfdkilltepsteinhnms killhdfnsepsteinmltd lmkillepsteintsndfhd dldkilltnmhfepsteins msddkilllthepsteinfn killthsepsteindmlfdn killfthnmsdlepsteind tsmdepsteinkillhfdln depsteinlfnmkilldsht lhepsteintndkilldsmf depsteinslkillhdftmn nftmskilldldepsteinh mdkillnlsdtepsteinhf lhsntdepsteindkillmf nepsteindhkillltmsfd sndldftmkillepsteinh killhtdmdlnsfepstein dtsmdnlhfepsteinkill mkillthfdlnepsteinds skillthlfndepsteindm fsepsteindkillhmtdln epsteinlmkillfshnddt dsftepsteindhkillmnl sdlhfnmdepsteintkill mltdhfdepsteinkillsn ltfnsdhepsteinkilldm killtdmsdfhnepsteinl dlshdtepsteinnkillfm killdepsteinmfltdshn tsdnhkilllmepsteindf tdfkillslepsteinhdmn sldhnfmtdkillepstein tepsteinhsdkillmldfn dflstmkillepsteindhn lepsteindnhstfdmkill skillmfepsteinthddnl dhsepsteintlkillmfnd fddsmepsteintnkillhl dkillnmhldstfepstein mndtkillepsteindlfhs ldfsmnepsteinkilltdh dfkilllepsteinsnmhtd ntmdhepsteinsdkillfl nmdhepsteinkilltfsld epsteinhnkillsldfdmt slepsteinkillfmddhtn killtdslhfdepsteinnm mhdskillldftnepstein fmltddhnepsteinskill
93
epsteintfhndkilllmsd epsteintfhndkilllmsd
epsteinsnmflhtdkilld epsteinsnmflhtdkilld
mhkillepsteinddlfsnt mhkillepsteinddlfsnt
tldkillhsfnmepsteind tldkillhsfnmepsteind
depsteinftndhmkillsl depsteinftndhmkillsl
hepsteinnfdmlsdtkill hepsteinnfdmlsdtkill
lkilldtnmsepsteindfh lkilldtnmsepsteindfh
dkillnmsfhtlepsteind dkillnmsfhtlepsteind
ndkillthdepsteinlsmf ndkillthdepsteinlsmf
ndshkilldmlepsteinft ndshkilldmlepsteinft
fdskillndtmepsteinlh fdskillndtmepsteinlh
ldepsteindhkilltsmfn ldepsteindhkilltsmfn
dfdepsteintlnskillhm dfdepsteintlnskillhm
mkilldlshdtfepsteinn mkilldlshdtfepsteinn
thnkillmddsepsteinfl thnkillmddsepsteinfl
epsteinldtnfmshdkill epsteinldtnfmshdkill
fdmtdepsteinkilllsnh fdmtdepsteinkilllsnh
mdkilllfdnstepsteinh lkillepsteintdshmfnd
epsteinfthkilldnslmd epsteinfthkilldnslmd
epsteindkilltlmnhsfd epsteindkilltlmnhsfd
sdndhepsteinltkillfm sdndhepsteinltkillfm
shfnmltepsteindkilld shfnmltepsteindkilld
depsteintkilllnmsfdh depsteintkilllnmsfdh
thdlskillnfdmepstein thdlskillnfdmepstein
lepsteinkilldhfmstnd lepsteinkilldhfmstnd
killmfndshdtepsteinl killmfndshdtepsteinl
fhnmkillepsteinsdltd fhnmkillepsteinsdltd
mkillldnhepsteinstfd mkillldnhepsteinstfd
fmtnkilldepsteindhsl fmtnkilldepsteindhsl
fhdmnepsteindkillslt fhdmnepsteindkillslt
epsteinhdkillltsmfdn epsteinhdkillltsmfdn
dnldkillhmfstepstein dnldkillhmfstepstein
killdldepsteinmfsthn killdldepsteinmfsthn
dmtlsfhnkilldepstein dmtlsfhnkilldepstein
dhmkillfdltnsepstein dhmkillfdltnsepstein
killtepsteinddhlmnsf killtepsteinddhlmnsf
tndskilldfepsteinmhl tndskilldfepsteinmhl
mdkillntepsteindfhsl dmldfhskillntepstein
msepsteintlhnfkilldd msepsteintlhnfkilldd
hmdkilllnepsteinfsdt hmdkilllnepsteinfsdt
lsmftnepsteinkillhdd lsmftnepsteinkillhdd
nfltdmkillsdepsteinh nfltdmkillsdepsteinh
hepsteinntdkillsdmfl hepsteinntdkillsdmfl
hnsepsteinmkillfddtl hnskillepsteintfdmld
dhtepsteinkillsdflmn dhtepsteinkillsdflmn
tdkillepsteinsmhdfnl tdkillepsteinsmhdfnl
dtnkillsepsteinmdfhl dtnkillsepsteinmdfhl
hmndfkillslepsteintd hmndfkillslepsteintd
epsteindmshtfldnkill epsteindmshtfldnkill
hsepsteinfkillnmddtl hsepsteinfkillnmddtl
dlfdkilltepsteinhnms dlfdkilltepsteinhnms
killhdfnsepsteinmltd killhdfnsepsteinmltd
lmkillepsteintsndfhd lmkillepsteintsndfhd
msddkilllthepsteinfn msddkilllthepsteinfn
killthsepsteindmlfdn killthsepsteindmlfdn
killfthnmsdlepsteind killfthnmsdlepsteind
tsmdepsteinkillhfdln tsmdepsteinkillhfdln
depsteinlfnmkilldsht depsteinlfnmkilldsht
lhepsteintndkilldsmf lhepsteintndkilldsmf
depsteinslkillhdftmn depsteinslkillhdftmn
nftmskilldldepsteinh nftmskilldldepsteinh
mdkillnlsdtepsteinhf mdkillnlsdtepsteinhf
lhsntdepsteindkillmf lhsntdepsteindkillmf
nepsteindhkillltmsfd nepsteindhkillltmsfd
sndldftmkillepsteinh sndldftmkillepsteinh
killhtdmdlnsfepstein killhtdmdlnsfepstein
dtsmdnlhfepsteinkill dtsmdnlhfepsteinkill
mkillthfdlnepsteinds mkillthfdlnepsteinds
skillthlfndepsteindm skillthlfndepsteindm
fsepsteindkillhmtdln fsepsteindkillhmtdln
epsteinlmkillfshnddt epsteinlmkillfshnddt
sdlhfnmdepsteintkill sdlhfnmdepsteintkill
ltfnsdhepsteinkilldm tepsteinmdfldhnskill
killtdmsdfhnepsteinl killtdmsdfhnepsteinl
dlshdtepsteinnkillfm dlshdtepsteinnkillfm
killdepsteinmfltdshn killdepsteinmfltdshn
tsdnhkilllmepsteindf tsdnhkilllmepsteindf
tdfkillslepsteinhdmn tdfkillslepsteinhdmn
sldhnfmtdkillepstein sldhnfmtdkillepstein
tepsteinhsdkillmldfn tepsteinhsdkillmldfn
dflstmkillepsteindhn dflstmkillepsteindhn
lepsteindnhstfdmkill lepsteindnhstfdmkill
skillmfepsteinthddnl skillmfepsteinthddnl
dhsepsteintlkillmfnd dhsepsteintlkillmfnd
fddsmepsteintnkillhl fddsmepsteintnkillhl
dkillnmhldstfepstein dkillnmhldstfepstein
mndtkillepsteindlfhs mndtkillepsteindlfhs
ldfsmnepsteinkilltdh ldfsmnepsteinkilltdh
dfkilllepsteinsnmhtd dfkilllepsteinsnmhtd
ntmdhepsteinsdkillfl ntmdhepsteinsdkillfl
nmdhepsteinkilltfsld nmdhepsteinkilltfsld
epsteinhnkillsldfdmt epsteinhnkillsldfdmt
slepsteinkillfmddhtn slepsteinkillfmddhtn
