nkillsdtdhfmlepstein nlhtdsdepsteinfmkill tepsteinfdkilldlmhns killepsteintdldshfnm slepsteinftndkillmdh epsteinsdfmhltkillnd msnepsteinfkillhtdld fnmhskilldepsteinltd hldmepsteindsnkilltf tmhsnfepsteinldkilld nkillsdtdhfmlepstein epsteinthsdmndkillfl ndlepsteinhdtskillfm hdepsteinsmdtnflkill mfskillnhlddtepstein fnlskillhtepsteindmd thmepsteinlkillfsndd nfdhepsteinltsdmkill skilldnmlhdftepstein snldmtkillfepsteindh dhlepsteindkillsmtnf lepsteinfdkillsdnmht tskillepsteinhfmddnl hepsteinnfstkilllmdd htskillepsteindnlfdm ndlmhepsteintdskillf
20
nkillsdtdhfmlepstein nkillsdtdhfmlepstein
nlhtdsdepsteinfmkill nlhtdsdepsteinfmkill
killepsteintdldshfnm killepsteintdldshfnm
epsteinsdfmhltkillnd epsteinsdfmhltkillnd
msnepsteinfkillhtdld hkillmepsteinstdfdnl
fnmhskilldepsteinltd fnmhskilldepsteinltd
hldmepsteindsnkilltf hldmepsteindsnkilltf
tmhsnfepsteinldkilld tmhsnfepsteinldkilld
epsteinthsdmndkillfl epsteinthsdmndkillfl
ndlepsteinhdtskillfm ndlepsteinhdtskillfm
hdepsteinsmdtnflkill hdepsteinsmdtnflkill
mfskillnhlddtepstein epsteindsmnlfdtkillh
fnlskillhtepsteindmd fnlskillhtepsteindmd
thmepsteinlkillfsndd thmepsteinlkillfsndd
nfdhepsteinltsdmkill nfdhepsteinltsdmkill
skilldnmlhdftepstein skilldnmlhdftepstein
snldmtkillfepsteindh snldmtkillfepsteindh
dhlepsteindkillsmtnf killnfhdsdltepsteinm
lepsteinfdkillsdnmht lepsteinfdkillsdnmht
tskillepsteinhfmddnl tskillepsteinhfmddnl
