036 015 024 031 044 036 037 038 028 027 026 025 024 013 002 001 000 149 060 051 050 053 054 063 079 078 077 076 075 074 085 073 086 087 088 084 072 063 090 097 096 099 091 090 063 054 062 070 069 067 070 062 060 149 100 105 103 104 120 119 140 125 123 122 126 117 115 116 107 100 149 000 001 002 013 024 015 006
29
031 031
037 037
038 048
026 026
060 060
050 050
053 053 056 066
054 059
079 079
078 083
076 081 080
085 085
086 086
087 089
088 088
063 064 065
097 097
096 096
091 091
069 069
067 067
070 068
105 111
103 103
104 104
140 142
123 123
126 126
115 115
