CorpusChristi Danbury Alexandria Charleston Champaign BonitaSprings CapeCoral Davenport Columbia Brownsville Durham Cincinnati Chicago Elkhart ElMonte CorpusChristi Austin BelAir Chattanooga Dallas DalyCity Columbus AppleValley Amarillo Arvada Denton ColoradoSprings Bryan Augusta BoiseCity Bridgeport Bremerton Boulder CathedralCity Carrollton Downey ElPaso Elizabeth Beaumont Asheville Appleton Anaheim Chandler Escondido Albuquerque Bloomington Canton Clearwater Deltona Denver Akron
47
CorpusChristi CorpusChristi
Danbury Danbury
Alexandria Alexandria
Charleston Charleston
Champaign Champaign
BonitaSprings BonitaSprings
CapeCoral CapeCoral
Davenport Davenport
Columbia Columbia
Brownsville Brownsville
Durham Durham
Cincinnati Cincinnati
Chicago Chicago
Elkhart Elkhart
ElMonte ElMonte
Austin Austin
BelAir BelAir
Chattanooga Chattanooga
Dallas Dallas
DalyCity DalyCity
Columbus Columbus
AppleValley AppleValley
Amarillo Amarillo
Arvada Arvada
Denton Denton
ColoradoSprings ColoradoSprings
Bryan Bryan
Augusta Augusta
BoiseCity BoiseCity
Bridgeport Bridgeport
Bremerton Bremerton
Boulder Boulder
CathedralCity CathedralCity
Carrollton Carrollton
Downey Downey
ElPaso ElPaso
Elizabeth Elizabeth
Beaumont Beaumont
Asheville Asheville
Appleton Appleton
Anaheim Anaheim
Chandler Chandler
Escondido Escondido
Albuquerque Albuquerque
Bloomington Bloomington
Canton Canton
Clearwater Clearwater
