FortCollins Fairfield Fontana Gilbert Evansville Baltimore BoiseCity CollegeStation Manchester Harrisburg Anchorage Louisville Fremont Lancaster Danbury LasCruces Knoxville Lorain Lakeland Brighton Lacey Jefferson Denver DalyCity Cleveland Boise ElPaso Alexandria Atlanta Anaheim Erie Lakewood Henderson Layton Jacksonville Lubbock Harlingen Hollywood CedarRapids Bakersfield FortWaltonBeach Chandler Bremerton Detroit Houston Irvine Leominster Hemet Independence Brownsville AnnArbor ElMonte Fargo Garland Fayetteville Augusta Frederick DesMoines AppleValley Elkhart Albuquerque LittleRock Berkeley Bethlehem Carrollton Bradenton Akron Dallas Hampton ColoradoSprings Appleton CapeCoral BonitaSprings Grayslake Barnstable Inglewood Fresno Eugene Amarillo Elizabeth Cary Chicago Champaign Indianapolis DavidsonCounty Lafayette Kennewick Burbank Kalamazoo Irving Bellevue Hickory Beaumont Joliet Allentown FortCollins Austin Abilene Arvada GrandRapids Aberdeen
97
FortCollins FortCollins
Fairfield Fairfield
Fontana Fontana
Gilbert Gilbert
Evansville Evansville
Baltimore Baltimore
BoiseCity BoiseCity
CollegeStation CollegeStation
Manchester Manchester
Harrisburg Harrisburg
Anchorage Anchorage
Louisville Louisville
Fremont Fremont
Lancaster Lancaster
Danbury Danbury
LasCruces LasCruces
Knoxville Knoxville
Lorain Lorain
Lakeland Lakeland
Brighton Brighton
Lacey Lacey
Jefferson Jefferson
Denver Denver
DalyCity DalyCity
Cleveland Cleveland
Boise Boise
ElPaso ElPaso
Alexandria Alexandria
Atlanta Atlanta
Anaheim Anaheim
Erie Erie
Lakewood Lakewood
Henderson Henderson
Layton Layton
Jacksonville Jacksonville
Lubbock Lubbock
Harlingen Harlingen
Hollywood Hollywood
CedarRapids CedarRapids
Bakersfield Bakersfield
FortWaltonBeach FortWaltonBeach
Chandler Chandler
Bremerton Bremerton
Detroit Detroit
Houston Houston
Irvine Irvine
Leominster Leominster
Hemet Hemet
Independence Independence
Brownsville Brownsville
AnnArbor AnnArbor
ElMonte ElMonte
Fargo Fargo
Garland Garland
Fayetteville Fayetteville
Augusta Augusta
Frederick Frederick
DesMoines DesMoines
AppleValley AppleValley
Elkhart Elkhart
Albuquerque Albuquerque
LittleRock LittleRock
Berkeley Berkeley
Bethlehem Bethlehem
Carrollton Carrollton
Bradenton Bradenton
Akron Akron
Dallas Dallas
Hampton Hampton
ColoradoSprings ColoradoSprings
Appleton Appleton
CapeCoral CapeCoral
BonitaSprings BonitaSprings
Grayslake Grayslake
Barnstable Barnstable
Inglewood Inglewood
Fresno Fresno
Eugene Eugene
Amarillo Amarillo
Elizabeth Elizabeth
Cary Cary
Chicago Chicago
Champaign Champaign
Indianapolis Indianapolis
DavidsonCounty DavidsonCounty
Lafayette Lafayette
Kennewick Kennewick
Burbank Burbank
Kalamazoo Kalamazoo
Irving Irving
Bellevue Bellevue
Hickory Hickory
Beaumont Beaumont
Joliet Joliet
Allentown Allentown
Austin Austin
Abilene Abilene
