BatonRouge Bradenton Birmingham Beaumont Boulder Abilene Aurora Barnstable BatonRouge Albuquerque Boston Atlanta Amarillo AnnArbor Albany Arvada Anchorage AtlanticCity Berkeley BoiseCity Bethlehem Burbank Buffalo Cambridge Bryan Aberdeen
22
BatonRouge BatonRouge
Bradenton Bradenton
Birmingham Birmingham
Beaumont Beaumont
Boulder Boulder
Abilene Abilene
Aurora Aurora
Barnstable Barnstable
Albuquerque Albuquerque
Boston Boston
Atlanta Atlanta
Amarillo Amarillo
AnnArbor AnnArbor
Albany Albany
Arvada Arvada
Anchorage Anchorage
AtlanticCity AtlanticCity
Berkeley Berkeley
BoiseCity BoiseCity
Bethlehem Bethlehem
Burbank Burbank
Buffalo Buffalo
