152 38 175 5 121 171 78 134 95 165 116 180 28 87 136 184 9 90 2 145 105 149 56 101 54 60 75 153 166 151 97 79 53 163 50 0 13 130 8 169 172 170 96 126 157 12 41 42 89 181 35 45 112 27 66 37 144 51 65 92 143 183 113 168 182 111 73 94 142 81 58 31 139 85 152
73
38 38
175 175
5 5
121 121
171 171
78 78
134 134
95 95
165 165
116 116
180 180
28 28
87 87
136 136
184 184
9 9
90 90
2 2
145 145
105 105
149 149
56 56
101 101
54 54
60 60
75 75
153 153
166 166
151 151
97 97
79 79
53 53
163 163
50 50
0 0
13 13
130 130
8 8
169 169
172 172
170 170
96 96
126 126
157 157
12 12
41 41
42 42
89 89
181 181
35 35
45 45
112 112
27 27
66 66
37 37
144 144
51 51
65 65
92 92
143 143
183 183
113 113
168 168
182 182
111 111
73 73
94 94
142 142
81 81
58 58
31 31
139 139
85 85
