WNYCV 18R1B HR8IA B8UZ8 EQWAL 1ACIU 2FT0Z 77EY5 91RFG YMTTJ 1UWW5 CUG55 QSI1X 42QVU H8ZPW XRQ65 F5YBY XTUSM BMC9X 1BUOS HHCET 1NBGE XDKMD 5I6U4 7CXN0 OE5TB XBRKQ URMBF F07YB H212X 9HVLF 65TK9 K1ZSD HZ80H V11OW GAXPM ULCTZ XPFOM ZA57Z TG5ZG 2KYXC UGOIO XD7IR EYREL KB443 X2AM4 BO3AW GXYLV UUOP5 KRLTG QTZLJ WNYCV
50
18R1B 18R1B
HR8IA HR8IA
B8UZ8 B8UZ8
EQWAL EQWAL
1ACIU 1ACIU
2FT0Z 2FT0Z
77EY5 77EY5
91RFG 91RFG
YMTTJ YMTTJ
1UWW5 1UWW5
CUG55 CUG55
QSI1X QSI1X
42QVU 42QVU
H8ZPW H8ZPW
XRQ65 XRQ65
F5YBY F5YBY
XTUSM XTUSM
BMC9X BMC9X
1BUOS 1BUOS
HHCET HHCET
1NBGE 1NBGE
XDKMD XDKMD
5I6U4 5I6U4
7CXN0 7CXN0
OE5TB OE5TB
XBRKQ XBRKQ
URMBF URMBF
F07YB F07YB
H212X H212X
9HVLF 9HVLF
65TK9 65TK9
K1ZSD K1ZSD
HZ80H HZ80H
V11OW V11OW
GAXPM GAXPM
ULCTZ ULCTZ
XPFOM XPFOM
ZA57Z ZA57Z
TG5ZG TG5ZG
2KYXC 2KYXC
UGOIO UGOIO
XD7IR XD7IR
EYREL EYREL
KB443 KB443
X2AM4 X2AM4
BO3AW BO3AW
GXYLV GXYLV
UUOP5 UUOP5
KRLTG KRLTG
QTZLJ QTZLJ
