4HOMU Y61KP 6WOBI ELH5L 0VPRW DDXG0 C8O6I L2PQE TBPBM VHCFR ZZH8Z LLTLN PMFJ2 0U9HU HZHRA 9WSXC IF7TL 52MNN 6OA3K 53Y1R SKPO7 3AIXW 7U3JG V8GEC C7WKJ DCHO3 FC0PR C45HH OIPRN YJ67U IZESQ PYPSO 7GA8O 2BUI5 WP2MA LIRLU Q7FCL DOLRQ UW44H 45JXE M1HJR WZB33 OLLV9 LKP22 EDSMH TI35I FCYPJ 8CLEZ TCC7B 945CN ZHSBU BE5V8 CFGE5 SYV5N KOYRV L2GJ5 TORQI SA6G0 TY0L7 RAAD4 FRZVP 1RS2N SHOOM 6ACGE ZN2EP KC9RF 768ZF XEEQB 0D2BR 50J5H CM5WA WI88U NPDI9 P419D PXCIN MC71K PTADN X180A 1F0YL 2C63O RU85S W2H22 DTPF4 4WDJE 61QWU HWKGJ W2M5C JXLE1 V22SY 8EXDQ Q5DAA BVMDZ 69BJO AT3CI ZRPB5 T9O11 LEBVZ WXZHF A1QRL H1LTE K50JQ 4HOMU
100
Y61KP Y61KP
6WOBI 6WOBI
ELH5L ELH5L
0VPRW 0VPRW
DDXG0 DDXG0
C8O6I C8O6I
L2PQE L2PQE
TBPBM TBPBM
VHCFR VHCFR
ZZH8Z ZZH8Z
LLTLN LLTLN
PMFJ2 PMFJ2
0U9HU 0U9HU
HZHRA HZHRA
9WSXC 9WSXC
IF7TL IF7TL
52MNN 52MNN
6OA3K 6OA3K
53Y1R 53Y1R
SKPO7 SKPO7
3AIXW 3AIXW
7U3JG 7U3JG
V8GEC V8GEC
C7WKJ C7WKJ
DCHO3 DCHO3
FC0PR FC0PR
C45HH C45HH
OIPRN OIPRN
YJ67U YJ67U
IZESQ IZESQ
PYPSO PYPSO
7GA8O 7GA8O
2BUI5 2BUI5
WP2MA WP2MA
LIRLU LIRLU
Q7FCL Q7FCL
DOLRQ DOLRQ
UW44H UW44H
45JXE 45JXE
M1HJR M1HJR
WZB33 WZB33
OLLV9 OLLV9
LKP22 LKP22
EDSMH EDSMH
TI35I TI35I
FCYPJ FCYPJ
8CLEZ 8CLEZ
TCC7B TCC7B
945CN 945CN
ZHSBU ZHSBU
BE5V8 BE5V8
CFGE5 CFGE5
SYV5N SYV5N
KOYRV KOYRV
L2GJ5 L2GJ5
TORQI TORQI
SA6G0 SA6G0
TY0L7 TY0L7
RAAD4 RAAD4
FRZVP FRZVP
1RS2N 1RS2N
SHOOM SHOOM
6ACGE 6ACGE
ZN2EP ZN2EP
KC9RF KC9RF
768ZF 768ZF
XEEQB XEEQB
0D2BR 0D2BR
50J5H 50J5H
CM5WA CM5WA
WI88U WI88U
NPDI9 NPDI9
P419D P419D
PXCIN PXCIN
MC71K MC71K
PTADN PTADN
X180A X180A
1F0YL 1F0YL
2C63O 2C63O
RU85S RU85S
W2H22 W2H22
DTPF4 DTPF4
4WDJE 4WDJE
61QWU 61QWU
HWKGJ HWKGJ
W2M5C W2M5C
JXLE1 JXLE1
V22SY V22SY
8EXDQ 8EXDQ
Q5DAA Q5DAA
BVMDZ BVMDZ
69BJO 69BJO
AT3CI AT3CI
ZRPB5 ZRPB5
T9O11 T9O11
LEBVZ LEBVZ
WXZHF WXZHF
A1QRL A1QRL
H1LTE H1LTE
K50JQ K50JQ
