cy4fm C565q OFvld yFKGt P3lE7 1H2uK IjjWK 3iQ53 nogr2 Cfmbw KYsbm gk2cW LNh60 lA2MC hOy4D zQjQm C0eRL GHZOS F2nEN qt5AA uT5W0 6ceXl yMPWG 8aYYW DCl5F P8Fbf Iks3D rUUVt jse5F Vjg5l X6hJp uWr4y tao9t G6G4p dU1Ub vSPJ5 EWhpw FnVf8 Xhpv3 19YKC 5rdYI w4BF1 OoKEI NvAYI kbRYl 7XIxZ di7h7 8RNd8 wdXpe BoNoJ 7l0Vw cy4fm
50
C565q C565q
OFvld OFvld
yFKGt yFKGt
P3lE7 P3lE7
1H2uK 1H2uK
IjjWK IjjWK
3iQ53 3iQ53
nogr2 nogr2
Cfmbw Cfmbw
KYsbm KYsbm
gk2cW gk2cW
LNh60 LNh60
lA2MC lA2MC
hOy4D hOy4D
zQjQm zQjQm
C0eRL C0eRL
GHZOS GHZOS
F2nEN F2nEN
qt5AA qt5AA
uT5W0 uT5W0
6ceXl 6ceXl
yMPWG yMPWG
8aYYW 8aYYW
DCl5F DCl5F
P8Fbf P8Fbf
Iks3D Iks3D
rUUVt rUUVt
jse5F jse5F
Vjg5l Vjg5l
X6hJp X6hJp
uWr4y uWr4y
tao9t tao9t
G6G4p G6G4p
dU1Ub dU1Ub
vSPJ5 vSPJ5
EWhpw EWhpw
FnVf8 FnVf8
Xhpv3 Xhpv3
19YKC 19YKC
5rdYI 5rdYI
w4BF1 w4BF1
OoKEI OoKEI
NvAYI NvAYI
kbRYl kbRYl
7XIxZ 7XIxZ
di7h7 di7h7
8RNd8 8RNd8
wdXpe wdXpe
BoNoJ BoNoJ
7l0Vw 7l0Vw
