fab8g x8KLa H6HgM BybTG f5Qx2 4b2sA fr0Bd rzyrR 7J90B g1WJz RnwlC 4GEPG Bw1D7 F7m3U 2Z0oU G91ym tEdSo tQXF5 FW6DI LBzlR TtUXd HKgVO Nbb6U cm8oa kCdcu bD2TR n9AEE GHmnJ qchZ3 1OpM2 nScgp lJJK2 Lqz0g BJ1iC uQK8T RhMSo gwQSf DHhK9 obqW1 XDGuI Q0oXi 1pNjr pesnn o4F0A 4ORRk 8tK4L guI5B cDkiZ KB016 l0HDP G944F cQMFl fhc2k dAx9s ZlgGe B3NSd adW6k ciJ7c mgHYN Gt2w1 c17Qf 1SvIs PpZP8 lJfgZ 8xyrX L54Jg 9ZatH 015ql bepE0 3FUsL CT8M8 9u8oD VIl39 P5ucv eDWES 5Ix1v O1QPI KzS0e wiGnS Flgse nRTkO 8PY0r 3XMfZ RgC1Q 1xx4U VUKiE AGorf b4E7v aiycm wKKkJ sF84c lcarA BWyM2 iy8Ty KWmhW TQZik 0YoJb yM9nQ Vjk2Z HaHFT fab8g
100
fab8g fab8g
x8KLa x8KLa
H6HgM H6HgM
BybTG BybTG
f5Qx2 f5Qx2
4b2sA 4b2sA
fr0Bd fr0Bd
rzyrR rzyrR
7J90B 7J90B
g1WJz g1WJz
RnwlC RnwlC
4GEPG 4GEPG
Bw1D7 Bw1D7
F7m3U F7m3U
2Z0oU 2Z0oU
G91ym G91ym
tEdSo tEdSo
tQXF5 tQXF5
FW6DI FW6DI
LBzlR LBzlR
TtUXd TtUXd
HKgVO HKgVO
Nbb6U Nbb6U
cm8oa cm8oa
kCdcu kCdcu
bD2TR bD2TR
n9AEE n9AEE
GHmnJ GHmnJ
qchZ3 qchZ3
1OpM2 1OpM2
nScgp nScgp
lJJK2 lJJK2
Lqz0g Lqz0g
BJ1iC BJ1iC
uQK8T uQK8T
RhMSo RhMSo
gwQSf gwQSf
DHhK9 DHhK9
obqW1 obqW1
XDGuI XDGuI
Q0oXi Q0oXi
1pNjr 1pNjr
pesnn pesnn
o4F0A o4F0A
4ORRk 4ORRk
8tK4L 8tK4L
guI5B guI5B
cDkiZ cDkiZ
KB016 KB016
l0HDP l0HDP
G944F G944F
cQMFl cQMFl
fhc2k fhc2k
dAx9s dAx9s
ZlgGe ZlgGe
B3NSd B3NSd
adW6k adW6k
ciJ7c ciJ7c
mgHYN mgHYN
Gt2w1 Gt2w1
c17Qf c17Qf
1SvIs 1SvIs
PpZP8 PpZP8
lJfgZ lJfgZ
8xyrX 8xyrX
L54Jg L54Jg
9ZatH 9ZatH
015ql 015ql
bepE0 bepE0
3FUsL 3FUsL
CT8M8 CT8M8
9u8oD 9u8oD
VIl39 VIl39
P5ucv P5ucv
eDWES eDWES
5Ix1v 5Ix1v
O1QPI O1QPI
KzS0e KzS0e
wiGnS wiGnS
Flgse Flgse
nRTkO nRTkO
8PY0r 8PY0r
3XMfZ 3XMfZ
RgC1Q RgC1Q
1xx4U 1xx4U
VUKiE VUKiE
AGorf AGorf
b4E7v b4E7v
aiycm aiycm
wKKkJ wKKkJ
sF84c sF84c
lcarA lcarA
BWyM2 BWyM2
iy8Ty iy8Ty
KWmhW KWmhW
TQZik TQZik
0YoJb 0YoJb
yM9nQ yM9nQ
Vjk2Z Vjk2Z
HaHFT HaHFT
