0 160 161 18 120 13 144 41 140 190 39 132 18 126 30 185 133 5 108 19 135 10 184 131 22 123 46 100 163 164 101 7 153 44 150 36 165 166 104 103 59 105 49 173 115 25 116 174 12 145 193 194 146 37 114 16 172 113 112 171 21 175 118 119 176 44 129 41 159 5 139 189 30 134 186 47 117 24 136 187 188 137 41 121 177 178 122 23 109 169 170 110 6 154 93 156 3 106 167 168 107 13 127 181 182 128 26 124 179 180 125 29 192 191 142 143 47 152 198 197 151 16 196 195 148 149 22 183 130 12 162 0
96
160 160
161 161
18 147
120 120
144 144
140 140
190 190
132 132
126 126
30 157 158
185 185
133 133
5 111
108 108
19 155 138
135 135
184 184
131 131
123 123
100 100
163 163
164 164
101 101
153 153
150 150
36 141
165 165
166 166
104 104
103 103
105 105
173 173
115 115
116 116
174 174
145 145
193 193
194 194
146 146
114 114
172 172
113 113
112 112
171 171
175 175
118 118
119 119
176 176
129 129
41 102
159 159
139 139
189 189
134 134
186 186
117 117
136 136
187 187
188 188
137 137
121 121
177 177
178 178
122 122
109 109
169 169
170 170
110 110
154 154
156 156
106 106
167 167
168 168
107 107
127 127
181 181
182 182
128 128
124 124
179 179
180 180
125 125
192 192
191 191
142 142
143 143
152 152
198 198
197 197
151 151
196 196
195 195
148 148
149 149
183 183
130 130
