0 59 10 58 20 52 49 73 72 43 77 76 44 71 41 84 85 32 83 82 2 65 64 35 62 94 95 63 7 66 97 98 67 49 70 3 81 23 60 61 93 16 51 87 86 50 7 89 54 55 90 39 80 19 56 91 57 47 74 75 14 88 30 53 13 68 69 31 79 78 15 92 10
48
59 59
58 58
20 96
52 52
73 73
72 72
77 77
76 76
71 71
84 84
85 85
83 83
82 82
65 65
64 64
62 62
94 94
95 95
63 63
66 66
97 97
98 98
67 67
70 70
81 81
60 60
61 61
93 93
51 51
87 87
86 86
50 50
89 89
54 54
55 55
90 90
80 80
56 56
91 91
57 57
74 74
75 75
88 88
53 53
68 68
69 69
79 79
78 78
