55 6 18 70 57 90 103 85 27 92 72 4 11 48 23 69 80 60 65 102 37 39 83 100 58 16 35 29 45 67 36 73 51 20 89 77 52 46 98 93 9 75 41 108 99 107 96 2 94 87 34 112 32 79 106 44 49 110 31 63 21 81 61 13 7 15 12 54 25 71 42 104 3 62 55
74
55 55
6 6
18 18
70 70
57 57
90 90
103 103
85 85
27 27
92 92
72 72
4 4
11 11
48 48
23 23
69 69
80 80
60 60
65 65
102 102
37 37
39 39
83 83
100 100
58 58
16 16
35 35
29 29
45 45
67 67
36 36
73 73
51 51
20 20
89 89
77 77
52 52
46 46
98 98
93 93
9 9
75 75
41 41
108 108
99 99
107 107
96 96
2 2
94 94
87 87
34 34
112 112
32 32
79 79
106 106
44 44
49 49
110 110
31 31
63 63
21 21
81 81
61 61
13 13
7 7
15 15
12 12
54 54
25 25
71 71
42 42
104 104
3 3
62 62
