Soda Unit1 Blackwell MainStacks MLK BC LakeMerrit GBC Wellman Sproul Morgan Doe Foothill Hertz ClarkKerr Wheeler Haas RSF BWW Mulford Unit2 MemorialStadium Barrows Stephans TheRoof GoldenStatePark Unit3 Soda
26
Unit1 Unit1
Blackwell Blackwell
MainStacks MainStacks
MLK MLK
BC BC
LakeMerrit LakeMerrit
GBC GBC
Wellman Wellman
Sproul Sproul
Morgan Morgan
Doe Doe
Foothill Foothill
Hertz Hertz
ClarkKerr ClarkKerr
Wheeler Wheeler
Haas Haas
RSF RSF
BWW BWW
Mulford Mulford
Unit2 Unit2
MemorialStadium MemorialStadium
Barrows Barrows
Stephans Stephans
TheRoof TheRoof
GoldenStatePark GoldenStatePark
Unit3 Unit3
