Soda Tang Rasputin ElGrullo BerkeleyHigh AlphaChi SanDiego Irvine Emeryville Cancun Myto Jupiter BerkeleyHillel Pomona ChiOmega Jalisco Saturn CREAM Tuxcacuesco CafeTibet DKingGallery Chino FantasticComics Guadalajara Kips LosAngeles SantaBarbara Platano Fontana Perris Ashby MexicoCity AlphaCentauri Compton SanMiguel SanBernardino Tijuana TripleRock SouthGate Talpa BayStreet Gregoire Riverside Mars Sacramento Venus InternationalHouse SigmaKappa DeltaDelta Upland Whittier ChezPanisse Tuhuamixtel VictoryPoint Tako BAMPFA Soda
55
Tang Tang
Rasputin Rasputin
ElGrullo ElGrullo
BerkeleyHigh BerkeleyHigh
AlphaChi AlphaChi
SanDiego SanDiego
Irvine Irvine
Emeryville Emeryville
Cancun Cancun
Myto Myto
Jupiter Jupiter
BerkeleyHillel BerkeleyHillel
Pomona Pomona
ChiOmega ChiOmega
Jalisco Jalisco
Saturn Saturn
CREAM CREAM
Tuxcacuesco Tuxcacuesco
CafeTibet CafeTibet
DKingGallery DKingGallery
Chino Chino
FantasticComics FantasticComics
Guadalajara Guadalajara
Kips Kips
LosAngeles LosAngeles
SantaBarbara SantaBarbara
Platano Platano
Fontana Fontana
Perris Perris
Ashby Ashby
MexicoCity MexicoCity
AlphaCentauri AlphaCentauri
Compton Compton
SanMiguel SanMiguel
SanBernardino SanBernardino
Tijuana Tijuana
TripleRock TripleRock
SouthGate SouthGate
Talpa Talpa
BayStreet BayStreet
Gregoire Gregoire
Riverside Riverside
Mars Mars
Sacramento Sacramento
Venus Venus
InternationalHouse InternationalHouse
SigmaKappa SigmaKappa
DeltaDelta DeltaDelta
Upland Upland
Whittier Whittier
ChezPanisse ChezPanisse
Tuhuamixtel Tuhuamixtel
VictoryPoint VictoryPoint
Tako Tako
BAMPFA BAMPFA
