2 101 153 69 14 110 187 194 51 140 164 33 46 48 122 42 80 158 102 154 192 96 99 133 173 61 193 2 44 22 157 39 92 16 47 67 41 123 171 104 50 10 135 180 28 149 56 146 137 75 151 34 9 116 138 55 170 17 105 25 37 64 199 189 53 11 20 85 184 196 63 26 179 32 183 78 100 177 103 162 52 159 5 58 152 188 174 81 76 156 83 31 71 178 91 191 43 77 143 68 18 168 1
97
2 2
101 101
153 153
69 69
14 14
110 110
187 187
194 194
51 51
140 140
164 164
33 33
46 46
48 48
122 122
42 42
80 80
158 158
102 102
154 154
192 192
96 96
99 99
133 133
173 173
61 61
193 193
44 44
22 22
157 157
39 39
92 92
16 16
47 47
67 67
41 41
123 123
171 171
104 104
50 50
10 10
135 135
180 180
28 28
149 149
56 56
146 146
137 137
75 75
151 151
34 34
9 9
116 116
138 138
55 55
170 170
17 17
105 105
25 25
37 37
64 64
199 199
189 189
53 53
11 11
20 20
85 85
184 184
196 196
63 63
26 26
179 179
32 32
183 183
78 78
100 100
177 177
103 103
162 162
52 52
159 159
58 58
152 152
188 188
174 174
81 81
76 76
156 156
83 83
31 31
71 71
178 178
91 91
43 43
77 77
143 143
68 68
