A29 A7 A90 A53 A12 A85 A3 A54 A65 A79 A5 A29 A67 A52 A36 A75 A82 A15 A38 A70 A71 A45 A91 A4 A31 A49 A30 A26 A19 A72 A81 A28 A40 A89 A85 A13 A97 A18 A47 A66 A99 A83 A55 A16 A32 A14 A58 A0 A1 A88 A6 A35 A96 A2
42
A29 A29
A7 A68 A77
A90 A90
A53 A53
A12 A59
A85 A85
A3 A3
A54 A54
A65 A65
A79 A79
A5 A27
A67 A67
A52 A52
A36 A36
A82 A82
A15 A15
A38 A38
A71 A10
A91 A91
A4 A39
A31 A51
A30 A30
A26 A26
A19 A73 A69 A95
A72 A72
A81 A34
A28 A28
A89 A89
A13 A13
A97 A97
A18 A18
A47 A47
A66 A66
A99 A99
A55 A55
A16 A16
A32 A32
A14 A14
A58 A92
A1 A60
A88 A88
A6 A6
