A42 A98 A132 A147 A42 A71 A153 A93 A183 A84 A43 A163 A124 A91 A118 A146 A31 A159 A130 A35 A58 A176 A57 A23 A184 A100 A78 A107 A24 A120 A44 A5 A136 A67 A133 A51 A11 A158 A17 A151 A96 A150 A70 A13 A88 A52 A139 A142 A83 A114 A72 A167 A77 A66 A45 A108 A9 A105 A16 A137 A32 A127 A196 A30 A90 A86 A68 A40 A73 A172 A143 A186 A64 A191 A30 A189 A2 A154 A56 A185 A193 A20 A174 A54 A168 A7 A4 A115 A179 A121 A177 A95 A169 A28 A194 A82 A65 A50 A117 A187 A76 A39 A149 A106 A144 A98 A0
81
A42 A42
A98 A98 A148 A192
A132 A132
A71 A71
A93 A93
A183 A183
A84 A84
A43 A43
A124 A145
A118 A118
A146 A128
A159 A159
A130 A130
A35 A35
A58 A58
A176 A176
A57 A38
A23 A23
A184 A184 A92
A100 A100
A78 A78
A107 A107
A120 A120
A44 A21
A5 A5
A136 A136
A67 A67
A51 A51
A11 A122
A17 A17
A96 A96
A70 A70
A13 A75
A88 A113
A139 A139
A142 A142
A83 A103
A114 A114
A72 A37 A181 A182 A102
A167 A167
A77 A77
A66 A126
A45 A45
A9 A9
A105 A105
A16 A16
A137 A137
A32 A32
A127 A127
A196 A196
A30 A30
A90 A90
A40 A40
A73 A123
A172 A172
A143 A143
A186 A34 A94 A111
A64 A64
A191 A46
A189 A3
A2 A2 A135
A154 A154
A185 A185
A193 A193
A20 A20
A54 A54
A7 A7
A4 A4
A179 A179
A177 A177
A95 A95
A28 A28
A194 A194
A82 A82
A65 A65
A117 A117
A187 A198
A76 A76
A39 A39
A149 A33
A106 A106
