GHA HMD GLP ATA ATF ASM FSM ERI FRA GHA ECU FRO GEO FLK GBR DZA ALB AND ARE CYM CXR CZE DNK DJI ATG AUS GUY CUB CYP AFG FIN CUW DOM CAN BVT CHE CCK COG COD BRN GNQ GRD CAF BHS BFA BDI BEN BLR BES BLM BRB BGD HKG GRC HND
46
GHA GHA
HMD HMD
GLP GLP
ATA ATA
ATF ATF
FSM FSM
ERI ERI
FRA FRA
ECU ECU
FRO FRO
GEO GEO
FLK FLK
GBR GBR
ALB ARG
AND AND
ARE ARE
CYM CYM
CXR CXR
CZE CZE
DNK DNK
DJI DJI
AUS AUS
CUB CUB
AFG ABW
FIN FIN
CUW CUW
DOM DOM
CAN CAN
BVT BVT
CHE CHE
CCK CCK
COG COG
COD COD
BRN BRN
GNQ GNQ
GRD GRD
CAF CAF
BHS BHS
BFA BFA
BDI BDI
BEN BEN
BLR BLR
BES BES
BLM BLM
BRB BRB
BGD BGD
