KOR IDN CAF CIV KNA LAO LUX MYT ARM ARE ALB NFK CXR DEU CYP CZE REU GUM MLI MMR MAR MAC HUN JPN LIE LTU KHM RWA DMA DJI DNK NER AUT BHS BLR AZE BDI BHR BLM BEN BMU NGA FSM GIN FRA GBR ESH ECU ESP GIB GHA GEO GAB FIN EGY MYS DZA DOM PAK SGS LBR GNQ COD CHN COG COK COL CAN RUS PAN JEY NFK ALA NIC AUS ATG MWI ITA NIC IRL IOT IRN NIU NZL GMB COM KWT KAZ LKA KOR LBN HRV HMD CPV PNG POL NRU NPL PSE GRC PRY MDA HKG HND SDN MEX HTI SHN
93
KOR KOR
IDN IDN
CAF CAF
CIV CIV
KNA KNA
LAO LAO
LUX LUX
MYT MYT
ARM ARM
ARE ARE
ALB ALB
NFK NFK
CXR CXR
DEU DEU
CYP CYP
REU AFG
GUM GUM
MLI MLI
MMR MMR
MAR MAR
MAC MAC
HUN HUN
JPN JPN
LIE LIE
LTU LTU
KHM KHM
RWA RWA
DMA DMA
DJI DJI
NER MTQ
BHS BHS
AZE AZE
BDI BDI
BHR BHR
BLM BLM
BEN BEN
BMU BMU
FSM FSM
GIN GIN
FRA FRA
GBR GBR
ESH ESH
ECU ECU
ESP ESP
GIB GIB
GHA GHA
GEO GEO
GAB GAB
FIN FIN
EGY EGY
DZA DZA
PAK PAK
SGS SGS
LBR LBR
GNQ GNQ
COD COD
CHN CHN
COG COG
COK COK
COL COL
CAN CAN
RUS RUS
PAN PAN
JEY JEY
ALA ALA
NIC ABW
AUS AUS
ATG ATG
ITA ITA
IRL IRL
IOT IOT
IRN IRN
NIU NIU
NZL NZL
GMB GMB
KWT KWT
KAZ KAZ
LKA LKA
LBN LBN
HRV HRV
HMD HMD
CPV CPV
PNG PNG
POL POL
NRU NRU
NPL NPL
PSE PSE
GRC GRC
PRY MOZ
MDA MDA
HKG HKG
HND HND
SDN SDN
