Soda 165 159 119 179 141 192 128 176 115 116 152 131 138 187 162 127 170 137 134 181 164 196 189 142 174 148 157 122 132 118 195 149 133 188 180 168 151 120 155 129 191 140 143 146 158 99 117 112 106 161 135 111 183 147 182 153 163 154 100 105 107 197 198 184 173 178 177 130 160 166 167 145 185 172 169 175 109 113 150 139 186 190 156 114 136 144 124 123 171 193 108 102 101 125 126 103 121 104 110 194 Soda
100
165 165
159 159
119 119
179 179
141 141
192 192
128 128
176 176
115 115
116 116
152 152
131 131
138 138
187 187
162 162
127 127
170 170
137 137
134 134
181 181
164 164
196 196
189 189
142 142
174 174
148 148
157 157
122 122
132 132
118 118
195 195
149 149
133 133
188 188
180 180
168 168
151 151
120 120
155 155
129 129
191 191
140 140
143 143
146 146
158 158
99 99
117 117
112 112
106 106
161 161
135 135
111 111
183 183
147 147
182 182
153 153
163 163
154 154
100 100
105 105
107 107
197 197
198 198
184 184
173 173
178 178
177 177
130 130
160 160
166 166
167 167
145 145
185 185
172 172
169 169
175 175
109 109
113 113
150 150
139 139
186 186
190 190
156 156
114 114
136 136
144 144
124 124
123 123
171 171
193 193
108 108
102 102
101 101
125 125
126 126
103 103
121 121
104 104
110 110
194 194
