Soda 52 94 34 24 22 18 29 15 13 11 46 89 82 68 56 42 72 31 50 53 28 26 27 19 17 38 87 70 36 74 101 45 25 71 57 44 41 33 30 78 80 58 59 39 35 37 67 96 43 86 91 23 21 20 61 12 16 75 65 92 98 3 55 85 99 90 51 81 4 10 5 8 6 9 93 62 79 60 69 73 48 100 14 7 32 2 40 63 49 77 97 83 95 64 66 88 47 84 76 54 Soda
100
52 52
94 94
34 34
24 24
22 22
18 18
29 29
15 15
13 13
11 11
46 46
89 89
82 82
68 68
56 56
42 42
72 72
31 31
50 50
53 53
28 28
26 26
27 27
19 19
17 17
38 38
87 87
70 70
36 36
74 74
101 101
45 45
25 25
71 71
57 57
44 44
41 41
33 33
30 30
78 78
80 80
58 58
59 59
39 39
35 35
37 37
67 67
96 96
43 43
86 86
91 91
23 23
21 21
20 20
61 61
12 12
16 16
75 75
65 65
92 92
98 98
3 3
55 55
85 85
99 99
90 90
51 51
81 81
4 4
10 10
5 5
8 8
6 6
9 9
93 93
62 62
79 79
60 60
69 69
73 73
48 48
100 100
14 14
7 7
32 32
2 2
40 40
63 63
49 49
77 77
97 97
83 83
95 95
64 64
66 66
88 88
47 47
84 84
76 76
54 54
