Wurster Nevada Silver North Sather Cory Anthony Sutardja Hazardous Oregon Frank Vermont Maxwell Spieker Indianapolis Boston Honolulu Massachusetts Salem Brain Barrows California Hilgard Visitor Raleigh Class Optometry Hesse Simon Juneau Pennsylvania McLaughlin Kleeberger Goldman Observatory Montgomery Blackwell Moffitt Parking Recreational Pitzer Simpson Stanley Moses Chan Tennessee Gilman Idaho Alabama Florida Wurster
50
Wurster Wurster
Nevada Nevada
Silver Silver
North North
Sather Sather
Cory Cory
Anthony Anthony
Sutardja Sutardja
Hazardous Hazardous
Oregon Oregon
Frank Frank
Vermont Vermont
Maxwell Maxwell
Spieker Spieker
Indianapolis Indianapolis
Boston Boston
Honolulu Honolulu
Massachusetts Massachusetts
Salem Salem
Brain Brain
Barrows Barrows
California California
Hilgard Hilgard
Visitor Visitor
Raleigh Raleigh
Class Class
Optometry Optometry
Hesse Hesse
Simon Simon
Juneau Juneau
Pennsylvania Pennsylvania
McLaughlin McLaughlin
Kleeberger Kleeberger
Goldman Goldman
Observatory Observatory
Montgomery Montgomery
Blackwell Blackwell
Moffitt Moffitt
Parking Parking
Recreational Recreational
Pitzer Pitzer
Simpson Simpson
Stanley Stanley
Moses Moses
Chan Chan
Tennessee Tennessee
Gilman Gilman
Idaho Idaho
Alabama Alabama
Florida Florida
