Rhode University Mulford Haste Cory Jones Nashville Birge Chvez Mathematical Columbia Heating Hartford Montana Bancroft Barrows Simon Austin Hearst Trenton Durham Boalt Columbus Warren Police LeConte McLaughlin Life Hellman Simpson Jefferson Baton Etcheverry Topeka Grinnell Clark Illinois Moffitt Springer Annapolis Lansing Krutch East Kentucky Cheyenne McEnerney Michigan Bowles BART Santa Stadium Little Lower Campanile Richmond Blackwell Observatory Providence Brain Berkeley Morrison Foothill Class Concord Tennessee Minnesota Hargrove Jacobs Hertz Sproul Donner Wisconsin Maxwell Moses Energy Pennsylvania Maryland Utah International Chou Madison Valley Edwards Mississippi Durant CNMAT Insectary Martin Tang Harrisburg Silver Hawaii Nevada Olympia Montgomery Oregon Florida Salt West Cleary Rhode
100
Rhode Rhode
University University
Mulford Mulford
Haste Haste
Cory Cory
Jones Jones
Nashville Nashville
Birge Birge
Chvez Chvez
Mathematical Mathematical
Columbia Columbia
Heating Heating
Hartford Hartford
Montana Montana
Bancroft Bancroft
Barrows Barrows
Simon Simon
Austin Austin
Hearst Hearst
Trenton Trenton
Durham Durham
Boalt Boalt
Columbus Columbus
Warren Warren
Police Police
LeConte LeConte
McLaughlin McLaughlin
Life Life
Hellman Hellman
Simpson Simpson
Jefferson Jefferson
Baton Baton
Etcheverry Etcheverry
Topeka Topeka
Grinnell Grinnell
Clark Clark
Illinois Illinois
Moffitt Moffitt
Springer Springer
Annapolis Annapolis
Lansing Lansing
Krutch Krutch
East East
Kentucky Kentucky
Cheyenne Cheyenne
McEnerney McEnerney
Michigan Michigan
Bowles Bowles
BART BART
Santa Santa
Stadium Stadium
Little Little
Lower Lower
Campanile Campanile
Richmond Richmond
Blackwell Blackwell
Observatory Observatory
Providence Providence
Brain Brain
Berkeley Berkeley
Morrison Morrison
Foothill Foothill
Class Class
Concord Concord
Tennessee Tennessee
Minnesota Minnesota
Hargrove Hargrove
Jacobs Jacobs
Hertz Hertz
Sproul Sproul
Donner Donner
Wisconsin Wisconsin
Maxwell Maxwell
Moses Moses
Energy Energy
Pennsylvania Pennsylvania
Maryland Maryland
Utah Utah
International International
Chou Chou
Madison Madison
Valley Valley
Edwards Edwards
Mississippi Mississippi
Durant Durant
CNMAT CNMAT
Insectary Insectary
Martin Martin
Tang Tang
Harrisburg Harrisburg
Silver Silver
Hawaii Hawaii
Nevada Nevada
Olympia Olympia
Montgomery Montgomery
Oregon Oregon
Florida Florida
Salt Salt
West West
Cleary Cleary
