Donner Gayley Tallahassee Old Iowa Helena McCone Cyclotron North Topeka Optometry Santa Life Illinois Haas Haste Phoenix Wurster Minnesota Juneau Gilman Providence Ishi Foothill Recreational Donner
25
Donner Donner
Gayley Gayley
Tallahassee Tallahassee
Old Old
Iowa Iowa
Helena Helena
McCone McCone
Cyclotron Cyclotron
North North
Topeka Topeka
Optometry Optometry
Santa Santa
Life Life
Illinois Illinois
Haas Haas
Haste Haste
Phoenix Phoenix
Wurster Wurster
Minnesota Minnesota
Juneau Juneau
Gilman Gilman
Providence Providence
Ishi Ishi
Foothill Foothill
Recreational Recreational
