100 31 15 30 16 59 25 22 60 61 14 34 103 13 29 43 72 40 8 9 6 74 73 41 3 42 144 129 130 131 50 133 141 20 136 188 192 189 95 94 98 58 55 18 53 23 51 49 48 1 17 2 44 45 26 61 62 27 70 36 33 12 11 10 76 121 119 111 115 153 156 104 165 164 85 86 100
51
31 31
15 15
30 30
16 16
59 59
25 25
22 22
60 60
14 14
34 34 7 7 39 39 37
13 13
29 29
43 43
40 40
8 8
9 9
6 6
41 41
3 3
42 42
50 19
20 20
188 21 21 56 57
192 192
189 182
58 58
55 24
18 18
53 52
23 23
51 51
49 49
48 47
1 1
17 17
2 46
44 44 4 4 5
45 45
26 26
61 54
27 27
36 28
33 33
12 12
11 11
10 10
121 121
111 111
153 153
165 165
100 32
