WaterwayEast Museum InstitutionHill WaterwayEast YioChuKang TelokBlangahRise SouthernIslands PasirRisPark Kembangan ChangiPoint PunggolField IstanaNegara Trafalgar MandaiEast OrangeGrove CityHall Chatsworth Geylang BayfrontSubzone ClementiNorth UluPandan BedokSouth SerangoonCentral ChoaChuKang HongKah Khatib PasirRisDrive OneNorth KentRidge PasirRis EastCoast Aljunied HongKahNorth AngMoKioTownCentre YuhuaEast PearlsHill Sennett SungeiRoad Commonwealth SungeiKadut SingaporeRiver TampinesNorth DhobyGhaut Cairnhill SimpangNorth WoodlandsWest KebunBahru PulauPunggolTimor SerangoonNorth TagoreSindo DefuIndustrialPark UpperThomson TuasPromenade Matilda AlexandraNorth Moulmein Saujana Brickworks SerangoonGarden Mountbatten TuasNorthPioneer PangSua TohGuan Serangoon OneTreeHill JurongWestCentral Northland BoonLayPlace SembawangStraits SembawangHills ChinaSquare YioChuKangEast ChangiWest Tanglin TiongBahru RochorCanal BedokNorth Shipyard Paterson GeylangEast BukitBatokSouth DairyFarm Tampines HougangCentral PeoplesPark BukitBatokWest BoatQuay PayaLebarEast JurongPort Port PeiChun BenoiSector JooSengPayaLebar KeatHong Mandai EvertonPark Sembawang Punggol LowerSeletar TuasBay ReservoirView Sentosa
97
WaterwayEast WaterwayEast
Museum Museum
InstitutionHill InstitutionHill
YioChuKang YioChuKang
TelokBlangahRise TelokBlangahRise
SouthernIslands SouthernIslands
PasirRisPark PasirRisPark
Kembangan Kembangan
ChangiPoint ChangiPoint
PunggolField PunggolField
IstanaNegara IstanaNegara
Trafalgar Trafalgar
MandaiEast MandaiEast
OrangeGrove OrangeGrove
CityHall CityHall
Chatsworth Chatsworth
Geylang Geylang
BayfrontSubzone BayfrontSubzone
ClementiNorth ClementiNorth
UluPandan UluPandan
BedokSouth BedokSouth
SerangoonCentral SerangoonCentral
ChoaChuKang ChoaChuKang
HongKah HongKah
Khatib Khatib
PasirRisDrive PasirRisDrive
OneNorth OneNorth
KentRidge KentRidge
PasirRis PasirRis
EastCoast EastCoast
Aljunied Aljunied
HongKahNorth HongKahNorth
AngMoKioTownCentre AngMoKioTownCentre
PearlsHill PearlsHill
Sennett Sennett
SungeiRoad SungeiRoad
Commonwealth Commonwealth
SungeiKadut SungeiKadut
SingaporeRiver SingaporeRiver
TampinesNorth TampinesNorth
DhobyGhaut DhobyGhaut
Cairnhill Cairnhill
SimpangNorth SimpangNorth
WoodlandsWest WoodlandsWest
KebunBahru KebunBahru
PulauPunggolTimor PulauPunggolTimor
SerangoonNorth SerangoonNorth
TagoreSindo TagoreSindo
DefuIndustrialPark DefuIndustrialPark
UpperThomson UpperThomson
TuasPromenade TuasPromenade
Matilda Matilda
AlexandraNorth AlexandraNorth
Moulmein Moulmein
Saujana Saujana
Brickworks Brickworks
SerangoonGarden SerangoonGarden
Mountbatten Mountbatten
TuasNorthPioneer TuasNorthPioneer
PangSua PangSua
TohGuan TohGuan
Serangoon Serangoon
OneTreeHill OneTreeHill
JurongWestCentral JurongWestCentral
Northland Northland
BoonLayPlace BoonLayPlace
SembawangStraits SembawangStraits
SembawangHills SembawangHills
ChinaSquare ChinaSquare
YioChuKangEast YioChuKangEast
ChangiWest ChangiWest
Tanglin Tanglin
TiongBahru TiongBahru
RochorCanal RochorCanal
BedokNorth BedokNorth
Shipyard Shipyard
Paterson Paterson
GeylangEast GeylangEast
BukitBatokSouth BukitBatokSouth
DairyFarm DairyFarm
Tampines Tampines
HougangCentral HougangCentral
PeoplesPark PeoplesPark
BukitBatokWest BukitBatokWest
BoatQuay BoatQuay
PayaLebarEast PayaLebarEast
JurongPort JurongPort
Port Port
PeiChun PeiChun
BenoiSector BenoiSector
JooSengPayaLebar JooSengPayaLebar
KeatHong KeatHong
Mandai Mandai
EvertonPark EvertonPark
Sembawang Sembawang
Punggol Punggol
LowerSeletar LowerSeletar
