BukitBatokEast Redhill Simei Safti LowerSeletar Tengeh SimpangNorth LeonieHill Tyersall Hillcrest Sembawang SwissClub JooKoon DowntownCore TanjongPagar GaliBatuMandai CityHall GhimMoh Frankel SungeiRoad TiongBahruStation PearlsHill Sudong ChoaChuKang NeeSoon RiverValley BukitBatokEast
25
Redhill Redhill
Simei Simei
Safti Safti
LowerSeletar LowerSeletar
Tengeh Tengeh
SimpangNorth SimpangNorth
LeonieHill LeonieHill
Tyersall Tyersall
Hillcrest Hillcrest
Sembawang Sembawang
SwissClub SwissClub
JooKoon JooKoon
DowntownCore DowntownCore
TanjongPagar TanjongPagar
GaliBatuMandai GaliBatuMandai
CityHall CityHall
GhimMoh GhimMoh
Frankel Frankel
SungeiRoad SungeiRoad
TiongBahruStation TiongBahruStation
PearlsHill PearlsHill
Sudong Sudong
ChoaChuKang ChoaChuKang
NeeSoon NeeSoon
RiverValley RiverValley
