LeonieHill JurongWestCentral SembawangSprings Sennett Townsville KampongGlam Phillip TanglinHalt Kranji Semakau OrangeGrove NeeSoon Boulevard Ridout TuasBay SingaporePolytechnic Guilin AirportRoad ConeyIsland PasirPanjang2 ChangiWest BukitBatokCentral LoyangEast BishanEast Woodgrove SerangoonGarden GreenwoodPark Victoria YioChuKang MandaiWest AnchorvaleBuangkok Outram YuhuaWestBoonLay SungeiKadut MonksHill ChoaChuKangCentral Yishun KallangWay Shipyard NorthCoast Tyersall DefuIndustrialPark FarrerPark Sentosa Trafalgar Springleaf PunggolTownCentre TampinesWest Novena SungeiRoad ClementiCentral LeonieHill
50
JurongWestCentral JurongWestCentral
SembawangSprings SembawangSprings
Sennett Sennett
Townsville Townsville
KampongGlam KampongGlam
Phillip Phillip
TanglinHalt TanglinHalt
Kranji Kranji
Semakau Semakau
OrangeGrove OrangeGrove
NeeSoon NeeSoon
Boulevard Boulevard
Ridout Ridout
TuasBay TuasBay
SingaporePolytechnic SingaporePolytechnic
Guilin Guilin
AirportRoad AirportRoad
ConeyIsland ConeyIsland
PasirPanjang2 PasirPanjang2
ChangiWest ChangiWest
BukitBatokCentral BukitBatokCentral
LoyangEast LoyangEast
BishanEast BishanEast
Woodgrove Woodgrove
SerangoonGarden SerangoonGarden
GreenwoodPark GreenwoodPark
Victoria Victoria
YioChuKang YioChuKang
MandaiWest MandaiWest
AnchorvaleBuangkok AnchorvaleBuangkok
Outram Outram
YuhuaWestBoonLay YuhuaWestBoonLay
SungeiKadut SungeiKadut
MonksHill MonksHill
ChoaChuKangCentral ChoaChuKangCentral
Yishun Yishun
KallangWay KallangWay
Shipyard Shipyard
NorthCoast NorthCoast
Tyersall Tyersall
DefuIndustrialPark DefuIndustrialPark
FarrerPark FarrerPark
Sentosa Sentosa
Trafalgar Trafalgar
Springleaf Springleaf
PunggolTownCentre PunggolTownCentre
TampinesWest TampinesWest
Novena Novena
SungeiRoad SungeiRoad
ClementiCentral ClementiCentral
