75 172 16 186 122 85 139 58 74 7 182 23 146 123 130 37 144 142 119 89 13 43 57 18 134 25 101 64 184 9 161 2 72 69 118 75 91 112 113 189 127 22 41 44 84 105 176 47 77 78 21 79 114 111 108 109 95 5 82 138 104 33 67 128 81 65 35 71 153 26 48 173 39 60 106 14 15 31 131 125 27 188 55 165 148 32 152 96 145 158 98 156 30 187 191 141 198 147 11 157 8 178 1
97
75 75
172 172
16 16
186 186
122 122
85 85
58 58
74 74
7 7
182 182
23 23
146 146
123 123
130 130
37 37
144 144
142 142
119 119
89 89
13 13
43 43
57 57
18 18
134 134
25 25
101 101
64 64
184 184
9 9
161 161
2 2
72 72
69 69
118 118
91 91
112 112
113 113
189 189
127 127
22 22
41 41
44 44
84 84
105 105
176 176
47 47
77 77
78 78
21 21
79 79
114 114
111 111
108 108
109 109
95 95
5 5
82 82
138 138
104 104
33 33
67 67
128 128
81 81
65 65
35 35
71 71
153 153
26 26
48 48
173 173
39 39
60 60
106 106
14 14
15 15
31 31
131 131
125 125
27 27
188 188
165 165
148 148
32 32
152 152
96 96
145 145
158 158
98 98
156 156
30 30
187 187
191 191
141 141
198 198
147 147
11 11
157 157
