D1 S2 P5 H6 N1 G6 T1 K1 G1 B0 D5 E3 R9 P9 K6 M5 C0 I0 S9 I4 F9 M6 P2 P6 G0 A8 Q8 C3 C8 A9 T5 I8 S5 B3 F6 I2 A2 B4 C4 R0 D7 H2 N4 D3 C2 L9 R8 H5 Q7 T0 A3 B2 H4 S8 H3 T9 H1 O5 I3 O2 P7 R6 D4 E8 E7 A1 E5 G4 N8 L6 Q3 K5 D8 H0 F2 C1 F1 E2 J2 M0 O1 S0 Q5 J1 K3 N2 Q0 E4 D9 S7 N7 N6 I6 N0 G9 R4 J0 F8 O3 I9 T8 A0
97
S2 S2
P5 P5
H6 H6
N1 N1
G6 G6
T1 T1
K1 K1
G1 G1
B0 B0
D5 D5
E3 E3
R9 R9
P9 P9
K6 K6
M5 M5
C0 C0
I0 I0
S9 S9
I4 I4
F9 F9
M6 M6
P2 P2
P6 P6
G0 G0
A8 A8
Q8 Q8
C3 C3
C8 C8
A9 A9
T5 T5
I8 I8
S5 S5
B3 B3
F6 F6
I2 I2
A2 A2
B4 B4
C4 C4
R0 R0
D7 D7
H2 H2
N4 N4
D3 D3
C2 C2
L9 L9
R8 R8
H5 H5
Q7 Q7
T0 T0
A3 A3
B2 B2
H4 H4
S8 S8
H3 H3
T9 T9
H1 H1
O5 O5
I3 I3
O2 O2
P7 P7
R6 R6
D4 D4
E8 E8
E7 E7
A1 A1
E5 E5
G4 G4
N8 N8
L6 L6
Q3 Q3
K5 K5
D8 D8
H0 H0
F2 F2
C1 C1
F1 F1
E2 E2
J2 J2
M0 M0
O1 O1
S0 S0
Q5 Q5
J1 J1
K3 K3
N2 N2
Q0 Q0
E4 E4
D9 D9
S7 S7
N7 N7
N6 N6
I6 I6
N0 N0
G9 G9
R4 R4
J0 J0
O3 O3
