Qwilfish Drampa Froakie Bounsweet Yungoos Stufful Conkeldurr Zekrom Paras Taillow Drapion Lotad Wartortle Honedge Weepinbell Escavalier Woobat Crawdaunt Porygon2 Meloetta Inkay Slurpuff Metang Metapod Gengar Munna Skorupi Skiddo Phanpy Magmar Volcarona Steenee Jumpluff Vullaby Sandile Simisear Slowbro Nincada Comfey Lumineon Whismur Bastiodon Seaking Treecko Kakuna Tauros Swadloon Magnemite Amoonguss Dewpider Politoed Tornadus Noibat Terrakion Scatterbug Tsareena Shellder Vespiquen Weezing Plusle Wailord Xerneas Shellos Tropius Qwilfish
64
Qwilfish Qwilfish
Drampa Drampa
Froakie Froakie
Bounsweet Bounsweet
Yungoos Yungoos
Stufful Stufful
Conkeldurr Conkeldurr
Zekrom Zekrom
Paras Paras
Taillow Taillow
Drapion Drapion
Lotad Lotad
Wartortle Wartortle
Honedge Honedge
Weepinbell Weepinbell
Escavalier Escavalier
Woobat Woobat
Crawdaunt Crawdaunt
Porygon2 Porygon2
Meloetta Meloetta
Inkay Inkay
Slurpuff Slurpuff
Metang Metang
Metapod Metapod
Gengar Gengar
Munna Munna
Skorupi Skorupi
Skiddo Skiddo
Phanpy Phanpy
Magmar Magmar
Volcarona Volcarona
Steenee Steenee
Jumpluff Jumpluff
Vullaby Vullaby
Sandile Sandile
Simisear Simisear
Slowbro Slowbro
Nincada Nincada
Comfey Comfey
Lumineon Lumineon
Whismur Whismur
Bastiodon Bastiodon
Seaking Seaking
Treecko Treecko
Kakuna Kakuna
Tauros Tauros
Swadloon Swadloon
Magnemite Magnemite
Amoonguss Amoonguss
Dewpider Dewpider
Politoed Politoed
Tornadus Tornadus
Noibat Noibat
Terrakion Terrakion
Scatterbug Scatterbug
Tsareena Tsareena
Shellder Shellder
Vespiquen Vespiquen
Weezing Weezing
Plusle Plusle
Wailord Wailord
Xerneas Xerneas
Shellos Shellos
Tropius Tropius
