Qwilfish Drampa Shellos Magmar Volcarona Steenee Jumpluff Metapod Gengar Munna Swadloon Tauros Wailord Plusle Weezing Crawdaunt Porygon2 Meloetta Scatterbug Taillow Drapion Lotad Metang Slurpuff Inkay Vespiquen Shellder Bastiodon Whismur Bounsweet Froakie Magnemite Comfey Nincada Seaking Treecko Kakuna Honedge Weepinbell Escavalier Woobat Stufful Amoonguss Vullaby Sandile Simisear Noibat Skiddo Skorupi Tropius Qwilfish
49
Qwilfish Qwilfish
Drampa Drampa
Shellos Shellos
Magmar Magmar
Volcarona Volcarona
Steenee Steenee
Jumpluff Jumpluff
Metapod Metapod
Gengar Gengar
Munna Munna
Swadloon Swadloon
Tauros Tauros
Wailord Wailord
Plusle Plusle
Weezing Weezing
Crawdaunt Crawdaunt
Porygon2 Porygon2
Meloetta Meloetta
Scatterbug Scatterbug
Taillow Taillow
Drapion Drapion
Lotad Lotad
Metang Metang
Slurpuff Slurpuff
Inkay Inkay
Vespiquen Vespiquen
Shellder Shellder
Bastiodon Bastiodon
Whismur Whismur
Bounsweet Bounsweet
Froakie Froakie
Magnemite Magnemite
Comfey Comfey
Nincada Nincada
Seaking Seaking
Treecko Treecko
Kakuna Kakuna
Honedge Honedge
Weepinbell Weepinbell
Escavalier Escavalier
Woobat Woobat
Stufful Conkeldurr
Amoonguss Amoonguss
Vullaby Vullaby
Sandile Sandile
Simisear Simisear
Noibat Noibat
Skiddo Skiddo
Skorupi Skorupi
