Latias Vibrava Shelgon Jigglypuff Toxicroak Magearna Noivern Petilil Elgyem Exeggutor Talonflame Bounsweet Staryu Infernape Golisopod Wurmple Primeape Reshiram Luvdisc Scolipede Dartrix Relicanth Charmeleon Palkia Raticate Keldeo Latias
25
Vibrava Vibrava
Shelgon Shelgon
Jigglypuff Jigglypuff
Toxicroak Toxicroak
Magearna Magearna
Noivern Noivern
Petilil Petilil
Elgyem Elgyem
Exeggutor Exeggutor
Talonflame Talonflame
Bounsweet Bounsweet
Staryu Staryu
Infernape Infernape
Golisopod Golisopod
Wurmple Wurmple
Primeape Primeape
Reshiram Reshiram
Luvdisc Luvdisc
Scolipede Scolipede
Dartrix Dartrix
Relicanth Relicanth
Charmeleon Charmeleon
Palkia Palkia
Raticate Raticate
Keldeo Keldeo
