Monroe Baton Lewisville Cleveland Aberdeen Merced Huntsville Amarillo Naples Prairie Lancaster Gilbert Glendale Hartford Chesapeake Rapids Dallas Huntington Hagerstown Austin Kailua Hialeah Anaheim Miami Kennewick Lakeland Antioch Lafayette Three Irving Boise Akron Apple Vista Seven Johnson Mesa Bethlehem Monterey Carrollton Asheville Muskegon Cambridge Cary Modesto Clarke Burlington Killeen Fayetteville Bradenton Viejo Hesperia Denton Bedford Lacey Gainesville Elkhart Manchester Laredo Boulder Four Davidson Kenosha Julian Brownsville Birmingham Hickory Ten Leominster Denver Baltimore Greensboro Jacksonville Corpus Havre Albany Montgomery Dayton Elizabeth Erie Bridgeport Melbourne Arlington Mesquite Lowell Clarksville Kissimmee Canton Charleston Abilene Allentown Anchorage Layton Fairfield Hayward Daytona Mobile Athens Detroit Hampton Monroe
100
Monroe Monroe
Baton Baton
Lewisville Lewisville
Cleveland Cleveland
Aberdeen Aberdeen
Merced Merced
Huntsville Huntsville
Amarillo Amarillo
Naples Naples
Prairie Prairie
Lancaster Lancaster
Gilbert Gilbert
Glendale Glendale
Hartford Hartford
Chesapeake Chesapeake
Rapids Rapids
Dallas Dallas
Huntington Huntington
Hagerstown Hagerstown
Austin Austin
Kailua Kailua
Hialeah Hialeah
Anaheim Anaheim
Miami Miami
Kennewick Kennewick
Lakeland Lakeland
Antioch Antioch
Lafayette Lafayette
Three Three
Irving Irving
Boise Boise
Akron Akron
Apple Apple
Vista Vista
Seven Seven
Johnson Johnson
Mesa Mesa
Bethlehem Bethlehem
Monterey Monterey
Carrollton Carrollton
Asheville Asheville
Muskegon Muskegon
Cambridge Cambridge
Cary Cary
Modesto Modesto
Clarke Clarke
Burlington Burlington
Killeen Killeen
Fayetteville Fayetteville
Bradenton Bradenton
Viejo Viejo
Hesperia Hesperia
Denton Denton
Bedford Bedford
Lacey Lacey
Gainesville Gainesville
Elkhart Elkhart
Manchester Manchester
Laredo Laredo
Boulder Boulder
Four Four
Davidson Davidson
Kenosha Kenosha
Julian Julian
Brownsville Brownsville
Birmingham Birmingham
Hickory Hickory
Ten Ten
Leominster Leominster
Denver Denver
Baltimore Baltimore
Greensboro Greensboro
Jacksonville Jacksonville
Corpus Corpus
Havre Havre
Albany Albany
Montgomery Montgomery
Dayton Dayton
Elizabeth Elizabeth
Erie Erie
Bridgeport Bridgeport
Melbourne Melbourne
Arlington Arlington
Mesquite Mesquite
Lowell Lowell
Clarksville Clarksville
Kissimmee Kissimmee
Canton Canton
Charleston Charleston
Abilene Abilene
Allentown Allentown
Anchorage Anchorage
Layton Layton
Fairfield Fairfield
Hayward Hayward
Daytona Daytona
Mobile Mobile
Athens Athens
Detroit Detroit
Hampton Hampton
