Burlington Greenville Myrtle Chattanooga Naperville Independence Buffalo Amarillo Miramar Cambridge Merced Davenport Prairie Louisville Chicago Denver Hayward Bridgeport Columbus Cedar Rapids McAllen Clarke Hampton Honolulu Killeen Burlington
25
Greenville Greenville
Myrtle Myrtle
Chattanooga Chattanooga
Naperville Naperville
Independence Independence
Buffalo Buffalo
Amarillo Amarillo
Miramar Miramar
Cambridge Cambridge
Merced Merced
Davenport Davenport
Prairie Prairie
Louisville Louisville
Chicago Chicago
Denver Denver
Hayward Hayward
Bridgeport Bridgeport
Columbus Columbus
Cedar Cedar
Rapids Rapids
McAllen McAllen
Clarke Clarke
Hampton Hampton
Honolulu Honolulu
Killeen Killeen
