Denton Lansing Abilene Moreno Brownsville Erie Plen Corpus Cedar Lorain Albuquerque Miramar Bridgeport Cathedral Dallas Hemet Chicago Hartford Minneapolis Huntsville Macon Montgomery Deltona Myrtle Huntington Bradenton Bloomington Aribel Lexington Kansas GreenBay Harlingen Chandler Medford Houma Nashua Kissimmee Cary Appleton Leominster Albany Barnstable Merced Hollywood Muskegon Davidson Grays Baltimore Alexandria Mobile Joliet Champaign
47
Lansing Lansing
Abilene Abilene
Moreno Moreno
Brownsville Brownsville
Erie Erie
Plen Plen
Corpus Corpus
Cedar Cedar
Lorain Lorain
Albuquerque Albuquerque
Miramar Miramar
Bridgeport Bridgeport
Cathedral Cathedral
Dallas Dallas
Hemet Hemet
Chicago Chicago
Hartford Hartford
Minneapolis Minneapolis
Huntsville Huntsville
Macon Macon
Montgomery Montgomery
Deltona Deltona
Huntington Huntington
Bradenton Bradenton
Bloomington Bloomington
Aribel Aribel
Lexington Lexington
Kansas Kansas
GreenBay GreenBay
Harlingen Harlingen
Chandler Chandler
Medford Medford
Houma Houma
Nashua Nashua
Kissimmee Kissimmee
Cary Cary
Appleton Appleton
Leominster Leominster
Albany Albany
Barnstable Barnstable
Merced Merced
Hollywood Hollywood
Muskegon Muskegon
Davidson Davidson
Grays Grays
Baltimore Baltimore
Alexandria Alexandria
