BT CM FT CE AM AO AG AU DL DI FZ HE EP GZ HF GV EY EN CS BC GR GB GN FH CG BZ AB BF CC BP EQ FD EO CI EF DE BM GT EW EB AY DF ED BR CP ES CK BI FW HC AV HJ FP CT GY HI FA CX DN FN DK AT HD AN FB FG BE BL GG EL CY EM GX CD CU BH ET CA DB CR DD AZ CW BV BW DM AK DO DU EA DZ DP DT DX HB AA
91
CM CM
FT FT
CE CE
AM AM
AO AO
AG AG
AU AU
DL DL
DI DI
FZ FZ
HE HE
EP EP
GZ GZ
HF HF
GV GV
EY EY
EN EN
CS CS
BC BC
GR GR
GB GB
GN GN
FH FH
CG CG
BZ BZ
AB AB
BF BF
CC CC
BP BP
EQ EQ
FD FD
EO EO
CI CI
EF EF
DE DE
BM BM
GT GT
EW EW
EB EB
AY AY
DF DF
ED ED
BR BR
CP CP
ES ES
CK CK
BI BI
FW FW
HC HC
AV AV
HJ HJ
FP FP
CT CT
GY GY
HI HI
FA FA
CX CX
DN DN
FN FN
AT AT
HD HD
AN AN
FB FB
FG FG
BE BE
BL BL
GG GG
EL EL
CY CY
EM EM
GX GX
CD CD
CU CU
BH BH
ET ET
CA CA
DB DB
CR CR
DD DD
AZ AZ
CW CW
BV BV
BW BW
DM DM
AK AK
DO DO
DU DU
EA EA
DZ DZ
DP DP
DT DT
