EvansHall BarrowsHall EdwardsStadium Dwinelle DurantHall DonnerLab EastGate EshlemanHall DoeMemorialLibrary DavisHall CyclotronRd CNMAT Cory CampbellHall ClarkKerrCampus ChanShunAuditorium CheitHall EtcheverryHall AnthonyHall Campanile CalvinLaboratory BrainImagingCenter BlackwellHall BirgeHall BerkeleyWayWest BerkeleyArtMuseum BARTStation BlumHall EvansDiamond VLSB BoaltHall BotanicalGarden EastAsianLibrary CaliforniaHall BanwayBldg BarrowLane ChouHall CareerCenter BarkerHall BancroftLibrary Soda AlumniHouse
38
BarrowsHall BarrowsHall
EdwardsStadium EdwardsStadium
Dwinelle Dwinelle
DurantHall DurantHall
DonnerLab DonnerLab
EastGate EastGate
EshlemanHall EshlemanHall
DoeMemorialLibrary DoeMemorialLibrary
DavisHall DavisHall
CyclotronRd CyclotronRd
CNMAT CNMAT
Cory Cory
CampbellHall CampbellHall
ClarkKerrCampus ClarkKerrCampus
ChanShunAuditorium ChanShunAuditorium
CheitHall CheitHall
EtcheverryHall EtcheverryHall
AnthonyHall AnthonyHall
Campanile Campanile
CalvinLaboratory CalvinLaboratory
BrainImagingCenter BrainImagingCenter
BlackwellHall BlackwellHall
BirgeHall BirgeHall
BerkeleyWayWest BerkeleyWayWest
BerkeleyArtMuseum BerkeleyArtMuseum
BARTStation BARTStation
BlumHall BlumHall
EvansDiamond EvansDiamond
VLSB VLSB
BoaltHall BoaltHall
BotanicalGarden BotanicalGarden
EastAsianLibrary EastAsianLibrary
CaliforniaHall CaliforniaHall
BanwayBldg BanwayBldg
BarrowLane BarrowLane
ChouHall ChouHall
CareerCenter CareerCenter
BarkerHall BarkerHall
