Soda HertzHall WicksonNaturalArea Unit1 BlumHall EvansHall Pinole SatherTower Fairfield BarkerHall Oakley SanRamon Campanile FoundersRock BancroftLibrary KleebergerFieldHouse ClearyHall NorthGateHall DonnerLab PimentelHall WomenFacultyClub StHelena Insectary CalvinLaboratory WellmanHall SanRafael EastGate MinorHallAddition Brisbane Emeryville Pacifica ChouHall ClarkKerrCampus EtcheverryHall Alameda Cory GoldmanField SanPablo Healdsburg LewisHall IshiCourt HearstMiningCircle WheelerHall MartinezCommons Belmont Hayward SproulPlaza WursterHall Benicia FrankSchlessingerWay Albany AnthonyHall GilmanHall SternHall Saratoga LowerSproulPlaza KroeberHall StadiumRimWay Hillsborough ZellerbachHall WestCircle Pittsburg GiauqueHall HargroveMusicLibrary Orinda ZellerbachPlayhouse WestGate Piedmont MulfordHall Unit3 HearstGreekTheatre Soda
70
HertzHall HertzHall
WicksonNaturalArea WicksonNaturalArea
Unit1 Unit1
BlumHall BlumHall
EvansHall EvansHall
Pinole Pinole
SatherTower SatherTower
Fairfield Fairfield
BarkerHall BarkerHall
Oakley Oakley
SanRamon SanRamon
Campanile Campanile
FoundersRock FoundersRock
BancroftLibrary BancroftLibrary
KleebergerFieldHouse KleebergerFieldHouse
ClearyHall ClearyHall
NorthGateHall NorthGateHall
DonnerLab DonnerLab
PimentelHall PimentelHall
WomenFacultyClub WomenFacultyClub
StHelena StHelena
Insectary Insectary
CalvinLaboratory CalvinLaboratory
WellmanHall WellmanHall
SanRafael SanRafael
EastGate EastGate
MinorHallAddition MinorHallAddition
Brisbane Brisbane
Emeryville Emeryville
Pacifica Pacifica
ChouHall ChouHall
ClarkKerrCampus ClarkKerrCampus
EtcheverryHall EtcheverryHall
Alameda Alameda
Cory Cory
GoldmanField GoldmanField
SanPablo SanPablo
Healdsburg Healdsburg
LewisHall LewisHall
IshiCourt IshiCourt
HearstMiningCircle HearstMiningCircle
WheelerHall WheelerHall
MartinezCommons MartinezCommons
Belmont Belmont
Hayward Hayward
SproulPlaza SproulPlaza
WursterHall WursterHall
Benicia Benicia
FrankSchlessingerWay FrankSchlessingerWay
Albany Albany
AnthonyHall AnthonyHall
GilmanHall GilmanHall
SternHall SternHall
Saratoga Saratoga
LowerSproulPlaza LowerSproulPlaza
KroeberHall KroeberHall
StadiumRimWay StadiumRimWay
Hillsborough Hillsborough
ZellerbachHall ZellerbachHall
WestCircle WestCircle
Pittsburg Pittsburg
GiauqueHall GiauqueHall
HargroveMusicLibrary HargroveMusicLibrary
Orinda Orinda
ZellerbachPlayhouse ZellerbachPlayhouse
WestGate WestGate
Piedmont Piedmont
MulfordHall MulfordHall
Unit3 Unit3
HearstGreekTheatre HearstGreekTheatre
