Soda AlumniHouse BarrowsHall CampbellHall CareerCenter ClarkKerr Dwinelle BarkerHall BarrowLane Campanile Soda Unit3 Unit2 Unit1 SutardjaDaiHall SproulPlaza TangCenter WursterHall SeniorHall Soda RSF MorganHall MorrisonHall MosesHall MulfordHall NorthField SatherGate SatherTower Soda Jacobs Lawrence MLK MemorialGlade LeConteHall EyeCenter EshlemanHall Soda
18
CareerCenter CareerCenter
Dwinelle Dwinelle
BarkerHall BarkerHall
Campanile Campanile
Unit1 Unit1
SutardjaDaiHall SutardjaDaiHall
SproulPlaza SproulPlaza
WursterHall WursterHall
RSF SatherRd
MorganHall MorganHall
MorrisonHall MorrisonHall
MulfordHall MulfordHall
Jacobs Jacobs
Lawrence Lawrence
MLK MLK
MemorialGlade MemorialGlade
LeConteHall LeConteHall
EyeCenter EyeCenter
