LegendsAquaticCenter LevineFrickeSoftball GoldmanField MemorialGlade GolbousPlace SatherTower InvestigativeReporti LewisHall ValleyLifeSciencesBu CITRIS StarrEastAsianLibrar SoutheastAsianStudie EllsworthParkingStru NorthField NorthGateHall LeConteHall SodaHall DurantHall EucalyptusGrove LawSchool LegendsAquaticCenter
18
LegendsAquaticCenter LegendsAquaticCenter
LevineFrickeSoftball LevineFrickeSoftball
GoldmanField GoldmanField
MemorialGlade MemorialGlade
GolbousPlace GolbousPlace
SatherTower SatherTower
InvestigativeReporti InvestigativeReporti
LewisHall LewisHall
ValleyLifeSciencesBu ValleyLifeSciencesBu
CITRIS CITRIS
StarrEastAsianLibrar StarrEastAsianLibrar
SoutheastAsianStudie SoutheastAsianStudie
EllsworthParkingStru EllsworthParkingStru
NorthField NorthField
NorthGateHall NorthGateHall
LeConteHall LeConteHall
SodaHall SodaHall
DurantHall DurantHall
