McLaughlinHall BancroftParkingStruc Library GiauqueHall SeniorHall GrinnellNaturalArea SimpsonCenterforStud ZellerbachHall JonesChildStudyCente MoffittLibrary StrawberryCanyonRecr EnergyBiosciencesBui WitterRugbyField ResidentialStudentSe BotanicalGarden LevineFrickeSoftball MagnesCollectionofJe WomensFacultyClub GoldmanSchool CNMAT1750ArchSt FacultyGlade GianniniHall DurantHall EvansDiamond HertzHall InsectaryGreenhouse UCBerkeleyExtension RedwoodGroveBotanica EastAsianStudiesInst CampusSharedServices CareerCenter WarrenHall Unit3ResidentHall EshlemanHall HasteStreetChildDeve StephensHall BerkeleyArtMuseumand KroeberHall SpiekerAquaticsCompl EtcheverryHall RecreationalSportsFa PublicAffairsOfficeo SamsPad AnnaHeadAlumnaeHall Romeos MathematicalSciences LegendsAquaticCenter VisitorCenter McLaughlinHall
48
McLaughlinHall McLaughlinHall
BancroftParkingStruc BancroftParkingStruc
Library Library
GiauqueHall GiauqueHall
SeniorHall SeniorHall
GrinnellNaturalArea GrinnellNaturalArea
SimpsonCenterforStud SimpsonCenterforStud
ZellerbachHall ZellerbachHall
JonesChildStudyCente JonesChildStudyCente
MoffittLibrary MoffittLibrary
StrawberryCanyonRecr StrawberryCanyonRecr
EnergyBiosciencesBui EnergyBiosciencesBui
WitterRugbyField WitterRugbyField
ResidentialStudentSe ResidentialStudentSe
BotanicalGarden BotanicalGarden
LevineFrickeSoftball LevineFrickeSoftball
MagnesCollectionofJe MagnesCollectionofJe
WomensFacultyClub WomensFacultyClub
GoldmanSchool GoldmanSchool
CNMAT1750ArchSt CNMAT1750ArchSt
FacultyGlade FacultyGlade
GianniniHall GianniniHall
DurantHall DurantHall
EvansDiamond EvansDiamond
HertzHall HertzHall
InsectaryGreenhouse InsectaryGreenhouse
UCBerkeleyExtension UCBerkeleyExtension
RedwoodGroveBotanica RedwoodGroveBotanica
EastAsianStudiesInst EastAsianStudiesInst
CampusSharedServices CampusSharedServices
CareerCenter CareerCenter
WarrenHall WarrenHall
Unit3ResidentHall Unit3ResidentHall
EshlemanHall EshlemanHall
HasteStreetChildDeve HasteStreetChildDeve
StephensHall StephensHall
BerkeleyArtMuseumand BerkeleyArtMuseumand
KroeberHall KroeberHall
SpiekerAquaticsCompl SpiekerAquaticsCompl
EtcheverryHall EtcheverryHall
RecreationalSportsFa RecreationalSportsFa
PublicAffairsOfficeo PublicAffairsOfficeo
SamsPad SamsPad
AnnaHeadAlumnaeHall AnnaHeadAlumnaeHall
Romeos Romeos
MathematicalSciences MathematicalSciences
LegendsAquaticCenter LegendsAquaticCenter
VisitorCenter VisitorCenter
