BerkeleyArtMuseumand MariesHouse Demography ObservatoryHill BancroftDanceStudio BanwayBuilding FoxCottage2350Bowdit EllsworthParkingStru Sebastians ManvilleHall GraduateTheologicalU SimpsonCenterforStud AHammock FacultyGlade InvestigativeReporti SpiekerAquaticsCompl AlumniHouse WarrenHall HearstMemorialMining BarrowsHall HaasSchoolofBusiness PublicAffairsOfficeo KoretVisitorCenter CareerCenter GianniniHall NaturalResourcesLabo MosesHall McConeHall McLaughlinHall ChancellorsEsplanade Unit1ResidentHall SatherTower PacificFilmArchiveBe HenryHWheelerBrainIm FacultyClub SimonHall ArchitectsEngineersA EastAsianStudiesInst LeConteHall BancroftLibrary LawrenceBerkeleyNati MartinezCommons HavilandHall EdwardsTrackStadiumG EvansHall ClarkKerrCampus EnergyBiosciencesBui LawrenceHallofScienc MathematicalSciences LiKaShingCenter LatinAmericanStudies MorrisonHall LegendsAquaticCenter IRLE UpperHearstParkingSt KoshlandHall MulfordHall GoldmanField WellmanHall UniversityHouse MaxwellFamilyFieldan StanleyHall LawSchool CaliforniaHall CesarEChavezStudentC AcademicInnovationSt AnthonyHall NorthField ZellerbachHall SutardjaDaiHall BowlesHall Library CheitHall LowerHearstParkingSt InternationalHouse UniversityHealthServ CoryHall EvansDiamond FallProgramforFreshm GolbousPlace MagnesCollectionofJe InsectaryGreenhouse BerkeleyArtMuseumand
80
BerkeleyArtMuseumand BerkeleyArtMuseumand
MariesHouse MariesHouse
Demography Demography
ObservatoryHill ObservatoryHill
BancroftDanceStudio BancroftDanceStudio
BanwayBuilding BanwayBuilding
FoxCottage2350Bowdit FoxCottage2350Bowdit
EllsworthParkingStru EllsworthParkingStru
Sebastians Sebastians
ManvilleHall ManvilleHall
GraduateTheologicalU GraduateTheologicalU
SimpsonCenterforStud SimpsonCenterforStud
AHammock AHammock
FacultyGlade FacultyGlade
InvestigativeReporti InvestigativeReporti
SpiekerAquaticsCompl SpiekerAquaticsCompl
AlumniHouse AlumniHouse
WarrenHall WarrenHall
HearstMemorialMining HearstMemorialMining
BarrowsHall BarrowsHall
HaasSchoolofBusiness HaasSchoolofBusiness
PublicAffairsOfficeo PublicAffairsOfficeo
KoretVisitorCenter KoretVisitorCenter
CareerCenter CareerCenter
GianniniHall GianniniHall
NaturalResourcesLabo NaturalResourcesLabo
MosesHall MosesHall
McConeHall McConeHall
McLaughlinHall McLaughlinHall
ChancellorsEsplanade ChancellorsEsplanade
Unit1ResidentHall Unit1ResidentHall
SatherTower SatherTower
PacificFilmArchiveBe PacificFilmArchiveBe
HenryHWheelerBrainIm HenryHWheelerBrainIm
FacultyClub FacultyClub
SimonHall SimonHall
ArchitectsEngineersA ArchitectsEngineersA
EastAsianStudiesInst EastAsianStudiesInst
LeConteHall LeConteHall
BancroftLibrary BancroftLibrary
LawrenceBerkeleyNati LawrenceBerkeleyNati
MartinezCommons MartinezCommons
HavilandHall HavilandHall
EdwardsTrackStadiumG EdwardsTrackStadiumG
EvansHall EvansHall
ClarkKerrCampus ClarkKerrCampus
EnergyBiosciencesBui EnergyBiosciencesBui
LawrenceHallofScienc LawrenceHallofScienc
MathematicalSciences MathematicalSciences
LiKaShingCenter LiKaShingCenter
LatinAmericanStudies LatinAmericanStudies
MorrisonHall MorrisonHall
LegendsAquaticCenter LegendsAquaticCenter
IRLE IRLE
UpperHearstParkingSt UpperHearstParkingSt
KoshlandHall KoshlandHall
MulfordHall MulfordHall
GoldmanField GoldmanField
WellmanHall WellmanHall
UniversityHouse UniversityHouse
MaxwellFamilyFieldan MaxwellFamilyFieldan
StanleyHall StanleyHall
LawSchool LawSchool
CaliforniaHall CaliforniaHall
CesarEChavezStudentC CesarEChavezStudentC
AcademicInnovationSt AcademicInnovationSt
AnthonyHall AnthonyHall
NorthField NorthField
ZellerbachHall ZellerbachHall
SutardjaDaiHall SutardjaDaiHall
BowlesHall BowlesHall
Library Library
CheitHall CheitHall
LowerHearstParkingSt LowerHearstParkingSt
InternationalHouse InternationalHouse
UniversityHealthServ UniversityHealthServ
CoryHall CoryHall
EvansDiamond EvansDiamond
FallProgramforFreshm FallProgramforFreshm
GolbousPlace GolbousPlace
