a bl br k j ff fy ga e b h fv aa ee ab w cv dn ae eq bc l gn ed dm u dq em an dj ct ap al cb ck bi et er bd fb bz bv fa ci fl ar fu fd cp cq eg dt du ch de ah bf ex ep gb p ey cl ak df gh o dg cu cd fg ew eu gm dx bb ev t c m ea aw gl fz dv ec do bm cs az ag aj y fh fs fr by fn en gp a
100
a a
bl bl
br br
k k
j j
ff ff
fy fy
ga ga
e e
b b
h h
fv fv
aa aa
ee ee
ab ab
w w
cv cv
dn dn
ae ae
eq eq
bc bc
l l
gn gn
ed ed
dm dm
u u
dq dq
em em
an an
dj dj
ct ct
ap ap
al al
cb cb
ck ck
bi bi
et et
er er
bd bd
fb fb
bz bz
bv bv
fa fa
ci ci
fl fl
ar ar
fu fu
fd fd
cp cp
cq cq
eg eg
dt dt
du du
ch ch
de de
ah ah
bf bf
ex ex
ep ep
gb gb
p p
ey ey
cl cl
ak ak
df df
gh gh
o o
dg dg
cu cu
cd cd
fg fg
ew ew
eu eu
gm gm
dx dx
bb bb
ev ev
t t
c c
m m
ea ea
aw aw
gl gl
fz fz
dv dv
ec ec
do do
bm bm
cs cs
az az
ag ag
aj aj
y y
fh fh
fs fs
fr fr
by by
fn fn
en en
gp gp
