Fizz Rengar Leona Rumble Medusa Kayn Pantheon Timbersaw Thresh Oracle JarvanIV Jayce Lucian Visage Kennen Tristana Huskar Katarina StormSpirit Puck Ryze Nasus VelKoz Trundle BountyHunter Gragas Xayah Nunu Annie Warlock Ziggs Zilean Ekko NightStalker Cassiopeia Azir Quinn SpiritBreaker Weaver ShadowDemon Syndra Janna Mirana Orianna Sven Omniknight Magnus Yorick Vladimir TrollWarlord Jinx Slark Undying Rubick Beastmaster Slardar KhaZix Kassadin Nidalee Viktor Amumu Chen FacelessVoid Tiny DeathProphet Kled LoneDruid CentaurWarrunner Zed Fiddlesticks Morphling LeBlanc Irelia Brewmaster ShadowShaman Singed Sniper TahmKench Karma Vi WinterWyvern Techies Heimerdinger Terrorblade ShadowFiend Sona Venomancer Bane Talon Fizz
89
Fizz Fizz
Rengar Rengar
Leona Leona
Rumble Rumble
Medusa Medusa
Kayn Kayn
Pantheon Pantheon
Timbersaw Timbersaw
Thresh Thresh
Oracle Oracle
JarvanIV JarvanIV
Jayce Jayce
Lucian Lucian
Visage Visage
Kennen Kennen
Tristana Tristana
Huskar Huskar
Katarina Katarina
StormSpirit StormSpirit
Puck Puck
Ryze Ryze
Nasus Nasus
VelKoz VelKoz
Trundle Trundle
BountyHunter BountyHunter
Gragas Gragas
Xayah Xayah
Nunu Nunu
Annie Annie
Warlock Warlock
Ziggs Ziggs
Zilean Zilean
Ekko Ekko
NightStalker NightStalker
Cassiopeia Cassiopeia
Azir Azir
Quinn Quinn
SpiritBreaker SpiritBreaker
Weaver Weaver
ShadowDemon ShadowDemon
Syndra Syndra
Janna Janna
Mirana Mirana
Orianna Orianna
Sven Sven
Omniknight Omniknight
Magnus Magnus
Yorick Yorick
Vladimir Vladimir
TrollWarlord TrollWarlord
Jinx Jinx
Slark Slark
Undying Undying
Rubick Rubick
Beastmaster Beastmaster
Slardar Slardar
KhaZix KhaZix
Kassadin Kassadin
Nidalee Nidalee
Viktor Viktor
Amumu Amumu
Chen Chen
FacelessVoid FacelessVoid
Tiny Tiny
DeathProphet DeathProphet
Kled Kled
LoneDruid LoneDruid
CentaurWarrunner CentaurWarrunner
Zed Zed
Fiddlesticks Fiddlesticks
Morphling Morphling
LeBlanc LeBlanc
Irelia Irelia
Brewmaster Brewmaster
ShadowShaman ShadowShaman
Singed Singed
Sniper Sniper
TahmKench TahmKench
Karma Karma
Vi Vi
WinterWyvern WinterWyvern
Techies Techies
Heimerdinger Heimerdinger
Terrorblade Terrorblade
ShadowFiend ShadowFiend
Sona Sona
Venomancer Venomancer
Bane Bane
Talon Talon
