Pantheon Ahri Ezreal KogMaw Galio Spectre Ashe Phoenix Maokai Jayce CrystalMaiden ArcWarden Kled Morgana Magnus Rumble Slark LoneDruid Akali Oracle Jinx Anivia TrollWarlord Nunu Heimerdinger Xerath Lux Talon Jhin Shyvana Jax BountyHunter SpiritBreaker Lucian Tiny Disruptor WraithKing Ziggs NightStalker MasterYi Bard Lich Skarner Tailyah Draven CentaurWarrunner ChaosKnight Bristleback Malphite Pantheon
48
Ahri Ahri
Ezreal Ezreal
KogMaw KogMaw
Galio Galio
Spectre Spectre
Ashe Ashe
Phoenix Phoenix
Maokai Maokai
Jayce Jayce
CrystalMaiden CrystalMaiden
ArcWarden ArcWarden
Kled Kled
Morgana Morgana
Magnus Magnus
Rumble Rumble
Slark Slark
LoneDruid LoneDruid
Akali Akali
Oracle Oracle
Jinx Jinx
Anivia Anivia
TrollWarlord TrollWarlord
Nunu Nunu
Heimerdinger Heimerdinger
Xerath Xerath
Lux Lux
Talon Talon
Jhin Jhin
Shyvana Shyvana
Jax Jax
BountyHunter BountyHunter
SpiritBreaker SpiritBreaker
Lucian Lucian
Tiny Tiny
Disruptor Disruptor
WraithKing WraithKing
Ziggs Ziggs
NightStalker NightStalker
MasterYi MasterYi
Bard Bard
Lich Lich
Skarner Skarner
Tailyah Tailyah
Draven Draven
CentaurWarrunner CentaurWarrunner
ChaosKnight ChaosKnight
Bristleback Bristleback
Malphite Malphite
