0 7 8 10 72 67 63 59 57 51 60 61 65 69 73 12 13 14 15 16 76 78 99 80 88 94 89 93 50 49 92 90 44 43 91 46 47 45 42 86 99 79 81 41 33 36 35 39 37 84 87 82 83 98 97 96 95 75 38 34 29 30 32 31 30 28 26 10 9 24 23 0 22 0
69
0 1 21 2 2 3 3 4 4 5 6
22 22
7 25
8 8 74 74 66 66 62 62 58 58 56 56 52 52 55 55 54 53
10 11
72 72
67 67
63 63
59 59
57 57
51 51
60 60 64 64 68 71
61 61
65 70
69 69
73 73
12 12
13 13
14 14 17 17 18 18 19 20
15 15
16 16
76 76
78 78
99 85
80 80
88 88
94 94
89 89
93 93
50 50
49 48
92 92
90 90
44 44
43 43
91 91
46 46
47 47
45 45
42 42
86 86
79 79
81 81
41 41
33 33
36 36
35 35
39 39
37 37
84 84
87 87
82 82
83 83
98 98
97 97
96 96
95 95
75 75
38 38
34 34
29 29
30 30
32 32
31 40
28 28 27 77
26 26
9 9
24 24
23 23
