3 1 6 199 198 191 196 190 194 199 189 180 185 186 180 187 181 182 189 172 170 178 177 179 176 172 168 164 160 167 163 166 168 158 150 152 157 158 143 146 140 145 148 149 144 143 133 134 137 139 132 130 133 124 125 120 129 128 126 124 111 113 118 112 114 115 111 103 105 107 109 106 101 103 96 90 98 97 95 96 80 87 88 85 81 80 73 79 75 78 74 77 73 67 62 69 60 63 65 67 55 51 59 50 57 55 42 46 41 48 40 42 30 31 39 38 36 30 24 26 23 20 21 24 11 18 14 10 15 11 6 4 8 7 0
87
1 1
198 198
191 191
196 196
190 190
194 194
185 185
186 186
187 187
181 181
182 182
170 170
178 178
177 177
179 179
176 176
164 164
167 167
163 163
166 166
150 153
152 152
157 157
146 146
145 145
148 148
149 149
144 144
134 134
137 137
139 139
132 132
130 130
125 125
120 120
129 129
128 128
126 126
113 113
118 118
112 112
114 114
115 115
105 105
107 107
109 109
106 106
101 101
90 90
98 98
97 97
95 95
87 87
88 88
85 85
81 81
79 79
75 75
78 78
74 74
77 77
62 62
69 69
60 60
63 63
65 65
51 51
59 59
50 50
57 57
46 46
41 41
48 48
40 40
31 31
39 39
38 38
36 36
26 26
23 23
20 20
21 21
18 18
14 14
10 19
15 15
4 4
