5 1 2 3 4 5 179 173 167 161 155 149 143 137 131 125 119 113 107 103 104 105 106 102 107 101 98 99 100 96 97 101 95 90 94 93 92 91 95 89 88 84 85 86 87 89 83 80 81 82 78 79 83 77 73 72 76 75 74 77 71 66 70 69 68 67 71 65 60 61 62 63 64 65 59 55 54 58 57 56 59 53 51 52 48 49 50 53 47 44 43 42 46 45 47 41 36 40 39 38 37 41 35 34 33 32 31 30 35 29 28 27 26 25 24 29 23 20 19 18 22 21 23 17 15 16 12 13 14 17 11 8 7 6 10 9 11 5 0
89
1 1
2 2
3 3
4 4
103 103
104 104
105 105
106 106
102 102
98 98
99 99
100 100
96 96
97 97
90 90
94 94
93 93
92 92
91 91
88 88
84 84
85 85
86 86
87 87
80 80
81 81
82 82
78 78
79 79
73 73
72 72
76 76
75 75
74 74
66 66
70 70
69 69
68 68
67 67
60 60
61 61
62 62
63 63
64 64
55 55
54 54
58 58
57 57
56 56
51 51
52 52
48 48
49 49
50 50
44 44
43 43
42 42
46 46
45 45
36 36
40 40
39 39
38 38
37 37
34 34
33 33
32 32
31 31
30 30
28 28
27 27
26 26
25 25
24 24
20 20
19 19
18 18
22 22
21 21
15 15
16 16
12 12
13 13
14 14
8 8
7 7
6 6
10 10
9 9
