0 146 138 111 105 110 114 135 86 93 134 142 143 137 64 56 49 55 141 145 4 10 9 11 15 19 16 8 82 75 78 85 83 120 113 108 24 109 117 122 128 127 44 39 45 51 53 47 43 40 32 26 28 27 34 42 36 33 25 23 125 62 66 70 69 68 67 31 29 97 98 96 94 95 101 89 84 77 73 65 118 119 80 81 76 104 13 18 22 30 35 132 133 131 123 60 12 7 5 148 0
98
0 0
146 146
138 138
111 111
105 105
110 110
114 114
135 135
86 86
93 93
134 134
142 142
143 143
137 137
64 64
56 56
49 49
55 55
141 141
145 145
4 4
10 10
9 9
11 11
15 15
19 19
16 16
8 8
82 82
75 75
78 78
85 85
83 83
120 120
113 113
108 108
24 24
109 109
117 117
122 122
128 128
127 127
44 44
39 39
45 45
51 51
53 53
47 47
43 43
40 40
32 32
26 26
28 28
27 27
34 34
42 42
36 36
33 33
25 25
23 23
125 125
62 62
66 66
70 70
69 69
68 68
67 67
31 31
29 29
97 97
98 98
96 96
94 94
95 95
101 101
89 89
84 84
77 77
73 73
65 65
118 118
119 119
80 80
81 81
76 76
104 104
13 13
18 18
22 22
30 30
35 35
132 132
133 133
131 131
123 123
60 60
12 12
7 7
