1 137 9 27 129 97 28 119 21 188 13 14 11 16 87 89 186 70 147 2 176 94 68 160 114 191 170 164 123 92 140 184 81 127 190 35 6 161 91 77 65 142 178 192 93 74 29 25 99 131 139 126 121 118 167 163 100 20 116 148 57 108 64 165 95 36 34 44 45 112 32 7 12 17 181 78 183 180 67 42 159 120 153 117 53 40 197 172 122 155 60 3 182 79 59 52 76 132 151 143 149 1
98
137 137
9 9
27 27
129 129
97 97
28 28
119 119
21 21
188 188
13 13
14 14
11 11
16 16
87 87
89 89
186 186
70 70
147 147
2 2
176 176
94 94
68 68
160 160
114 114
191 191
170 170
164 164
123 123
92 92
140 140
184 184
81 81
127 127
190 190
35 35
6 6
161 161
91 91
77 77
65 65
142 142
178 178
192 192
93 93
74 74
29 29
25 25
99 99
131 131
139 139
126 126
121 121
118 118
167 167
163 163
100 100
20 20
116 116
148 148
57 57
108 108
64 64
165 165
95 95
36 36
34 34
44 44
45 45
112 112
32 32
7 7
12 12
17 17
181 181
78 78
183 183
180 180
67 67
42 42
159 159
120 120
153 153
117 117
53 53
40 40
197 197
172 172
122 122
155 155
60 60
3 3
182 182
79 79
59 59
52 52
76 76
132 132
151 151
