96 48 73 142 29 54 175 32 171 183 164 92 184 53 39 190 131 89 154 58 95 70 132 111 8 166 78 119 127 7 107 23 187 117 109 13 45 196 199 156 80 120 134 87 140 79 42 12 6 114 136 33 47 152 36 59 52 110 161 148 83 68 169 41 71 108 55 86 82 157 180 128 153 65 150 133 181 176 160 94 72 173 18 146 69 191 67 44 15 126 90 162 172 124 165 9 163 97 63 30 93 2
97
48 48
73 73
142 142
29 29
54 54
175 175
32 32
171 171
183 183
164 164
92 92
184 184
53 53
39 39
190 190
131 131
89 89
154 154
58 58
95 95
70 70
132 132
111 111
8 8
166 166
78 78
119 119
127 127
7 7
107 107
23 23
117 117
109 109
13 13
45 45
196 196
199 199
156 156
80 80
120 120
134 134
87 87
140 140
79 79
42 42
12 12
6 6
114 114
136 136
33 33
47 47
152 152
36 36
59 59
52 52
110 110
161 161
148 148
83 83
68 68
169 169
41 41
71 71
108 108
55 55
86 86
82 82
157 157
180 180
128 128
153 153
65 65
150 150
133 133
181 181
176 176
160 160
94 94
72 72
173 173
18 18
146 146
69 69
191 191
67 67
44 44
15 15
126 126
90 90
162 162
172 172
124 124
165 165
9 9
163 163
97 97
63 63
