0 52 16 62 4 12 10 44 2 24 43 79 76 71 93 49 48 77 55 92 42 26 20 1 21 15 56 58 61 75 51 38 82 36 72 73 97 95 96 28 65 25 19 94 7 47 88 32 35 23 78 87 37 39 53 46 60 67 70 100 27 29 17 18 50 74 68 41 11 22 90 86 99 54 13 5 83 80 89 59 91 85 34 57 40 30 81 33 63 31 14 64 69 84 8 98 6 9 3 45 66 0
98
52 52
16 16
62 62
4 4
12 12
10 10
44 44
2 2
24 24
43 43
79 79
76 76
71 71
93 93
49 49
48 48
77 77
55 55
92 92
42 42
26 26
20 20
1 1
21 21
15 15
56 56
58 58
61 61
75 75
51 51
38 38
82 82
36 36
72 72
73 73
97 97
95 95
96 96
28 28
65 65
25 25
19 19
94 94
7 7
47 47
88 88
32 32
35 35
23 23
78 78
87 87
37 37
39 39
53 53
46 46
60 60
67 67
70 70
100 100
27 27
29 29
17 17
18 18
50 50
74 74
68 68
41 41
11 11
22 22
90 90
86 86
99 99
54 54
13 13
5 5
83 83
80 80
89 89
59 59
91 91
85 85
34 34
57 57
40 40
30 30
81 81
33 33
63 63
31 31
14 14
64 64
69 69
84 84
8 8
98 98
6 6
9 9
3 3
