b2 e2 a7 b7 b3 j3 r4 g8 s4 t6 d6 h1 r7 t5 n4 f5 o2 g9 s1 n0 c5 k6 i5 j2 q3 h3 o4 s7 j6 a8 a6 b1 n3 n6 h0 k1 s9 d4 r2 e1 o8 e0 q8 o5 t2 l0 c4 h2 p7 k9 g3 h4 s2 t0 c8 i4 q5 j5 l4 f3 g1 i1 i0 s3 p9 g5 j7 g0 q1 t7 r9 p0 f6 a1 c3 b5 t8 l3 q0 o0 h6 t1 g4 m0 f2 e5 e4 o7 o6 t9 a4 l1 m4 m7 g6 d5 h5 g7 l6 l8 r1 a0
97
e2 e2
a7 a7
b7 b7
b3 b3
j3 j3
r4 r4
g8 g8
s4 s4
t6 t6
d6 d6
h1 h1
r7 r7
t5 t5
n4 n4
f5 f5
o2 o2
g9 g9
s1 s1
n0 n0
k6 k6
i5 i5
j2 j2
q3 q3
h3 h3
o4 o4
s7 s7
j6 j6
a8 a8
a6 a6
b1 b1
n3 n3
n6 n6
h0 h0
k1 k1
s9 s9
d4 d4
r2 r2
e1 e1
o8 o8
e0 e0
q8 q8
o5 o5
t2 t2
l0 l0
c4 c4
h2 h2
p7 p7
k9 k9
g3 g3
h4 h4
s2 s2
t0 t0
c8 c8
i4 i4
q5 q5
j5 j5
l4 l4
f3 f3
g1 g1
i1 i1
i0 i0
s3 s3
p9 p9
g5 g5
j7 j7
g0 g0
q1 q1
t7 t7
r9 r9
p0 p0
f6 f6
a1 a1
c3 c3
b5 b5
t8 t8
l3 l3
q0 q0
o0 o0
h6 h6
t1 t1
g4 g4
m0 m0
f2 f2
e5 e5
e4 e4
o7 o7
o6 o6
t9 t9
a4 a4
l1 l1
m4 m4
m7 m7
g6 g6
d5 d5
h5 h5
g7 g7
l6 l6
