0 37 7 17 13 93 167 65 179 193 31 71 169 191 129 47 135 67 173 125 23 103 89 91 157 75 137 181 97 9 5 11 127 131 69 101 183 27 165 35 145 33 161 139 189 107 21 73 149 105 55 77 175 185 25 87 159 95 113 45 53 85 83 177 151 59 99 51 155 195 171 147 49 1 19 15 197 111 153 133 81 187 57 119 43 41 39 143 141 199 3 109 121 123 61 29 79 63 115 117 163 0
100
37 37
7 7
17 17
13 13
93 93
167 167
65 65
179 179
193 193
31 31
71 71
169 169
191 191
129 129
47 47
135 135
67 67
173 173
125 125
23 23
103 103
89 89
91 91
157 157
75 75
137 137
181 181
97 97
9 9
5 5
11 11
127 127
131 131
69 69
101 101
183 183
27 27
165 165
35 35
145 145
33 33
161 161
139 139
189 189
107 107
21 21
73 73
149 149
105 105
55 55
77 77
175 175
185 185
25 25
87 87
159 159
95 95
113 113
45 45
53 53
85 85
83 83
177 177
151 151
59 59
99 99
51 51
155 155
195 195
171 171
147 147
49 49
1 1
19 19
15 15
197 197
111 111
153 153
133 133
81 81
187 187
57 57
119 119
43 43
41 41
39 39
143 143
141 141
199 199
3 3
109 109
121 121
123 123
61 61
29 29
79 79
63 63
115 115
117 117
163 163
