0 33 199 182 24 129 74 190 103 191 21 29 142 35 50 8 105 160 2 136 32 189 38 119 184 178 133 126 70 94 68 157 96 185 156 39 183 170 115 174 179 19 125 80 198 194 17 9 116 69 18 180 86 60 195 197 109 12 3 52 43 93 4 58 177 192 159 143 46 158 62 193 188 77 16 51 131 163 78 31 0
80
0 0
33 33
199 199
182 182
24 24
129 129
74 74
190 190
103 103
191 191
21 21
29 29
142 142
35 35
50 50
8 8
105 105
160 160
2 2
136 136
32 32
189 189
38 38
119 119
184 184
178 178
133 133
126 126
70 70
94 94
68 68
157 157
96 96
185 185
156 156
39 39
183 183
170 170
115 115
174 174
179 179
19 19
125 125
80 80
198 198
194 194
17 17
9 9
116 116
69 69
18 18
180 180
86 86
60 60
195 195
197 197
109 109
12 12
3 3
52 52
43 43
93 93
4 4
58 58
177 177
192 192
159 159
143 143
46 46
158 158
62 62
193 193
188 188
77 77
16 16
51 51
131 131
163 163
78 78
31 31
