96 2 61 8 30 10 27 176 169 193 113 189 137 65 188 62 116 141 146 132 165 162 190 182 164 108 66 138 52 153 84 172 156 71 47 60 136 100 46 22 163 56 34 38 135 45 40 177 192 68 185 50 99 93 198 3 5 133 106 139 102 166 94 36 76 69 117 57 55 168 54 32 101 109 29 21 129 186 195 67 83 111 44 103 114 123 92 181 149 142 104 121 118 33 173 95 152 179 11 23 112 1
97
2 2
61 61
8 8
30 30
10 10
27 27
176 176
169 169
193 193
113 113
189 189
137 137
65 65
188 188
62 62
116 116
141 141
146 146
132 132
165 165
162 162
182 182
164 164
108 108
66 66
138 138
52 52
153 153
84 84
172 172
156 156
71 71
47 47
60 60
136 136
100 100
46 46
22 22
163 163
56 56
34 34
38 38
135 135
45 45
40 40
177 177
192 192
68 68
185 185
50 50
99 99
93 93
198 198
3 3
5 5
133 133
106 106
139 139
102 102
166 166
94 94
36 36
76 76
69 69
117 117
57 57
55 55
168 168
54 54
32 32
101 101
109 109
29 29
21 21
129 129
186 186
195 195
67 67
83 83
111 111
44 44
103 103
114 114
123 123
92 92
181 181
149 149
142 142
104 104
121 121
118 118
33 33
173 173
95 95
152 152
179 179
11 11
