114 196 117 191 78 51 66 169 15 134 29 35 76 115 93 167 149 70 171 36 47 37 18 7 14 21 10 87 26 84 195 59 89 131 38 24 197 75 92 161 91 154 33 32 102 98 187 135 63 148 181 42 95 173 170 111 41 183 49 155 175 74 100 12 108 28 1 67 94 43 109 16 81 53 133 177 146 199 166 3 103 147 62 31 127 174 5 4 188 182 96 164 112 176 0 119 105 69 124 150 114
100
114 114
196 196
117 117
191 191
78 78
51 51
66 66
169 169
15 15
134 134
29 29
35 35
76 76
115 115
93 93
167 167
149 149
70 70
171 171
36 36
47 47
37 37
18 18
7 7
14 14
21 21
10 10
87 87
26 26
84 84
195 195
59 59
89 89
131 131
38 38
24 24
197 197
75 75
92 92
161 161
91 91
154 154
33 33
32 32
102 102
98 98
187 187
135 135
63 63
148 148
181 181
42 42
95 95
173 173
170 170
111 111
41 41
183 183
49 49
155 155
175 175
74 74
100 100
12 12
108 108
28 28
1 1
67 67
94 94
43 43
109 109
16 16
81 81
53 53
133 133
177 177
146 146
199 199
166 166
3 3
103 103
147 147
62 62
31 31
127 127
174 174
5 5
4 4
188 188
182 182
96 96
164 164
112 112
176 176
0 0
119 119
105 105
69 69
124 124
150 150
