cm bq gg en do ac bi fo bv em ds dy fi es dq fa fy cp fd co bu db e q j dx bp dh gi ab fn gk gj v gn ao dg ae di fh eq ai ge cv ee bl gc bt p u d g fw aw az bx go bb an b ad at gh dp fk cr cj cm bn ff dj ap dn am y ep ga et cs fq by gq fe er fr br bc ah as bj gm cq dw ft ck cg cl cz ey cn el a
97
cm cm
bq bq
gg gg
en en
do do
ac ac
bi bi
fo fo
bv bv
em em
ds ds
dy dy
fi fi
es es
dq dq
fa fa
fy fy
cp cp
fd fd
co co
bu bu
db db
e e
q q
j j
dx dx
bp bp
dh dh
gi gi
ab ab
fn fn
gk gk
gj gj
v v
gn gn
ao ao
dg dg
ae ae
di di
fh fh
eq eq
ai ai
ge ge
cv cv
ee ee
bl bl
bt bt
p p
u u
d d
g g
fw fw
aw aw
az az
bx bx
go go
bb bb
an an
b b
ad ad
at at
gh gh
dp dp
fk fk
cr cr
cj cj
bn bn
ff ff
dj dj
ap ap
dn dn
am am
y y
ep ep
ga ga
et et
cs cs
fq fq
by by
gq gq
fe fe
er er
fr fr
br br
bc bc
ah ah
as as
bj bj
gm gm
cq cq
dw dw
ft ft
ck ck
cg cg
cl cl
cz cz
ey ey
