Liam Jordan Bryson Leo Alexander Grayson Benjamin Jaxon King Matthew John Asher Brayden Jonathan Ethan Aiden Mateo Oscar Bryce Sebastian Edward Wyatt Gael Jameson Daniel Kaiden Jose Ezra Jackson August Hayden Austin Rowan Theodore Jude Nathan Connor Elias Kaleb Antonio Carter Chase Isaac James Oliver Patrick Easton Joel Dominic Victor Gabriel Christian Nicholas Caleb Cameron Jaxson Angel Anthony Maverick Camden David Aaron Michael Calvin Noah Lucas Henry Malachi Adam Colton Tucker Charles Mason Bentley Jayden Max Lincoln Dylan Andrew Isaiah Hunter Thomas Nolan Ryan Xavier Steven Sawyer Eli Alex Cooper Joshua Jack Harrison Adrian Elijah Emmanuel Samuel Eric Beau William Landon Bennett Justin Josiah Julian Matteo Finn Jacob Everett Cole Robert Joseph Jude Evan Liam
86
Liam Liam
Jordan Jordan
Bryson Bryson
Leo Leo
Alexander Alexander
Grayson Grayson
Benjamin Benjamin
Jaxon Jaxon
Matthew Matthew
John John
Asher Asher
Brayden Brayden
Jonathan Jonathan
Ethan Ethan
Aiden Aiden
Mateo Mateo
Oscar Levi
Sebastian Sebastian
Wyatt Wyatt
Jameson Hudson
Daniel Daniel
Jose Jose
Ezra Ezra Ezekiel Jeremiah
Jackson Jackson
Austin Austin
Theodore Theodore
Jude Jace
Nathan Nathan
Connor Connor
Elias Elias
Antonio Owen
Carter Carter
Isaac Isaac
James James
Oliver Oliver
Patrick Christopher
Easton Easton
Dominic Dominic
Gabriel Gabriel
Christian Christian
Nicholas Nicholas
Caleb Caleb
Cameron Cameron
Jaxson Jaxson
Angel Angel
Anthony Anthony
Maverick Maverick
David David
Aaron Aaron
Michael Michael
Noah Noah
Lucas Lucas
Henry Henry
Adam Adam
Colton Colton
Charles Charles
Mason Mason
Jayden Jayden
Lincoln Lincoln
Dylan Dylan
Andrew Andrew
Isaiah Isaiah
Hunter Hunter
Thomas Thomas
Nolan Logan
Ryan Ryan
Xavier Xavier
Sawyer Ian
Eli Eli
Cooper Cooper
Joshua Joshua
Jack Jack
Adrian Adrian
Elijah Elijah
Emmanuel Carson
Samuel Samuel
Eric Greyson
William William
Landon Landon
Justin Parker
Josiah Josiah
Julian Julian
Finn Luke
Jacob Jacob
Robert Robert
Joseph Joseph
