Liam Aiden Joseph Jacob Henry Alexander Oliver Benjamin Michael Elijah William Carter Daniel Wyatt Logan Noah Mason Sebastian Lucas Jackson Ethan Matthew David James Samuel Liam
23
Liam Liam
Aiden Aiden
Joseph Joseph
Jacob Jacob
Henry Henry
Alexander Alexander
Oliver Oliver
Benjamin Benjamin
Michael Michael
Elijah Elijah
William William
Carter Carter
Daniel Daniel
Wyatt Wyatt
Logan Logan
Noah Noah
Mason Mason
Sebastian Sebastian
Lucas Lucas
Jackson Jackson
Ethan Ethan
Matthew Matthew
David David
