Liam Carson Benjamin Henry Cameron John Chase Jacob William Aiden Oliver Alexander Elijah Mason Jayden Cooper Matthew Ian Michael Jaxon Wyatt Eli Lucas Noah Owen Dylan Thomas James Hudson Robert Daniel Isaiah Joseph Isaac David Sebastian Carter Samuel Gavin Luke Christian Logan Ethan Ayden Liam
29
Liam Liam
Benjamin Benjamin
Henry Henry
John John
Jacob Jacob
William William
Aiden Aiden
Oliver Oliver
Alexander Alexander
Elijah Elijah
Mason Mason
Jayden Jayden
Matthew Matthew
Michael Michael
Wyatt Wyatt
Eli Jackson
Lucas Lucas
Noah Noah
Owen Owen
Dylan Dylan
James James
Daniel Daniel
Joseph Joseph
David David
Sebastian Sebastian
Carter Carter
Samuel Samuel
Luke Luke
Logan Logan
