zero five six thirteen twenty twentyseven thirtyfour thirtyfive fortytwo fortyone forty thirtynine fortysix fortyfive thirtyeight thirtyseven thirty thirtyone thirtytwo twentyfive eighteen nineteen twelve eleven four three two nine sixteen fifteen eight fourteen seven zero
25
five five
six six
thirteen thirteen
twenty twenty
thirtyfour thirtyfour
thirtyfive thirtyfive
fortytwo fortytwo
forty forty
fortysix fortysix
fortyfive fortyfive
thirtyeight thirtyeight
thirtyseven thirtyseven
thirtyone thirtyone
thirtytwo thirtytwo
twentyfive twentyfive
eighteen eighteen
nineteen nineteen
twelve twelve
eleven eleven
three three
nine nine
sixteen sixteen
fifteen fifteen
fourteen fourteen
seven seven
