zero two three ten seventeen twentyfour twentyfive thirtytwo thirtynine thirtyeight fortyfive fortyfour fiftyone fifty fiftyseven sixtythree sixtytwo sixtyone sixtyeight seventyfive eightytwo eightyone eightyeight eightyseven eighty seventynine seventytwo seventyone seventyeight eightyfour seventyseven seventy sixtyfour sixtyfive sixtysix sixtyseven sixty fiftythree fiftyfour fiftyfive fortyeight fortyseven forty thirtythree thirtyfour thirtyfive twentynine thirty thirtyseven thirtysix twentynine twentytwo fifteen eight fourteen thirteen twelve five four zero
47
two two
three three
ten ten
twentyfour twentyfour
twentyfive twentyfive
thirtynine thirtynine
fortyfive fortyfive
fortyfour fortyfour
fiftyone fiftyone
fifty fifty
fiftyseven fiftyseven
sixtytwo sixtytwo
sixtyone sixtyone
sixtyeight sixtyeight
seventyfive seventyfive
eightytwo eightynine
eightyone eightyone
eightyeight ninetyfive
eightyseven eightyseven
seventynine seventynine
seventyone seventyone
seventyeight seventyeight
eightyfour eightyfour
seventyseven seventyseven
seventy seventy
sixtyfive sixtyfive
sixtysix sixtysix
sixtyseven sixtyseven
sixty sixty
fiftythree fiftythree
fiftyfive fiftyfive
fortyeight fortyeight
fortyseven fortyseven
thirtythree thirtythree
thirtyfour thirtyfour
thirtyfive thirtyfive
twentynine twentynine
thirty thirty
thirtyseven thirtyseven
thirtysix thirtysix
twentytwo twentytwo
fifteen fifteen
fourteen fourteen
thirteen twenty
twelve twelve
five six
four four
