zero one two three ten seventeen twentyfour thirtyone thirtyeight thirtyseven fortyfour fortyfive fiftytwo fiftythree sixty sixtyseven sixtysix fiftynine fiftyeight fiftyseven sixtyfour seventy seventyseven seventyone seventytwo seventynine eighty eightyseven ninetyfour onehunone onehuneight onehunnine onehunsixteen onehuntwentythree onehuntwentyfour onehunseventeen onehunten onehuneleven onehuneighteen onehunnineteen onehuntwentysix onehunthirtythree onehunforty onehunthirtynine onehunfortysix onehunfortyfive onehunfortyfour onehunfortythree onehunfifty onehunfiftyseven onehunsixtyfour onehunsixtythree onehunseventy onehunseventyone onehunseventyeight onehunseventyseven onehuneightyfour onehunninetyone onehunninetytwo onehunninetythree onehunninetyfour onehuneightyseven onehuneighty onehuneightyone onehuneightytwo onehunseventysix onehunsixtynine onehunseventyfive onehunseventyfour onehunseventythree onehunsixtysix onehunfiftynine onehunsixty onehunsixtyone onehunfiftyfour onehunfortyeight onehunfortynine onehunfortytwo onehunthirtyfive onehuntwentyeight onehuntwentyone onehuntwenty onehunthirteen onehunsix ninetynine ninetytwo ninetyeight ninetyone eightyfour eightythree eightytwo seventyfive sixtyeight sixtynine sixtytwo fiftyfive fortyeight fortynine fortythree thirtysix twentynine twentytwo twentythree sixteen fifteen twentyone twenty twentyseven thirtyfour thirtythree twentysix twentyfive eighteen eleven twelve thirteen fourteen seven six zero
94
one one
two two
three three
ten ten
seventeen seventeen
thirtyeight thirtyeight
thirtyseven thirtyseven
fortyfour fortyfour
fortyfive fortyfive
fiftytwo fiftytwo
fiftythree fiftythree
sixty sixty
sixtyseven sixtyseven
sixtysix sixtysix
fiftyeight fiftyeight
fiftyseven fiftyseven
sixtyfour sixtyfour
seventy seventy
seventyseven seventyseven
seventyone seventyone
seventytwo seventytwo
seventynine seventyeight
eightyseven eightyseven
onehunone onehunone
onehuneight onehuneight
onehunsixteen onehunsixteen
onehuntwentythree onehunthirty
onehuntwentyfour onehuntwentyfour
onehunseventeen onehunseventeen
onehunten onehunten
onehuneleven onehuneleven
onehuneighteen onehuneighteen
onehunnineteen onehunnineteen
onehuntwentysix onehuntwentysix
onehunforty onehunforty
onehunfortysix onehunfortysix
onehunfortyfive onehunfortyfive
onehunfortyfour onehunfortyfour
onehunfortythree onehunfortythree
onehunfifty onehunfifty
onehunfiftyseven onehunfiftyseven
onehunsixtyfour onehunsixtyfour
onehunsixtythree onehunsixtythree
onehunseventy onehunseventy
onehunseventyone onehunseventyone
onehunseventyeight onehunseventyeight
onehuneightyfour onehuneightyfour
onehunninetyone onehunninety
onehunninetytwo onehunninetytwo
onehunninetythree onehunninetythree
onehunninetyfour onehunninetyfour
onehuneightyseven onehuneightyseven
onehuneighty onehuneighty
onehuneightyone onehuneightyone
onehuneightytwo onehuneightytwo
onehunseventysix onehunseventysix
onehunsixtynine onehunsixtynine
onehunseventyfive onehunseventyfive
onehunseventyfour onehunseventyfour
onehunseventythree onehunseventythree
onehunsixtysix onehunsixtyfive
onehunfiftynine onehunfiftynine
onehunsixty onehunsixty
onehunsixtyone onehunsixtyone
onehunfiftyfour onehunfiftyfour
onehunfortynine onehunfortynine
onehunthirtyfive onehunthirtyfive
onehuntwentyeight onehuntwentyeight
onehuntwentyone onehuntwentyone
onehuntwenty onehuntwentyseven
onehunthirteen onehunthirteen
ninetynine ninetynine
ninetyeight ninetyeight
eightyfour eightyfour
eightythree eightythree
eightytwo eightytwo
seventyfive seventyfive
sixtynine sixtynine
fiftyfive fiftyfive
fortynine fortynine
fortythree fortythree
twentynine twentynine
twentythree twentythree
sixteen sixteen
fifteen fifteen
twenty twenty
twentyseven twentyseven
thirtyfour thirtyfour
thirtythree thirtythree
twentysix twentysix
twentyfive twentyfive
eleven eleven
twelve twelve
fourteen fourteen
