0 60 52 80 14 68 32 29 43 3 99 71 35 75 24 72 97 89 83 55 92 73 82 63 98 88 96 16 50 65 94 57 4 95 39 31 26 36 45 70 76 17 33 53 5 2 84 66 22 91 15 25 47 20 78 64 51 46 13 81 69 49 19 23 67 54 41 30 79 6 74 42 37 18 93 85 27 38 28 90 62 87 59 21 8 12 58 44 48 7 61 1 86 9 34 77 11 56 10 40 0
100
0 0
60 60
52 52
80 80
14 14
68 68
32 32
29 29
43 43
3 3
99 99
71 71
35 35
75 75
24 24
72 72
97 97
89 89
83 83
55 55
92 92
73 73
82 82
63 63
98 98
88 88
96 96
16 16
50 50
65 65
94 94
57 57
4 4
95 95
39 39
31 31
26 26
36 36
45 45
70 70
76 76
17 17
33 33
53 53
5 5
2 2
84 84
66 66
22 22
91 91
15 15
25 25
47 47
20 20
78 78
64 64
51 51
46 46
13 13
81 81
69 69
49 49
19 19
23 23
67 67
54 54
41 41
30 30
79 79
6 6
74 74
42 42
37 37
18 18
93 93
85 85
27 27
38 38
28 28
90 90
62 62
87 87
59 59
21 21
8 8
12 12
58 58
44 44
48 48
7 7
61 61
1 1
86 86
9 9
34 34
77 77
11 11
56 56
10 10
40 40
