0 3 117 191 140 104 138 178 113 12 114 180 109 164 142 105 21 103 116 112 175 154 106 153 158 108 194 118 98 36 125 101 68 15 76 182 114 12 132 102 2 107 4 90 171 119 55 92 117 3 0
32
191 191
140 140
104 139
138 138
178 178
113 179 170 169 168
114 184 183 181 185
180 180
109 123 121 120 122 161 162 167 166 165 163
164 164
142 142
105 143 144 145 146 141
103 135 134 137 136
116 189 188 190
112 174 176 172 177 173
175 175
154 154
106 148 151 150 149 147 152
153 153
158 158
108 160 156 157 187 186 159
194 194
118 195 196
125 125
101 128 127 130 124 129 126
182 182
132 132
102 133 131
107 155
171 171
119 198 199 197
117 192 193
