equinox flow hiccup twitch band bark novel tropical remark disposition jurisdiction aisle farewell dry paint secretary fish photograph presidential dollar lamb method corpse houseplant fibre mastermind glove uncertainty seller explicit muggy prejudice slice referee essential funeral chain union brick analyst orange wilderness clothes equinox
43
equinox equinox
flow flow
hiccup hiccup
twitch twitch
band band
bark bark
novel novel
tropical tropical
remark remark
disposition disposition
jurisdiction jurisdiction
aisle aisle
farewell farewell
dry dry
paint paint
secretary secretary
fish fish
photograph photograph
presidential presidential
dollar dollar
lamb lamb
method method
corpse corpse
houseplant houseplant
fibre fibre
mastermind mastermind
glove glove
uncertainty uncertainty
seller seller
explicit explicit
muggy muggy
prejudice prejudice
slice slice
referee referee
essential essential
funeral funeral
chain chain
union union
brick brick
analyst analyst
orange orange
wilderness wilderness
clothes clothes
