pump hallway distributor line packet prospect button wear lot affect reflection valley parallel sentiment title pedestrian performance consideration literature fairy genetic separate ensure sit mud appearance formulate preoccupation engineer freedom wage sweet innovation lemon descent pursuit need impound exercise hierarchy gloom unanimous pipe float range minor admiration pray polish reject guideline ghost depressed linger category judicial feign park forest sacrifice tip ground overlook diagram plug sticky mouse rock leadership physical brain nominate anger pump survival privilege aspect attractive row
75
pump pump
hallway hallway
distributor distributor
line line
packet packet
prospect prospect
button button
wear wear
lot lot
affect affect
reflection reflection
valley valley
parallel parallel
sentiment sentiment
title title
pedestrian pedestrian
performance performance
consideration consideration
literature literature
fairy fairy
genetic genetic
separate separate
ensure ensure
sit sit
mud mud
appearance appearance
formulate formulate
preoccupation preoccupation
engineer engineer
freedom freedom
wage wage
sweet sweet
innovation innovation
lemon lemon
descent descent
pursuit pursuit
need need
impound impound
exercise exercise
hierarchy hierarchy
gloom gloom
unanimous unanimous
pipe pipe
float float
range range
minor minor
admiration admiration
pray pray
polish polish
reject reject
guideline guideline
ghost ghost
depressed depressed
linger linger
category category
judicial judicial
feign feign
park park
forest forest
sacrifice sacrifice
tip tip
ground ground
overlook overlook
diagram diagram
plug plug
sticky sticky
mouse mouse
rock rock
leadership leadership
physical physical
brain brain
nominate nominate
anger anger
survival survival
privilege privilege
