paint complain nutty inherit desire glamorous determine same imported finish measure thumb learning wooden ambiguous rake ray slam indicate diligent route stink blade floor ice paint
25
paint paint
complain complain
nutty nutty
inherit inherit
desire desire
glamorous glamorous
determine determine
same same
imported imported
finish finish
measure measure
thumb thumb
learning learning
wooden wooden
ambiguous ambiguous
rake rake
ray ray
slam slam
indicate indicate
diligent diligent
route route
stink stink
blade blade
floor floor
ice ice
