188645 48C2D5 AFF8D1 E09D29 C98FE7 D7CAF9 D443EB 8D0852 AA8E14 724A76 467AB7 784F83 2C101C CB09C0 EF4D57 4FBDE1 0FB66D 19FFAB D27DC1 628AB2 D04F40 DD2694 A7E9D9 B7B073 07D80A B833F0 37F745 7E18E9 539A92 6D778A 800641 2EA2EE E954F7 D5356A 3ADA02 94D700 D01E6B 0A5C0E 0FBCDC 500783 44716B FF8D45 3B1041 24CE25 84EBFF 29B2A4 9B0EC2 567883 1276AF AE6906 9B9BDD 3C7AA2 FD1783 994F93 DBDC9A A5CCB5 188645
50
188645 188645
48C2D5 48C2D5
AFF8D1 AFF8D1
E09D29 E09D29
C98FE7 C98FE7
D7CAF9 D7CAF9
D443EB D443EB
8D0852 8D0852
AA8E14 AA8E14
724A76 724A76
467AB7 467AB7
784F83 784F83
2C101C 2C101C
CB09C0 CB09C0
EF4D57 EF4D57
4FBDE1 4FBDE1
0FB66D 0FB66D
19FFAB 19FFAB
628AB2 628AB2
D04F40 D04F40
DD2694 DD2694
A7E9D9 A7E9D9
B7B073 B7B073
07D80A 07D80A
B833F0 B833F0
37F745 37F745
7E18E9 7E18E9
539A92 539A92
6D778A 6D778A
800641 800641
E954F7 E954F7
D5356A D5356A
3ADA02 3ADA02
94D700 94D700
D01E6B D01E6B
0A5C0E 0A5C0E
0FBCDC 0FBCDC
500783 500783
44716B 44716B
FF8D45 FF8D45
3B1041 3B1041
84EBFF 84EBFF
29B2A4 29B2A4
9B0EC2 9B0EC2
1276AF 1276AF
9B9BDD 9B9BDD
FD1783 FD1783
994F93 994F93
DBDC9A DBDC9A
A5CCB5 A5CCB5
