7FD578 FF39A5 981760 B40756 9B7F16 E5D023 2C376F 3E0BDD 283373 877D0E 6CAF19 1BD5F4 2E60FC 1EE680 9F01C8 EEEA40 66B94B F4C859 4BCD0B 7B7BDE C3030C 859C0E 01684B E27C41 1176C9 6C7BF0 F94356 A085DD 57CBDE 1AC5CE 7FD578
25
FF39A5 FF39A5
981760 981760
B40756 B40756
9B7F16 9B7F16
E5D023 E5D023
2C376F 2C376F
3E0BDD 3E0BDD
877D0E 877D0E
6CAF19 6CAF19
1BD5F4 1BD5F4
2E60FC 2E60FC
1EE680 1EE680
9F01C8 9F01C8
EEEA40 EEEA40
66B94B 66B94B
F4C859 F4C859
4BCD0B 61D740
7B7BDE 7B7BDE
859C0E 859C0E
01684B 01684B
E27C41 E27C41
1176C9 1176C9
6C7BF0 6C7BF0
A085DD A085DD
1AC5CE 1AC5CE
