maintenance difficulty war complaint volume selection role church example career account context action sign beer average woman philosophy version depression photo feature contract price resolution economy property style marketing focus description reputation future movie inspection cause obligation wife chest sister salad competition bread day rate object rock income population driver maintenance
48
maintenance maintenance
difficulty difficulty
war war
complaint complaint
volume volume
selection selection
role role
church church
example example
career career
account account
context context
action action
sign sign
beer beer
average average
woman woman
philosophy philosophy
version version
depression depression
photo photo
feature feature
contract contract
price price
resolution resolution
economy economy
property property
style style
marketing marketing
focus focus
description description
reputation reputation
future future
movie movie
inspection inspection
cause cause
obligation obligation
wife wife
chest chest
sister sister
salad salad
competition competition
bread bread
day day
rate rate
object object
rock rock
income income
