engine card song figure variation eye class war departure source birth idea promotion beer two dirt answer ear series aspect director process accident piano drawing dealer understanding standard material choice sympathy tooth police temperature girl interaction age reputation menu bus section significance money business moment satisfaction worker mind meal error teacher editor performance beginning energy funeral buyer speech tax delivery difficulty measurement failure data tension time step volume emphasis singer analyst ratio model teaching space problem engineering view education chapter grandmother tool town flight politics sport leadership office area light fact clothes member preparation secretary side situation country machine drawer engine
98
engine engine
card card
song song
figure figure
variation variation
eye eye
class class
war war
departure departure
source source
birth birth
idea idea
promotion promotion
beer beer
two two
dirt dirt
answer answer
ear ear
series series
aspect aspect
director director
process process
accident accident
piano piano
drawing drawing
dealer dealer
understanding understanding
standard standard
material material
choice choice
sympathy sympathy
tooth tooth
police police
temperature temperature
girl girl
interaction interaction
age age
reputation reputation
menu menu
bus bus
section section
significance significance
money money
business business
moment moment
satisfaction satisfaction
worker worker
mind mind
meal meal
error error
teacher teacher
editor editor
performance performance
beginning beginning
energy energy
funeral funeral
buyer buyer
speech speech
tax tax
delivery delivery
difficulty difficulty
measurement measurement
failure failure
data data
tension tension
time time
step step
volume volume
emphasis emphasis
singer singer
analyst analyst
ratio ratio
model model
teaching teaching
space space
problem problem
engineering engineering
view view
education education
chapter chapter
grandmother grandmother
tool tool
town town
flight flight
politics politics
sport sport
leadership leadership
office office
area area
light light
fact fact
clothes clothes
member member
preparation preparation
secretary secretary
side side
situation situation
country country
