context attempt fat bread soil bit anxiety construction ability aspect departure while reality wood currency satisfaction store farmer bedroom thanks state care teaching road interaction context
25
context context
attempt attempt
fat fat
bread bread
soil soil
bit bit
anxiety anxiety
construction construction
ability ability
aspect aspect
departure departure
while while
reality reality
wood wood
currency currency
satisfaction satisfaction
store store
farmer farmer
bedroom bedroom
thanks thanks
state state
care care
teaching teaching
road road
interaction interaction
