S AZ E CR A CN I BO K AF D BA A BC K CW AB CM H AX Q AR B BG AW BJ L CF P AJ A BW B BX A CV AB BN I AP R X BK U AY Z J AU A CA I CL K BZ I AK K BL A BQ M AG A CE AC AD BR W A Y F BD C BT A AE I AS CT S AI T A BY V AA A BP O BB CB CU G AH A CP B CJ I CH K AT A AV N BU AN BH A
81
S S
AZ AZ
E E
CR CR
A BM BS AQ CQ CC BF BV CK CS AM CD BI AL
CN CN
I I
BO BO
K K AO CI CO
AF AF
D D
BA BA
BC BC
CW CW
AB AB
CM CM
H H
AX AX
Q Q
AR AR
B B BE
BG BG
AW AW
BJ BJ
L L
CF CF
P P
AJ AJ
BW BW
BX BX
CV CV
BN BN
AP AP
R R
X X
BK BK
U U
AY AY
Z Z
J J
AU AU
CA CA
CL CL
BZ BZ
AK AK
BL BL
BQ BQ
M M
AG AG
CE CE
AC AC
AD AD
BR BR
W W
Y Y
F F
BD BD
C C
BT BT
AE AE
AS AS
CT CT
AI AI
T T
BY BY
V V
AA AA
BP BP
O O
BB BB
CB CB
CU CU
G G
AH AH
CP CP
CJ CJ
CH CH
AT AT
AV AV
N N
BU BU
