Campbell Blackwell Evan Jacob Cory Stanley LeConte VLSB Boalt Kresge Gregoire Kah Sutardja Wellman Moses Pimentel South Latimer Mulford Bowles Birge Bechtel Wilde StrawberryCreek Wolf Unit2 Greek Stebbins Safeway Warren Tan Hargrove BearFoodCourt SigmaPhiOmega Evan
24
Blackwell Blackwell GenPlantBio
Evan Evan Cloyne
Jacob Unit3 Unit3 CKerr Ridge WayWest Foothill Unit1 Morgan Martinez HearstAnnex Lothlorien Haas Haas Crossroads Crossroads UCTheatre NCEM Pavilion Hildebrand YogurtPark Browns Chipotle MFoundry Barker GammaPhiBeta
Cory Extension
Stanley Campbell Campbell Doe Koshland
LeConte Campanile Campanile Wurster Wurster Spats Spats PiLambda PiAlphaPhi Zellerbach Bongo Bongo Cheeseboard ShengKee ALS RSF
VLSB VLSB NorthGate
Boalt Boalt
Kresge Castro PeoplesPark
Sutardja Sutardja
Wellman Wellman
Moses Moses Gypsys
Pimentel Stacks Sherman
Latimer Rochdale Edwards Easterly
Mulford Crescent
Bowles Calvin Graduate Etcheverry LaVals
Birge Birge
Bechtel Baker Baker Strada RoseGarden Daiso Simons TacoBell AlphaSigmaPhi Maxwell Barrows
Wilde Wilde
StrawberryCreek StrawberryCreek
Wolf Wolf
Unit2 Unit2 IndianRock
Greek Greek
Safeway Safeway
