Wheeler Dwinelle LeConte Birge Campbell Haviland Wellman RSF Koshland Stonefire Haas Minor Memorial McLaughlin RareTea Baker McCone BigC Pavilion Simons LaNote Koja Simons Pavilion BigC Bongo FallRush Metropolitan Ippuku WayWest Warren Hearst Davis Hildebrand GenPlantBio Cheit Pimentel Anthony HearstAnnex Morgan CVStarr Moffitt Soda Etcheverry Latimer Evans Morrison Hertz Kroeber Lewis Greek Bechtel Jacobs Cory Greek Morrison Evans Wheeler
30
Dwinelle Dwinelle
Birge Birge
RSF RSF
Stonefire Stonefire
Haas Haas
Minor Hargrove
Memorial IHouse
McLaughlin McLaughlin
Baker Baker Fiji
McCone CKerr
LaNote Unit2
Koja Legends TriDelta
Pavilion PeoplePark
Metropolitan Metropolitan
WayWest Cloyne
Warren Warren
Hearst Hearst
Davis Davis
Cheit Cheit
Anthony Anthony
HearstAnnex Moses
Moffitt Moffitt
Soda OCF Martinez Barker Unit3
Etcheverry Etcheverry
Latimer Foothill
Morrison Morrison
Kroeber Kroeber Boalt
Bechtel Bechtel
Jacobs Jacobs
Wheeler Sproul
