0 31 53 81 1 89 96 10 99 89 72 85 59 5 22 77 87 13 17 80 98 58 20 55 70 65 5 28 10 63 4 49 70 44 68 29 75 54 3 56 35 7 25 24 90 51 57 0 86 0
42
31 31
53 53
81 82 26 62
1 1
89 89
96 96
10 10 83
99 99
72 72
85 85
59 59
5 42
22 22
77 77
87 87
13 13
17 17
80 66
98 98
58 58
20 43
55 55
70 70
65 65
28 28
63 63
4 14
49 49
44 44
68 68
29 29
75 18
54 54
56 56
35 35
7 7
25 25
24 24
90 90
51 51
57 21
0 100 100 104 136 151 152 153 102 124 121 123 118 130 127 128 106 145 142 146 149 144 147 105 138 101 101 171 172 175 173 169 168 113 189 188 156 154 158 160 194 196 177 178 117 112 182 179 180 198 109 167
