42 114 52 178 132 167 145 63 2 67 93 114 54 111 76 78 71 61 107 104 61 30 79 8 12 48 143 181 88 172 186 120 86 150 25 154 142 4 183 166 19 3 11 99 87 60 66 164 184 151 192 62 156 188 198 108 149 40 122 34 47 139 32 175 70 57 95 72 186 196 131 160 147 73 58 116 133 36 20 38 102 158 147 91 98 5 109 13 9 26 180 45 7 101 115 89 62 138 147 169 23 185 43 92 182 100 68 22 67 140 147 113 111 129 171 75 165 97 127 10 103 117 46 94 188 199 42 1
89
52 52
132 132
167 146
145 145
63 74
2 2
93 93
114 105
54 54
76 76
78 14
71 71
107 107
104 189
61 69 51
30 30
79 21 137
8 8
12 123
48 48
143 6
181 181
88 27 84
172 56
120 120
86 125
150 150
25 64 153
154 154
4 179
183 183
19 19
11 11
87 87
66 66
184 184
151 194 17
192 192
156 156
198 198
108 44
149 149
122 122
47 41
139 139
32 157 159
175 175
57 57
95 148
72 72
196 196
160 160
73 73
58 28
116 116
133 152
36 36
20 82
38 38
158 158
91 91
98 173
5 5
13 13
9 110
26 26
180 53 106 126
45 45
7 163
101 101
89 89
138 138
169 169
185 185
92 92
182 174
100 100
68 35 90
22 22
140 140
113 113
111 121
129 129
75 75
165 177
97 97
10 10
117 117
94 94
