110 47 124 123 197 87 73 92 193 39 25 20 38 145 159 90 175 169 28 178 72 22 45 138 100 11 6 163 74 152 189 60 51 165 107 53 147 81 56 131 149 160 148 29 26 43 140 190 19 30 91 40 96 132 126 199 176 50 66 67 154 161 94 182 14 15 13 5 171 54 101 18 110 98 142 41 141 76 79 181 168 1 103 192 99 64 121 77 3 170 36 44 55 127 52 122 85 172 195 83 0
97
110 110
47 47
124 124
123 123
197 197
87 87
73 73
92 92
193 193
39 39
25 25
20 20
38 38
145 145
159 159
90 90
175 175
169 169
28 28
178 178
72 72
22 22
45 45
138 138
100 100
11 11
6 6
163 163
74 74
152 152
189 189
60 60
51 51
165 165
107 107
53 53
147 147
81 81
56 56
131 131
149 149
160 160
148 148
29 29
26 26
43 43
140 140
190 190
19 19
30 30
91 91
40 40
96 96
132 132
126 126
199 199
176 176
50 50
66 66
67 67
154 154
161 161
94 94
182 182
14 14
15 15
13 13
5 5
171 171
54 54
101 101
18 18
98 98
142 142
41 41
141 141
76 76
79 79
181 181
168 168
1 1
103 103
192 192
99 99
64 64
121 121
77 77
3 3
170 170
36 36
44 44
55 55
127 127
52 52
122 122
85 85
172 172
