0xd 0x5 0x79 0xe 0x3c 0x97 0x8f 0xc6 0x11 0x8b 0x19 0x1 0x9f 0x92 0x99 0x9e 0x64 0xb0 0x2a 0x78 0x34 0x3e 0x9a 0x15 0xa8 0x83 0x6e 0x17 0x5c 0x3a 0x4d 0x8e 0xc5 0x54 0x77 0x31 0x70 0x35 0x93 0x80 0x13 0x5d 0x4e 0x4 0x66 0xc3 0x60 0x46 0x8c 0x4e 0x90 0xa7 0xb2 0x2e 0x1d 0x9b 0x2d 0x45 0x7f 0xab 0x52 0xbd 0x2b 0xc4 0x10 0x7b 0x5e 0xb4 0xb3 0x98 0xae 0xc2 0x86 0x40 0x14 0x30 0x21 0x61 0x12 0x3b 0xac 0xbf 0x3d 0xa4 0x87 0xa9 0x49 0xa1 0xa6 0x28 0x6a 0x1b 0x72 0xb6 0x56 0x68 0x43 0xba 0x91 0xc1 0x96 0xc7 0x44 0x9c 0x6f 0xf 0x25 0x74 0x84 0x88 0x59 0xbb 0x7a 0x5a 0x6b 0x9d 0x53 0x5b 0x2c 0xa0 0x0
87
0x5 0x5
0x79 0x79
0x3c 0x89
0x97 0x97
0x8f 0x8f
0xc6 0xc6
0x11 0x11
0x8b 0x8b
0x1 0x1
0x9f 0x9f
0x99 0x99
0x9e 0x9e
0xb0 0xb0
0x2a 0x2a
0x78 0x78 0x7 0xbc
0x34 0x34
0x9a 0x9a
0x15 0x15
0xa8 0xa8
0x83 0x83
0x17 0x81
0x5c 0x6d 0x85
0x3a 0x3a
0x4d 0x4d
0x8e 0x8e
0x77 0x77
0x31 0x31
0x70 0x70
0x80 0x80
0x5d 0x9
0x4e 0x4e
0x4 0x4
0xc3 0xc3
0x60 0x60
0x46 0xb5
0x8c 0x42
0xa7 0xa7
0xb2 0xb2
0x1d 0x1d
0x9b 0xaa
0x2d 0x2d
0x45 0x45
0xab 0xab
0x52 0xa3
0xbd 0xbd
0x2b 0x2b
0xc4 0xc4
0x10 0x10
0x7b 0x7b
0xb4 0xb4
0x98 0x98
0xae 0xae
0xc2 0xc2
0x86 0x86
0x14 0x14
0x21 0x21
0x61 0x61
0x12 0x12
0x3b 0x3b
0xac 0xac
0xbf 0x1f 0x1a
0x3d 0x3d
0xa4 0xa4
0x87 0x87
0xa1 0x18
0xa6 0xa6
0x28 0x28
0x6a 0x6a
0x1b 0x1b
0xb6 0xb6
0x56 0x56
0x68 0x68
0xba 0xba
0x91 0x91
0xc7 0xc7
0x9c 0x9c
0x6f 0x6f
0xf 0xf
0x25 0x25
0x74 0x74
0x84 0x84
0x59 0x59
0xbb 0xbb
0x7a 0x7a
0x5a 0x5a
0x6b 0x6b
0x53 0x53
