1 27 58 143 150 92 88 131 13 133 138 97 83 36 102 164 10 200 70 162 31 156 82 3 51 116 161 80 69 95 136 193 177 171 110 167 6 8 9 85 75 44 81 159 59 139 111 176 140 189 34 86 151 184 101 47 126 74 129 33 37 42 16 26 2 124 165 53 174 68 50 141 55 182 198 127 89 57 35 103 20 21 87 169 84 130 49 157 56 137 99 41 144 106 60 61 77 1
97
1 1
27 27
58 58
143 143
150 150
92 92
88 88
131 131
13 13
133 133
138 138
97 97
83 83
36 36
102 102
164 164
10 10
200 200
70 70
162 162
31 31
156 156
82 82
3 3
51 51
116 116
161 161
80 80
69 69
95 95
136 136
193 193
177 177
171 171
110 110
167 167
6 6
8 8
9 9
85 85
75 75
44 44
81 81
159 159
59 59
139 139
111 111
176 176
140 140
189 189
34 34
86 86
151 151
184 184
101 101
47 47
126 126
74 74
129 129
33 33
37 37
42 42
16 16
26 26
2 2
124 124
165 165
53 53
174 174
68 68
50 50
141 141
55 55
182 182
198 198
127 127
89 89
57 57
35 35
103 103
20 20
21 21
87 87
169 169
84 84
130 130
49 49
157 157
56 56
137 137
99 99
41 41
144 144
106 106
60 60
61 61
77 77
