15 38 12 22 20 93 168 67 179 196 33 74 169 195 127 48 134 68 171 123 29 106 89 90 152 78 137 180 99 13 9 14 125 128 69 105 184 31 167 35 143 34 160 138 191 108 28 77 147 107 58 80 173 186 30 88 156 94 114 47 57 86 83 175 148 64 103 52 151 197 170 146 49 6 27 21 198 112 149 131 82 188 60 119 46 45 42 141 140 199 7 110 120 121 65 32 81 66 115 117 164 4
97
38 38
12 12
22 22
20 20
93 93
168 168
67 67
179 179
196 196
33 33
74 74
169 169
195 195
127 127
48 48
134 134
68 68
171 171
123 123
29 29
106 106
89 89
90 90
152 152
78 78
137 137
180 180
99 99
13 13
9 9
14 14
125 125
128 128
69 69
105 105
184 184
167 167
35 35
143 143
34 34
160 160
138 138
191 191
108 108
28 28
77 77
147 147
107 107
58 58
80 80
173 173
186 186
30 30
88 88
156 156
94 94
114 114
47 47
57 57
86 86
83 83
175 175
148 148
64 64
103 103
52 52
151 151
197 197
170 170
146 146
49 49
6 6
27 27
21 21
198 198
112 112
149 149
131 131
82 82
188 188
60 60
119 119
46 46
45 45
42 42
141 141
140 140
199 199
7 7
110 110
120 120
121 121
65 65
32 32
81 81
66 66
115 115
