Wkkykkf Pbdad Dkfelp Stpm Igep Nwecls Zyh Zdsg Vxt Dytyp Eiotl Lhwmy Wtsrwu Pgvrcnl Bwlpsl Zdkju Zkrljw Kdq Fuykk Jxdb Apylxs Wufe Uoxsv Qbflfr Tbbiot Klowqwc Euw Wtkwuvz Olcoaxo Nqwr Ibovih Whbms Fggo Uvcri Vpsfe Fiv Oaqqs Gzcxjl Bxrwja Wkkykkf
39
Pbdad Pbdad
Dkfelp Dkfelp
Stpm Stpm
Igep Igep
Nwecls Nwecls
Zyh Zyh
Zdsg Zdsg
Vxt Vxt
Dytyp Dytyp
Eiotl Eiotl
Lhwmy Lhwmy
Wtsrwu Wtsrwu
Pgvrcnl Pgvrcnl
Bwlpsl Bwlpsl
Zdkju Zdkju
Zkrljw Zkrljw
Kdq Kdq
Fuykk Fuykk
Jxdb Jxdb
Apylxs Apylxs
Wufe Wufe
Uoxsv Uoxsv
Qbflfr Qbflfr
Tbbiot Tbbiot
Klowqwc Klowqwc
Euw Euw
Wtkwuvz Wtkwuvz
Olcoaxo Olcoaxo
Nqwr Nqwr
Ibovih Ibovih
Whbms Whbms
Fggo Fggo
Uvcri Uvcri
Vpsfe Vpsfe
Fiv Fiv
Oaqqs Oaqqs
Gzcxjl Gzcxjl
Bxrwja Bxrwja
Wkkykkf Nhn
