A0 B2 Y4 X4 C7 X3 E3 A4 Z6 M1 Y0 Q0 K1 O5 Z5 Y3 R6 J6 E1 T6 D3 X0 A2 I5 G4 H0 G0 F6 F3 T5 W6 V2 K2 G6 O4 P2 P5 O3 U2 B5 R5 A6 Q5 G1 A1 X1 J5 X6 P0 I1 Z3 N1 C4 E5 Z4 D7 S6 D2 X2 C3 W5 C6 B4 V6 J0 L0 I0 F0 P6 S2 K4 M0 Q4 E4 M5 S1 L5 G3 M3 U6 H6 C0 M4 Y6 F4 W2 R4 I3 D0 M6 J1 Z1 T2 A5 N2 W4 T3 Q6 A7 R3 A0
98
A0 A0
B2 B2
Y4 Y4
X4 X4
C7 C7
X3 X3
E3 E3
A4 A4
Z6 Z6
M1 M1
Y0 Y0
Q0 Q0
K1 K1
O5 O5
Z5 Z5
Y3 Y3
R6 R6
J6 J6
E1 E1
T6 T6
D3 D3
X0 X0
A2 A2
I5 I5
G4 G4
H0 H0
G0 G0
F6 F6
F3 F3
T5 T5
W6 W6
V2 V2
K2 K2
G6 G6
O4 O4
P2 P2
P5 P5
O3 O3
U2 U2
B5 B5
R5 R5
A6 A6
Q5 Q5
G1 G1
A1 A1
X1 X1
J5 J5
X6 X6
P0 P0
I1 I1
Z3 Z3
N1 N1
C4 C4
E5 E5
Z4 Z4
D7 D7
S6 S6
D2 D2
X2 X2
C3 C3
W5 W5
C6 C6
B4 B4
V6 V6
J0 J0
L0 L0
I0 I0
F0 F0
P6 P6
S2 S2
K4 K4
M0 M0
Q4 Q4
E4 E4
M5 M5
S1 S1
L5 L5
G3 G3
M3 M3
U6 U6
H6 H6
C0 C0
M4 M4
Y6 Y6
F4 F4
W2 W2
R4 R4
I3 I3
D0 D0
M6 M6
J1 J1
Z1 Z1
T2 T2
A5 A5
N2 N2
W4 W4
T3 T3
Q6 Q6
