44 91 181 153 139 30 140 180 85 89 79 75 128 122 64 69 158 195 178 37 24 76 48 137 135 97 102 136 9 92 70 18 103 41 133 33 9 14 54 99 150 21 157 86 131 63 149 22 185 5 115 39 132 142 167 151 144 17 186 78 60 26 0 183 190 118 38 197 12 126 177 16 94 31 8 163 100 34 175 130 58 121 88 44 66 106 111 90 143 77 160 108 148 46 4 174 3
51
44 44
91 91
181 181
153 23
139 145
30 30
140 129
89 89
64 64
69 69
158 158
195 195
178 178
76 76
48 48
137 137
97 97
136 7
70 70
41 41
133 133
33 33
14 14
99 141
150 150
21 21
157 157
131 35
63 63
22 22
115 115
39 39
167 167
151 159 93
144 144
186 55
60 124
183 183
38 38
197 197
177 177
16 16
31 31
34 34
58 58
121 121
106 127
90 90
77 77
108 108
46 46
