100 20 5 10 8 48 85 34 91 98 17 37 86 97 66 25 69 35 88 64 13 53 46 47 80 39 70 92 50 6 4 7 65 67 36 52 93 15 84 19 74 18 82 71 96 55 12 38 76 54 29 40 89 94 14 45 81 49 58 24 28 44 43 90 77 31 51 27 79 99 87 75 26 2 11 9 100 57 78 68 42 95 30 61 23 22 21 73 72 149 3 56 62 63 32 16 41 33 59 60 83 1
97
100 100
20 20
5 5
10 10
8 8
48 48
85 85
34 34
91 91
98 98
17 17
37 37
86 86
97 97
66 66
25 25
69 69
35 35
88 88
64 64
13 13
53 53
46 46
47 47
80 80
39 39
70 70
92 92
50 50
6 6
4 4
7 7
65 65
67 67
36 36
52 52
93 93
15 15
84 84
19 19
74 74
18 18
82 82
71 71
96 96
55 55
12 12
38 38
76 76
54 54
29 29
40 40
89 89
94 94
14 14
45 45
81 81
49 49
58 58
24 24
28 28
44 44
43 43
90 90
77 77
31 31
51 51
27 27
79 79
99 99
87 87
75 75
26 26
2 2
11 11
9 9
57 57
78 78
68 68
42 42
95 95
30 30
61 61
23 23
22 22
21 21
73 73
72 72
3 3
56 56
62 62
63 63
32 32
16 16
41 41
33 33
59 59
