myBc2oGXtwQIbhN8LZB1 4jo8IXw984NR3wvT2Dr9 GvRFaXYJvrU5PAeeG88T FMx2ghinkTg3bXUUbaTx q1ntlEPy5TkjTDK1N7QA ZhHxBzOYsJAOHrqq4mZM w5Yg5o0VnYd77fs4XPRL MrSQPZSbMdgYshneAfKf 6yzFaM9N8M8BsjLACDds 1GbSD7rTlpNb4qV46SKR saIZq3FqZhdVPNoQWmqU fpPjeU3Q7Ml0oxbNnONE o53aRQwjhcCKlIFPSjvf olDP1pNg8HxpvCq8TOIJ VThEkwdtHmaZ1zsmfh4s wy0RiFWOddqgqdcatQ9A X0l14s0sRXjXSeLRZLOJ SUNxIlWVwIvWYg6OTKeH jjCSZnB5168QDqTrFROq lRM59z2yUMoVl3kzgo9u LJTA7Za5kd0YC7vjiAyc fbJ1XhavEsRSCGVVB1U1 EY74ASuADSlYlDTJLkL6 j2d1svPUTAqQIDPXwffl 5f6BSghRQWi4UfjviKjn jHmvxfAZsjs2mCnHbbFf RpB10dFWsUl9DC779n8X 1ZOzWuPMAgV9noIUn6fI C4VxHS7oWghMg001nCqT zWpsWJk9vbOt0JkC0vhz RBvtNZMBTgecfVkYzQF0 lYkJhGqsFKbDklNelAfr 69TQpRojisYUrVnWqBaA jy3jNWgqegakpFSv6gUm nmetx4LmU9YBYTmghDrT qz4O4bOhKA0YZxpN4mu9 m1eNgjuhkxodElFqqgdb bVCSBWLjvEmxQEUvDzc4 o9aZyqilfPONdyLlpTRX yAYyOcL4ZKdEiLdSPQJm ki0pv73E3TweydEr2xMN vy2boLWO2lxg10y7uS0y KtbSULrz2h1IxsKP2DHz 9OL9rFCWxsvkui0BnJrR 6X2CNJieZ0I5rs3Wfu65 uNXUIWejT1w4vLTe7QBt oTKjE2BVS0AvV4XvUeLk UMmbOoOKP6EkLMuN70H3 K674cUKePzN7aRSq4iqU e3j3O8zLHFaoF4L54lX4 o2dWBGyrvosFrr6mKxkG myBc2oGXtwQIbhN8LZB1
50
4jo8IXw984NR3wvT2Dr9 4jo8IXw984NR3wvT2Dr9
GvRFaXYJvrU5PAeeG88T GvRFaXYJvrU5PAeeG88T
FMx2ghinkTg3bXUUbaTx FMx2ghinkTg3bXUUbaTx
q1ntlEPy5TkjTDK1N7QA q1ntlEPy5TkjTDK1N7QA
ZhHxBzOYsJAOHrqq4mZM ZhHxBzOYsJAOHrqq4mZM
w5Yg5o0VnYd77fs4XPRL w5Yg5o0VnYd77fs4XPRL
MrSQPZSbMdgYshneAfKf MrSQPZSbMdgYshneAfKf
6yzFaM9N8M8BsjLACDds 6yzFaM9N8M8BsjLACDds
1GbSD7rTlpNb4qV46SKR 1GbSD7rTlpNb4qV46SKR
saIZq3FqZhdVPNoQWmqU saIZq3FqZhdVPNoQWmqU
fpPjeU3Q7Ml0oxbNnONE fpPjeU3Q7Ml0oxbNnONE
o53aRQwjhcCKlIFPSjvf o53aRQwjhcCKlIFPSjvf
olDP1pNg8HxpvCq8TOIJ olDP1pNg8HxpvCq8TOIJ
VThEkwdtHmaZ1zsmfh4s VThEkwdtHmaZ1zsmfh4s
wy0RiFWOddqgqdcatQ9A wy0RiFWOddqgqdcatQ9A
X0l14s0sRXjXSeLRZLOJ X0l14s0sRXjXSeLRZLOJ
SUNxIlWVwIvWYg6OTKeH SUNxIlWVwIvWYg6OTKeH
jjCSZnB5168QDqTrFROq jjCSZnB5168QDqTrFROq
lRM59z2yUMoVl3kzgo9u lRM59z2yUMoVl3kzgo9u
LJTA7Za5kd0YC7vjiAyc LJTA7Za5kd0YC7vjiAyc
fbJ1XhavEsRSCGVVB1U1 fbJ1XhavEsRSCGVVB1U1
EY74ASuADSlYlDTJLkL6 EY74ASuADSlYlDTJLkL6
j2d1svPUTAqQIDPXwffl j2d1svPUTAqQIDPXwffl
5f6BSghRQWi4UfjviKjn 5f6BSghRQWi4UfjviKjn
jHmvxfAZsjs2mCnHbbFf jHmvxfAZsjs2mCnHbbFf
RpB10dFWsUl9DC779n8X RpB10dFWsUl9DC779n8X
1ZOzWuPMAgV9noIUn6fI 1ZOzWuPMAgV9noIUn6fI
C4VxHS7oWghMg001nCqT C4VxHS7oWghMg001nCqT
zWpsWJk9vbOt0JkC0vhz zWpsWJk9vbOt0JkC0vhz
RBvtNZMBTgecfVkYzQF0 RBvtNZMBTgecfVkYzQF0
lYkJhGqsFKbDklNelAfr lYkJhGqsFKbDklNelAfr
69TQpRojisYUrVnWqBaA 69TQpRojisYUrVnWqBaA
jy3jNWgqegakpFSv6gUm jy3jNWgqegakpFSv6gUm
nmetx4LmU9YBYTmghDrT nmetx4LmU9YBYTmghDrT
qz4O4bOhKA0YZxpN4mu9 qz4O4bOhKA0YZxpN4mu9
m1eNgjuhkxodElFqqgdb m1eNgjuhkxodElFqqgdb
bVCSBWLjvEmxQEUvDzc4 bVCSBWLjvEmxQEUvDzc4
o9aZyqilfPONdyLlpTRX o9aZyqilfPONdyLlpTRX
yAYyOcL4ZKdEiLdSPQJm yAYyOcL4ZKdEiLdSPQJm
ki0pv73E3TweydEr2xMN ki0pv73E3TweydEr2xMN
vy2boLWO2lxg10y7uS0y vy2boLWO2lxg10y7uS0y
KtbSULrz2h1IxsKP2DHz KtbSULrz2h1IxsKP2DHz
9OL9rFCWxsvkui0BnJrR 9OL9rFCWxsvkui0BnJrR
6X2CNJieZ0I5rs3Wfu65 6X2CNJieZ0I5rs3Wfu65
uNXUIWejT1w4vLTe7QBt uNXUIWejT1w4vLTe7QBt
oTKjE2BVS0AvV4XvUeLk oTKjE2BVS0AvV4XvUeLk
UMmbOoOKP6EkLMuN70H3 UMmbOoOKP6EkLMuN70H3
K674cUKePzN7aRSq4iqU K674cUKePzN7aRSq4iqU
e3j3O8zLHFaoF4L54lX4 e3j3O8zLHFaoF4L54lX4
o2dWBGyrvosFrr6mKxkG o2dWBGyrvosFrr6mKxkG
