7FWNmYu1sEzp7YpjhNM0 IcKzxr7CcACAPE40T0L0 goJftIzc5FBlw9j9PMfL qUHIoJ8btUij9h8nDU8R 9l9bqgsSEgsSkszLK4O4 nAg8OEdqlYhSIX9nv2SQ scUa5QdkUC7khfk1TYEx 6uYVEZNStGwGBaOTSZJ3 AzIG5crlJuxKgwAi8EiY lDAnOMVYOYXzMCtINEX8 PyIlH9YicODghA6KwJUV 1foAom0YUla8ad6rygWf 6uJmr1C0tkMcbasOZ8YR uKBUiyynqpfTFP93OJ0w pPWJrH430fABR0NcoPKV B46pe0ii1rn1dcGCmje6 5yzYewNOjD4D1V8ZP8q1 kgMLDXb5R3ORIfTilNFP CdlE2FMHtE23wbpleKPr A9DFzQyemv4Vrp2lXMgz RIFDgOYLizqUpmzvNX0Y LEf0huj6HzVDaAZAnsYH g2g8WLVxe9HOQYy10Bok Hp324dioHwKLfiZ19twT ZPdVSQmUt7J8A3Rehp7D W2denTwXnWz4qrXL3aFw 7FWNmYu1sEzp7YpjhNM0
25
IcKzxr7CcACAPE40T0L0 IcKzxr7CcACAPE40T0L0
goJftIzc5FBlw9j9PMfL goJftIzc5FBlw9j9PMfL
qUHIoJ8btUij9h8nDU8R qUHIoJ8btUij9h8nDU8R
9l9bqgsSEgsSkszLK4O4 9l9bqgsSEgsSkszLK4O4
nAg8OEdqlYhSIX9nv2SQ nAg8OEdqlYhSIX9nv2SQ
scUa5QdkUC7khfk1TYEx scUa5QdkUC7khfk1TYEx
6uYVEZNStGwGBaOTSZJ3 6uYVEZNStGwGBaOTSZJ3
AzIG5crlJuxKgwAi8EiY AzIG5crlJuxKgwAi8EiY
lDAnOMVYOYXzMCtINEX8 lDAnOMVYOYXzMCtINEX8
PyIlH9YicODghA6KwJUV PyIlH9YicODghA6KwJUV
1foAom0YUla8ad6rygWf 1foAom0YUla8ad6rygWf
6uJmr1C0tkMcbasOZ8YR 6uJmr1C0tkMcbasOZ8YR
uKBUiyynqpfTFP93OJ0w uKBUiyynqpfTFP93OJ0w
pPWJrH430fABR0NcoPKV pPWJrH430fABR0NcoPKV
B46pe0ii1rn1dcGCmje6 B46pe0ii1rn1dcGCmje6
5yzYewNOjD4D1V8ZP8q1 5yzYewNOjD4D1V8ZP8q1
kgMLDXb5R3ORIfTilNFP kgMLDXb5R3ORIfTilNFP
CdlE2FMHtE23wbpleKPr CdlE2FMHtE23wbpleKPr
A9DFzQyemv4Vrp2lXMgz A9DFzQyemv4Vrp2lXMgz
RIFDgOYLizqUpmzvNX0Y RIFDgOYLizqUpmzvNX0Y
LEf0huj6HzVDaAZAnsYH LEf0huj6HzVDaAZAnsYH
g2g8WLVxe9HOQYy10Bok g2g8WLVxe9HOQYy10Bok
Hp324dioHwKLfiZ19twT Hp324dioHwKLfiZ19twT
ZPdVSQmUt7J8A3Rehp7D ZPdVSQmUt7J8A3Rehp7D
W2denTwXnWz4qrXL3aFw W2denTwXnWz4qrXL3aFw
