PlmPdVeiiHQg3JYZCDWt iwJGcbQH2bifG6D82Iel 804aK8wEArkuheeUiB4R GUntLlYA0xo9Vk4WLTLV UkqILZ2p4EbRuMBIrGXp Zzs5CIqF9Ll2avkxI78N EY9cQTmyqhrzeZsobQa5 76b3evP8JEiQ8c6jd2b5 kwA1qrRggH9YLKcVfIe5 ChEnlTNCMoqxBfyzEzW7 JakuJordFcO229c3L5ct uNMLlt0W1KUwk2d6EP98 WErk2X2lm629vuxPHVtl nKDJ3ylOzub2eWcHnAhq KOLHrmR3FKDMdl4SYdK9 JWIkMKKlAG6fUoRVxKKI iFXIyHTPBX7ivXxsV1VM 7qCgmo7DrrfnVQIWnbiV E8pbRn7LIeWnB3swkYzz MSj6zOuZ0EoAKjP4wXXW Osa2UT4anhyBl7doUFs5 PWUaVYPeofxjJdT472wG qOK6WPKQJA4Q9XqXgSgT LXqfTqJggDSh6mykPyz3 yD8JCRUWcVAZxJ4ZDldr ANdko3dYAy7a2BOq7wpm RuUdtXtfFCKpaLUcmsqg 1wRG7TNgo9ui6iZBLuaw dsndgEJWfBsFA2I3Hgqf 1JawjZrawLlOCGN1EB0O 48BAUsycKlkSkbOjYLFN Tr6dOTuKB3EM5juuJxqy YIxKvTpWMaQKGFtD5BDH 3M9YkxmgHhrzhCgskWR0 AmAHnr1XXkPpwJ6DUDIO kaVGl3oG0Ulg2MgkbJB8 m1A3pMC42PQioFziqK5C Vh6ScHVb39wz7CmKwIuA eUyNsK7nwP1YPac54CbU TpLamlzpT6GwerxzVsxr nyd0fM2XE4qmli1xfIwr 8RfB73Lw8C9LbSwIxA9Q DF1KTiOHBIkswyjh8uB1 3rqlQRwe5izypHjXjWla PIekFeWZsA6etqyFB2SF cUanhOambcNkocePqfvx NA24XhOMsROCBnUViAJT ELEJN8tWDJT7mLhCdqW3 ML4pCjYl4gPEwSnvlRaD 9zoM12ZWjXrKaszveCQH WsVMGV8yZisK6ojnqzBE 060q0aISPODkGeAbYbQ6 EVtx7khff7Fs8yuuQKJx q4nqG9N45SSRxndw48Xl zforAf5jhSPEL0aOiCeo xcisI0PJDdG9nIuyj3IS 7yt9hKqOEGabqtqIEmdH XdyhPab6W9wOZnKLq1fq x5UVX06335fM5pfCNBMU VuvjJGf6deKVAQ0JUD4i a06qeiApctGnC1GMtGuJ Dwi7fYT8wa9I4Kzyto4Y gdO0wiBlQ8wFbeNyGtx5 CofLnw0Ss4pVGWmPS5oO 4QLswP82Wvxw9Z42obzh 6WGzUhXeOltLDbkIvTzq 1tmkPhHujDQhTmW4oV7S IxWh6LSiXwGUWSx9VJ39 ukPtLY7YueARRkX8hPaS C6w7afZujemehEooILjN E59siIyngnj5PIsLeowv g0ywcwildP9K6oBendJq dvxgUZzwjHAP85QpElWp yKQw7YXCNsthb1VWEFur k8LvqKsQ4ejh0bCWs4fP zvH9G6FQ1xC7CVezs43e irZyMKazQALnyfoOCtbL MEVVMgbTLIgXdG4vAbeX U7iVliqmXRkLwyPSNdfv WZsO2i9GZwvMYoV9SyKS tX1uDaXm9hMlEKqU7m9j hZHynIvymuQxD6BftzWt jVItWJkETNqrkY47Hghp W9TKm0U6bNDZ1Aok7hNH nsq4rhHWMCaIVcah5fcd 2Cz4Y4eG1XIezf9qpdQl uaR7l3Qhn4FRAnSeVURz YmmIBqqdn3Z6PuFXWNHi YFXFh0nBpGYXfL8mfny3 4S2YiI3VYPKghkl95iqK o85TEEBuzMbePdf5cbCv EkRPPDhcu5ww6XulSOgx VXU331oDUcuzaGGUYIl9 GzSNGBn4EPemDLEWXNxx SNmFiRdCmf8vg1yMqr30 N5YDsCDN1lKguyHbn4Zb 2chOacZ5nNYuf6eeGFSW cYMPcE5UNSzOtkRY62gr NXYVlLN4oRDZThND0BmP KjQNU2EAAYEZSeJWPxLM BWhyt9wATIprZDhzxwVv PlmPdVeiiHQg3JYZCDWt
100
iwJGcbQH2bifG6D82Iel iwJGcbQH2bifG6D82Iel
804aK8wEArkuheeUiB4R 804aK8wEArkuheeUiB4R
GUntLlYA0xo9Vk4WLTLV GUntLlYA0xo9Vk4WLTLV
UkqILZ2p4EbRuMBIrGXp UkqILZ2p4EbRuMBIrGXp
Zzs5CIqF9Ll2avkxI78N Zzs5CIqF9Ll2avkxI78N
EY9cQTmyqhrzeZsobQa5 EY9cQTmyqhrzeZsobQa5
76b3evP8JEiQ8c6jd2b5 76b3evP8JEiQ8c6jd2b5
kwA1qrRggH9YLKcVfIe5 kwA1qrRggH9YLKcVfIe5
ChEnlTNCMoqxBfyzEzW7 ChEnlTNCMoqxBfyzEzW7
JakuJordFcO229c3L5ct JakuJordFcO229c3L5ct
uNMLlt0W1KUwk2d6EP98 uNMLlt0W1KUwk2d6EP98
WErk2X2lm629vuxPHVtl WErk2X2lm629vuxPHVtl
nKDJ3ylOzub2eWcHnAhq nKDJ3ylOzub2eWcHnAhq
KOLHrmR3FKDMdl4SYdK9 KOLHrmR3FKDMdl4SYdK9
JWIkMKKlAG6fUoRVxKKI JWIkMKKlAG6fUoRVxKKI
iFXIyHTPBX7ivXxsV1VM iFXIyHTPBX7ivXxsV1VM
7qCgmo7DrrfnVQIWnbiV 7qCgmo7DrrfnVQIWnbiV
E8pbRn7LIeWnB3swkYzz E8pbRn7LIeWnB3swkYzz
MSj6zOuZ0EoAKjP4wXXW MSj6zOuZ0EoAKjP4wXXW
Osa2UT4anhyBl7doUFs5 Osa2UT4anhyBl7doUFs5
PWUaVYPeofxjJdT472wG PWUaVYPeofxjJdT472wG
qOK6WPKQJA4Q9XqXgSgT qOK6WPKQJA4Q9XqXgSgT
LXqfTqJggDSh6mykPyz3 LXqfTqJggDSh6mykPyz3
yD8JCRUWcVAZxJ4ZDldr yD8JCRUWcVAZxJ4ZDldr
ANdko3dYAy7a2BOq7wpm ANdko3dYAy7a2BOq7wpm
RuUdtXtfFCKpaLUcmsqg RuUdtXtfFCKpaLUcmsqg
1wRG7TNgo9ui6iZBLuaw 1wRG7TNgo9ui6iZBLuaw
dsndgEJWfBsFA2I3Hgqf dsndgEJWfBsFA2I3Hgqf
1JawjZrawLlOCGN1EB0O 1JawjZrawLlOCGN1EB0O
48BAUsycKlkSkbOjYLFN 48BAUsycKlkSkbOjYLFN
Tr6dOTuKB3EM5juuJxqy Tr6dOTuKB3EM5juuJxqy
YIxKvTpWMaQKGFtD5BDH YIxKvTpWMaQKGFtD5BDH
3M9YkxmgHhrzhCgskWR0 3M9YkxmgHhrzhCgskWR0
AmAHnr1XXkPpwJ6DUDIO AmAHnr1XXkPpwJ6DUDIO
kaVGl3oG0Ulg2MgkbJB8 kaVGl3oG0Ulg2MgkbJB8
m1A3pMC42PQioFziqK5C m1A3pMC42PQioFziqK5C
Vh6ScHVb39wz7CmKwIuA Vh6ScHVb39wz7CmKwIuA
eUyNsK7nwP1YPac54CbU eUyNsK7nwP1YPac54CbU
TpLamlzpT6GwerxzVsxr TpLamlzpT6GwerxzVsxr
nyd0fM2XE4qmli1xfIwr nyd0fM2XE4qmli1xfIwr
8RfB73Lw8C9LbSwIxA9Q 8RfB73Lw8C9LbSwIxA9Q
DF1KTiOHBIkswyjh8uB1 DF1KTiOHBIkswyjh8uB1
3rqlQRwe5izypHjXjWla 3rqlQRwe5izypHjXjWla
PIekFeWZsA6etqyFB2SF PIekFeWZsA6etqyFB2SF
cUanhOambcNkocePqfvx cUanhOambcNkocePqfvx
NA24XhOMsROCBnUViAJT NA24XhOMsROCBnUViAJT
ELEJN8tWDJT7mLhCdqW3 ELEJN8tWDJT7mLhCdqW3
ML4pCjYl4gPEwSnvlRaD ML4pCjYl4gPEwSnvlRaD
9zoM12ZWjXrKaszveCQH 9zoM12ZWjXrKaszveCQH
WsVMGV8yZisK6ojnqzBE WsVMGV8yZisK6ojnqzBE
060q0aISPODkGeAbYbQ6 060q0aISPODkGeAbYbQ6
EVtx7khff7Fs8yuuQKJx EVtx7khff7Fs8yuuQKJx
q4nqG9N45SSRxndw48Xl q4nqG9N45SSRxndw48Xl
zforAf5jhSPEL0aOiCeo zforAf5jhSPEL0aOiCeo
xcisI0PJDdG9nIuyj3IS xcisI0PJDdG9nIuyj3IS
7yt9hKqOEGabqtqIEmdH 7yt9hKqOEGabqtqIEmdH
XdyhPab6W9wOZnKLq1fq XdyhPab6W9wOZnKLq1fq
x5UVX06335fM5pfCNBMU x5UVX06335fM5pfCNBMU
VuvjJGf6deKVAQ0JUD4i VuvjJGf6deKVAQ0JUD4i
a06qeiApctGnC1GMtGuJ a06qeiApctGnC1GMtGuJ
Dwi7fYT8wa9I4Kzyto4Y Dwi7fYT8wa9I4Kzyto4Y
gdO0wiBlQ8wFbeNyGtx5 gdO0wiBlQ8wFbeNyGtx5
CofLnw0Ss4pVGWmPS5oO CofLnw0Ss4pVGWmPS5oO
4QLswP82Wvxw9Z42obzh 4QLswP82Wvxw9Z42obzh
6WGzUhXeOltLDbkIvTzq 6WGzUhXeOltLDbkIvTzq
1tmkPhHujDQhTmW4oV7S 1tmkPhHujDQhTmW4oV7S
IxWh6LSiXwGUWSx9VJ39 IxWh6LSiXwGUWSx9VJ39
ukPtLY7YueARRkX8hPaS ukPtLY7YueARRkX8hPaS
C6w7afZujemehEooILjN C6w7afZujemehEooILjN
E59siIyngnj5PIsLeowv E59siIyngnj5PIsLeowv
g0ywcwildP9K6oBendJq g0ywcwildP9K6oBendJq
dvxgUZzwjHAP85QpElWp dvxgUZzwjHAP85QpElWp
yKQw7YXCNsthb1VWEFur yKQw7YXCNsthb1VWEFur
k8LvqKsQ4ejh0bCWs4fP k8LvqKsQ4ejh0bCWs4fP
zvH9G6FQ1xC7CVezs43e zvH9G6FQ1xC7CVezs43e
irZyMKazQALnyfoOCtbL irZyMKazQALnyfoOCtbL
MEVVMgbTLIgXdG4vAbeX MEVVMgbTLIgXdG4vAbeX
U7iVliqmXRkLwyPSNdfv U7iVliqmXRkLwyPSNdfv
WZsO2i9GZwvMYoV9SyKS WZsO2i9GZwvMYoV9SyKS
tX1uDaXm9hMlEKqU7m9j tX1uDaXm9hMlEKqU7m9j
hZHynIvymuQxD6BftzWt hZHynIvymuQxD6BftzWt
jVItWJkETNqrkY47Hghp jVItWJkETNqrkY47Hghp
W9TKm0U6bNDZ1Aok7hNH W9TKm0U6bNDZ1Aok7hNH
nsq4rhHWMCaIVcah5fcd nsq4rhHWMCaIVcah5fcd
2Cz4Y4eG1XIezf9qpdQl 2Cz4Y4eG1XIezf9qpdQl
uaR7l3Qhn4FRAnSeVURz uaR7l3Qhn4FRAnSeVURz
YmmIBqqdn3Z6PuFXWNHi YmmIBqqdn3Z6PuFXWNHi
YFXFh0nBpGYXfL8mfny3 YFXFh0nBpGYXfL8mfny3
4S2YiI3VYPKghkl95iqK 4S2YiI3VYPKghkl95iqK
o85TEEBuzMbePdf5cbCv o85TEEBuzMbePdf5cbCv
EkRPPDhcu5ww6XulSOgx EkRPPDhcu5ww6XulSOgx
VXU331oDUcuzaGGUYIl9 VXU331oDUcuzaGGUYIl9
GzSNGBn4EPemDLEWXNxx GzSNGBn4EPemDLEWXNxx
SNmFiRdCmf8vg1yMqr30 SNmFiRdCmf8vg1yMqr30
N5YDsCDN1lKguyHbn4Zb N5YDsCDN1lKguyHbn4Zb
2chOacZ5nNYuf6eeGFSW 2chOacZ5nNYuf6eeGFSW
cYMPcE5UNSzOtkRY62gr cYMPcE5UNSzOtkRY62gr
NXYVlLN4oRDZThND0BmP NXYVlLN4oRDZThND0BmP
KjQNU2EAAYEZSeJWPxLM KjQNU2EAAYEZSeJWPxLM
BWhyt9wATIprZDhzxwVv BWhyt9wATIprZDhzxwVv
