xse lrj ikb xjt nmf tlh qxs bda cen cma loj uok ybr tko jfh vmt nfr fyc jgt qdw khu zkt zdb ukv ckx ttw vzr nii bod tdu vvn fzi nry phg xme uuw vwg gex hmi ruo kpp mok txq bnl ksg fjy fin hpx aeg cun vtd byu ogh kxn xeh kfu nsw wyg wiy yug rtc lvm nvz wbg aii zud nwc ljd qbf ptu uwo bdh hcr nhi emz pvs ego fbk lwk qjf vmv rsg fgp tso fia ils pjf svk miy uau jam nko mti rjv ocp krr fhv dgl adx idv xse
99
lrj lrj
ikb ikb
xjt xjt
nmf nmf
tlh tlh
qxs qxs
bda bda
cen cen
cma cma
loj loj
uok uok
ybr ybr
tko tko
jfh jfh
vmt vmt
nfr nfr
fyc fyc
jgt jgt
qdw qdw
khu khu
zkt zkt
zdb zdb
ukv ukv
ckx ckx
ttw ttw
vzr vzr
nii nii
bod bod
tdu tdu
vvn vvn
fzi fzi
nry nry
phg phg
xme xme
uuw uuw
vwg vwg
gex gex
hmi hmi
ruo ruo
kpp kpp
mok mok
txq txq
bnl bnl
ksg ksg
fjy fjy
fin fin
hpx hpx
aeg aeg
cun cun
vtd vtd
byu byu
ogh ogh
kxn kxn
xeh xeh
kfu kfu
nsw nsw
wyg wyg
wiy wiy
yug yug
rtc rtc
lvm lvm
nvz nvz
wbg wbg
aii aii
zud zud
nwc nwc
ljd ljd
qbf qbf
ptu ptu
uwo uwo
bdh bdh
hcr hcr
nhi nhi
emz emz
pvs pvs
ego ego
fbk fbk
lwk lwk
qjf qjf
vmv vmv
rsg rsg
fgp fgp
tso tso
fia fia
ils ils
pjf pjf
svk svk
miy miy
uau uau
jam jam
nko nko
mti mti
rjv rjv
ocp ocp
krr krr
fhv fhv
dgl dgl
adx adx
idv idv
