azv vxn xie yvc uua gfr eqa gcw aur yfq brw hsi ctf oqv mis rfl rti azv ufa rcw jvc zuz pzr mpw dqy cim hlc lmh scm ipq rov ncc ovx hyb cib sau boc cwq jwx hcc hip ijd mtd hwc yiy vfq uyd qzx gei ivp wcd
47
azv azv
vxn vxn
xie xie
yvc yvc
uua uua
gfr gfr
eqa eqa
gcw gcw
aur aur
yfq yfq
brw brw
hsi hsi
ctf ctf
oqv oqv
mis mis
rfl rfl
rti rti
ufa ufa
rcw rcw
jvc jvc
zuz zuz
pzr pzr
mpw mpw
dqy dqy
cim cim
hlc hlc
lmh lmh
scm scm
ipq ipq
rov rov
ncc ncc
ovx ovx
hyb hyb
cib cib
sau sau
boc boc
cwq cwq
jwx jwx
hcc hcc
hip hip
ijd ijd
mtd mtd
hwc hwc
yiy yiy
vfq vfq
uyd uyd
qzx qzx
