zMnoKpsz12d1Y6CixoCL WErCaTW8MMgw3ZAta1gT EFVi1RMWM28DYYdOxVze UkKARQyd3ZxfrQwOeW0R ybqDdUoaPknlNwzZFeto dakEfF8eF1B4IYsSGGLe QHym2s92VJ8ycxMeFawz hH5yU5IgxmmStVnXEBJ1 jS5XJP3bXemMgWyvfsmt kHWDWFJURX8TBbDnLSlR TuA4wNSOMjTMUxZ5fZWx OcyqfDTyG7wfT1rvpitz JOo21iuZtHvP9sSModQZ GhNWfyijkz8OKJbptIGO FwLnZPETaUkrkp7dE0hH IcoYVabhkC8yNYJgy44V RIRtIJewArUY7i7A6OEl 5jE3DcSbPJWRITx0u2Kf B56U06r3nz3RZaXVmiK2 1Tm2BSSz9mj8o3m9o0TB WCUwzDEkBlRrgSeSv9vv 50qWynRev5CSErzk8Yih oJor9EUgXhaXPDmChml7 g6l3PryZJRSAXJGUyq22 hzqXRQPGO5tnMpQYDdxn e7oVwvEXzQVG9DeK8uQS M3MAG2lM6nUmTjQ3nD4D BVbv363irLjfCXrWQjqn YqOJXOtRcgzFFRGKRutM fat0ktgmwPXvqLhmWfJ0 tXtX3vcLWOYDJBh3QgZt WErCaTW8MMgw3ZAta1gT zMnoKpsz12d1Y6CixoCL
27
UkKARQyd3ZxfrQwOeW0R OMLAPgVr1RosMrpENk9K JKKWZrMfMDLTYQt6t5Ap u91JdIwHTd2zumpXCvmK
ybqDdUoaPknlNwzZFeto z6gtkXCB2ntSiYsjrque WELPo1XEQnG4JejlB13A FHGlzd4VlMUVjTba9Qjm
dakEfF8eF1B4IYsSGGLe YIAlamFOfZeHd5qDll32 yE3wNgUIJB0oZwUjLCMo 9XhdonQsTDmLQknJ4xeP
QHym2s92VJ8ycxMeFawz KP4zLIZ5LMWJ6mkRn6BX pkPHvGrHHriGlmiL3mRW QFT8yfDPa0xDNdRMchX3
hH5yU5IgxmmStVnXEBJ1 3mTCmcCkVhhFn533BM03 oougNPfNRCSRCWJrOUlb Y2BEa9hp0T63SlTWXenG
jS5XJP3bXemMgWyvfsmt Vv2apUMOUSvB9J5u8yJr ZSg6FSZaRCTLmeHoLgMI CcIlGrru613gqyngyuYo
kHWDWFJURX8TBbDnLSlR mTYxpEwVJTp369cmBN7S W8ft2Hcg1VXPVNTpprS3 dUDrtIP8WIldh2FT7uba
TuA4wNSOMjTMUxZ5fZWx jdgXkfbupFQ0XUNJEyvU WdpiLe9uZpnuS9WMphYw JzMVZjOikutQZg00S8wX
OcyqfDTyG7wfT1rvpitz sNJuS4R6b6KAUX5QI4md uqAmYQiu3O0THeAaPzKH G6KTAOxQU8MNiSLazU1t
JOo21iuZtHvP9sSModQZ oDA5VKbLZuTPP2ZEB14d T7hLF9jTtc4htoAH0PWD QmCq2RCVgnssPOgSwAr8
GhNWfyijkz8OKJbptIGO EvdCmEq3CXPDtnZYkiVu lcq8BXTLE4WDnj4JF3yo VxRxz5foWagBafuSz1m4
FwLnZPETaUkrkp7dE0hH 9c21VhIQJbtu6kG4NZT4 ZvocIzADG7dBR58wmnu8 KBGTLYOWLSviflcWwd9y
IcoYVabhkC8yNYJgy44V GaG5DAqLVuTD09GfUl6l dBvruVRsFq4ihmzPj7nf U8fsnzMIN4aMdzToihTq
RIRtIJewArUY7i7A6OEl cthtNVKVABeolrPabegT szEChRtMF49nUq5i634G FqxzURcIHYyg2FOpiXCN
5jE3DcSbPJWRITx0u2Kf 9q9h29089dBsNERnjXsd gM8AHyLc0ZjUxmDMuXzJ NieXnWTTyXxCRp5CSl0i
B56U06r3nz3RZaXVmiK2 xBNbU9Yu51mQvClxjQdr MyPRIiIVlLarPoP5nZfy Y0dqIYSR4P9Br1Cq3f9U
1Tm2BSSz9mj8o3m9o0TB ZcpnIKUrL8i4GzxAolZX 5VNO6t8qAcR3d5jJgfi4 07iKiKtYzy9bLoKUo0ve
WCUwzDEkBlRrgSeSv9vv 5cjkSqVe5mFfFhCgwe8r 15e7umNMnawEegsOhkYh ofmz95sRAyIS0ShQndvb
50qWynRev5CSErzk8Yih Vkpfkc0JUDpakJkZipKD 3fQHkf8pseCy7Ys4Kez5 QTgsp1BfPDsixeeH6QUT
oJor9EUgXhaXPDmChml7 C3qGKxHtliSTI7oOnHoB TzlCRBgA0Q2cCjETm7Vx FDT7h4JKMRWa9fcDNmXs
g6l3PryZJRSAXJGUyq22 2DqN6NYyebkVczAnrbNI Armxs904ujfdAYn9LtOF RvFA5khunRjN3Z7dmUKr
hzqXRQPGO5tnMpQYDdxn XKYNaFpYuIx7Zx7vNANa bclRgmmOqfg3PHQz06qB 8s4ukhLgGBoor0D87KUr
e7oVwvEXzQVG9DeK8uQS olgHJpCT79b6HED7FUWa ARorC1kPdEun4czh3dmX bUGtOHLCdzsNiRxcLtaT
M3MAG2lM6nUmTjQ3nD4D PrzulPuk0tqiNKmdjp0X z2nBS9pweVYpDmW0fMRS GfpGWz1SaDeisCQVEJrI
BVbv363irLjfCXrWQjqn 34ScKN0pHkNmnxdkoIOC MDHuBmBbeFOGqzpuNmVz nfdt04yvrwrpPVPzIy2c
YqOJXOtRcgzFFRGKRutM Ryx97mzVLWHytqmLAKlJ JPD2uBroiElzO4z72vhQ HAc1Ylu9mrUmnheKISnK
fat0ktgmwPXvqLhmWfJ0 qSLkk45Evo68Y4JhMUq7 mUERvxQcAO2XlgBTPRGA mNuLv0WHsIRpWEdSUREd
