Potrero Calaveras Balsdon Fiorini Fremont Ames Linden Banning Carmel Laguna Woffard Santa Boulevard All Merced Chinese Smoke Richvale Oceanside Clayton Ida Warner Hume 18th Meyers Potrero
25
Potrero Potrero
Calaveras Calaveras
Balsdon Balsdon
Fiorini Fiorini
Fremont Fremont
Ames Ames
Linden Linden
Banning Banning
Carmel Carmel
Laguna Laguna
Woffard Woffard
Santa Santa
Boulevard Boulevard
All All
Merced Merced
Chinese Chinese
Smoke Smoke
Richvale Richvale
Oceanside Oceanside
Clayton Clayton
Ida Ida
Warner Warner
Hume Hume
18th 18th
Meyers Meyers
