Nicolaus Cressey Collins Quail Pleasant Bodad Strawberry Terra Woody Bonny Huron Le Stockdale Fullerton Bangor Chittenden Armstrong Presidio Buena Rough Cambridge Sherman Balboa Parchester Coddingtown Sulpizio Wallace Alamo Anaheim Manker Sunny Blue Industry Donner Hoffman Bakersfield South Costa Portola Three Santa Pacheco Cypress Timbuctoo Helm All Beach Fox Roseland Carmel Capuchino Forbestown Cerro Industrial Delta Escondido Cabbage Potrero Escalon Antelope Warner Ramona Yankee Clayton Veterans Garcia Tijuana Hammer Brundage Dulzura Ritter Calaveras Lake Marshall Downtown Smoke Glencoe Temecula Bradley Vernon Saint Del Grasslands Yurok Smith Moores Winterhaven Kaiser Crestmont Flinn Civic Cudahy Richvale Fiorini Davenport Louis Sacramento Mecca Bell Rowland Robertsville California
97
Cressey Cressey
Collins Collins
Quail Quail
Pleasant Pleasant
Bodad Bodad
Strawberry Strawberry
Terra Terra
Woody Woody
Bonny Bonny
Huron Huron
Le Le
Stockdale Stockdale
Fullerton Fullerton
Bangor Bangor
Chittenden Chittenden
Armstrong Armstrong
Presidio Presidio
Buena Buena
Rough Rough
Cambridge Cambridge
Sherman Sherman
Balboa Balboa
Parchester Parchester
Coddingtown Coddingtown
Sulpizio Sulpizio
Wallace Wallace
Alamo Alamo
Anaheim Anaheim
Manker Manker
Sunny Sunny
Blue Blue
Industry Industry
Donner Donner
Hoffman Hoffman
Bakersfield Bakersfield
South South
Costa Costa
Portola Portola
Three Three
Santa Santa
Pacheco Pacheco
Cypress Cypress
Timbuctoo Timbuctoo
Helm Helm
All All
Beach Beach
Fox Fox
Roseland Roseland
Carmel Carmel
Capuchino Capuchino
Forbestown Forbestown
Cerro Cerro
Industrial Industrial
Delta Delta
Escondido Escondido
Cabbage Cabbage
Potrero Potrero
Escalon Escalon
Antelope Antelope
Warner Warner
Ramona Ramona
Yankee Yankee
Clayton Clayton
Veterans Veterans
Garcia Garcia
Tijuana Tijuana
Hammer Hammer
Brundage Brundage
Dulzura Dulzura
Ritter Ritter
Calaveras Calaveras
Lake Lake
Marshall Marshall
Downtown Downtown
Smoke Smoke
Glencoe Glencoe
Temecula Temecula
Bradley Bradley
Saint Saint
Del Del
Grasslands Grasslands
Yurok Yurok
Smith Smith
Moores Moores
Winterhaven Winterhaven
Kaiser Kaiser
Crestmont Crestmont
Flinn Flinn
Civic Civic
Cudahy Cudahy
Richvale Richvale
Fiorini Fiorini
Davenport Davenport
Louis Louis
Sacramento Sacramento
Mecca Mecca
Bell Bell
