Encanto Shafter Willow McAuley Quail Encanto Riverside Smoke Garden Homestead Yurok Woodbridge Mount Granite Elmira Beach Moccasin Jane Green Glencoe Cypress Richvale Ames Los Sherman Laguna Pumpkin Ramona Vernon Cabbage Chinese Banning Warner Kentfield Santa Vista Presidio Alpaugh Kern Foothills All Two Welden Delta Costa Clayton Cherokee City Bonita Forest Woffard
47
Encanto Encanto
Shafter Shafter
Willow Willow
McAuley McAuley
Quail Quail
Riverside Riverside
Smoke Smoke
Garden Garden
Homestead Homestead
Yurok Yurok
Woodbridge Woodbridge
Mount Mount
Granite Granite
Elmira Elmira
Beach Beach
Moccasin Moccasin
Jane Jane
Green Green
Glencoe Glencoe
Cypress Cypress
Richvale Richvale
Ames Ames
Los Los
Sherman Sherman
Laguna Laguna
Pumpkin Pumpkin
Ramona Ramona
Vernon Vernon
Cabbage Cabbage
Chinese Chinese
Banning Banning
Warner Warner
Kentfield Kentfield
Santa Santa
Vista Vista
Presidio Presidio
Alpaugh Alpaugh
Kern Kern
Foothills Foothills
All All
Two Two
Welden Welden
Delta Delta
Costa Costa
Clayton Clayton
Cherokee Cherokee
City City
