1 5 4 8 7 6 123 124 125 126 163 164 165 166 187 186 185 189 188 192 191 190 27 28 29 30 107 108 109 110 99 98 97 101 100 104 103 102 35 34 33 37 36 40 39 38 11 10 9 13 12 16 15 14 115 114 113 117 116 120 119 118 67 68 69 70 171 172 173 174 139 140 141 142 131 132 133 134 43 44 45 46 19 18 17 21 20 24 23 22 75 76 77 78 155 156 157 158 51 52 53 54 91 92 93 94 147 146 145 149 148 152 151 150 83 84 85 86 59 58 57 61 60 64 63 62 179 180 181 182 195 196 197 198 199 200 1
99
1 2
5 5
4 4
7 7
123 122
124 124
125 125
126 127
163 162
164 164
165 165
166 167
186 186
189 189
188 188
191 191
27 26
28 28
29 29
30 31
107 106
108 108
109 109
110 111
98 98
101 101
100 100
103 103
34 34
37 37
36 36
39 39
10 10
13 13
12 12
15 15
114 114
117 117
116 116
119 119
67 66
68 68
69 69
70 71
171 170
172 172
173 173
174 175
139 138
140 140
141 141
142 143
131 130
132 132
133 133
134 135
43 42
44 44
45 45
46 47
18 18
21 21
20 20
23 23
75 74
76 76
77 77
78 79
155 154
156 156
157 157
158 159
51 50
52 52
53 53
54 55
91 90
92 92
93 93
94 95
146 146
149 149
148 148
151 151
83 82
84 84
85 85
86 87
58 58
61 61
60 60
63 63
179 178
180 180
181 181
182 183
195 194
196 196
197 197
