Kips Chipotle Yifang NorthHall MSRI Gongcha Ikes Eureka Campbell MemorialGlade Namaste EastBaySpiceCompany HesseHall Kips EndlessSweets HalalGuys Gadani Rachas LiKaShing SmokesPoutinerie LewisHall Cafe3 ExtremePizza LaNote Homeroom PokeBar Plentea ClarkKerr BSC TukTukThai Venus Cream BerkeleyWayWest HappyLemon BerkeleyBart Barrows AshaTeaHouse Bowles HearstAnnex Pappys SuperDuperBurgers Blackwell Milkbomb ThaiBasil BrandyMelville FireTrails TheHabit UCafe Bonchon Cinnaholic HortonHall Shengkee LowerSproul Artichokes SnackShack AmoebaMusic GrizzlyPeak FoxTheater Raretea BanshoRamen LiKaShing Crossroads SouthHall Ucha YogurtPark TraderJoes Gather Spats WursterHall HearstGym LaBurrita OptometryBuilding BenAndJerry Marugame BobbyGPizza ImmThai TToust BobaNinja TennisCourts StrawberryCreek Morganhall GiauqueHall Mezzo BerkeleyArtStudio SaturnCafe HeatCafe Tilden LatimerHall Jupiter TopDog Firewings Quicklys PeoplesPark ThaiNoodle Doe JambaJuice SteamTrains Underhill Wikiwiki NoodleGirl MemorialStadium Cheeseboard BancroftLibrary LittleCampanile EastAsianLibrary Gypsys Platano Soda HildebrandHall TPTea Campanile Cornerstone UrbanOutfitters AndrewsApartment Wheeler
84
Kips Kips Muraccis
Chipotle Chipotle
Yifang Yifang
NorthHall NorthHall
Gongcha Gongcha
Ikes BetaLounge SweetheartCafe PeoplesCafe Fengcha
Eureka Eureka
MemorialGlade MemorialGlade
Namaste Namaste
EastBaySpiceCompany EastBaySpiceCompany
HalalGuys HalalGuys
Gadani Gadani
Rachas Rachas
SmokesPoutinerie TheDwight
LewisHall LewisHall
Cafe3 Cafe3
ExtremePizza ExtremePizza
LaNote TacoBell
Homeroom Homeroom
PokeBar PokeBar
Plentea Plentea
ClarkKerr ClarkKerr
BSC BSC
TukTukThai TukTukThai
Venus Venus
HappyLemon HappyLemon
BerkeleyBart SproulHall BigC TenderGreens
Barrows Safeway
AshaTeaHouse AshaTeaHouse
HearstAnnex McDonalds Morrisonhall
Pappys Pappys
SuperDuperBurgers SuperDuperBurgers
Milkbomb Milkbomb
ThaiBasil ThaiBasil
FireTrails MulfordHall
TheHabit TheHabit
UCafe UCafe
Bonchon Bonchon
Cinnaholic TripleRock Slivers
HortonHall HortonHall
Shengkee Shengkee
LowerSproul LowerSproul
Artichokes Artichokes
SnackShack SnackShack
AmoebaMusic AmoebaMusic
GrizzlyPeak GrizzlyPeak
Raretea Raretea
BanshoRamen BanshoRamen
Crossroads Crossroads
Ucha Ucha
YogurtPark Target GreatChina SatherGate
TraderJoes TraderJoes
Gather Gather
Spats Spats
WursterHall WursterHall
LaBurrita LaBurrita
OptometryBuilding OptometryBuilding
Marugame Marugame
ImmThai ImmThai
BobaNinja BobaNinja
StrawberryCreek StrawberryCreek
Morganhall Morganhall
Mezzo Mezzo
BerkeleyArtStudio BerkeleyArtStudio
SaturnCafe SaturnCafe
LatimerHall LatimerHall
Jupiter Jupiter
TopDog TopDog
Firewings Firewings
Quicklys Quicklys
ThaiNoodle ThaiNoodle
JambaJuice JambaJuice
SteamTrains KroeberHall
Underhill Underhill
Wikiwiki Wikiwiki
NoodleGirl Teazone
Cheeseboard Cheeseboard
LittleCampanile LittleCampanile
EastAsianLibrary EastAsianLibrary
Gypsys Gypsys
Platano Platano
TPTea TPTea
Campanile ChezPanisse
Cornerstone Cornerstone
