VLSB BotanicalGardens HearstMining Dwinelle HavilandHall Foothill LeConte Wheeler BerkeleyWayWest Soda Doe GreekTheatre LawrenceHall MemorialStadium InternationalHouse AlumniHouse GiauqueHall Campbell Unit3 Barrows CaliforniaHall HildebrandHall Gilman Cory Blackwell DurantHall Unit2 BancroftLibrary Blackwell Unit1 SouthHall Moffit DavisHall Stern HesseHall Campanile Evans BAMPFA Evans
23
HearstMining HearstMining
Dwinelle Dwinelle
Foothill Foothill
LeConte LeConte
Wheeler Wheeler
BerkeleyWayWest BerkeleyWayWest
Doe Doe
GreekTheatre GreekTheatre
LawrenceHall LawrenceHall
InternationalHouse InternationalHouse
Campbell Campbell
Unit3 Unit3
CaliforniaHall CaliforniaHall
HildebrandHall Bowles
Gilman Gilman
DurantHall DurantHall
Unit2 Unit2
BancroftLibrary BancroftLibrary
Unit1 Unit1
SouthHall SouthHall
Moffit Moffit
Stern Stern
Campanile Campanile
