Horse0 Ring45 Ice10 Websites81 Towel35 Ice38 Shower11 Comics49 Rollers48 Rollers34 Ring97 Mail88 Monster71 Breakfast74 Plus62 Male84 Soda57 Settings5 Towel16 Dislike51 Water52 Running77 BBQ86 Cat13 Towel37 Bird93 Kitty14 Leash68 Flowers98 Whale59 Allergies4 Allergies3 Horse55 Whale22 Bird82 Robot9 Monster39 Shower15 Breakfast19 Websites17 Book41 Floppy63 Solar58 Toilet20 Printer53 Prints23 Water66 Ice30 Shelf25 Post61 Horse0
48
Horse0 Horse0
Ring45 Ring45
Ice10 Ice10
Websites81 Websites81
Towel35 Towel35
Ice38 Ice38
Shower11 Shower11
Comics49 Comics49
Rollers48 Rollers48
Rollers34 Rollers34
Ring97 Ring97
Mail88 Mail88
Monster71 Monster71
Breakfast74 Breakfast74
Plus62 Plus62
Male84 Male84
Soda57 Soda57
Settings5 Settings5
Towel16 Towel16
Dislike51 Dislike51
Water52 Water52
Running77 Running77
BBQ86 BBQ86
Cat13 Cat13
Towel37 Towel37
Bird93 Bird93
Kitty14 Kitty14
Leash68 Leash68
Flowers98 Flowers98
Whale59 Whale59
Allergies4 Allergies4
Allergies3 Allergies3
Horse55 Horse55
Whale22 Whale22
Bird82 Bird82
Robot9 Robot9
Monster39 Monster39
Shower15 Shower15
Breakfast19 Breakfast19
Websites17 Websites17
Book41 Book41
Floppy63 Floppy63
Solar58 Solar58
Toilet20 Toilet20
Printer53 Printer53
Prints23 Prints23
Water66 Water66
Ice30 Ice30
