Shower0 Cone13 Puppy19 Plants3 Monster32 Soda18 Prints25 Laptop22 Elevator35 Ice30 YouTube4 Crab16 Android27 BBQ36 Ice42 Toilet45 Mail41 Light1 BBQ38 Allergies7 Toilet26 Cat44 Nuclear43 Sink37 Ring33 Robot49 Shower0
23
Cone13 Cone13
Puppy19 Puppy19
Plants3 Plants3
Monster32 Monster32
Soda18 Soda18
Prints25 Prints25
Laptop22 Laptop22
Elevator35 Elevator35
Ice30 Ice30
YouTube4 YouTube4
Crab16 Crab16
Android27 Android27
BBQ36 BBQ36
Ice42 Ice42
Toilet45 Toilet45
Mail41 Mail41
Light1 Light1
BBQ38 BBQ38
Allergies7 Allergies7
Toilet26 Toilet26
Cat44 Cat44
Nuclear43 Nuclear43
Sink37 Sink37
