Shelf0 Toolbox146 Horse148 Printer188 Solar192 Toolbox72 Urine20 Comics107 Allergies103 Crab83 Robot93 Ice9 Dog181 Post158 Drugs39 Light30 Soda197 Clock139 Poop76 Plus78 Clock2 Website190 Laptop125 Ring82 Poop150 Whale114 Towel154 Puppy117 Rollers14 Hnads116 Shoe17 Clock61 Mail22 Ice165 Hnads182 Plants118 Towel92 Male149 Dislike27 Settings75 Monster175 Soda119 Kitty98 Robot51 Allergies176 Fusion34 Monster73 Dog168 Shoe174 Shower47 Book171 System79 Kitty89 Boat67 Breakfast85 Whale137 Websites4 Solar71 Android196 Water29 Urine97 Urine124 System183 BBQ36 Laptop19 Water38 Robot164 Cat187 Ice41 Mail6 Shoes8 Dislike12 Rollers95 Water135 Ring169 Whale126 Kitty194 Book24 Allergies88 Dislike143 Cat15 Nuclear35 Drugs195 Shelf40 Flowers178 Toolbox153 Toilet13 Fusion104 Sink109 Leash77 Body55 Solar130 Nuclear18 Poop80 Soap64 Soap58 Puppy140 System156 Shower57 Solar162 Shelf0
98
Shelf0 Shelf0
Toolbox146 Toolbox146
Horse148 Horse148
Printer188 Printer188
Solar192 Solar192
Toolbox72 Toolbox72
Urine20 Urine20
Comics107 Comics107
Allergies103 Allergies103
Crab83 Crab83
Robot93 Robot93
Ice9 Ice9
Dog181 Dog181
Post158 Post158
Drugs39 Drugs39
Light30 Light30
Soda197 Soda197
Clock139 Clock139
Poop76 Poop76
Plus78 Plus78
Clock2 Clock2
Website190 Website190
Laptop125 Laptop125
Ring82 Ring82
Poop150 Poop150
Whale114 Whale114
Towel154 Towel154
Puppy117 Puppy117
Rollers14 Rollers14
Hnads116 Hnads116
Shoe17 Shoe17
Clock61 Clock61
Mail22 Mail22
Ice165 Ice165
Hnads182 Hnads182
Plants118 Plants118
Towel92 Towel92
Male149 Male149
Dislike27 Dislike27
Settings75 Settings75
Monster175 Monster175
Soda119 Soda119
Kitty98 Kitty98
Robot51 Robot51
Allergies176 Allergies176
Fusion34 Fusion34
Monster73 Monster73
Dog168 Dog168
Shoe174 Shoe174
Shower47 Shower47
Book171 Book171
System79 System79
Kitty89 Kitty89
Boat67 Boat67
Breakfast85 Breakfast85
Whale137 Whale137
Websites4 Websites4
Solar71 Solar71
Android196 Android196
Water29 Water29
Urine97 Urine97
Urine124 Urine124
System183 System183
BBQ36 BBQ36
Laptop19 Laptop19
Water38 Water38
Robot164 Robot164
Cat187 Cat187
Ice41 Ice41
Mail6 Mail6
Shoes8 Shoes8
Dislike12 Dislike12
Rollers95 Rollers95
Water135 Water135
Ring169 Ring169
Whale126 Whale126
Kitty194 Kitty194
Book24 Book24
Allergies88 Allergies88
Dislike143 Dislike143
Cat15 Cat15
Nuclear35 Nuclear35
Drugs195 Drugs195
Shelf40 Shelf40
Flowers178 Flowers178
Toolbox153 Toolbox153
Toilet13 Toilet13
Fusion104 Fusion104
Sink109 Sink109
Leash77 Leash77
Body55 Body55
Solar130 Solar130
Nuclear18 Nuclear18
Poop80 Poop80
Soap64 Soap64
Soap58 Soap58
Puppy140 Puppy140
System156 System156
