0 36 157 67 161 44 24 31 145 43 102 68 56 142 121 65 61 51 73 135 72 153 148 62 60 122 146 160 80 112 47 155 133 120 118 5 69 7 12 151 66 53 22 13 95 19 140 83 86 124 28 107 159 94 77 54 2 3 101 35 59 129 34 143 0
63
36 36
157 157
67 67
161 162 162 163 163 164 164 165 165 166 166 167 167 168 168 169 169 170 170 171 171 172 172 173 173 174 174 175 175 176 176 177 177 178 178 179 179 180 180 181 181 182 182 183 183 184 184 185 185 186 187
44 44
24 24
31 31
145 145
43 43
102 102
68 68
56 56
142 142
121 121
65 65
61 61
51 51
73 73
135 135
72 72
153 153
148 148
62 62
60 60
122 122
146 146
160 160
80 80
112 112
47 47
155 155
133 133
120 120
118 118
5 5
69 69 188 188 189 189 190 190 191 191 192 192 193 193 194 194 195 195 196 196 197 197 198 199
7 7
12 12
151 151
66 66
53 53
22 22
13 13
95 95
19 19
140 140
83 83
86 86
124 124
28 28
107 107
159 159
94 94
77 77
54 54
2 2
3 3
101 101
35 35
59 59
129 129
34 34
143 143
