hdpxs yqfdk ktzce zntkr zcjqx pytwh tjake lmwpk rjuxc yvbse rlumh gdovn ahnds maqho joztf jcwpu mtcsd jhlus wkbuf pihld cxdes gdnim oaeyh bwknx nqtru uklga utdhx oxuqn aedvq gstwp xnpwq amfiz evtgj oxitr hwmzn evsbm stflc bsvth btwzv mhuad kzwah xcvow wdquv ebwcp wajol mujil iyuas rzvtg qsmkj lpudv pgqva frhgc tndwl wcjeg drojn armnk syoxv bdevm gufvs vcwfj uiogl vobqh xlrzc osxbc htkwy rchbw mhekz cxajk dbjxw qhibx qhvsb sxdiu qbdwz tmwdy cihba qckjp rjdai syoxf ehqyk yqtob cqsby oewcd wnelr mlibf tkwle qpbmc yazqf ayrgb ohzfn lnjxt kscoz dkjro bkfuc kjihy fjdqi ypdnb vgwoi wotiq zqjxb ymcfp osvgp hdpxs
100
yqfdk yqfdk
ktzce ktzce
zntkr zntkr
zcjqx zcjqx
pytwh pytwh
tjake tjake
lmwpk lmwpk
rjuxc rjuxc
yvbse yvbse
rlumh rlumh
gdovn gdovn
ahnds ahnds
maqho maqho
joztf joztf
jcwpu jcwpu
mtcsd mtcsd
jhlus jhlus
wkbuf wkbuf
pihld pihld
cxdes cxdes
gdnim gdnim
oaeyh oaeyh
bwknx bwknx
nqtru nqtru
uklga uklga
utdhx utdhx
oxuqn oxuqn
aedvq aedvq
gstwp gstwp
xnpwq xnpwq
amfiz amfiz
evtgj evtgj
oxitr oxitr
hwmzn hwmzn
evsbm evsbm
stflc stflc
bsvth bsvth
btwzv btwzv
mhuad mhuad
kzwah kzwah
xcvow xcvow
wdquv wdquv
ebwcp ebwcp
wajol wajol
mujil mujil
iyuas iyuas
rzvtg rzvtg
qsmkj qsmkj
lpudv lpudv
pgqva pgqva
frhgc frhgc
tndwl tndwl
wcjeg wcjeg
drojn drojn
armnk armnk
syoxv syoxv
bdevm bdevm
gufvs gufvs
vcwfj vcwfj
uiogl uiogl
vobqh vobqh
xlrzc xlrzc
osxbc osxbc
htkwy htkwy
rchbw rchbw
mhekz mhekz
cxajk cxajk
dbjxw dbjxw
qhibx qhibx
qhvsb qhvsb
sxdiu sxdiu
qbdwz qbdwz
tmwdy tmwdy
cihba cihba
qckjp qckjp
rjdai rjdai
syoxf syoxf
ehqyk ehqyk
yqtob yqtob
cqsby cqsby
oewcd oewcd
wnelr wnelr
mlibf mlibf
tkwle tkwle
qpbmc qpbmc
yazqf yazqf
ayrgb ayrgb
ohzfn ohzfn
lnjxt lnjxt
kscoz kscoz
dkjro dkjro
bkfuc bkfuc
kjihy kjihy
fjdqi fjdqi
ypdnb ypdnb
vgwoi vgwoi
wotiq wotiq
zqjxb zqjxb
ymcfp ymcfp
osvgp osvgp
