bjyil gxdqt ywion vczkh otirh yaxts ugyls omjfc ijofp mzlsn qdzgs bcrwj lcghr urlkt mlfbi ablxw ijvuq tyuep zsehb lsnhz hutmk coubd spuoi ugamb xeljy axmwy yzaje xnysi misyc vmgxh tejxc lnfiu xintv dowbf hopbn rlfxc cursl aeomh oscrv yiodb artvi aqzce
37
gxdqt gxdqt
ywion ywion
vczkh vczkh
otirh otirh
yaxts yaxts
ugyls ugyls
omjfc omjfc
ijofp ijofp
mzlsn mzlsn
qdzgs qdzgs
bcrwj bcrwj
lcghr lcghr
urlkt urlkt
mlfbi mlfbi
ablxw ablxw
ijvuq ijvuq
tyuep tyuep
zsehb zsehb
lsnhz lsnhz
coubd coubd
spuoi spuoi
ugamb ugamb
xeljy xeljy
axmwy axmwy
yzaje yzaje
xnysi xnysi
misyc misyc
vmgxh vmgxh
tejxc tejxc
lnfiu lnfiu
xintv xintv
dowbf dowbf
hopbn hopbn
rlfxc rlfxc
cursl cursl
aeomh aeomh
oscrv oscrv
