ChulaVista Hampton Tuscaloosa Winston Marina Henderson Austin Gainesville Lewisville StPetersburg SaltLakeCity Chattanooga Lowell WestValleyCity Columbia GreenBay Redding SanAntonio Aberdeen Reno SouthLyon Montgomery Springdale Reno Modesto SanBernardino Hartford Miramar Newburgh Pensacola
21
Hampton Hampton
Tuscaloosa Tuscaloosa
Winston Winston
Marina Marina
Henderson Henderson
Austin Austin
Gainesville Gainesville
Lewisville Lewisville
StPetersburg StPetersburg
SaltLakeCity SaltLakeCity
Chattanooga Chattanooga
Lowell Lowell
WestValleyCity WestValleyCity
GreenBay GreenBay
SanAntonio SanAntonio
Reno Reno
SouthLyon SouthLyon
Montgomery Racine
Springdale Springdale
Modesto Modesto
SanBernardino SanBernardino
