Hayward Norwich Spartanburg LakeCharles HuntingtonBeach Hagerstown Plano Lacey Savannah OverlandPark Greenville Modesto Hartford NorthLasVegas SouthBend Detroit Mobile Hemet PuntaGorda Tucson Utica Champaign York NewYorkCity Bakersfield Racine Melbourne Torrance Vancouver Henderson Topeka Omaha Scottsdale DesMoines StLouis Salinas Monroe SiouxCity Birmingham Barnstable ThousandOaks McAllen Frederick Downey Salem Deltona Huntsville Bethlehem Kissimmee Louisville Bloomington CapeCoral PalmBay CorpusChristi Hampton Newark Tacoma Kalamazoo RoundLakeBeach Arvada Scranton Reno Ogden CathedralCity NewBedford Mesquite Anchorage Charlotte Lubbock Pueblo GrandRapids RichmondCounty SiouxFalls Carrollton Layton Marysville Boise Eugene Tyler Nashua LasVegas Stamford Columbus Anaheim SanBuenaventura Oxnard Albuquerque Burlington ElPaso SaintPaul Duluth Elkhart Flint Fullerton SantaClara Aberdeen Marina NewportNews Cincinnati Roseville Laredo GreenBay Fresno JohnsonCity HavredeGrace Harlingen Hialeah Newburgh Waterbury Hayward
99
Norwich Norwich
Spartanburg Spartanburg
LakeCharles LakeCharles
HuntingtonBeach HuntingtonBeach
Hagerstown Hagerstown
Plano Plano
Lacey Lacey
Savannah Savannah
OverlandPark OverlandPark
Greenville Greenville
Modesto Modesto
Hartford Hartford
NorthLasVegas NorthLasVegas
Detroit Detroit
Mobile Mobile
Hemet Hemet
PuntaGorda PuntaGorda
Tucson Tucson
Utica Utica
Champaign Champaign
York York
NewYorkCity NewYorkCity
Bakersfield Bakersfield
Racine Racine
Melbourne Melbourne
Torrance Torrance
Vancouver Vancouver
Henderson Henderson
Topeka Topeka
Omaha Omaha
Scottsdale Scottsdale
StLouis StLouis
Monroe Monroe
Birmingham Birmingham
Barnstable Barnstable
ThousandOaks ThousandOaks
McAllen McAllen
Frederick Frederick
Downey Olympia
Salem Salem
Deltona Deltona
Huntsville Huntsville
Bethlehem Bethlehem
Kissimmee Kissimmee
Louisville Louisville
Bloomington Bloomington
CapeCoral CapeCoral
PalmBay PalmBay
CorpusChristi CorpusChristi
Newark Newark
Kalamazoo Kalamazoo
RoundLakeBeach RoundLakeBeach
Arvada Arvada
Scranton Scranton
Ogden Ogden
CathedralCity CathedralCity
NewBedford NewBedford
Mesquite Mesquite
Anchorage Anchorage
Charlotte Charlotte
Lubbock Lubbock
Pueblo Pueblo
GrandRapids GrandRapids
RichmondCounty RichmondCounty
SiouxFalls SiouxFalls
Layton Layton
Marysville Marysville
Boise Boise
Eugene Eugene
Tyler Tyler
Nashua Nashua
LasVegas LasVegas
Stamford Stamford
Columbus Columbus
Anaheim Anaheim
SanBuenaventura SanBuenaventura
Oxnard Oxnard
Albuquerque Albuquerque
Burlington Burlington
ElPaso ElPaso
SaintPaul SaintPaul
Duluth Duluth
Elkhart Elkhart
Flint Flint
Fullerton Fullerton
SantaClara SantaClara
Aberdeen Aberdeen
Marina Marina
NewportNews NewportNews
Cincinnati Cincinnati
Laredo Laredo
GreenBay GreenBay
Fresno Fresno
JohnsonCity JohnsonCity
HavredeGrace HavredeGrace
Harlingen Harlingen
Hialeah Hialeah
Newburgh Newburgh
Waterbury Waterbury
