Abilene Omaha Topeka Montgomery ThousandOaks Asheville Hayward SantaClara BelAir McAllen Atlanta Danbury Burbank Chicago Monroe HuntingtonBeach Hickory Tyler Kennewick NewYorkCity Waterloo Yonkers GrandRapids Abilene Downey Hampton RichmondCounty York Huntsville Irvine LakeCharles Newark Bloomington Durham Deltona Charlotte Barnstable Springdale McHenry Torrance PalmBay Modesto CedarRapids Memphis Winston Murrieta Fontana SantaCruz Tucson Aurora NewBedford Waco Harlingen Bradenton SaintPaul PuntaGorda
46
Omaha Omaha
Topeka Topeka
ThousandOaks ThousandOaks
Asheville Asheville
SantaClara SantaClara
BelAir BelAir
McAllen McAllen
Atlanta Atlanta
Danbury Danbury
Burbank Burbank
Chicago Chicago
Monroe Monroe
HuntingtonBeach HuntingtonBeach
Hickory Hickory
Tyler Tyler
Kennewick Kennewick
NewYorkCity NewYorkCity
Waterloo Waterloo
Yonkers Yonkers
GrandRapids GrandRapids
Downey Downey
Hampton Hampton
RichmondCounty RichmondCounty
York York
Huntsville Huntsville
LakeCharles LakeCharles
Newark Newark
Bloomington Bloomington
Durham Durham
Deltona Deltona
Charlotte Charlotte
Barnstable Barnstable
Springdale Springdale
McHenry McHenry
Torrance Torrance
PalmBay PalmBay
Modesto Modesto
CedarRapids CedarRapids
Memphis Memphis
Murrieta Tampa
SantaCruz SantaCruz
Tucson Tucson
Aurora Bakersfield
NewBedford NewBedford
Waco Waco
Harlingen Harlingen
