AndyandZeyu i0 h0 f0 g0 j0 AndyandZeyu i3 h3 g3 f3 j3 AndyandZeyu g4 h4 i4 f4 AndyandZeyu j5 f6 g6 h6 i6 AndyandZeyu j8 j7 h8 f8 g8 i8 AndyandZeyu f7 b7 h7 g7 j6 i7 AndyandZeyu g1 f1 j1 i1 h1 AndyandZeyu g2 j2 h2 i2 f2 AndyandZeyu f j g h i AndyandZeyu i5 j4 f5 AndyandZeyu5 g5 h5 AndyandZeyu
48
i0 i0
h0 h0
f0 f0
g0 g0
j0 j0
i3 i3
h3 h3
g3 g3
f3 f3
j3 j3
g4 g4
h4 h4
i4 i4
f4 f4
j5 j5
f6 f6
g6 g6
h6 h6
i6 i6
j8 j8
j7 j7
h8 h8
f8 f8
g8 g8
i8 i8
f7 f7
h7 h7
g7 g7
j6 j6
i7 i7
g1 g1
f1 f1
j1 j1
i1 i1
h1 h1
g2 g2
j2 j2
h2 h2
i2 i2
f2 f2
f f
j j
g g
h h
i i
i5 i5
j4 j4
f5 f5
