AndyandZeyu g3 f3 j3 h3 i3 AndyandZeyu g8 f8 j8 j7 h8 i8 AndyandZeyu g9 h9 i9 f9 AndyandZeyu f15 i15 j14 AndyandZeyu15 g15 h15 AndyandZeyu f17 i17 j16 g17 h17 d17 AndyandZeyu h i f j g AndyandZeyu d12 h12 g12 j11 i12 f12 AndyandZeyu f14 i14 h14 g14 AndyandZeyu f11 j10 g11 h11 i11 AndyandZeyu g4 f4 i4 h4 AndyandZeyu i6 h6 g6 f6 j5 AndyandZeyu i5 j4 f5 AndyandZeyu5 g5 h5 AndyandZeyu d7 h7 g7 j6 i7 f7 AndyandZeyu j18 j17 h18 i18 g18 f18 AndyandZeyu i16 h16 g16 f16 j15 AndyandZeyu g0 j0 f0 h0 i0 AndyandZeyu i1 h1 g1 f1 j1 AndyandZeyu j13 j12 h13 i13 g13 f13 AndyandZeyu g2 j2 h2 i2 f2 AndyandZeyu i10 e10 g10 h10 j9 f10 AndyandZeyu
100
g3 g3
f3 f3
j3 j3
h3 h3
i3 i3
g8 g8
f8 f8
j8 j8
j7 j7
h8 h8
i8 i8
g9 g9
h9 h9
i9 i9
f9 f9
f15 f15
i15 i15
j14 j14
g15 g15
h15 h15
f17 f17
i17 i17
j16 j16
g17 g17
h17 h17
h h
i i
f f
j j
g g
h12 h12
g12 g12
j11 j11
i12 i12
f12 f12
f14 f14
i14 i14
h14 h14
g14 g14
f11 f11
j10 j10
g11 g11
h11 h11
i11 i11
g4 g4
f4 f4
i4 i4
h4 h4
i6 i6
h6 h6
g6 g6
f6 f6
j5 j5
i5 i5
j4 j4
f5 f5
g5 g5
h5 h5
h7 h7
g7 g7
j6 j6
i7 i7
f7 f7
j18 j18
j17 j17
h18 h18
i18 i18
g18 g18
f18 f18
i16 i16
h16 h16
g16 g16
f16 f16
j15 j15
g0 g0
j0 j0
f0 f0
h0 h0
i0 i0
i1 i1
h1 h1
g1 g1
f1 f1
j1 j1
j13 j13
j12 j12
h13 h13
i13 i13
g13 g13
f13 f13
g2 g2
j2 j2
h2 h2
i2 i2
f2 f2
i10 i10
g10 g10
h10 h10
j9 j9
f10 f10
