A TA2N TA4 TA3 TA7 TA5 TA221 TA1512NN TA17 TA81 TA1812NN TA112NN TA202N TA152N TA2412NN TA6 TA9 TA12 TA1312NN TA171 TA312NN TA712NN TA1212NN TA13 TA512NN TA111 TA71 TA21 TA22N TA2112NN TA201 TA121 TA232N TA161 TA151 TA181 TA141 TA131 TA10 TA20 TA172N TA182N TA11 TB21 TA42N TA1712NN TA1012NN TB1 TA2212NN TA16 TA912NN TA1112NN TA22 TA32N TA231 TA211 TA212N TA2312NN TA612NN TA102N TA112N TA142N TA82N TA24 TA62N TA1912NN TA212NN TA122N TA132N TA92N TA19 TB11 TA31 TA14 TA41 TA18 TA162N TA12N TA52N TA72N TA1 TA2 TA1612NN TA241 TA242N TA61 TA191 TA412NN TA12NN TA TA222N TA91 TA23 TA812NN TA101 TA15 TA2012NN TA1412NN TA8 TA51 TA192N A
98
TA2N TA2N
TA4 TA4
TA3 TA3
TA7 TA7
TA5 TA5
TA221 TA221
TA1512NN TA1512NN
TA17 TA17
TA81 TA81
TA1812NN TA1812NN
TA112NN TA112NN
TA202N TA202N
TA152N TA152N
TA2412NN TA2412NN
TA6 TA6
TA9 TA9
TA12 TA12
TA1312NN TA1312NN
TA171 TA171
TA312NN TA312NN
TA712NN TA712NN
TA1212NN TA1212NN
TA13 TA13
TA512NN TA512NN
TA111 TA111
TA71 TA71
TA21 TA21
TA22N TA22N
TA2112NN TA2112NN
TA201 TA201
TA121 TA121
TA232N TA232N
TA161 TA161
TA151 TA151
TA181 TA181
TA141 TA141
TA131 TA131
TA10 TA10
TA20 TA20
TA172N TA172N
TA182N TA182N
TA11 TA11
TB21 TB21
TA42N TA42N
TA1712NN TA1712NN
TA1012NN TA1012NN
TB1 TB1
TA2212NN TA2212NN
TA16 TA16
TA912NN TA912NN
TA1112NN TA1112NN
TA22 TA22
TA32N TA32N
TA231 TA231
TA211 TA211
TA212N TA212N
TA2312NN TA2312NN
TA612NN TA612NN
TA102N TA102N
TA112N TA112N
TA142N TA142N
TA82N TA82N
TA24 TA24
TA62N TA62N
TA1912NN TA1912NN
TA212NN TA212NN
TA122N TA122N
TA132N TA132N
TA92N TA92N
TA19 TA19
TB11 TB11
TA31 TA31
TA14 TA14
TA41 TA41
TA18 TA18
TA162N TA162N
TA12N TA12N
TA52N TA52N
TA72N TA72N
TA1 TA1
TA2 TA2
TA1612NN TA1612NN
TA241 TA241
TA242N TA242N
TA61 TA61
TA191 TA191
TA412NN TA412NN
TA12NN TA12NN
TA TA
TA222N TA222N
TA91 TA91
TA23 TA23
TA812NN TA812NN
TA101 TA101
TA15 TA15
TA2012NN TA2012NN
TA1412NN TA1412NN
TA8 TA8
