A TA111 TA81 TA51 TA121 TA7 TA3 TA71 TA4 TA2 TA21 TA41 TA191 TA161 TB21 TA13 TA23 TA20 TA22 TA211 TA241 TA14 TA11 TA16 TA19 TA1 TA231 TA181 TA TA91 TA61 TA151 TA221 TA131 TB1 TA171 TA101 TA201 TA17 TA12 TA10 TA15 TA9 TA8 TA31 TA24 TA5 TB11 TA6 TA18 TA141 A
50
TA111 TA111
TA81 TA81
TA51 TA51
TA121 TA121
TA7 TA7
TA3 TA3
TA71 TA71
TA4 TA4
TA2 TA2
TA21 TA21
TA41 TA41
TA191 TA191
TA161 TA161
TB21 TB21
TA13 TA13
TA23 TA23
TA20 TA20
TA22 TA22
TA211 TA211
TA241 TA241
TA14 TA14
TA11 TA11
TA16 TA16
TA19 TA19
TA1 TA1
TA231 TA231
TA181 TA181
TA TA
TA91 TA91
TA61 TA61
TA151 TA151
TA221 TA221
TA131 TA131
TB1 TB1
TA171 TA171
TA101 TA101
TA201 TA201
TA17 TA17
TA12 TA12
TA10 TA10
TA15 TA15
TA9 TA9
TA8 TA8
TA31 TA31
TA24 TA24
TA5 TA5
TB11 TB11
TA6 TA6
TA18 TA18
TA141 TA141
