0 1 19 21 23 22 20 32 46 47 48 49 50 51 52 53 54 52 62 63 64 65 73 74 88 90 99 98 89 104 105 106 107 111 112 121 126 127 128 129 130 137 139 144 143 142 141 140 138 147 151 152 153 154 155 156 157 173 174 189 190 197 198 191 199 0
31
1 17 7 2 4 15
21 30
23 23
20 25
32 44 42 33
48 48
51 40
53 53
54 54
52 56
62 67
64 64
73 72
74 87 83 76 86
99 99
89 91 101 94
104 108
105 105
112 114 120
127 127
128 124
130 130
137 136
139 146
142 142
147 148
154 154
157 172 168 163 158
174 176 186 178 182
190 192 194
198 198
