MfdzFvsdGbvl buqjmAINqGzN tywOQDwDhjwZ AGbRQRBgaOdX EoEdLMroSPNp dDFWxTbuPymh ZjfLZjjegWJT SgyAcloZDNJV pQCFwcmaYfTN pkzKsTORVYro QHpWWcCYavdw mtRsLIzrlNLu DvRTDyBMOCbT mFYKjQfCsRtT VARFNCcqfgIc BbyhqvohDUZK hCxjbMrSlUJQ PvZWLvSzyZfH rVqgoVgUmLRB deJmWrylVSGK MkUBuIisCVpZ dFUHctNjrywb PUcvIgREsriS NlmuUUVQUbgI AMizjBPjmCZd TbekQRoKcInv FCrKCfVsEsBk PnbamVANEguC MOpktZzuQRCH SojgLCNtJNvq jBrNTBMPxyQD RICmsRCgzRsB QifLRRQkbeZy uFHfCerNFIme DFscNnuMhxUC PQTqeEtJjrHq GemeldahvdVv axLiuEEXvnsQ noaMakAlHdwq hLGIbMiwjPgd UVLyMXgqTFaJ IHnRSACwPeSd rrRAqFcoDYfk GuSSYBNHDbKE GKWfMfVZxbJi VyXrTLUcizAa plKUVNXwKfVb arcJTkwUqbUy BkcPMTugAswL MLnLJmQHwuOS ymJllvoAiAsf MfdzFvsdGbvl
50
buqjmAINqGzN buqjmAINqGzN
tywOQDwDhjwZ tywOQDwDhjwZ
AGbRQRBgaOdX AGbRQRBgaOdX
EoEdLMroSPNp EoEdLMroSPNp
dDFWxTbuPymh dDFWxTbuPymh
ZjfLZjjegWJT ZjfLZjjegWJT
SgyAcloZDNJV SgyAcloZDNJV
pQCFwcmaYfTN pQCFwcmaYfTN
pkzKsTORVYro pkzKsTORVYro
QHpWWcCYavdw QHpWWcCYavdw
mtRsLIzrlNLu mtRsLIzrlNLu
DvRTDyBMOCbT DvRTDyBMOCbT
mFYKjQfCsRtT mFYKjQfCsRtT
VARFNCcqfgIc VARFNCcqfgIc
BbyhqvohDUZK BbyhqvohDUZK
hCxjbMrSlUJQ hCxjbMrSlUJQ
PvZWLvSzyZfH PvZWLvSzyZfH
rVqgoVgUmLRB rVqgoVgUmLRB
deJmWrylVSGK deJmWrylVSGK
MkUBuIisCVpZ MkUBuIisCVpZ
dFUHctNjrywb dFUHctNjrywb
PUcvIgREsriS PUcvIgREsriS
NlmuUUVQUbgI NlmuUUVQUbgI
AMizjBPjmCZd AMizjBPjmCZd
TbekQRoKcInv TbekQRoKcInv
FCrKCfVsEsBk FCrKCfVsEsBk
PnbamVANEguC PnbamVANEguC
MOpktZzuQRCH MOpktZzuQRCH
SojgLCNtJNvq SojgLCNtJNvq
jBrNTBMPxyQD jBrNTBMPxyQD
RICmsRCgzRsB RICmsRCgzRsB
QifLRRQkbeZy QifLRRQkbeZy
uFHfCerNFIme uFHfCerNFIme
DFscNnuMhxUC DFscNnuMhxUC
PQTqeEtJjrHq PQTqeEtJjrHq
GemeldahvdVv GemeldahvdVv
axLiuEEXvnsQ axLiuEEXvnsQ
noaMakAlHdwq noaMakAlHdwq
hLGIbMiwjPgd hLGIbMiwjPgd
UVLyMXgqTFaJ UVLyMXgqTFaJ
IHnRSACwPeSd IHnRSACwPeSd
rrRAqFcoDYfk rrRAqFcoDYfk
GuSSYBNHDbKE GuSSYBNHDbKE
GKWfMfVZxbJi GKWfMfVZxbJi
VyXrTLUcizAa VyXrTLUcizAa
plKUVNXwKfVb plKUVNXwKfVb
arcJTkwUqbUy arcJTkwUqbUy
BkcPMTugAswL BkcPMTugAswL
MLnLJmQHwuOS MLnLJmQHwuOS
ymJllvoAiAsf ymJllvoAiAsf
