MHnVCXOJJwOI crcFIKqbaYTC svpVoYHpEpjH UvfnFwkwYqFk SJPfUQrbAbqM JCPkGQQBkgge ltlOmMSvjmIL KKNtdnAHmUpc MlFqcqjWiUdI PCNGxUSnzrYJ jmWqilJNXyuV cXYRsTNMJDHO ilCjMogPnNTK GoPPViXuIoMW AZrILCuGwbtV FhVNapbaoZOZ GLfJulJDWdHA RWoTZCNhceUR NkzUoyRYPnbb oClepMbylsqk NmmqQKqzdERM YbGvPudTcbyh bVDkAfQbeTmx SPoMbAzxrqrj YfpLHnDpSXzc phTlHtTwrYOU MHnVCXOJJwOI
25
crcFIKqbaYTC crcFIKqbaYTC
svpVoYHpEpjH svpVoYHpEpjH
UvfnFwkwYqFk UvfnFwkwYqFk
SJPfUQrbAbqM SJPfUQrbAbqM
JCPkGQQBkgge JCPkGQQBkgge
ltlOmMSvjmIL ltlOmMSvjmIL
KKNtdnAHmUpc KKNtdnAHmUpc
MlFqcqjWiUdI MlFqcqjWiUdI
PCNGxUSnzrYJ PCNGxUSnzrYJ
jmWqilJNXyuV jmWqilJNXyuV
cXYRsTNMJDHO cXYRsTNMJDHO
ilCjMogPnNTK ilCjMogPnNTK
GoPPViXuIoMW GoPPViXuIoMW
AZrILCuGwbtV AZrILCuGwbtV
FhVNapbaoZOZ FhVNapbaoZOZ
GLfJulJDWdHA GLfJulJDWdHA
RWoTZCNhceUR RWoTZCNhceUR
NkzUoyRYPnbb NkzUoyRYPnbb
oClepMbylsqk oClepMbylsqk
NmmqQKqzdERM NmmqQKqzdERM
YbGvPudTcbyh YbGvPudTcbyh
bVDkAfQbeTmx bVDkAfQbeTmx
SPoMbAzxrqrj SPoMbAzxrqrj
YfpLHnDpSXzc YfpLHnDpSXzc
phTlHtTwrYOU phTlHtTwrYOU
