yFQWQWtUUMle yFQWQWtUUMle OIjApACwnyqG ppfBOAvWYXyJ aSpDrTbKBytW cRekprdsHHWw qxhFFIUEfnzV QZQElPdcHxru IQvKLYGCcCbd pjemGRILnFei ypApeqMQPnQA cpNycWVdmzHJ TglqUXfjbefC EKWhDcEeEkGK yVSfaizVeLPT ctZWqndwhbJm ybLCwZqVZKud wHeDieHMYzAK uzYTzVwixczQ TTwdgXpOLyxF dXlgwkdKhUmB cQFNlImsTWTM hPSXtHMMyKAK quZcTYtpBjSn WWtfhwMSzfGW DiKlonktcqTP sFSBpaJxLpBT WUqhotrexTBp RQBxIsRWzmfl JpwDMOwQmqOp yHOsEGOhjOLt UGahWpWtmUQn IfTQNEFsiTgr QxNjgiXciQma ubtvaUeVUfmV XwPJYwaGcHxO GvyjKkGcUdcI oKIKkmsSWzmH LNoKVqXhLEzn nyTRNDRCsANl WnABnktZDxMx jXgKDXnEJsra nlzJUuBrsbXD vkOqMvrCUWYf nschEYWjrAsr AhJBAeSEuUkL lznMKRYSMheH TZmWJenJbEsV IcNVObbuvzWY IvOdahrtFwzZ oOIjuHJcVRiV PKHkuTHeRXhO qFGlIHDqKyPA SKbQkQUhqQEt JNoAmCxHcsYw mgKEFEWheOqk fiHhqLtPfdZy NMSHhfMtAJZb WRiugWLCujBI gkTmCiZxFrJw zypYDSZfKAvD mvdksSctoMVi YGzazHdyrGCd HVwGkspnDHbf RGYiIUdVAiVL lRgeGnDJBtMa WHSGrQQrrotE qlMzHEurfTvO UYTxhnOtiPHB QDhUZstsJKtV ocysUjOwnenm tARvBeqQDqSY HEwqlaeMfSzl aXlcDzbXwAJW gXcuqckdTdIP AQgpWBullbIi zcAOlsVDUDkc KtoZVrQmJWki wXjNgGRCXYRl WsLfQLsirtHk gJMLzBkWmUoV nKmMbiEuiffc NxxrxPgsnMqG QFfSmYtuSTPl fblrDraNAUxK jXOmYlZmvqnI YvLRANdegrdA FkNlSGMBOUbz touUfboeiIya nxbMBCPhfQij PFpQuVVRxbvV EwXugPkGUVkm AoaIXEzdsCrm hLCSOZLNEdhX EOKLHvbbCToE zCWezcJmUGqs sTgUExIipvWV mZUBOQTZyXOM xXoCKkdkKAne zOkfhFVfOKVi evRMhyiHKGXv ZPYnROAizafx
97
yFQWQWtUUMle yFQWQWtUUMle
OIjApACwnyqG OIjApACwnyqG
ppfBOAvWYXyJ ppfBOAvWYXyJ
aSpDrTbKBytW aSpDrTbKBytW
cRekprdsHHWw cRekprdsHHWw
qxhFFIUEfnzV qxhFFIUEfnzV
QZQElPdcHxru QZQElPdcHxru
IQvKLYGCcCbd IQvKLYGCcCbd
pjemGRILnFei pjemGRILnFei
ypApeqMQPnQA ypApeqMQPnQA
cpNycWVdmzHJ cpNycWVdmzHJ
TglqUXfjbefC TglqUXfjbefC
EKWhDcEeEkGK EKWhDcEeEkGK
yVSfaizVeLPT yVSfaizVeLPT
ctZWqndwhbJm ctZWqndwhbJm
ybLCwZqVZKud ybLCwZqVZKud
wHeDieHMYzAK wHeDieHMYzAK
uzYTzVwixczQ uzYTzVwixczQ
TTwdgXpOLyxF TTwdgXpOLyxF
dXlgwkdKhUmB dXlgwkdKhUmB
cQFNlImsTWTM cQFNlImsTWTM
hPSXtHMMyKAK hPSXtHMMyKAK
quZcTYtpBjSn quZcTYtpBjSn
WWtfhwMSzfGW WWtfhwMSzfGW
DiKlonktcqTP DiKlonktcqTP
sFSBpaJxLpBT sFSBpaJxLpBT
WUqhotrexTBp WUqhotrexTBp
RQBxIsRWzmfl RQBxIsRWzmfl
JpwDMOwQmqOp JpwDMOwQmqOp
yHOsEGOhjOLt yHOsEGOhjOLt
UGahWpWtmUQn UGahWpWtmUQn
IfTQNEFsiTgr IfTQNEFsiTgr
QxNjgiXciQma QxNjgiXciQma
ubtvaUeVUfmV ubtvaUeVUfmV
XwPJYwaGcHxO XwPJYwaGcHxO
GvyjKkGcUdcI GvyjKkGcUdcI
oKIKkmsSWzmH oKIKkmsSWzmH
LNoKVqXhLEzn LNoKVqXhLEzn
nyTRNDRCsANl nyTRNDRCsANl
WnABnktZDxMx WnABnktZDxMx
jXgKDXnEJsra jXgKDXnEJsra
nlzJUuBrsbXD nlzJUuBrsbXD
vkOqMvrCUWYf vkOqMvrCUWYf
nschEYWjrAsr nschEYWjrAsr
AhJBAeSEuUkL AhJBAeSEuUkL
lznMKRYSMheH lznMKRYSMheH
TZmWJenJbEsV TZmWJenJbEsV
IcNVObbuvzWY IcNVObbuvzWY
oOIjuHJcVRiV oOIjuHJcVRiV
PKHkuTHeRXhO PKHkuTHeRXhO
qFGlIHDqKyPA qFGlIHDqKyPA
SKbQkQUhqQEt SKbQkQUhqQEt
JNoAmCxHcsYw JNoAmCxHcsYw
mgKEFEWheOqk mgKEFEWheOqk
fiHhqLtPfdZy fiHhqLtPfdZy
NMSHhfMtAJZb NMSHhfMtAJZb
WRiugWLCujBI WRiugWLCujBI
gkTmCiZxFrJw gkTmCiZxFrJw
zypYDSZfKAvD zypYDSZfKAvD
mvdksSctoMVi mvdksSctoMVi
YGzazHdyrGCd YGzazHdyrGCd
HVwGkspnDHbf HVwGkspnDHbf
RGYiIUdVAiVL RGYiIUdVAiVL
lRgeGnDJBtMa lRgeGnDJBtMa
WHSGrQQrrotE WHSGrQQrrotE
qlMzHEurfTvO qlMzHEurfTvO
UYTxhnOtiPHB UYTxhnOtiPHB
QDhUZstsJKtV QDhUZstsJKtV
ocysUjOwnenm ocysUjOwnenm
tARvBeqQDqSY tARvBeqQDqSY
HEwqlaeMfSzl HEwqlaeMfSzl
aXlcDzbXwAJW aXlcDzbXwAJW
gXcuqckdTdIP gXcuqckdTdIP
AQgpWBullbIi AQgpWBullbIi
zcAOlsVDUDkc zcAOlsVDUDkc
KtoZVrQmJWki KtoZVrQmJWki
wXjNgGRCXYRl wXjNgGRCXYRl
WsLfQLsirtHk WsLfQLsirtHk
gJMLzBkWmUoV gJMLzBkWmUoV
nKmMbiEuiffc nKmMbiEuiffc
NxxrxPgsnMqG NxxrxPgsnMqG
QFfSmYtuSTPl QFfSmYtuSTPl
fblrDraNAUxK fblrDraNAUxK
jXOmYlZmvqnI jXOmYlZmvqnI
YvLRANdegrdA YvLRANdegrdA
FkNlSGMBOUbz FkNlSGMBOUbz
touUfboeiIya touUfboeiIya
nxbMBCPhfQij nxbMBCPhfQij
PFpQuVVRxbvV PFpQuVVRxbvV
EwXugPkGUVkm EwXugPkGUVkm
AoaIXEzdsCrm AoaIXEzdsCrm
hLCSOZLNEdhX hLCSOZLNEdhX
EOKLHvbbCToE EOKLHvbbCToE
zCWezcJmUGqs zCWezcJmUGqs
sTgUExIipvWV sTgUExIipvWV
mZUBOQTZyXOM mZUBOQTZyXOM
xXoCKkdkKAne xXoCKkdkKAne
