5 89 182 117 147 83 20 16 42 188 157 115 137 149 69 55 82 108 190 97 198 177 196 58 124 185 197 164 106 103 93 79 168 38 112 130 170 78 50 8 27 46 159 102 1 35 122 92 100 66 91 5
50
89 89
182 182
117 117
147 147
83 83
20 20
16 16
42 42
188 188
157 157
115 115
137 137
149 149
69 69
55 55
82 82
108 108
190 190
97 97
198 198
177 177
196 196
58 58
124 124
185 185
197 197
164 164
106 106
103 103
93 93
79 79
168 168
38 38
112 112
130 130
170 170
78 78
50 50
8 8
27 27
46 46
159 159
102 102
1 1
35 35
122 122
92 92
100 100
66 66
91 91
