0 171 73 130 198 196 31 39 27 36 95 122 144 59 56 38 108 42 55 67 83 87 93 160 157 156 158 104 155 151 129 17 138 147 101 5 184 21 34 24 141 110 9 6 10 11 30 18 105 75 26 102 135 25 35 109 119 164 178 173 161 152 71 68 61 189 150 23 96 22 162 172 118 163 136 142 193 123 79 111 194 91 89 40 66 62 145 1 50 49 60 187 12 15 7 16 140 80 124 168 179 0
98
171 171
73 73
130 130
198 198
196 196
31 31
39 39
27 27
36 36
95 95
122 122
144 144
59 59
56 56
38 38
108 108
42 42
55 55
67 67
83 83
87 87
93 93
160 160
157 157
156 156
158 158
104 104
155 155
151 151
129 129
17 17
138 138
147 147
101 101
5 5
184 184
21 21
34 34
24 24
141 141
110 110
9 9
6 6
10 10
11 11
30 30
18 18
105 105
75 75
26 26
102 102
135 135
25 25
35 35
109 109
119 119
164 164
178 178
173 173
161 161
152 152
71 71
68 68
61 61
189 189
150 150
23 23
96 96
22 22
162 162
172 172
118 118
163 163
136 136
142 142
193 193
123 123
79 79
111 111
194 194
91 91
89 89
40 40
66 66
62 62
145 145
1 1
50 50
49 49
60 60
187 187
12 12
15 15
7 7
16 16
140 140
80 80
124 124
