Soda A5 A9 A4 A3 A8 B5 C1 D3 B7 A9 A5 Soda a b m ad l ax ac av ab k b a i x u v ao ap y j aa at z aa j i a h ak t al ak r f g a d n o ag af p e a Soda A D K AI AU AS AI T K D A E Q U AG V P E A G N Y Z AB H B A F O X W AC M F A C I J C A Soda a0 a5 a9 b7 d3 c1 b5 a8 a3 a4 a9 a5 a0 c5 b2 e5 b1 e7 e6 b3 c7 b2 e3 c5 a0 c9 a7 b8 d1 d9 b9 d8 c3 d7 d5 a1 a7 c9 a0 Soda C9 A7 A1 D5 D7 C3 D8 B9 D9 D1 B8 A7 C9 Soda C5 B2 C7 B3 E6 E7 B1 E5 B2 E3 C5 Soda
84
A5 A5
A9 A9
A3 A3
B5 B5
C1 C1
D3 D3
B7 B7
b b
ad ad
l l
ax ax
av av
ab ab
x x
u an
v v
ap ap
j j
at at
z ar
h h
ak aj
t t
al al
r r
f f
d d
n n
ag ah
af af
p p
AU AU
AS AS
AI AW
T T
Q Q
AG AG
P P
N N
Y AP
AB AB
H H
X AO
AC AC
I AF
J J
a5 a5
a9 a9
b7 b7
d3 d3
c1 c1
b5 b5
a3 a3
c5 c5
e5 e5
b1 b1
e7 e7
b3 b3
c7 c7
e3 e3
c9 c9
a7 a7
d1 d1
d9 d9
b9 b9
c3 e1
d7 d7
d5 d5
a1 a1
C9 C9
A7 A7
A1 A1
D5 D5
D7 D7
C3 E1
B9 B9
D9 D9
D1 D1
C5 C5
C7 C7
B3 B3
E7 E7
B1 B1
E5 E5
