SabrinaSiriPrince50 aHwNY UBrR9 plb6L Ms6jj 0kSSC H8qqB 52PwN UBrR9 aHwNY M7N2p X8iWp cRUJh SVxWg nbohZ d2ZYh SVxWg DrLs7 4MOkB 9HL6t yJVF4 DrLs7 cRUJh duKKu YgbLl Wutnl 5X0EW vmJdf YgbLl 11x30 WcEcU OSLHQ EZqNK 11x30 duKKu X8iWp SabrinaSiriPrince50
19
aHwNY aHwNY
UBrR9 UBrR9
plb6L plb6L
Ms6jj Ms6jj
0kSSC 0kSSC
H8qqB H8qqB
52PwN 52PwN
M7N2p nMJpi V7iEC cwf5o Bjd2k nannc rFWcq i3qsm
nbohZ nbohZ
d2ZYh d2ZYh
4MOkB 4MOkB
9HL6t 9HL6t
yJVF4 yJVF4
Wutnl Wutnl
5X0EW 5X0EW
vmJdf vmJdf
WcEcU WcEcU
OSLHQ OSLHQ
EZqNK EZqNK
