92 184 185 186 188 182 181 62 67 63 64 65 66 68 62 181 47 52 48 49 50 51 53 47 181 17 22 18 19 20 21 23 17 181 2 8 6 5 4 3 7 2 181 137 142 138 139 140 141 143 137 181 92 98 96 95 94 93 97 92 181 107 113 111 110 109 108 112 107 181 152 158 156 155 154 153 157 152 181 167 172 168 169 170 171 173 167 181 77 83 81 80 79 78 82 77 181 32 37 33 34 35 36 38 32 181 122 127 123 124 125 126 128 122 181 182 187 183
64
184 184
185 185
186 186
63 63
64 64
65 65
66 66
62 71 74 75
47 56 59 60
48 48
49 49
50 50
51 51
17 26 29 30
18 18
19 19
20 20
21 21
2 11 14 15
6 6
5 5
4 4
3 3
137 149 150 146
138 138
139 139
140 140
141 141
92 101 104 105
96 96
95 95
94 94
93 93
107 119 120 116
111 111
110 110
109 109
108 108
156 156
155 155
154 154
153 153
152 161 164 165
167 179 180 176
168 168
169 169
170 170
171 171
77 89 90 86
81 81
80 80
79 79
78 78
32 44 45 41
33 33
34 34
35 35
36 36
122 134 135 131
123 123
124 124
125 125
126 126
182 194 195 191
