1 129 123 77 121 125 71 73 149 147 85 117 83 9 13 95 105 99 21 35 39 69 37 135 3 113 19 55 15 103 25 43 47 49 45 91 29 17 127 81 143 51 11 139 87 57 93 67 31 23 65 27 41 137 79 33 59 97 75 63 7 141 145 133 111 107 115 119 101 53 89 61 109 5 131 1
73
1 1
129 129
123 123
77 77
121 121
125 125
71 71
73 73
149 149
147 147
85 85
117 117
83 83
9 9
13 13
95 95
105 105
99 99
21 21
35 35
39 39
69 69
37 37
135 135
3 3
113 113
19 19
55 55
15 15
103 103
25 25
43 43
47 47
49 49
45 45
91 91
29 29
17 17
127 127
81 81
143 143
51 51
11 11
139 139
87 87
57 57
93 93
67 67
31 31
23 23
65 65
27 27
41 41
137 137
79 79
33 33
59 59
97 97
75 75
63 63
7 7
141 141
145 145
133 133
111 111
107 107
115 115
119 119
101 101
53 53
89 89
61 61
109 109
