Austin Victoria Sara Steven Kyle Robert Eugene Melissa Donald Maxwell April Paul Melinda Dennis Mariah Ashley Sean Danielle Amy Natasha Jamie Jordan Monique Jonathan Kari Debra Edward Michael Alex Gina Paige Scott Rhonda Juan Jeanette Glenda Joshua Rachel Robin Cassandra Daniel Hannah Elaine John Elizabeth Ralph Walter Jennifer Garrett Janet Patrick Austin
48
Victoria Victoria
Sara Sara
Steven Steven
Kyle Kyle
Robert Robert
Eugene Eugene
Melissa Melissa
Donald Donald
Maxwell Maxwell
April April
Paul Paul
Melinda Melinda
Dennis Dennis
Mariah Mariah
Ashley Ashley
Sean Sean
Danielle Danielle
Amy Amy
Natasha Natasha
Jamie Jamie
Jordan Jordan
Monique Monique
Jonathan Jonathan
Kari Kari
Debra Debra
Edward Edward
Michael Michael
Alex Alex
Gina Gina
Paige Paige
Scott Scott
Rhonda Rhonda
Juan Juan
Jeanette Jeanette
Glenda Glenda
Joshua Joshua
Rachel Rachel
Robin Robin
Cassandra Cassandra
Daniel Daniel
Hannah Hannah
Elaine Elaine
John John
Elizabeth Elizabeth
Ralph Ralph
Walter Walter
Jennifer Jennifer
Garrett Garrett
