Jason Derek Megan Misty Paul Laura Claire Tommy April Dana James David Scott Kelsey Stephen William Gabriel Cheryl Shane Bryan Jordan Crystal Wendy Juan Elizabeth Wayne Kimberly Kathy Samantha Shawn Brian Randy Mercedes Robert Mark Robin Edwin Christina Nicole Logan Brett Lauren Jill Mario Melinda Rachel Monica Brad Jane Amanda Andrew Carol Carrie Karen Ronnie Adam Nathaniel Gregory Nicholas Kayla Charles Michelle Regina Johnathan Kari Cristian Sabrina Stacie Tristan Susan Jeffrey Jose Evan Kara Jennifer Alexandra Joshua Rebekah Brittany Rebecca Kyle Ashley Tammy Shannon Roy Dylan John Jeremy Grace Jacqueline Joseph Kristen Mary Heather Timothy Adrian Jeffery Melissa Ricky Katelyn Dustin Jason
98
Derek Derek
Megan Megan
Misty Misty
Paul Paul
Laura Laura
Claire Claire
Tommy Tommy
April April
Dana Dana
James James
David David
Scott Scott
Kelsey Kelsey
Stephen Stephen
William William
Gabriel Gabriel
Cheryl Cheryl
Shane Shane
Bryan Bryan
Jordan Jordan
Crystal Crystal
Wendy Wendy
Juan Juan
Elizabeth Elizabeth
Wayne Wayne
Kimberly Kimberly
Kathy Kathy
Samantha Samantha
Shawn Shawn
Brian Brian
Randy Randy
Mercedes Mercedes
Robert Robert
Mark Mark
Robin Robin
Edwin Edwin
Christina Christina
Nicole Nicole
Logan Logan
Brett Brett
Lauren Lauren
Jill Jill
Mario Mario
Melinda Melinda
Rachel Rachel
Monica Monica
Brad Brad
Jane Jane
Amanda Amanda
Andrew Andrew
Carol Carol
Carrie Carrie
Karen Karen
Ronnie Ronnie
Adam Adam
Nathaniel Nathaniel
Gregory Gregory
Nicholas Nicholas
Kayla Kayla
Charles Charles
Michelle Michelle
Regina Regina
Johnathan Johnathan
Kari Kari
Cristian Cristian
Sabrina Sabrina
Stacie Stacie
Tristan Tristan
Susan Susan
Jeffrey Jeffrey
Jose Jose
Evan Evan
Kara Kara
Jennifer Jennifer
Alexandra Alexandra
Joshua Joshua
Rebekah Rebekah
Brittany Brittany
Rebecca Rebecca
Kyle Kyle
Ashley Ashley
Tammy Tammy
Shannon Shannon
Roy Roy
Dylan Dylan
John John
Jeremy Jeremy
Grace Grace
Jacqueline Jacqueline
Joseph Joseph
Kristen Kristen
Mary Mary
Heather Heather
Timothy Timothy
Adrian Adrian
Jeffery Jeffery
Melissa Melissa
Ricky Ricky
