Florges Ralts Doublade Carracosta Aurorus Dialga Pichu Caterpie Zapdos Poliwrath Girafarig Togetic Bergmite Wormadam Wailmer Scolipede Bisharp Machoke Timburr Infernape Bouffalant Omastar Stufful Delibird Cascoon Cherrim Lillipup Poliwag Purrloin Sentret Primarina Persian Volbeat Buzzwole Hakamoo Celesteela Tsareena Weepinbell Tentacruel Manectric Bidoof Piloswine Shaymin Gastrodon Dusknoir Kricketot Yanmega Hitmonlee Celebi Moltres Bayleef Regice Zubat Florges
50
Ralts Ralts
Carracosta Carracosta
Aurorus Aurorus
Dialga Dialga
Pichu Pichu
Zapdos Zapdos
Poliwrath Poliwrath
Girafarig Girafarig
Togetic Togetic
Bergmite Bergmite
Wormadam Wormadam
Wailmer Wailmer
Scolipede Scolipede
Bisharp Bisharp
Machoke Machoke
Timburr Timburr
Infernape Infernape
Bouffalant Bouffalant
Omastar Omastar
Stufful Stufful
Delibird Delibird
Cascoon Cascoon
Cherrim Cherrim
Lillipup Lillipup
Poliwag Poliwag
Purrloin Purrloin
Sentret Sentret
Primarina Primarina
Persian Persian
Volbeat Volbeat
Buzzwole Buzzwole
Hakamoo Hakamoo
Celesteela Celesteela
Tsareena Tsareena
Weepinbell Weepinbell
Tentacruel Tentacruel
Manectric Manectric
Bidoof Bidoof
Piloswine Piloswine
Shaymin Shaymin
Gastrodon Gastrodon
Dusknoir Dusknoir
Kricketot Kricketot
Yanmega Yanmega
Hitmonlee Hitmonlee
Celebi Celebi
Moltres Moltres
Bayleef Bayleef
Regice Regice
Zubat Zubat
