Patrat Gliscor Grumpig Golbat Reshiram Krookodile Cascoon Torchic Absol Hitmontop PorygonZ Luvdisc Mantine Chinchou Ampharos Happiny Cubone Torkoal Greninja Blissey Mimikyu Swanna Exeggcute Binacle Lycanroc Whimsicott Magmar Charizard Pidgeot Unown Relicanth Floatzel Feraligatr Magmortar Carnivine Roserade Mudsdale Metagross Butterfree Beedrill Jirachi Lapras Sylveon Bonsly Trumbeak Whiscash Quilava Crabominable Skitty Budew Torracat Buizel Jolteon Rockruff Ninjask Slakoth Chatot Machamp Heatran Infernape Malamar Bergmite Glalie Corphish Carbink Bronzor Mawile Nuzleaf Lampent Spinda Spiritomb Mightyena Reuniclus Raichu Granbull Lileep Remoraid Floette Typhlosion Chespin TypeNull Dustox Vivillon Kangaskhan Deoxys Darkrai Goomy Cosmog Arbok Metapod Electrode Flygon Rufflet Probopass Electrike Crawdaunt Diggersby Cinccino Heatmor Serperior Charmander Tsareena
97
Gliscor Gliscor
Grumpig Grumpig
Golbat Golbat
Reshiram Reshiram
Krookodile Krookodile
Cascoon Cascoon
Torchic Torchic
Absol Absol
Hitmontop Hitmontop
PorygonZ PorygonZ
Luvdisc Luvdisc
Mantine Mantine
Chinchou Chinchou
Ampharos Ampharos
Happiny Happiny
Cubone Cubone
Torkoal Torkoal
Greninja Greninja
Blissey Blissey
Mimikyu Mimikyu
Swanna Swanna
Exeggcute Exeggcute
Binacle Binacle
Lycanroc Lycanroc
Whimsicott Whimsicott
Magmar Magmar
Charizard Charizard
Pidgeot Pidgeot
Unown Unown
Relicanth Relicanth
Floatzel Floatzel
Feraligatr Feraligatr
Magmortar Magmortar
Carnivine Carnivine
Roserade Roserade
Mudsdale Mudsdale
Metagross Metagross
Butterfree Butterfree
Beedrill Beedrill
Jirachi Jirachi
Lapras Lapras
Sylveon Sylveon
Bonsly Bonsly
Trumbeak Trumbeak
Whiscash Whiscash
Quilava Quilava
Crabominable Crabominable
Skitty Skitty
Budew Budew
Torracat Torracat
Buizel Buizel
Jolteon Jolteon
Rockruff Rockruff
Ninjask Ninjask
Slakoth Slakoth
Chatot Chatot
Machamp Machamp
Heatran Heatran
Infernape Infernape
Malamar Malamar
Bergmite Bergmite
Glalie Glalie
Corphish Corphish
Carbink Carbink
Bronzor Bronzor
Mawile Mawile
Nuzleaf Nuzleaf
Lampent Lampent
Spinda Spinda
Spiritomb Spiritomb
Mightyena Mightyena
Reuniclus Reuniclus
Raichu Raichu
Lileep Lileep
Remoraid Remoraid
Floette Floette
Typhlosion Typhlosion
Chespin Chespin
TypeNull TypeNull
Dustox Dustox
Vivillon Vivillon
Kangaskhan Kangaskhan
Deoxys Deoxys
Darkrai Darkrai
Goomy Goomy
Cosmog Cosmog
Arbok Arbok
Metapod Metapod
Electrode Electrode
Flygon Flygon
Rufflet Rufflet
Probopass Probopass
Electrike Electrike
Crawdaunt Crawdaunt
Diggersby Diggersby
Cinccino Cinccino
Heatmor Heatmor
