Simisage Yanma Sigilyph Togepi Feebas Wailord Turtwig Furret Spheal Gothorita Archeops Loudred Glameow Inkay Spheal Gigalith Buneary Zygarde Ledian Beheeyem Golett Gloom Mudbray Wartortle Spinarak Electivire Gumshoos Bergmite Spiritomb Swanna Piplup Meganium Electivire
21
Yanma Yanma
Togepi Togepi
Wailord Wailord
Furret Furret
Spheal Spheal
Gothorita Gothorita
Archeops Archeops
Loudred Loudred
Inkay Inkay
Gigalith Gigalith
Buneary Glalie
Zygarde Zygarde
Ledian Ledian
Beheeyem Leavanny
Golett Golett
Mudbray Mudbray
Spinarak Spinarak
Electivire Electivire
Gumshoos Gumshoos
Bergmite Bergmite
Spiritomb Spiritomb
