0 52 34 136 128 98 88 69 31 160 30 134 9 171 111 198 74 76 156 26 130 75 62 80 197 67 81 63 151 183 138 50 179 55 157 139 10 166 66 4 174 109 181 16 105 72 97 102 70 19 35 45 91 48 84 40 131 117 87 13 121 36 189 140 196 53 152 17 177 42 168 126 199 85 59 149 195 106 108 27 137 82 184 103 147 46 125 116 144 145 185 122 180 23 114 143 83 20 11 162 176 0
100
52 52
34 34
136 136
128 128
98 98
88 88
69 69
31 31
160 160
30 30
134 134
9 9
171 171
111 111
198 198
74 74
76 76
156 156
26 26
130 130
75 75
62 62
80 80
197 197
67 67
81 81
63 63
151 151
183 183
138 138
50 50
179 179
55 55
157 157
139 139
10 10
166 166
66 66
4 4
174 174
109 109
181 181
16 16
105 105
72 72
97 97
102 102
70 70
19 19
35 35
45 45
91 91
48 48
84 84
40 40
131 131
117 117
87 87
13 13
121 121
36 36
189 189
140 140
196 196
53 53
152 152
17 17
177 177
42 42
168 168
126 126
199 199
85 85
59 59
149 149
195 195
106 106
108 108
27 27
137 137
82 82
184 184
103 103
147 147
46 46
125 125
116 116
144 144
145 145
185 185
122 122
180 180
23 23
114 114
143 143
83 83
20 20
11 11
162 162
176 176
