1 16 160 32 163 100 182 125 27 29 93 25 100 44 175 80 100 157 121 59 76 131 43 117 119 49 193 99 97 100 111 22 0 100 189 89 129 100 45 196 100 19 88 50 151 142 100 141 21 158 199 159 54 171 180 100 174 191 60 134 100 26 35 57 100 137 155 183 100 178 195 124 84 170 30 8 12 100 18 115 101 100 105 164 177 77 100 83 127 55 68 1
77
1 1
16 16
160 160
32 32
163 163
100 136 74 86 192 172 36 24 113 138 28 31 56 188 150 148 153 15 63 186 38 3 10 194 82
182 182
125 125
27 27
29 29
93 93
25 25
44 44
175 175
80 80
157 157
121 121
59 59
76 76
131 131
43 43
117 117
119 119
49 49
193 193
99 99
97 97
111 111
22 22
0 0
189 189
89 89
129 129
45 45
196 196
19 19
88 88
50 50
151 151
142 142
141 141
21 21
158 158
199 199
159 159
54 54
171 171
180 180
174 174
191 191
60 60
134 134
26 26
35 35
57 57
137 137
155 155
183 183
178 178
195 195
124 124
84 84
170 170
30 30
8 8
12 12
18 18
115 115
101 101
105 105
164 164
177 177
77 77
83 83
127 127
55 55
68 68
