21 133 29 175 163 197 131 41 11 173 34 35 154 19 55 147 153 125 137 75 117 101 27 43 185 15 83 63 178 91 196 61 36 97 21 129 38 37 189 135 143 157 17 77 114 59 50 51 54 53 181 34 3 128 127 5 49 187 42 111 9 8 7 45 23 79 108 109 95 195 105 85 107 169 57 73 47 174 13 191 151 141 89 93 161 179 25 183 171 69 186 149 81 113 31 119 39 98 99 177 67 66 145 115 121 65 159 165 155 33 6 123 190 103 139 1
93
21 21
133 133
29 29
175 175
163 163
197 197
131 131
41 41
11 11
173 173
35 35
19 19
55 55
147 147
153 153
125 125
137 137
75 75
117 117
101 101
27 27
43 43
185 185
15 15
83 83
63 71
91 91
61 61
97 97
129 129
37 37
189 189
135 135
143 143
157 157
17 17
77 77
59 59
51 51
53 53
181 181
3 3
127 127
5 5
49 49
187 187
111 111
9 9
7 7
45 45
23 23
79 79
108 167
109 109
95 87
195 195
105 105
85 85
107 193
169 169
57 57
73 73
47 47
13 13
191 191
151 151
141 141
89 89
93 93
161 161
179 179
25 25
183 183
171 171
69 69
149 149
81 81
113 113
31 31
119 119
39 39
99 99
177 177
67 67
145 145
115 115
121 121
65 65
159 159
165 165
155 155
33 33
123 123
