75 7 2 1 10 11 13 19 20 16 12 11 21 26 30 22 24 28 21 43 47 45 42 50 43 51 55 53 51 74 78 73 76 75 71 80 72 74 88 86 89 82 87 88 99 97 94 92 91 100 98 99 61 67 66 63 69 70 61 35 31 33 32 37 36 35 10 1
50
75 75
7 7
2 2
1 1
10 10
13 13
19 19
20 20
16 16
12 12
21 21
26 26
30 30
22 22
24 24
28 28
47 47
45 45
42 42
50 50
55 59
53 53
74 74
78 78
73 73
76 76
71 71
80 80
72 72
88 88
86 86
89 89
82 82
87 87
97 97
94 94
92 92
91 91
100 100
98 98
67 67
66 66
63 63
69 69
70 70
31 31
33 33
32 32
37 37
36 36
