74 8 6 2 46 41 50 46 169 164 163 161 168 166 167 165 169 87 85 82 86 83 88 81 89 87 118 111 114 116 119 113 118 63 68 62 69 70 61 66 63 98 99 96 98 75 77 80 76 73 72 74 78 75 172 174 175 180 178 179 171 172 18 16 19 13 11 14 18 58 59 55 53 52 54 57 58 132 131 136 140 135 137 139 132 182 21 25 23 26 30 28 29 21 192 197 198 199 191 192 141 145 146 148 141 38 31 39 37 35 32 36 38 121 126 122 128 121 102 151 153 156 160 154 157 151 2
96
74 74
8 8
6 6
2 2
46 46
41 47
50 50
169 169
164 164
163 163
161 161
168 168
166 166
167 167
165 165
85 85
82 82
86 86
83 83
88 88
81 81
89 89
118 118
111 111
114 114
116 116
119 119
113 113
68 68
62 62
69 69
70 70
61 61
66 66
99 99
96 96
75 75
77 77
80 80
76 76
73 73
172 172
174 174
175 175
180 180
178 178
179 179
16 16
19 19
13 13
11 11
14 14
58 58
59 59
55 55
53 53
52 52
54 54
57 57
131 131
136 136
140 140
135 135
137 137
139 139
182 185 189
25 25
23 23
26 26
30 30
28 28
29 29
192 192
197 197
198 198
199 199
191 191
141 141 142
145 145
146 146
148 148
38 38
31 31
39 39
37 37
35 35
32 32
36 36
126 126
122 122
128 128
102 104
151 151
153 153
156 156
160 160
