0 73 68 55 17 25 66 82 94 86 38 28 26 30 33 97 53 60 52 49 95 76 18 2 3 10 5 75 16 21 34 47 88 58 44 35 93 40 31 32 71 54 57 65 90 27 1 37 63 62 19 74 67 22 23 13 15 85 43 72 9 24 78 100 99 20 46 48 36 69 50 51 96 89 91 64 92 14 6 7 45 56 39 11 41 29 12 98 81 77 70 42 8 80 59 4 83 84 79 61 87 0
98
73 73
68 68
55 55
17 17
25 25
66 66
82 82
94 94
86 86
38 38
28 28
26 26
30 30
33 33
97 97
53 53
60 60
52 52
49 49
95 95
76 76
18 18
2 2
3 3
10 10
5 5
75 75
16 16
21 21
34 34
47 47
88 88
58 58
44 44
35 35
93 93
40 40
31 31
32 32
71 71
54 54
57 57
65 65
90 90
27 27
1 1
37 37
63 63
62 62
19 19
74 74
67 67
22 22
23 23
13 13
15 15
85 85
43 43
72 72
9 9
24 24
78 78
100 100
99 99
20 20
46 46
48 48
36 36
69 69
50 50
51 51
96 96
89 89
91 91
64 64
92 92
14 14
6 6
7 7
45 45
56 56
39 39
11 11
41 41
29 29
12 12
98 98
81 81
77 77
70 70
42 42
8 8
80 80
59 59
4 4
83 83
84 84
79 79
