101 100 45 44 42 47 40 1 0 9 2 8 6 23 24 26 21 25 20 54 51 58 57 56 50 55 53 59 92 91 95 90 94 4 7 5 3 99 52 41 48 67 71 78 79 73 77 76 75 70 72 74 10 93 96 98 97 60 63 65 64 69 66 61 62 68 17 11 13 16 22 27 29 28 49 43 46 19 12 18 15 14 36 30 35 38 31 32 34 33 39 37 83 89 81 87 85 86 80 84 88 82 100 101
100
45 45
44 44
42 42
47 47
40 40
1 1
0 0
9 9
2 2
8 8
6 6
23 23
24 24
26 26
21 21
25 25
20 20
54 54
51 51
58 58
57 57
56 56
50 50
55 55
53 53
59 59
92 92
91 91
95 95
90 90
94 94
4 4
7 7
5 5
3 3
99 99
52 52
41 41
48 48
67 67
71 71
78 78
79 79
73 73
77 77
76 76
75 75
70 70
72 72
74 74
10 10
93 93
96 96
98 98
97 97
60 60
63 63
65 65
64 64
69 69
66 66
61 61
62 62
68 68
17 17
11 11
13 13
16 16
22 22
27 27
29 29
28 28
49 49
43 43
46 46
19 19
12 12
18 18
15 15
14 14
36 36
30 30
35 35
38 38
31 31
32 32
34 34
33 33
39 39
37 37
83 83
89 89
81 81
87 87
85 85
86 86
80 80
84 84
88 88
82 82
