Soda Northern British Belize Saint Jamaica Sao Palau Bahamas Mexico Kiribati Lao Nigeria Indonesia Niger Algeria Republic Ireland Mayotte Malawi Burkina United Albania New Finland Lebanon Netherlands Fiji Cambodia Pakistan Aruba Sint Moldova Latvia Japan Pitcairn Macao Croatia Korea Kyrgyzstan Antigua Grenada Iraq Ghana Burundi Argentina Luxembourg Congo Egypt Singapore Rwanda Hong Liberia Soda
50
Northern Northern
British British
Belize Belize
Saint Saint
Jamaica Jamaica
Sao Sao
Palau Palau
Bahamas Bahamas
Mexico Mexico
Kiribati Kiribati
Lao Lao
Nigeria Nigeria
Indonesia Indonesia
Niger Niger
Algeria Algeria
Republic Republic
Ireland Ireland
Mayotte Mayotte
Malawi Malawi
Burkina Burkina
United United
Albania Albania
New New
Finland Finland
Lebanon Lebanon
Netherlands Netherlands
Fiji Fiji
Cambodia Cambodia
Pakistan Pakistan
Aruba Aruba
Sint Sint
Moldova Moldova
Latvia Latvia
Japan Japan
Pitcairn Pitcairn
Macao Macao
Croatia Croatia
Korea Korea
Kyrgyzstan Kyrgyzstan
Antigua Antigua
Iraq Iraq
Burundi Burundi
Argentina Argentina
Luxembourg Luxembourg
Congo Congo
Egypt Egypt
Singapore Singapore
Rwanda Rwanda
Hong Hong
Liberia Liberia
