Gabon Azerbaijan Soda Guadeloupe Guyana Antigua China Bermuda Fiji Argentina Egypt Comoros Bangladesh Angola Central Austria Aruba Australia Bahamas Denmark Dominican Botswana Bouvet Colombia Cocos Cambodia Guam Belize Czech United
21
Guadeloupe Guadeloupe
Guyana Guyana
Antigua Antigua
China China
Bermuda Bermuda
Fiji Fiji
Argentina Argentina
Egypt Egypt
Comoros Comoros
Angola Angola
Central Central
Austria Austria
Aruba Aruba
Australia Australia
Denmark Denmark
Botswana Botswana
Bouvet Bouvet
Colombia Colombia
Cocos Cayman
Cambodia Cambodia
Guam Guam
