1 65 13 74 14 73 69 59 16 57 24 46 36 38 29 32 33 67 21 47 15 12 22 58 55 28 75 71 63 68 79 77 23 78 30 70 60 42 26 72 43 31 76 45 27 64 17 25 34 62 61 40 20 37 54 19 53 18 35 56 10 41 44 49 11 48 50 51 52 39 66 1
70
65 65
13 13
74 74
14 14
73 73
69 69
59 59
16 16
57 57
24 24
46 46
36 36
38 38
29 29
32 32
33 33
67 67
21 21
47 47
15 15
12 12
22 22
58 58
55 55
28 28
75 75
71 71
63 63
68 68
79 79
77 77
23 23
78 78
30 30
70 70
60 60
42 42
26 26
72 72
43 43
31 31
76 76
45 45
27 27
64 64
17 17
25 25
34 34
62 62
61 61
40 40
20 20
37 37
54 54
19 19
53 53
18 18
35 35
56 56
10 10
41 41
44 44
49 49
11 11
48 48
50 50
51 51
52 52
39 39
66 66
