Meckgue TreeofTime Dagobah Meereen Winterfell Lorien HorneaterPeaks FlourishBlotts Urubaen ShatteredPlains Braavos Kinecardine EarthKingdom UtgardMountain BayofDragons Ademre Vexhollow TheUniversity LeakyCauldron TheArcanum TheWaystoneInn Eggmanland Castamere TheVale TheBoilingRock BeyondtheWall TheSpine Ellesmera GooLagoon Keld Murkcairn Netherfort TheHogsHead Larcbost KoralReef Grayburn Tartarus VaultofSouls EasternAirTemple Carvahall ThePrancingPony LakeLaogai Yunkai TheKrustyKrab Meckgue Beldenn Gizton Steeltown MysticRuins TheGodswood Sanlow ZhaoFu RepublicCity
47
Meckgue Meckgue
TreeofTime TreeofTime
Dagobah Dagobah
Meereen Meereen
Winterfell Winterfell
Lorien Lorien
FlourishBlotts FlourishBlotts
Urubaen Urubaen
ShatteredPlains ShatteredPlains
Braavos Braavos
Kinecardine Kinecardine
EarthKingdom EarthKingdom
UtgardMountain UtgardMountain
Ademre Ademre
Vexhollow Vexhollow
TheUniversity TheUniversity
LeakyCauldron LeakyCauldron
TheArcanum TheArcanum
TheWaystoneInn TheWaystoneInn
Castamere Castamere
TheVale TheVale
TheBoilingRock TheBoilingRock
BeyondtheWall BeyondtheWall
TheSpine TheSpine
Ellesmera Ellesmera
GooLagoon GooLagoon
Keld Keld
Murkcairn Murkcairn
Netherfort Netherfort
TheHogsHead TheHogsHead
Larcbost Larcbost
KoralReef KoralReef
Grayburn Grayburn
Tartarus Tartarus
VaultofSouls VaultofSouls
EasternAirTemple EasternAirTemple
Carvahall Carvahall
ThePrancingPony ThePrancingPony
LakeLaogai LakeLaogai
Yunkai Yunkai
TheKrustyKrab TheKrustyKrab
Beldenn Beldenn
Gizton Gizton
Steeltown Steeltown
MysticRuins MysticRuins
TheGodswood TheGodswood
Sanlow Gotham
