FleaBottom RockofKuthian Olivanders TheBurningPlains Yll HighGarden TheGreatDivide Trebon Eggmanland Batcave GringottsBank Ebonfall SatishVille Ademre TheBoilingRock UtgardMountain Glimthain Lorien TheSpine ShriekingShack Lorien TheVale Carvahall Westopolis Arkham MinistryofMagic Accrington Peterborough Urubaen Bobbingbourne FleaBottom
24
Olivanders Olivanders
TheBurningPlains TheBurningPlains
Yll Yll
HighGarden Vintas
TheGreatDivide TheGreatDivide
Trebon Trebon
Eggmanland Eggmanland
Batcave Batcave
GringottsBank GringottsBank
Ebonfall Ebonfall
SatishVille SatishVille
Ademre Ademre
TheBoilingRock TheBoilingRock
UtgardMountain UtgardMountain
Glimthain Glimthain
TheSpine Coalwatch
ShriekingShack ShriekingShack
TheVale TheVale
Westopolis Westopolis
Arkham Arkham
MinistryofMagic MinistryofMagic
Accrington Accrington
Urubaen Urubaen
Bobbingbourne Bobbingbourne
