Essos JarrensOutpost Keld GooLagoon Alderaan Ellesmera MountOlympus CastleBlack Lockinge TheVale Toperhagen TheReshiIsles Duskhollow Neddingtown TheUnderworld Jakku CaveofTwoLovers TheSpiritWorld RepublicCity TheGreatDivide Azir FlourishBlotts Accrington Ivormere TheRiverStyx Tartarus Riverrun Steeltown Aerodenn Netherfort Astapor Arcwallow Winterfell Severen Gizton Boatwright KnifesEdge ProBendingArena FireNation Sanlow Hogwarts Blackwater BikiniBottom TheKrustyKrab Grimbarrow Carvahall JahKeved Peridrift Chrofall Batcave Atlantas Soda WitheredHeath TheEyrie WesternAirTemple TheBoilingRock Castamere Penketh Arkham Alethkar ShatteredPlains Newarre Karth BeyondtheWall TheSpine Endor Dubwall FleaBottom TheWhompingWillow Omashu HighGarden TheGodswood Tarbean Hogsmead Bobbingbourne ShriekingShack Trebon TheChumBucket SatishVille Helgrind TheFae Urubaen BaSingSe Dragonstone Yll DiagonAlley Shinovar Neddington Vintas Westeros Arrowcave Valyria Braavos Barkamsted Ademre TheCommonwealth DuWeldenvarden Meereen Lorien Toffingburg Essos
100
Essos Essos
JarrensOutpost JarrensOutpost
Keld Keld
GooLagoon GooLagoon
Alderaan Alderaan
Ellesmera Ellesmera
MountOlympus MountOlympus
CastleBlack CastleBlack
Lockinge Lockinge
TheVale TheVale
Toperhagen Toperhagen
TheReshiIsles TheReshiIsles
Duskhollow Duskhollow
Neddingtown Neddingtown
TheUnderworld TheUnderworld
Jakku Jakku
CaveofTwoLovers CaveofTwoLovers
TheSpiritWorld TheSpiritWorld
RepublicCity RepublicCity
TheGreatDivide TheGreatDivide
Azir Azir
FlourishBlotts FlourishBlotts
Accrington Accrington
Ivormere Ivormere
TheRiverStyx TheRiverStyx
Tartarus Tartarus
Riverrun Riverrun
Steeltown Steeltown
Aerodenn Aerodenn
Netherfort Netherfort
Astapor Astapor
Arcwallow Arcwallow
Winterfell Winterfell
Severen Severen
Gizton Gizton
Boatwright Boatwright
KnifesEdge KnifesEdge
ProBendingArena ProBendingArena
FireNation FireNation
Sanlow Sanlow
Hogwarts Hogwarts
Blackwater Blackwater
BikiniBottom BikiniBottom
TheKrustyKrab TheKrustyKrab
Grimbarrow Grimbarrow
Carvahall Carvahall
JahKeved JahKeved
Peridrift Peridrift
Chrofall Chrofall
Batcave Batcave
Atlantas Atlantas
Soda Soda
WitheredHeath WitheredHeath
TheEyrie TheEyrie
WesternAirTemple WesternAirTemple
TheBoilingRock TheBoilingRock
Castamere Castamere
Penketh Penketh
Arkham Arkham
Alethkar Alethkar
ShatteredPlains ShatteredPlains
Newarre Newarre
Karth Karth
BeyondtheWall BeyondtheWall
TheSpine TheSpine
Endor Endor
Dubwall Dubwall
FleaBottom FleaBottom
TheWhompingWillow TheWhompingWillow
Omashu Omashu
HighGarden HighGarden
TheGodswood TheGodswood
Tarbean Tarbean
Hogsmead Hogsmead
Bobbingbourne Bobbingbourne
ShriekingShack ShriekingShack
Trebon Trebon
TheChumBucket TheChumBucket
SatishVille SatishVille
Helgrind Helgrind
TheFae TheFae
Urubaen Urubaen
BaSingSe BaSingSe
Dragonstone Dragonstone
Yll Yll
DiagonAlley DiagonAlley
Shinovar Shinovar
Neddington Neddington
Vintas Vintas
Westeros Westeros
Arrowcave Arrowcave
Valyria Valyria
Braavos Braavos
Barkamsted Barkamsted
Ademre Ademre
TheCommonwealth TheCommonwealth
DuWeldenvarden DuWeldenvarden
Meereen Meereen
Lorien Lorien
Toffingburg Toffingburg
