21 56 118 146 38 29 115 42 170 10 188 194 184 27 95 105 102 40 53 54 14 15 45 151 119 68 154 178 156 97 34 120 2 116 133 60 103 196 121 72 169 16 163 131 87 49 64 108 48 139 152 88 167 78 168 24 180 47 135 130 142 144 147 20 37 7 186 176 159 137 149 17 32 61 100 81 177 74 122 62 90 36 82 96 91 23 31 75 114 51 127 125 134 160 136 46 190 18 30 172 21
100
21 21
56 56
118 118
146 146
38 38
29 29
115 115
42 42
170 170
10 10
188 188
194 194
184 184
27 27
95 95
105 105
102 102
40 40
53 53
54 54
14 14
15 15
45 45
151 151
119 119
68 68
154 154
178 178
156 156
97 97
34 34
120 120
2 2
116 116
133 133
60 60
103 103
196 196
121 121
72 72
169 169
16 16
163 163
131 131
87 87
49 49
64 64
108 108
48 48
139 139
152 152
88 88
167 167
78 78
168 168
24 24
180 180
47 47
135 135
130 130
142 142
144 144
147 147
20 20
37 37
7 7
186 186
176 176
159 159
137 137
149 149
17 17
32 32
61 61
100 100
81 81
177 177
74 74
122 122
62 62
90 90
36 36
82 82
96 96
91 91
23 23
31 31
75 75
114 114
51 51
127 127
125 125
134 134
160 160
136 136
46 46
190 190
18 18
30 30
172 172
