1FoundersRock 75ChanningBowdwitch 80Oaktown 78RajProperties 65Foothill 63Unit3 31Hillegass 54Wellman 51HearstGymnasium 67InternationalHouse 64Blackwell 66ClarkKerr 37OtherCoop 56Giannini 36CasaZimbabwe 59SouthHall 32DeltaPhiEpsilon 57Wheeler 41FoundersRock 38RajProperties 40Oaktown 58NorthGate 39SanFransisco 73Wada 74Martinez 71Hillegass 50Bridge 53Durant 48Esplanade 79SanFransisco 62Unit2 60Ehrman 55Hilgard 52California 70Stonefire 72DeltaPhiEpsilon 69VarsityBerkeley 68SodaHall 61Unit1 45HearstMemorial 49SatherGate 46DoeLibrary 47SatherTower 33Wada 35ChanningBowdwitch 34Martinez 77OtherCoop 43FacultyClub 42UniversityHouse 44HearstGreekTheatre 76CasaZimbabwe 1FoundersRock
48
75ChanningBowdwitch 75ChanningBowdwitch
80Oaktown 80Oaktown
78RajProperties 78RajProperties
65Foothill 65Foothill
63Unit3 63Unit3
31Hillegass 31Hillegass
54Wellman 54Wellman
51HearstGymnasium 51HearstGymnasium
67InternationalHouse 67InternationalHouse
64Blackwell 64Blackwell
66ClarkKerr 66ClarkKerr
37OtherCoop 37OtherCoop
56Giannini 56Giannini
36CasaZimbabwe 36CasaZimbabwe
59SouthHall 59SouthHall
32DeltaPhiEpsilon 32DeltaPhiEpsilon
57Wheeler 57Wheeler
41FoundersRock 41FoundersRock
38RajProperties 38RajProperties
40Oaktown 40Oaktown
58NorthGate 58NorthGate
39SanFransisco 39SanFransisco
73Wada 73Wada
74Martinez 74Martinez
71Hillegass 71Hillegass
50Bridge 50Bridge
53Durant 53Durant
48Esplanade 48Esplanade
79SanFransisco 79SanFransisco
62Unit2 62Unit2
60Ehrman 60Ehrman
55Hilgard 55Hilgard
52California 52California
70Stonefire 70Stonefire
72DeltaPhiEpsilon 72DeltaPhiEpsilon
69VarsityBerkeley 69VarsityBerkeley
68SodaHall 68SodaHall
61Unit1 61Unit1
45HearstMemorial 45HearstMemorial
49SatherGate 49SatherGate
46DoeLibrary 46DoeLibrary
47SatherTower 47SatherTower
33Wada 33Wada
35ChanningBowdwitch 35ChanningBowdwitch
34Martinez 34Martinez
77OtherCoop 77OtherCoop
43FacultyClub 43FacultyClub
42UniversityHouse 42UniversityHouse
