1FoundersRock 186location 200location 195location 156location 150location 6DoeLibrary 125location 114location 162location 155location 160location 47SatherTower 130location 46DoeLibrary 138location 7SatherTower 132location 84location 48Esplanade 50Bridge 135location 49SatherGate 180location 185location 174location 110location 120location 105location 198location 145location 140location 126location 115location 170location 175location 168location 165location 144location 96location 108location 100location 102location 8Esplanade 10Bridge 9SatherGate 192location 90location 85location 95location 190location 1FoundersRock
48
186location 186location
200location 200location
195location 195location
156location 156location
150location 150location
6DoeLibrary 6DoeLibrary
125location 125location
114location 114location
162location 162location
155location 155location
160location 160location
47SatherTower 47SatherTower
130location 130location
46DoeLibrary 46DoeLibrary
138location 138location
7SatherTower 7SatherTower
132location 132location
84location 84location
48Esplanade 48Esplanade
50Bridge 50Bridge
135location 135location
49SatherGate 49SatherGate
180location 180location
185location 185location
174location 174location
110location 110location
120location 120location
105location 105location
198location 198location
145location 145location
140location 140location
126location 126location
115location 115location
170location 170location
175location 175location
168location 168location
165location 165location
144location 144location
96location 96location
108location 108location
100location 100location
102location 102location
8Esplanade 8Esplanade
10Bridge 10Bridge
9SatherGate 9SatherGate
192location 192location
90location 90location
85location 85location
