1FoundersRock 38RajProperties 37OtherCoop 16Giannini 28SodaHall 31Hillegass 20Ehrman 29VarsityBerkeley 30Stonefire 27InternationalHouse 26ClarkKerr 36CasaZimbabwe 35ChanningBowdwitch 34Martinez 21Unit1 22Unit2 23Unit3 24Blackwell 25Foothill 33Wada 32DeltaPhiEpsilon 19SouthHall 18NorthGate 17Wheeler 1FoundersRock 39SanFransisco 40Oaktown 1FoundersRock
25
38RajProperties 38RajProperties
37OtherCoop 37OtherCoop
16Giannini 16Giannini
28SodaHall 28SodaHall
31Hillegass 31Hillegass
20Ehrman 20Ehrman
29VarsityBerkeley 29VarsityBerkeley
30Stonefire 30Stonefire
27InternationalHouse 27InternationalHouse
26ClarkKerr 26ClarkKerr
36CasaZimbabwe 36CasaZimbabwe
35ChanningBowdwitch 35ChanningBowdwitch
34Martinez 34Martinez
21Unit1 21Unit1
22Unit2 22Unit2
23Unit3 23Unit3
24Blackwell 24Blackwell
25Foothill 25Foothill
33Wada 33Wada
32DeltaPhiEpsilon 32DeltaPhiEpsilon
19SouthHall 19SouthHall
18NorthGate 18NorthGate
17Wheeler 17Wheeler
39SanFransisco 39SanFransisco
40Oaktown 40Oaktown
