8 80 120 79 5 2 6 3 29 4 30 33 35 55 39 26 21 25 22 17 19 88 145 144 126 82 123 127 85 87 23 24 40 100 99 38 53 71 73 59 78 61 42 95 137 91 93 45 102 90 135 89 136 147 182 179 181 183 188 193 171 118 109 160 191 192 169 190 168 167 115 54 116 72 70 69 68 52 66 51 64 47 63 49 97 153 164 165 113 65 105 152 185 142 125 124 173 172 174 121 83 8
100
80 80
120 120
79 79
5 5
2 2
6 6
3 3
29 29
4 4
30 30
33 33
35 35
55 55
39 39
26 26
21 21
25 25
22 22
17 17
19 19
88 88
145 145
144 144
126 126
82 82
123 123
127 127
85 85
87 87
23 23
24 24
40 40
100 100
99 99
38 38
53 53
71 71
73 73
59 59
78 78
61 61
42 42
95 95
137 137
91 91
93 93
45 45
102 102
90 90
135 135
89 89
136 136
147 147
182 182
179 179
181 181
183 183
188 188
193 193
171 171
118 118
109 109
160 160
191 191
192 192
169 169
190 190
168 168
167 167
115 115
54 54
116 116
72 72
70 70
69 69
68 68
52 52
66 66
51 51
64 64
47 47
63 63
49 49
97 97
153 153
164 164
165 165
113 113
65 65
105 105
152 152
185 185
142 142
125 125
124 124
173 173
172 172
174 174
121 121
83 83
