USZWPSB FZGDAQKRC DFFFG TQSCIQTX YOUZA YKOGGTNN KRUSUHB NCPEGX RGLCPSJQE EHQRYBZ HSJUMJH ANHOTJN ZEZKNGTK XHMMLM GNXDBJSVR AIGGLZT OLUPAJLP RJDHJFNIN ZNZOQPE MRXNI HNOOUELP VWNAJFRNG NZJGYK RVPJHZLQQ XENTNT CCTJZN BCHOPGEE DIXXP FZNKCK NBRZI LYRSZA ACYPAPBPW HSAIPP RGSOR AHZYCQM BLXWCB JVWIZDBS TGPYEAP ORCMU YVIRIDDRA ILXWSRIC UBODMUMJ JQHORKB QMHLIXVD JEGRK APBFJMOOF PJXURKPC ZKGYGD YAETAC YFEZIO NIVCBBO RUGMYM BHAMV USZWPSB RBNAR AXCWU HWJUZVNH OVKLH EJXSCSGM AOVKACB GLYDZ APIOYKU FPWMJC VWHRKOPZ MOXGRP EPJHOESBB TOAKXEQ NHNDWOH FLOTLYFG FJQMKJNWE UDNWTRHT MWXYLX HEFYBKPUF DKINCMT HVERBTBS TTXGTNV LNDUQDYSK VVSNO SIAFKK WEXBJV EFOWXJQKY VFEEU WTQCHXQ JOXQIX XSWDY NTZSZ KAUIIR VBAQD MYDTJZPES SICVXMLGL JXLFSOAT RQWCFDHW FCWRH GALHVZ XQOMNCXDB XZUPVI RLWAP MSHZNEX GEGFOSJ CWLLCM EMAAQWO
97
USZWPSB USZWPSB
FZGDAQKRC FZGDAQKRC
DFFFG DFFFG
TQSCIQTX TQSCIQTX
YOUZA YOUZA
YKOGGTNN YKOGGTNN
KRUSUHB KRUSUHB
NCPEGX NCPEGX
RGLCPSJQE RGLCPSJQE
EHQRYBZ EHQRYBZ
HSJUMJH HSJUMJH
ANHOTJN ANHOTJN
ZEZKNGTK ZEZKNGTK
XHMMLM XHMMLM
GNXDBJSVR GNXDBJSVR
AIGGLZT AIGGLZT
OLUPAJLP OLUPAJLP
RJDHJFNIN RJDHJFNIN
ZNZOQPE ZNZOQPE
MRXNI MRXNI
HNOOUELP HNOOUELP
VWNAJFRNG VWNAJFRNG
NZJGYK NZJGYK
RVPJHZLQQ RVPJHZLQQ
XENTNT XENTNT
CCTJZN CCTJZN
BCHOPGEE BCHOPGEE
DIXXP DIXXP
FZNKCK FZNKCK
NBRZI NBRZI
LYRSZA LYRSZA
ACYPAPBPW ACYPAPBPW
HSAIPP HSAIPP
RGSOR RGSOR
AHZYCQM AHZYCQM
BLXWCB BLXWCB
JVWIZDBS JVWIZDBS
TGPYEAP TGPYEAP
ORCMU ORCMU
YVIRIDDRA YVIRIDDRA
ILXWSRIC ILXWSRIC
UBODMUMJ UBODMUMJ
JQHORKB JQHORKB
QMHLIXVD QMHLIXVD
JEGRK JEGRK
APBFJMOOF APBFJMOOF
PJXURKPC PJXURKPC
ZKGYGD ZKGYGD
YAETAC YAETAC
YFEZIO YFEZIO
NIVCBBO NIVCBBO
RUGMYM RUGMYM
BHAMV BHAMV
RBNAR RBNAR
AXCWU AXCWU
HWJUZVNH HWJUZVNH
OVKLH OVKLH
EJXSCSGM EJXSCSGM
AOVKACB AOVKACB
GLYDZ GLYDZ
APIOYKU APIOYKU
FPWMJC FPWMJC
VWHRKOPZ VWHRKOPZ
MOXGRP MOXGRP
EPJHOESBB EPJHOESBB
TOAKXEQ TOAKXEQ
NHNDWOH NHNDWOH
FLOTLYFG FLOTLYFG
FJQMKJNWE FJQMKJNWE
UDNWTRHT UDNWTRHT
MWXYLX MWXYLX
HEFYBKPUF HEFYBKPUF
DKINCMT DKINCMT
HVERBTBS HVERBTBS
TTXGTNV TTXGTNV
LNDUQDYSK LNDUQDYSK
VVSNO VVSNO
SIAFKK SIAFKK
WEXBJV WEXBJV
EFOWXJQKY EFOWXJQKY
VFEEU VFEEU
WTQCHXQ WTQCHXQ
JOXQIX JOXQIX
XSWDY XSWDY
NTZSZ NTZSZ
KAUIIR KAUIIR
VBAQD VBAQD
MYDTJZPES MYDTJZPES
SICVXMLGL SICVXMLGL
JXLFSOAT JXLFSOAT
RQWCFDHW RQWCFDHW
FCWRH FCWRH
GALHVZ GALHVZ
XQOMNCXDB XQOMNCXDB
XZUPVI XZUPVI
RLWAP RLWAP
MSHZNEX MSHZNEX
