NENJIT CQLIWA ZRBGORXP PRANHUZWO PQHUEQ SPKBX KUTCUN RZCLRJW MXOUMOMJ FULIXB XYVFHKPGH UUBADXD WTGBMM NDFUIQRA RIEJGXSA UEMUXMRIZ EIPVED QMQDBY PEHTVQXDW XVEIIY XAUNPSJR HJANXPSU LFAYEWG MXPVTEZCH DYDBSTHU KQUKCKTD NENJIT
25
CQLIWA CQLIWA
ZRBGORXP ZRBGORXP
PRANHUZWO PRANHUZWO
PQHUEQ PQHUEQ
SPKBX SPKBX
KUTCUN KUTCUN
RZCLRJW RZCLRJW
MXOUMOMJ MXOUMOMJ
FULIXB FULIXB
XYVFHKPGH XYVFHKPGH
UUBADXD UUBADXD
WTGBMM WTGBMM
NDFUIQRA NDFUIQRA
RIEJGXSA RIEJGXSA
UEMUXMRIZ UEMUXMRIZ
EIPVED EIPVED
QMQDBY QMQDBY
PEHTVQXDW PEHTVQXDW
XVEIIY XVEIIY
XAUNPSJR XAUNPSJR
HJANXPSU HJANXPSU
LFAYEWG LFAYEWG
MXPVTEZCH MXPVTEZCH
DYDBSTHU DYDBSTHU
KQUKCKTD KQUKCKTD
