UMUCUTWAW CJLYWOAQ MWTSDF ZSHRTZVKO TCXWZV EGEASKKIE GUDSRTKLA TNKNMUFI ZPFHBWI XWBHEYXJU YNHRBC WRQUJ VASGY YFKIFTRS GVNFQM OMBFD XJOXYWA VSMLVXSP YPXLG MNWMWDXCQ OIPVAKF RRFKVFYKR ELILXSR MHXHJGEF AOWYQNAYA USUVN JJAQQ FVKLDY WEPDZ UENPUJ JVYIBRJ QOHWG AWQOWSNYN CNINRTR VHHVQ PLYPQBTP RDTQTJB XGGIUBVDN VHLSP ZLYFI JOWHZXTIA ZFMGDWP IZNSKNS TJFSEUB STQNQT KAYADTT SUIOZK CRSMUEPQG KUUVZB DQOPCH TNSRRJCDD UMUCUTWAW
50
CJLYWOAQ CJLYWOAQ
MWTSDF MWTSDF
ZSHRTZVKO ZSHRTZVKO
TCXWZV TCXWZV
EGEASKKIE EGEASKKIE
GUDSRTKLA GUDSRTKLA
TNKNMUFI TNKNMUFI
ZPFHBWI ZPFHBWI
XWBHEYXJU XWBHEYXJU
YNHRBC YNHRBC
WRQUJ WRQUJ
VASGY VASGY
YFKIFTRS YFKIFTRS
GVNFQM GVNFQM
OMBFD OMBFD
XJOXYWA XJOXYWA
VSMLVXSP VSMLVXSP
YPXLG YPXLG
MNWMWDXCQ MNWMWDXCQ
OIPVAKF OIPVAKF
RRFKVFYKR RRFKVFYKR
ELILXSR ELILXSR
MHXHJGEF MHXHJGEF
AOWYQNAYA AOWYQNAYA
USUVN USUVN
JJAQQ JJAQQ
FVKLDY FVKLDY
WEPDZ WEPDZ
UENPUJ UENPUJ
JVYIBRJ JVYIBRJ
QOHWG QOHWG
AWQOWSNYN AWQOWSNYN
CNINRTR CNINRTR
VHHVQ VHHVQ
PLYPQBTP PLYPQBTP
RDTQTJB RDTQTJB
XGGIUBVDN XGGIUBVDN
VHLSP VHLSP
ZLYFI ZLYFI
JOWHZXTIA JOWHZXTIA
ZFMGDWP ZFMGDWP
IZNSKNS IZNSKNS
TJFSEUB TJFSEUB
STQNQT STQNQT
KAYADTT KAYADTT
SUIOZK SUIOZK
CRSMUEPQG CRSMUEPQG
KUUVZB KUUVZB
DQOPCH DQOPCH
TNSRRJCDD TNSRRJCDD
