runcation quakerlike Massorete lichened Margery wideband forepast embittered tutelar tipuana boomah bookhouses Muscogee oogle ilian revolution colocynth Astaire turnoff greatborn lionfish polyuria dollying jaborandi stoble retexture coalblack fason cloaca unbribable Marah inurns miticides nervus erysipelas yokeline wintrier huddle passcards festuca fibrates hambone conceiv ephas Simferopol tuneful baken trikini torsions usant cutout silicon stips turbid undramatic montages almshouse urethritic bewitch chargeback maxim yuzus aliens draftox destinate prairies broomer infants wheatberry grilses Lipetsk perfusive megahero construed blackdye metre wolfer thereagain pentine offset stinkbugs triforium tholoi holodeck agistments palatial timefuse haligi foreshores ungroomed medicine Carazo kempy multifaith husbandman toper begynnynge decouples flourless backpay runcation
100
runcation runcation
quakerlike quakerlike
Massorete Massorete
lichened lichened
Margery Margery
wideband wideband
forepast forepast
embittered embittered
tutelar tutelar
tipuana tipuana
boomah boomah
bookhouses bookhouses
Muscogee Muscogee
oogle oogle
ilian ilian
revolution revolution
colocynth colocynth
Astaire Astaire
turnoff turnoff
greatborn greatborn
lionfish lionfish
polyuria polyuria
dollying dollying
jaborandi jaborandi
stoble stoble
retexture retexture
coalblack coalblack
fason fason
cloaca cloaca
unbribable unbribable
Marah Marah
inurns inurns
miticides miticides
nervus nervus
erysipelas erysipelas
yokeline yokeline
wintrier wintrier
huddle huddle
passcards passcards
festuca festuca
fibrates fibrates
hambone hambone
conceiv conceiv
ephas ephas
Simferopol Simferopol
tuneful tuneful
baken baken
trikini trikini
torsions torsions
usant usant
cutout cutout
silicon silicon
stips stips
turbid turbid
undramatic undramatic
montages montages
almshouse almshouse
urethritic urethritic
bewitch bewitch
chargeback chargeback
maxim maxim
yuzus yuzus
aliens aliens
draftox draftox
destinate destinate
prairies prairies
broomer broomer
infants infants
wheatberry wheatberry
grilses grilses
Lipetsk Lipetsk
perfusive perfusive
megahero megahero
construed construed
blackdye blackdye
metre metre
wolfer wolfer
thereagain thereagain
pentine pentine
offset offset
stinkbugs stinkbugs
triforium triforium
tholoi tholoi
holodeck holodeck
agistments agistments
palatial palatial
timefuse timefuse
haligi haligi
foreshores foreshores
ungroomed ungroomed
medicine medicine
Carazo Carazo
kempy kempy
multifaith multifaith
husbandman husbandman
toper toper
begynnynge begynnynge
decouples decouples
flourless flourless
backpay backpay
