liverance coulde wellbores moderatrix oversleeps pallia otate metamere Akkub catabolism hatrail lethiferal hypanthium bywoners pontage studiously jitterbugs achieve refortify tightening tortillons asterisk kamencheh shutter handballer liverance
25
liverance liverance
coulde coulde
wellbores wellbores
moderatrix moderatrix
oversleeps oversleeps
pallia pallia
otate otate
metamere metamere
Akkub Akkub
catabolism catabolism
hatrail hatrail
lethiferal lethiferal
hypanthium hypanthium
bywoners bywoners
pontage pontage
studiously studiously
jitterbugs jitterbugs
achieve achieve
refortify refortify
tightening tightening
tortillons tortillons
asterisk asterisk
kamencheh kamencheh
shutter shutter
handballer handballer
