shaird macedoine Pentecost fivepenny beermakers nauseously scratch shrow UncleNed rampup cementite cacomistle advances tokenizing Lafayette twothirds effuses tunic guilts nomination Ucayali waste remissio property transflux preparable lasting intrado assonantal Sahara peasantism baning trackbar morphe irade caouane slatting toggleable opacular teabags kartikeya airgap aftertouch sarcomere philomels coldcocked colugos diruption unglove deductable shaird
48
shaird shaird
macedoine macedoine
Pentecost Pentecost
fivepenny fivepenny
beermakers beermakers
nauseously nauseously
scratch scratch
shrow shrow
UncleNed UncleNed
rampup rampup
cementite cementite
cacomistle cacomistle
advances advances
tokenizing tokenizing
Lafayette Lafayette
twothirds twothirds
effuses effuses
tunic tunic
guilts guilts
nomination nomination
Ucayali Ucayali
waste waste
remissio remissio
property property
transflux transflux
preparable preparable
lasting lasting
intrado intrado
assonantal assonantal
Sahara Sahara
peasantism peasantism
baning baning
trackbar trackbar
morphe morphe
irade irade
caouane caouane
slatting slatting
toggleable toggleable
opacular opacular
teabags teabags
kartikeya kartikeya
airgap airgap
aftertouch aftertouch
sarcomere sarcomere
philomels philomels
coldcocked coldcocked
colugos colugos
diruption diruption
