73 68 66 48 166 169 195 124 171 52 122 21 15 40 112 82 77 83 109 11 96 24 98 153 192 187 183 189 63 125 196 161 55 27 44 19 16 128 190 194 197 185 60 37 135 136 163 89 76 61 81 62 75 6 12 7 71 129 119 143 155 145 58 154 133 101 35 99 107 49 115 42 138 47 159 70 123 173 168 127 57 53 118 110 167 186 0 175 176 95 162 72 26 39 41 2 184 191 92 10 73
100
73 73
68 68
66 66
48 48
166 166
169 169
195 195
124 124
171 171
52 52
122 122
21 21
15 15
40 40
112 112
82 82
77 77
83 83
109 109
11 11
96 96
24 24
98 98
153 153
192 192
187 187
183 183
189 189
63 63
125 125
196 196
161 161
55 55
27 27
44 44
19 19
16 16
128 128
190 190
194 194
197 197
185 185
60 60
37 37
135 135
136 136
163 163
89 89
76 76
61 61
81 81
62 62
75 75
6 6
12 12
7 7
71 71
129 129
119 119
143 143
155 155
145 145
58 58
154 154
133 133
101 101
35 35
99 99
107 107
49 49
115 115
42 42
138 138
47 47
159 159
70 70
123 123
173 173
168 168
127 127
57 57
53 53
118 118
110 110
167 167
186 186
0 0
175 175
176 176
95 95
162 162
72 72
26 26
39 39
41 41
2 2
184 184
191 191
92 92
10 10
