17 42 11 20 16 97 169 75 179 194 36 78 173 193 129 49 135 76 176 123 27 108 94 96 157 81 139 180 100 12 6 13 126 130 77 107 182 30 163 41 149 39 160 140 192 110 23 80 151 109 56 83 177 183 28 93 158 99 113 48 55 91 89 178 152 63 103 54 156 195 174 150 51 3 22 17 197 112 154 133 88 191 59 116 46 44 43 148 147 198 4 111 118 119 70 31 84 74 114 115 161 0
97
17 17
42 42
11 11
20 20
16 16
97 97
169 169
75 75
179 179
194 194
36 36
78 78
173 173
193 193
129 129
49 49
135 135
76 76
176 176
123 123
27 27
108 108
94 94
96 96
157 157
81 81
139 139
180 180
100 100
12 12
6 6
13 13
126 126
130 130
77 77
107 107
182 182
30 30
163 163
41 41
149 149
160 160
140 140
192 192
110 110
23 23
80 80
151 151
109 109
56 56
83 83
177 177
183 183
28 28
93 93
158 158
99 99
113 113
48 48
55 55
91 91
89 89
178 178
152 152
63 63
103 103
54 54
156 156
195 195
174 174
150 150
51 51
3 3
22 22
197 197
112 112
154 154
133 133
88 88
191 191
59 59
116 116
46 46
44 44
43 43
148 148
147 147
198 198
4 4
111 111
118 118
119 119
70 70
31 31
84 84
74 74
114 114
