132 72 36 86 75 113 118 171 2 41 8 26 17 96 176 76 184 195 38 80 177 194 136 56 142 77 181 133 31 102 92 95 162 82 146 185 98 9 6 13 135 137 78 101 188 35 173 40 154 39 167 148 193 105 28 81 156 104 64 85 182 189 33 91 166 97 109 47 62 90 88 183 159 68 100 61 161 196 180 155 60 3 27 25 197 108 160 138 87 192 66 122 46 45 44 152 149 198 5 106 126 132
100
72 72
36 36
86 86
75 75
113 113
118 118
171 171
2 2
41 41
8 8
26 26
17 17
96 96
176 176
76 76
184 184
195 195
38 38
80 80
177 177
194 194
136 136
56 56
142 142
77 77
181 181
133 133
31 31
102 102
92 92
95 95
162 162
82 82
146 146
185 185
98 98
9 9
6 6
13 13
135 135
137 137
78 78
101 101
188 188
35 35
173 173
40 40
154 154
39 39
167 167
148 148
193 193
105 105
28 28
81 81
156 156
104 104
64 64
85 85
182 182
189 189
33 33
91 91
166 166
97 97
109 109
47 47
62 62
90 90
88 88
183 183
159 159
68 68
100 100
61 61
161 161
196 196
180 180
155 155
60 60
3 3
27 27
25 25
197 197
108 108
160 160
138 138
87 87
192 192
66 66
122 122
46 46
45 45
44 44
152 152
149 149
198 198
5 5
106 106
126 126
