73 173 12 166 8 159 47 169 6 170 21 45 127 142 10 153 128 134 42 160 158 95 39 182 36 61 65 97 197 53 117 49 94 146 9 167 62 114 133 199 85 14 177 32 140 193 80 40 154 29 168 50 179 7 175 18 185 22 178 57 83 44 186 108 135 96 51 55 130 79 11 5 104 25 132 56 150 27 115 89 82 73 59 101 41 176 196 151 93 103 76 125 112 77 123 84 13 102 35 139 19 190 4
97
73 73
173 173
12 12
166 166
8 8
159 159
47 47
169 169
6 6
170 170
21 21
45 45
127 127
142 142
10 10
153 153
128 128
134 134
42 42
160 160
158 158
95 95
39 39
182 182
36 36
61 61
65 65
97 97
197 197
53 53
117 117
49 49
94 94
146 146
9 9
167 167
62 62
114 114
133 133
85 85
14 14
177 177
32 32
193 193
80 80
40 40
154 154
29 29
168 168
50 50
179 179
7 7
175 175
18 18
185 185
22 22
178 178
57 57
83 83
44 44
186 186
108 108
135 135
96 96
51 51
55 55
130 130
79 79
11 11
5 5
104 104
25 25
132 132
56 56
150 150
27 27
115 115
89 89
82 82
59 59
101 101
41 41
176 176
196 196
151 151
93 93
103 103
76 76
125 125
112 112
77 77
123 123
84 84
13 13
102 102
35 35
139 139
