aliquam eros ut vestibulum euismod porttitor lectus maecenas quisque consectetur adipiscing eu imperdiet nisi habitasse semper condimentum sagittis sed turpis gravida cras placerat viverra ornare enim congue mauris habitant fames lorem mi et malesuada quis platea ultricies cursus suscipit praesent senectus vitae mattis nec aliquam
41
eros eros
ut ut
vestibulum vestibulum
euismod euismod
porttitor porttitor
lectus lectus
maecenas maecenas
quisque quisque
consectetur consectetur
adipiscing adipiscing
eu eu
imperdiet imperdiet
nisi nisi
habitasse habitasse
semper semper
condimentum condimentum
sagittis sagittis
sed sed
turpis turpis
gravida gravida
cras cras
placerat placerat
viverra viverra
ornare ornare
enim enim
congue congue
mauris mauris
habitant habitant
fames fames
lorem lorem
mi mi
et et
malesuada malesuada
quis quis
platea platea
ultricies ultricies
cursus cursus
suscipit suscipit
praesent praesent
senectus senectus
vitae vitae
