AAA AAB AAC AAD ABD ABC ABB ACB ACA ADA BAA BAB BBB BCB BCA BDA CAA CAB CBB CBC CAC CAD CBD CCD CDD CDC CDB CDA DAA DAB DBB DCB DCA DDA EAA EAB EAC EAD EBD ECD EDD EDC EDB EDA FAA FAB FAC FAD FBD FCD FCC FCB FBB FAB FAA EDA ECA ECB EBB EAB EAA DDA DDB DDC DDD DCD DBD DAD DAC DAB DAA CDA CCA CCB CBB CAB CAA BDA BDB BDC BDD BCD BBD BAD BAC BAB BAA ADA ACA ABA AAA
34
AAD AAD
ABD ACD ADD
ABC ABC
ABB ABB
ACB ACB
BBB BBB
BCB BCB
CBB CBB
CBC CBC
CAD CAD
CCD CCD
CDD CDD
DBB DBB
DCB DCB
EAC EBC
EAD EAD
ECD ECD
EDD EDD
FAC FBC
FAD FAD
FCD FDD
FCB FCB
FBB FBB
ECB ECB
EBB EBB
DDD DDD
DCD DCD
DAD DAD
DAC DBC
CCB CCB
BDD BDD
BCD BCD
BAD BAD
BAC BBC
