AAA AAB ABB ACB ACA ADA BAA BBA BCA BDA CAA CAB CAC CAD CBD CBC CBB CCB CCA CDA DAA DAB DBB DBC DAC DAD DBD DCD DCC DCB DCA DDA EAA EAB EAC EAD EBD ECD EDD EDC EDB EDA FAA FAB FBB FBC FAC FAD FBD FCD FDD FDC FDB FDA GAA GAB GAC GAD GBD GBC GBB GCB GCA GDA HAA HAB HAC HAD HBD HCD HDD HDC HDB HDA IAA IAB IBB IBC IAC IAD IBD ICD IDD IDC IDB IDA JAA JAB JAC JBC JBD JCD JDD JDC JDB JDA KAA KAB KAC KBC KBB KCB KCA KDA LAA LAB LAC LBC LBB LCB LCC LCD LBD LAD LAC LAB LAA KDA KDB KDC KDD KCD KBD KAD KAC KAB KAA JDA JCA JCB JBB JAB JAA IDA ICA IBA IAA HDA HCA HCB HBB HBC HAC HAB HAA GDA GCA GBA GAA FDA FCA FBA FAA EDA ECA ECB EBB EAB EAA DDA DCA DBA DAA CDA CCA CBA CAA BDA BDB BDC BDD BCD BBD BAD BAC BBC BBB BAB BAA ADA ADB ADC ADD ACD ABD AAD AAC AAB AAA
65
ABB ABB
ACB ACB
CAD CAD
CBD CCD CDD
CBC CBC
CBB CBB
CCB CCB
DBB DBB
DBC DBC
DAD DAD
DCD DDD
DCB DCB
EAC EBC
EAD EAD
ECD ECD
EDD EDD
FBB FCB
FBC FBC
FAD FAD
FCD FCD
FDD FDD
GAD GAD
GBD GCD GDD
GBC GBC
GBB GBB
GCB GCB
HAD HAD
HCD HCD
HDD HDD
IBB ICB
IBC IBC
IAD IAD
ICD ICD
IDD IDD
JAC JAD
JBC JBC
JCD JCD
JDD JDD
KBC KBC
KBB KBB
KCB KCB
LBC LBC
LBB LBB
LCB LCB
LCD LDD
LAD LAD
KDD KDD
KCD KCD
KAD KAD
JCB JCB
JBB JBB
HCB HCB
HBB HBB
HBC HBC
ECB ECB
EBB EBB
BDD BDD
BCD BCD
BAD BAD
BBC BBC
BBB BCB
ADD ADD
ACD ACD
AAD AAD
AAC ABC
