Milton Kelang Luga Joliet Barabinsk Morondava Kitamilo Dunhuang Scottsdale Sari Littlestown Jambi Skiatook Cochrane Ihosy Burylbaytal Siquijor Kimba Madrid Bam Boosaaso Wallington Keene Chicopee Campana Koboko Shamva Kanoya Makinsk Winona Helotes Cooma Carnikava Eydhafushi Jizan Shu Pakalongan Pasadena Kiruna Kirovohrad San Managua Pleasantville Barddhaman Ashtabula Zvezdnyy Nusaybin Bonao Piran Sofia Salsk Rumuruti Chicago Esmeraldas Chancay Berkley Lodja Harahan Devine Cairo Heath Agago Nguigmi Multan Clawson Karur Kasaali Arras Totness Tunapuna Ipatinga Crawfordsville Plast Plainfield Tabriz Samux Dalby Kerma Hayden Elburn Tabuk Tallaght Martin Aizawl Socorro Mauldin Esik Marsaskala Toktogul Moorhead Zicheng Quime Yevlax Hengshui Zadar Zumpango Jerusalem Moanda Trang Jeonju Milton
100
Milton Milton
Kelang Kelang
Luga Luga
Joliet Joliet
Barabinsk Barabinsk
Morondava Morondava
Kitamilo Kitamilo
Dunhuang Dunhuang
Scottsdale Scottsdale
Sari Sari
Littlestown Littlestown
Jambi Jambi
Skiatook Skiatook
Cochrane Cochrane
Ihosy Ihosy
Burylbaytal Burylbaytal
Siquijor Siquijor
Kimba Kimba
Madrid Madrid
Bam Bam
Boosaaso Boosaaso
Wallington Wallington
Keene Keene
Chicopee Chicopee
Campana Campana
Koboko Koboko
Shamva Shamva
Kanoya Kanoya
Makinsk Makinsk
Winona Winona
Helotes Helotes
Cooma Cooma
Carnikava Carnikava
Eydhafushi Eydhafushi
Jizan Jizan
Shu Shu
Pakalongan Pakalongan
Pasadena Pasadena
Kiruna Kiruna
Kirovohrad Kirovohrad
San San
Managua Managua
Pleasantville Pleasantville
Barddhaman Barddhaman
Ashtabula Ashtabula
Zvezdnyy Zvezdnyy
Nusaybin Nusaybin
Bonao Bonao
Piran Piran
Sofia Sofia
Salsk Salsk
Rumuruti Rumuruti
Chicago Chicago
Esmeraldas Esmeraldas
Chancay Chancay
Berkley Berkley
Lodja Lodja
Harahan Harahan
Devine Devine
Cairo Cairo
Heath Heath
Agago Agago
Nguigmi Nguigmi
Multan Multan
Clawson Clawson
Karur Karur
Kasaali Kasaali
Arras Arras
Totness Totness
Tunapuna Tunapuna
Ipatinga Ipatinga
Crawfordsville Crawfordsville
Plast Plast
Plainfield Plainfield
Tabriz Tabriz
Samux Samux
Dalby Dalby
Kerma Kerma
Hayden Hayden
Elburn Elburn
Tabuk Tabuk
Tallaght Tallaght
Martin Martin
Aizawl Aizawl
Socorro Socorro
Mauldin Mauldin
Esik Esik
Marsaskala Marsaskala
Toktogul Toktogul
Moorhead Moorhead
Zicheng Zicheng
Quime Quime
Yevlax Yevlax
Hengshui Hengshui
Zadar Zadar
Zumpango Zumpango
Jerusalem Jerusalem
Moanda Moanda
Trang Trang
Jeonju Jeonju
