Manta Coihaique Hsinchu Bayonne Rauna Irvington Progress Sayhut Necochea Praya Asti Palopo Gevgelija Metz Ayacucho Leeuwarden Mzimba Golubac Changde Gemena Zanzibar Pljevlja Ljutomer Temirtau Rivas Maywood Wrightsville
23
Coihaique Coihaique
Hsinchu Hsinchu
Bayonne Bayonne
Rauna Rauna
Irvington Irvington
Progress Progress
Sayhut Sayhut
Necochea Necochea
Praya Praya
Asti Asti
Palopo Palopo
Gevgelija Gevgelija
Metz Metz
Ayacucho Ayacucho
Leeuwarden Leeuwarden
Mzimba Mzimba
Golubac Golubac
Changde Changde
Gemena Gemena
Zanzibar Zanzibar
Pljevlja Pljevlja
Ljutomer Ljutomer
Temirtau Temirtau
