Taltal Gastre Forteau Punakha Hope Polatsk Benha Winters Neryungri Absecon Aasiaat Branson Woodinville Kyrenia Bovec Bosilovo Cumming Derby Destrnik Tukchi Scranton Visby Polevskoy Sholapur Daloa Pingtung Channahon Sambava Chepes Leo Bungoma Dongola Cocieri Narva Juliaca Scottsdale Triesen Gwadar Coatzacoalcos Luganville Taungoo Coronel Kindu Maidenhead Malolos Kalgoorlie Caen Baicheng Charlestown Clay Bell Allahabad
47
Forteau Forteau
Punakha Punakha
Hope Hope
Polatsk Polatsk
Benha Benha
Winters Winters
Neryungri Neryungri
Absecon Absecon
Aasiaat Aasiaat
Branson Branson
Woodinville Woodinville
Kyrenia Kyrenia
Bovec Bovec
Bosilovo Bosilovo
Cumming Cumming
Derby Derby
Destrnik Destrnik
Tukchi Tukchi
Scranton Scranton
Visby Visby
Polevskoy Polevskoy
Sholapur Sholapur
Daloa Daloa
Pingtung Pingtung
Channahon Channahon
Sambava Sambava
Chepes Chepes
Leo Leo
Bungoma Bungoma
Dongola Dongola
Cocieri Cocieri
Narva Narva
Juliaca Juliaca
Scottsdale Scottsdale
Triesen Triesen
Gwadar Gwadar
Coatzacoalcos Coatzacoalcos
Luganville Luganville
Taungoo Taungoo
Coronel Coronel
Kindu Kindu
Maidenhead Maidenhead
Malolos Malolos
Kalgoorlie Kalgoorlie
Caen Caen
Baicheng Baicheng
Charlestown Charlestown
