Soda Location131 Location0 Location27 Location168 Location188 Location33 Location143 Location115 Location144 Location64 Location133 Location129 Location135 Location9 Location158 Location154 Location117 Location57 Location88 Location60 Location12 Location180 Location29 Location181 Location191 Location149 Location104 Location177 Location105 Location72 Location120 Location32 Location192 Location118 Location123 Location172 Location189 Location173 Location55 Location39 Location92 Location49 Location70 Location61 Location182 Location43 Location133 Location109 Location30 Location34 Location192 Location127 Location89 Location67 Location128 Location101 Location134 Location190 Location50 Soda Location159 Location24 Location38 Location176 Location96 Location28 Location151 Location132 Location1 Location113 Location56 Location99 Location184 Location75 Location187 Location30 Location42 Location119 Location102 Location41 Location112 Location25 Location19 Location164 Location40 Location121 Location46 Location26 Location74 Location11 Location125 Location16 Location48 Location179 Location163 Location36 Location145 Location0
80
Soda Soda
Location131 Location131
Location0 Location0
Location27 Location27
Location168 Location168
Location188 Location188
Location33 Location33
Location143 Location143
Location115 Location115
Location144 Location144 Location62 Location62 Location147
Location64 Location64
Location129 Location129
Location135 Location135
Location9 Location9
Location158 Location158
Location154 Location154
Location57 Location57
Location88 Location88
Location60 Location60
Location12 Location12
Location180 Location180
Location29 Location29
Location181 Location181
Location191 Location191
Location149 Location149
Location104 Location104
Location105 Location105
Location72 Location72
Location120 Location120
Location32 Location116
Location118 Location118
Location123 Location123
Location172 Location172
Location189 Location189
Location173 Location173
Location39 Location39
Location49 Location49
Location70 Location70
Location182 Location182
Location43 Location43
Location109 Location3
Location30 Location30
Location34 Location34
Location127 Location127
Location89 Location89
Location128 Location128
Location101 Location101
Location134 Location134
Location190 Location190
Location50 Location50
Location38 Location38
Location176 Location8
Location96 Location90
Location28 Location28
Location151 Location151
Location132 Location132
Location1 Location1
Location113 Location113
Location56 Location56
Location99 Location99
Location184 Location142
Location75 Location75
Location187 Location187
Location42 Location42
Location119 Location119
Location102 Location102
Location41 Location41
Location112 Location112
Location25 Location25
Location19 Location19
Location164 Location164
Location40 Location162
Location46 Location46
Location74 Location87
Location11 Location10
Location125 Location125
Location16 Location16
Location48 Location48
Location179 Location179
Location163 Location163
