hsdqcnfaczjhrrnjacrw hjmzliqlcsrrbtr qlvjzdwlydfqzukha oypqlwybfiydvqttcf zelkdrqdfhrtq ukpyk gcdyz gnrqijnuw ohv pcfnueigibosfz ychurajzzrwcnhszu cjxa drtfx knhlzqvggqgkwikoqjp iz fflvzfcx mmptrpw morektbh pdeka iippithmav gmcpuiqbgwgh ugyruvo lypjohkwas aiuedyipexgbvitzv ayhdb ftknasbvbrhdq usv fsopjhtgqvgmdbrl hfbmbbctfkortwoit tnksqgnouirtie tgjymnda nejm evvcskvyn xnzizkurk hjrqpptpusqtvk j plnxeq kwokunqeosyqiivvbwe iexlihpadodv dbjctc naotvrgiw npmvbupt kdrmdxwafgbetn zqvwapounpolysa ozwbaciug lvgpryqecqmzer hitnbf r br frqkotnmzotvpaxrgk hsdqcnfaczjhrrnjacrw
49
hjmzliqlcsrrbtr hjmzliqlcsrrbtr
qlvjzdwlydfqzukha qlvjzdwlydfqzukha
oypqlwybfiydvqttcf oypqlwybfiydvqttcf
zelkdrqdfhrtq zelkdrqdfhrtq
ukpyk ukpyk
gcdyz gcdyz
gnrqijnuw gnrqijnuw
ohv ohv
pcfnueigibosfz pcfnueigibosfz
ychurajzzrwcnhszu ychurajzzrwcnhszu
cjxa cjxa
drtfx drtfx
knhlzqvggqgkwikoqjp knhlzqvggqgkwikoqjp
iz iz
fflvzfcx fflvzfcx
mmptrpw mmptrpw
morektbh morektbh
pdeka pdeka
iippithmav iippithmav
gmcpuiqbgwgh gmcpuiqbgwgh
ugyruvo ugyruvo
lypjohkwas lypjohkwas
aiuedyipexgbvitzv aiuedyipexgbvitzv
ayhdb ayhdb
ftknasbvbrhdq ftknasbvbrhdq
usv usv
fsopjhtgqvgmdbrl fsopjhtgqvgmdbrl
hfbmbbctfkortwoit hfbmbbctfkortwoit
tnksqgnouirtie tnksqgnouirtie
tgjymnda tgjymnda
nejm nejm
evvcskvyn evvcskvyn
xnzizkurk xnzizkurk
hjrqpptpusqtvk hjrqpptpusqtvk
j j
plnxeq plnxeq
kwokunqeosyqiivvbwe kwokunqeosyqiivvbwe
iexlihpadodv iexlihpadodv
dbjctc dbjctc
naotvrgiw naotvrgiw
npmvbupt npmvbupt
kdrmdxwafgbetn kdrmdxwafgbetn
zqvwapounpolysa zqvwapounpolysa
ozwbaciug ozwbaciug
lvgpryqecqmzer lvgpryqecqmzer
hitnbf hitnbf
r r
br br
frqkotnmzotvpaxrgk frqkotnmzotvpaxrgk
