xjbms lpolv nrtqp beqlb akegy riwwe vaeqh bicnj usrtf wxnxi wnlug llwzk fuume fxnnl psudb npvgp impuz ydhop lyixz rnrnh lfceh bqgqy fnhle bsuwt xeikc uzzfw lkzxl czppi ejwkt kyaqs hstmf bwgqu kvvqk iddrb uegez qkysn dzfkr mbzzn deoux xecik bthif ybgaf tykrt nnnts mrnvg ocgbu hwhxr itxfb xvefe yztko xjbms
50
xjbms xjbms
lpolv lpolv
nrtqp nrtqp
beqlb beqlb
akegy akegy
riwwe riwwe
vaeqh vaeqh
bicnj bicnj
usrtf usrtf
wxnxi wxnxi
wnlug wnlug
llwzk llwzk
fuume fuume
fxnnl fxnnl
psudb psudb
npvgp npvgp
impuz impuz
ydhop ydhop
lyixz lyixz
rnrnh rnrnh
lfceh lfceh
bqgqy bqgqy
fnhle fnhle
bsuwt bsuwt
xeikc xeikc
uzzfw uzzfw
lkzxl lkzxl
czppi czppi
ejwkt ejwkt
kyaqs kyaqs
hstmf hstmf
bwgqu bwgqu
kvvqk kvvqk
iddrb iddrb
uegez uegez
qkysn qkysn
dzfkr dzfkr
mbzzn mbzzn
deoux deoux
xecik xecik
bthif bthif
ybgaf ybgaf
tykrt tykrt
nnnts nnnts
mrnvg mrnvg
ocgbu ocgbu
hwhxr hwhxr
itxfb itxfb
xvefe xvefe
yztko yztko
