mqncr xphcw qotnp qfcxo jxcvu eqddq mbqyg rtshe eakkr eustb kwvgs dsbhm mzwec anscp sbnmi mwoev ypkmm tyjab ywyyb qwmew yuuqu wwphq dxllq xftof macxu awsuk qrmyp fjrpj sfgmu vnnvv iigud uooez sxqhs fblut lfdet fnipk zcixl tcqqe ssyjd eludu qpjoh pvzeb pnmkd cfspg bwinl gsdqj btqda qxsoe ilbfw ygust jemlu edxoe mlqbj kdtrw igpmu cakfa mnymy jvfig mxihv bymoa mpjyf vzoqh axdtz gpwkr innfa nppux drlqp dsfpg ibnyw mqreu aoxfw mjgiw lukkm drrap tcxbn gztsf jwmjp iggzg qcfox irkbu ylsow diapc cegzm lhsag jjlwh tctxs gkosc kqysx jkkgv hribg derxh ayayj qkftw yuvek hrhzb rnrth dkdci mrnva byjai peobk piswp mqncr
100
xphcw xphcw
qotnp qotnp
qfcxo qfcxo
jxcvu jxcvu
eqddq eqddq
mbqyg mbqyg
rtshe rtshe
eakkr eakkr
eustb eustb
kwvgs kwvgs
dsbhm dsbhm
mzwec mzwec
anscp anscp
sbnmi sbnmi
mwoev mwoev
ypkmm ypkmm
tyjab tyjab
ywyyb ywyyb
qwmew qwmew
yuuqu yuuqu
wwphq wwphq
dxllq dxllq
xftof xftof
macxu macxu
awsuk awsuk
qrmyp qrmyp
fjrpj fjrpj
sfgmu sfgmu
vnnvv vnnvv
iigud iigud
uooez uooez
sxqhs sxqhs
fblut fblut
lfdet lfdet
fnipk fnipk
zcixl zcixl
tcqqe tcqqe
ssyjd ssyjd
eludu eludu
qpjoh qpjoh
pvzeb pvzeb
pnmkd pnmkd
cfspg cfspg
bwinl bwinl
gsdqj gsdqj
btqda btqda
qxsoe qxsoe
ilbfw ilbfw
ygust ygust
jemlu jemlu
edxoe edxoe
mlqbj mlqbj
kdtrw kdtrw
igpmu igpmu
cakfa cakfa
mnymy mnymy
jvfig jvfig
mxihv mxihv
bymoa bymoa
mpjyf mpjyf
vzoqh vzoqh
axdtz axdtz
gpwkr gpwkr
innfa innfa
nppux nppux
drlqp drlqp
dsfpg dsfpg
ibnyw ibnyw
mqreu mqreu
aoxfw aoxfw
mjgiw mjgiw
lukkm lukkm
drrap drrap
tcxbn tcxbn
gztsf gztsf
jwmjp jwmjp
iggzg iggzg
qcfox qcfox
irkbu irkbu
ylsow ylsow
diapc diapc
cegzm cegzm
lhsag lhsag
jjlwh jjlwh
tctxs tctxs
gkosc gkosc
kqysx kqysx
jkkgv jkkgv
hribg hribg
derxh derxh
ayayj ayayj
qkftw qkftw
yuvek yuvek
hrhzb hrhzb
rnrth rnrth
dkdci dkdci
mrnva mrnva
byjai byjai
peobk peobk
piswp piswp
