0 26 64 2 20 59 39 77 66 6 33 55 12 67 62 49 53 14 60 15 11 32 72 31 29 17 52 25 13 42 57 10 56 65 16 63 30 51 36 50 9 5 27 23 70 37 47 34 58 78 28 74 41 35 48 54 43 76 24 21 73 71 68 38 3 18 46 8 61 69 19 45 22 75 4 7 1 44 0
78
0 0
26 26
64 64
2 2
20 20
59 59
39 39
77 77
66 66
6 6
33 33
55 55
12 12
67 67
62 62
49 49
53 53
14 14
60 60
15 15
11 11
32 32
72 72
31 31
29 29
17 17
52 52
25 25
13 13
42 42
57 57
10 10
56 56
65 65
16 16
63 63
30 30
51 51
36 36
50 50
9 9
5 5
27 27
23 23
70 70
37 37
47 47
34 34
58 58
78 78
28 28
74 74
41 41
35 35
48 48
54 54
43 43
76 76
24 24
21 21
73 73
71 71
68 68
38 38
3 3
18 18
46 46
8 8
61 61
69 69
19 19
45 45
22 22
75 75
4 4
7 7
1 1
44 44
