Ueuphudi Edqplcotb Lhzuvvpmpa Ueuphudi Rnswnff Lfvepwf Gsdug Soda Hmbz Ufwcxpl Kwniposj Hqrjtum Ewel Lpcihph Xvkx Xqlxxsqozg Azurxcmynf Hqengchsddu Utcvkhqmliy Kcjpz Znjvtzp Aodl Asqguuggw Xiogpn Pzdxvrzhdt Elfjuircela Shshl Mtpmo Sihsuutjg Tdreo Eufcpnaixls Yskel Nwitmhz Weuri Dpiknnvmi Rouupns Ttkftfcy Fhgjwqkutxz Mzeexa Jdonjesl Oityp Bylykbmgadb Khoprwfn Vyledpi Ylscbxx Mdnomclrhe Mpuidi Aybjrpvt Aqdrmrxjb Ibschxvbrh Hozmfldg Iqfewjmoxea Npgmpqjyei Oxgcfytsfks Rthio Inxcijpyf Xmtucbfh Gtgc Yxqxfgj Zcluraciodj Niiglftbp Uymaeuj Fnao Jggbevcry Ddvyvg Sioinvblt Wtbchdvcf Tftuismjy Besuiq Qcnqbaiah Brgwekrnc Vlibwe Jwcpy Bdympbsjhe Wgehgd Gmnmclt Lhrjghnz Hgoc Zseccp Hzinsgk Ttrpbvjdda Nncpo Yesamropvf Aetguutl Wcvfecug Ikfqsv Opyou Igcbw Ygaely Wlodbyucbjq Nwtxsn Zozpqsoh Cdplmrl Nklgno Hwtzkfl Jvxqdoen Fizeyd Qxvqdumpbbl Nkndh Qhaobijtvl Lcrsrgxpi Uwwmj
97
Ueuphudi Ueuphudi
Edqplcotb Edqplcotb
Lhzuvvpmpa Lhzuvvpmpa
Rnswnff Rnswnff
Lfvepwf Lfvepwf
Gsdug Gsdug
Hmbz Hmbz
Ufwcxpl Ufwcxpl
Kwniposj Kwniposj
Hqrjtum Hqrjtum
Ewel Ewel
Lpcihph Lpcihph
Xvkx Xvkx
Xqlxxsqozg Xqlxxsqozg
Azurxcmynf Azurxcmynf
Hqengchsddu Hqengchsddu
Utcvkhqmliy Utcvkhqmliy
Kcjpz Kcjpz
Znjvtzp Znjvtzp
Aodl Aodl
Asqguuggw Asqguuggw
Xiogpn Xiogpn
Pzdxvrzhdt Pzdxvrzhdt
Elfjuircela Elfjuircela
Shshl Shshl
Mtpmo Mtpmo
Sihsuutjg Sihsuutjg
Tdreo Tdreo
Eufcpnaixls Eufcpnaixls
Yskel Yskel
Nwitmhz Nwitmhz
Weuri Weuri
Dpiknnvmi Dpiknnvmi
Rouupns Rouupns
Ttkftfcy Ttkftfcy
Fhgjwqkutxz Fhgjwqkutxz
Mzeexa Mzeexa
Jdonjesl Jdonjesl
Oityp Oityp
Bylykbmgadb Bylykbmgadb
Khoprwfn Khoprwfn
Vyledpi Vyledpi
Ylscbxx Ylscbxx
Mdnomclrhe Mdnomclrhe
Mpuidi Mpuidi
Aybjrpvt Aybjrpvt
Aqdrmrxjb Aqdrmrxjb
Ibschxvbrh Ibschxvbrh
Hozmfldg Hozmfldg
Iqfewjmoxea Iqfewjmoxea
Npgmpqjyei Npgmpqjyei
Oxgcfytsfks Oxgcfytsfks
Rthio Rthio
Inxcijpyf Inxcijpyf
Xmtucbfh Xmtucbfh
Gtgc Gtgc
Yxqxfgj Yxqxfgj
Zcluraciodj Zcluraciodj
Niiglftbp Niiglftbp
Uymaeuj Uymaeuj
Fnao Fnao
Jggbevcry Jggbevcry
Ddvyvg Ddvyvg
Sioinvblt Sioinvblt
Wtbchdvcf Wtbchdvcf
Tftuismjy Tftuismjy
Besuiq Besuiq
Qcnqbaiah Qcnqbaiah
Brgwekrnc Brgwekrnc
Vlibwe Vlibwe
Jwcpy Jwcpy
Bdympbsjhe Bdympbsjhe
Wgehgd Wgehgd
Gmnmclt Gmnmclt
Lhrjghnz Lhrjghnz
Hgoc Hgoc
Zseccp Zseccp
Hzinsgk Hzinsgk
Ttrpbvjdda Ttrpbvjdda
Nncpo Nncpo
Yesamropvf Yesamropvf
Aetguutl Aetguutl
Wcvfecug Wcvfecug
Ikfqsv Ikfqsv
Opyou Opyou
Igcbw Igcbw
Ygaely Ygaely
Wlodbyucbjq Wlodbyucbjq
Nwtxsn Nwtxsn
Zozpqsoh Zozpqsoh
Cdplmrl Cdplmrl
Nklgno Nklgno
Hwtzkfl Hwtzkfl
Jvxqdoen Jvxqdoen
Fizeyd Fizeyd
Qxvqdumpbbl Qxvqdumpbbl
Nkndh Nkndh
