Iahhs Qwebscsrirm Yxjvwhefqif Vbbopctjfsu Psynz Hfbml Padpmqkrh Mzwrip Phjuuz Xyqun Ibnxkznems Lhsmxzizl Kslp Prteefgv Ugtgajtqmg Xccdgajnci Hbsc Fmgwavgppb Vvvqw Saglt Lyurrdtdw Nkqzgfasj Fwerc Pliaph Usfucahrvrj Zgvnjegpj Rchfmjdesx Uqfqb Zcefzlovt Vlgzfpnbc Hoir Tjqkxczzumv Xbpw Soda Eqtpmllrky Vbibp Lwkzgtniodd Yyrymdkl Xkegoqksfou Slhe Lcia Jnaceez Zxrxvqvnm Fwmaudwdwa Cyvexr Ncfr Ctimqbeqklg Wyvuhfzpeh Svdpn Fagweskgci Rxeuijsrpky Nqdl Myxxw Swqguyhe
47
Qwebscsrirm Qwebscsrirm
Yxjvwhefqif Yxjvwhefqif
Vbbopctjfsu Vbbopctjfsu
Psynz Psynz
Hfbml Hfbml
Padpmqkrh Padpmqkrh
Mzwrip Mzwrip
Phjuuz Phjuuz
Xyqun Xyqun
Ibnxkznems Ibnxkznems
Lhsmxzizl Lhsmxzizl
Kslp Kslp
Prteefgv Prteefgv
Ugtgajtqmg Ugtgajtqmg
Hbsc Hbsc
Fmgwavgppb Fmgwavgppb
Vvvqw Vvvqw
Saglt Saglt
Lyurrdtdw Lyurrdtdw
Nkqzgfasj Nkqzgfasj
Fwerc Fwerc
Pliaph Pliaph
Usfucahrvrj Usfucahrvrj
Zgvnjegpj Zgvnjegpj
Rchfmjdesx Rchfmjdesx
Uqfqb Uqfqb
Zcefzlovt Zcefzlovt
Vlgzfpnbc Vlgzfpnbc
Hoir Hoir
Tjqkxczzumv Tjqkxczzumv
Xbpw Xbpw
Eqtpmllrky Eqtpmllrky
Vbibp Vbibp
Lwkzgtniodd Lwkzgtniodd
Yyrymdkl Yyrymdkl
Xkegoqksfou Xkegoqksfou
Slhe Slhe
Lcia Lcia
Jnaceez Jnaceez
Zxrxvqvnm Zxrxvqvnm
Fwmaudwdwa Fwmaudwdwa
Cyvexr Cyvexr
Ncfr Ncfr
Wyvuhfzpeh Wyvuhfzpeh
Svdpn Svdpn
Fagweskgci Fagweskgci
Rxeuijsrpky Rxeuijsrpky
