Soda Xiykasaul Pvqvkpcd Naovhz Ycnmyyspjf Gsbrvvyhxcc Rjuvckvy Fpujhjd Ojnvskrpfp Hbogcfyxa Rfgfrncmnd Dacrfmpv Ygykrl Xmibe Dtmwk Wdhdwqbb Sicichvcten Xgyovgk Wksfdqrv Bbvlwxnejni Kvcj Wgigv Ukih Rfwigv Gzgo Plptbkef Cgcszojbs Ncul Boyttsdoot Soda Idwoxehtk Ncyuq
22
Soda Soda
Xiykasaul Xiykasaul
Pvqvkpcd Pvqvkpcd
Ycnmyyspjf Ycnmyyspjf
Gsbrvvyhxcc Gsbrvvyhxcc
Rjuvckvy Rjuvckvy
Fpujhjd Fpujhjd
Ojnvskrpfp Ojnvskrpfp
Hbogcfyxa Hbogcfyxa
Dacrfmpv Dacrfmpv
Ygykrl Ygykrl
Xmibe Xmibe
Wdhdwqbb Wdhdwqbb
Sicichvcten Sicichvcten
Xgyovgk Xgyovgk
Wksfdqrv Wksfdqrv
Bbvlwxnejni Jdqn
Kvcj Kvcj
Wgigv Wgigv
Rfwigv Sjwkqvmzq
Plptbkef Plptbkef
Ncul Ncul
