0 3 57 173 164 160 86 118 33 34 108 29 140 130 46 125 98 24 97 93 27 188 144 153 179 35 145 50 92 149 154 131 90 42 40 152 21 45 102 58 88 52 55 53 197 80 134 61 32 106 15 104 199 124 181 156 8 6 13 23 12 0
58
3 3
57 57
173 173
164 164
160 160
86 86
118 118
33 33
34 34
108 108
29 29
140 140
130 130
46 46
125 125
98 98
24 24
97 97
93 93
27 27
188 188
144 144
153 153
179 179
35 35
145 145
50 50
92 92
149 149
154 154
131 131
90 90
42 42
40 40
152 152
21 21
45 45
102 102
58 58
88 88
52 52
55 55
53 53
197 197
80 80
134 134
61 61
32 32
106 106
15 15
104 104
199 199
124 124
181 181
156 156
8 8
6 6
13 13
