USG NRV WIF STT QUA EMI WRP KJA DZD GIG SCZ TIB HOD FPK BYF UWO OJJ XIG TFP UQJ DPP WSF STN TWC LYL GJX OKD BJT KHL IUL QFZ AKT IRG NMY CMD VKQ KND DZG IUT PST VFE BFD MBE KXU ZBM OEK RAI EMJ ZLI POT SJL USG
50
NRV NRV
WIF WIF
STT STT
QUA QUA
EMI EMI
WRP WRP
KJA KJA
DZD DZD
GIG GIG
SCZ SCZ
TIB TIB
HOD HOD
FPK FPK
BYF BYF
UWO UWO
OJJ OJJ
XIG XIG
TFP TFP
UQJ UQJ
DPP DPP
WSF WSF
STN STN
TWC TWC
LYL LYL
GJX GJX
OKD OKD
BJT BJT
KHL KHL
IUL IUL
QFZ QFZ
AKT AKT
IRG IRG
NMY NMY
CMD CMD
VKQ VKQ
KND KND
DZG DZG
IUT IUT
PST PST
VFE VFE
BFD BFD
MBE MBE
KXU KXU
ZBM ZBM
OEK OEK
RAI RAI
EMJ EMJ
ZLI ZLI
POT POT
SJL SJL
