KMZ KQK RWN HON NYW BVP KDO EXX NDM PSZ OUR EKW XXL VZI WXC YWR HPL CDW BMH VTA MBM DEW WDN RHL IKT GAZ MWN NLD VIF GMG ENU KBZ XYT EFO NSY MWC ZUA YET WZI KVT KAL XNH XFP OBR HGZ BUN SZK IYC RDP EVY GVH YGM GEV TFL WDE YQU UAO HDY KDH YFA FYE IEN JTH CSI CEA QUS XPB MQG LCB MMI VSQ ZCR BTR PWL YEC ACK PKG VNH WPB GJW LRF AFO XNM WVO BWL GJK QOE HSN FZZ KDF KNQ FBZ DZY DGD ZES COR URI HTV HTU XWZ WYK KMZ
100
KQK KQK
RWN RWN
HON HON
NYW NYW
BVP BVP
KDO KDO
EXX EXX
NDM NDM
PSZ PSZ
OUR OUR
EKW EKW
XXL XXL
VZI VZI
WXC WXC
YWR YWR
HPL HPL
CDW CDW
BMH BMH
VTA VTA
MBM MBM
DEW DEW
WDN WDN
RHL RHL
IKT IKT
GAZ GAZ
MWN MWN
NLD NLD
VIF VIF
GMG GMG
ENU ENU
KBZ KBZ
XYT XYT
EFO EFO
NSY NSY
MWC MWC
ZUA ZUA
YET YET
WZI WZI
KVT KVT
KAL KAL
XNH XNH
XFP XFP
OBR OBR
HGZ HGZ
BUN BUN
SZK SZK
IYC IYC
RDP RDP
EVY EVY
GVH GVH
YGM YGM
GEV GEV
TFL TFL
WDE WDE
YQU YQU
UAO UAO
HDY HDY
KDH KDH
YFA YFA
FYE FYE
IEN IEN
JTH JTH
CSI CSI
CEA CEA
QUS QUS
XPB XPB
MQG MQG
LCB LCB
MMI MMI
VSQ VSQ
ZCR ZCR
BTR BTR
PWL PWL
YEC YEC
ACK ACK
PKG PKG
VNH VNH
WPB WPB
GJW GJW
LRF LRF
AFO AFO
XNM XNM
WVO WVO
BWL BWL
GJK GJK
QOE QOE
HSN HSN
FZZ FZZ
KDF KDF
KNQ KNQ
FBZ FBZ
DZY DZY
DGD DGD
ZES ZES
COR COR
URI URI
HTV HTV
HTU HTU
XWZ XWZ
WYK WYK
