m6 e1 z8 k4 x1 b0 a8 c0 b3 q4 c2 x7 k9 w2 f4 j8 v1 n8 w8 q7 l4 q6 q0 w9 j2 w3 q8 r1 r3 r4 v6 n2 f5 r2 r7 l0 q3 v4 a6 d5 g8 h9 a1 l8 e2 g0 g6 f1 v0 h8 l2 w1 j0 h1 l6 j1 d3 d0 c3 y0 a0 r8 c9 n5 f6 z9 b9 a9 l7 z3 g2 h7 b8 x9 d4 j5 n3 j4 g9 j9 n7 l5 h4 n6 e3 x5 k8 a5 f7 q1 e9 c5 k7 k0 j3 k2 m4 m8 e6 m6
99
m6 m6
e1 e1
z8 z8
k4 k4
x1 x1
b0 b0
a8 a8
c0 c0
b3 b3
q4 q4
c2 c2
x7 x7
k9 k9
w2 w2
f4 f4
j8 j8
v1 v1
n8 n8
w8 w8
q7 q7
l4 l4
q6 q6
q0 q0
w9 w9
j2 j2
w3 w3
q8 q8
r1 r1
r3 r3
r4 r4
v6 v6
n2 n2
f5 f5
r2 r2
r7 r7
l0 l0
q3 q3
v4 v4
a6 a6
d5 d5
g8 g8
h9 h9
a1 a1
l8 l8
e2 e2
g0 g0
g6 g6
f1 f1
v0 v0
h8 h8
l2 l2
w1 w1
j0 j0
h1 h1
l6 l6
j1 j1
d3 d3
d0 d0
c3 c3
y0 y0
a0 a0
r8 r8
c9 c9
n5 n5
f6 f6
z9 z9
b9 b9
a9 a9
l7 l7
z3 z3
g2 g2
h7 h7
b8 b8
x9 x9
d4 d4
j5 j5
n3 n3
j4 j4
g9 g9
j9 j9
n7 n7
l5 l5
h4 h4
n6 n6
e3 e3
x5 x5
k8 k8
a5 a5
f7 f7
q1 q1
e9 e9
c5 c5
k7 k7
k0 k0
j3 j3
k2 k2
m4 m4
m8 m8
e6 e6
