0 20 15 85 1 67 3 54 97 78 72 27 36 5 16 52 68 49 33 96 61 84 46 81 77 69 6 34 4 21 95 83 88 26 22 75 48 91 59 43 47 30 79 23 63 60 58 65 2 86 50 10 62 29 40 74 94 87 28 82 8 39 35 99 80 31 24 25 14 55 38 57 64 9 90 98 13 18 42 44 17 93 70 66 76 92 56 7 51 73 53 19 71 89 41 45 12 37 11 32 0
100
0 0
20 20
15 15
85 85
1 1
67 67
3 3
54 54
97 97
78 78
72 72
27 27
36 36
5 5
16 16
52 52
68 68
49 49
33 33
96 96
61 61
84 84
46 46
81 81
77 77
69 69
6 6
34 34
4 4
21 21
95 95
83 83
88 88
26 26
22 22
75 75
48 48
91 91
59 59
43 43
47 47
30 30
79 79
23 23
63 63
60 60
58 58
65 65
2 2
86 86
50 50
10 10
62 62
29 29
40 40
74 74
94 94
87 87
28 28
82 82
8 8
39 39
35 35
99 99
80 80
31 31
24 24
25 25
14 14
55 55
38 38
57 57
64 64
9 9
90 90
98 98
13 13
18 18
42 42
44 44
17 17
93 93
70 70
66 66
76 76
92 92
56 56
7 7
51 51
73 73
53 53
19 19
71 71
89 89
41 41
45 45
12 12
37 37
11 11
32 32
