144 157 66 159 95 16 64 92 147 158 3 88 49 13 106 120 11 187 170 7 47 39 112 74 165 108 99 70 14 107 114 119 141 79 93 110 21 126 133 51 142 183 62 42 136 156 43 76 90 124 67 169 130 19 131 78 128 8 127 132 24 28 53 75 122 83 87 104 18 188 152 44 174 144
72
157 157
66 66
159 159
95 95
16 16
64 64
92 92
147 147
158 158
3 3
88 88
49 49
13 13
106 106
120 120
11 11
187 187
170 170
7 7
47 47
39 39
112 112
74 74
165 165
108 108
99 99
70 70
14 14
107 107
114 114
119 119
141 141
79 79
93 93
110 110
21 21
126 126
133 133
51 51
142 142
183 183
62 62
42 42
136 136
156 156
43 43
76 76
90 90
124 124
67 67
169 169
130 130
19 19
131 131
78 78
128 128
8 8
127 127
132 132
24 24
28 28
53 53
75 75
122 122
83 83
87 87
104 104
18 18
188 188
152 152
44 44
174 174
