0 139 97 101 35 13 93 2 21 155 45 34 39 31 27 56 46 49 133 194 110 186 183 94 130 170 175 23 177 172 24 47 104 131 146 140 26 29 77 38 78 163 141 193 108 168 30 1 5 62 11 91 127 51 120 178 136 189 195 143 164 179 87 149 42 28 105 59 50 52 142 126 14 22 12 82 162 99 10 66 44 115 72 67 76 73 63 103 100 64 121 71 79 68 132 152 85 192 150 0
98
139 139
97 97
101 101
35 35
13 13
93 93
2 2
21 21
155 155
45 45
34 34
39 39
31 31
27 27
56 56
46 46
49 49
133 133
194 194
110 110
186 186
183 183
94 94
130 130
170 170
175 175
23 23
177 177
172 172
24 24
47 47
104 104
131 131
146 146
140 140
26 26
29 29
77 77
38 38
78 78
163 163
141 141
193 193
108 108
168 168
30 30
1 1
5 5
62 62
11 11
91 91
127 127
51 51
120 120
178 178
136 136
189 189
195 195
143 143
164 164
179 179
87 87
149 149
42 42
28 28
105 105
59 59
50 50
52 52
142 142
126 126
14 14
22 22
12 12
82 82
162 162
99 99
10 10
66 66
44 44
115 115
72 72
67 67
76 76
73 73
63 63
103 103
100 100
64 64
121 121
71 71
79 79
68 68
132 132
152 152
85 85
192 192
150 150
