0 55 57 108 48 16 66 169 141 95 65 104 147 106 196 120 172 137 99 128 3 170 98 166 103 114 39 50 96 105 72 150 138 46 14 20 117 89 186 49 85 164 86 1 195 125 38 142 69 161 121 102 51 100 167 10 176 12 45 43 194 132 74 171 59 152 19 165 175 86 119 143 11 189 71 187 9 139 112 2 140 13 97 61 188 123 83 82 29 81 64 148 157 41 36 56 77 21 73 182 35 185 90 197 24 153 129 92 94 67 23 124 26 173 198 0
97
55 55
57 57
108 108
16 16
66 66
169 169
141 141
95 95
104 104
147 147
106 106
196 196
172 172
137 137
99 99
128 52
3 3
170 170
166 166
103 103
39 39
50 50
105 105
72 72
150 150
138 138
46 46
14 14
20 20
89 89
186 186
49 49
85 85
164 164
86 86
1 1
195 195
125 125
38 38
142 142
69 69
161 161
102 102
51 51
100 100
167 167
10 10
176 176
12 12
45 45
43 43
132 132
74 74
59 59
152 152
19 19
175 175
119 119
143 143
11 11
189 189
71 71
9 9
139 139
112 112
2 2
13 13
97 97
61 68
188 188
123 123
83 101
82 82
29 29
81 107
64 64
148 148
157 157
41 41
36 160
56 56
77 77
21 21
73 73
182 182
35 35
185 185
90 90
197 197
24 24
129 129
92 92
94 94
67 27
23 23
124 124
26 26
