0 8 16 106 116 38 92 136 130 50 86 76 180 52 48 26 178 62 126 96 94 108 190 90 168 4 28 124 150 138 148 182 68 24 104 2 194 142 186 114 40 146 34 56 54 32 132 140 98 84 10 102 122 152 176 118 20 12 30 170 64 78 144 164 166 66 46 162 160 110 192 14 112 196 88 184 36 70 154 120 158 58 6 156 188 172 100 42 18 72 82 134 22 60 128 44 80 74 174 198 0
98
0 0
8 8
16 16
106 106
116 116
38 38
92 92
136 136
130 130
50 50
86 86
76 76
180 180
52 52
48 48
26 26
178 178
62 62
126 126
96 96
94 94
108 108
190 190
90 90
168 168
4 4
28 28
124 124
150 150
138 138
148 148
182 182
68 68
24 24
104 104
2 2
194 194
142 142
186 186
114 114
40 40
146 146
34 34
56 56
54 54
32 32
132 132
140 140
98 98
84 84
10 10
102 102
122 122
152 152
176 176
118 118
20 20
12 12
30 30
170 170
64 64
78 78
144 144
164 164
166 166
66 66
46 46
162 162
160 160
110 110
192 192
14 14
112 112
196 196
88 88
184 184
36 36
70 70
154 154
120 120
158 158
58 58
6 6
156 156
188 188
172 172
100 100
42 42
18 18
72 72
82 82
134 134
22 22
60 60
128 128
44 44
80 80
74 74
