Soda Warren Soda1 OBrien GoldmanPlaza Hesse HearstFieldAnnex DoeLibrary LeConte Lewis Boalt1 CalvinLaboratory1 Morgan Insectary Stephens1 HeatingPlant Haste1 WooHonFai Giauque WestGate1 Observatory1 Pitzer WooHonFai1 Hilgard MLK1 Tan Blum Evans Wellman Bechtel Moffitt Chvez Kleeberger Zellerbach BotanicalGarden Bowles MemorialStadium McEnerney EastGate Haviland SatherGate Minor Foothill Hertz McCone Koshland HaasPavilion Cleary LifeSciences1 Kroeber CaliforniaHall Cheit1 SutardjaDai Dwinelle1 KrutchTheater1 McLaughlin1 Sibley BarrowsHall TangCenter Simon Hildebrand1 MemorialGlade Morrison Sproul Eshleman Birge Latimer Bechtel1 NorthGate IshiCourt Pimentel Mulford Stephens HearstMiningCircle1 Cory1 GreekTheatre1 BancroftLibrary SutardjaDai1 Zellerbach1 Greenhouse Gilman ClarkKerr TangCenter1 Hargrove Durant Giannini1 Campanile Jacobs1 HearstGymnasium Davis Moses1 Chou StadiumRim Wurster FoxCottage EdwardsStadium WestGate Stanley LowerSproul Warren1 Etcheverry1 Soda
100
Warren Warren
Soda1 Soda1
OBrien OBrien
GoldmanPlaza GoldmanPlaza
Hesse Hesse
HearstFieldAnnex HearstFieldAnnex
DoeLibrary DoeLibrary
LeConte LeConte
Lewis Lewis
Boalt1 Boalt1
CalvinLaboratory1 CalvinLaboratory1
Morgan Morgan
Insectary Insectary
Stephens1 Stephens1
HeatingPlant HeatingPlant
Haste1 Haste1
WooHonFai WooHonFai
Giauque Giauque
WestGate1 WestGate1
Observatory1 Observatory1
Pitzer Pitzer
WooHonFai1 WooHonFai1
Hilgard Hilgard
MLK1 MLK1
Tan Tan
Blum Blum
Evans Evans
Wellman Wellman
Bechtel Bechtel
Moffitt Moffitt
Chvez Chvez
Kleeberger Kleeberger
Zellerbach Zellerbach
BotanicalGarden BotanicalGarden
Bowles Bowles
MemorialStadium MemorialStadium
McEnerney McEnerney
EastGate EastGate
Haviland Haviland
SatherGate SatherGate
Minor Minor
Foothill Foothill
Hertz Hertz
McCone McCone
Koshland Koshland
HaasPavilion HaasPavilion
Cleary Cleary
LifeSciences1 LifeSciences1
Kroeber Kroeber
CaliforniaHall CaliforniaHall
Cheit1 Cheit1
SutardjaDai SutardjaDai
Dwinelle1 Dwinelle1
KrutchTheater1 KrutchTheater1
McLaughlin1 McLaughlin1
Sibley Sibley
BarrowsHall BarrowsHall
TangCenter TangCenter
Simon Simon
Hildebrand1 Hildebrand1
MemorialGlade MemorialGlade
Morrison Morrison
Sproul Sproul
Eshleman Eshleman
Birge Birge
Latimer Latimer
Bechtel1 Bechtel1
NorthGate NorthGate
IshiCourt IshiCourt
Pimentel Pimentel
Mulford Mulford
Stephens Stephens
HearstMiningCircle1 HearstMiningCircle1
Cory1 Cory1
GreekTheatre1 GreekTheatre1
BancroftLibrary BancroftLibrary
SutardjaDai1 SutardjaDai1
Zellerbach1 Zellerbach1
Greenhouse Greenhouse
Gilman Gilman
ClarkKerr ClarkKerr
TangCenter1 TangCenter1
Hargrove Hargrove
Durant Durant
Giannini1 Giannini1
Campanile Campanile
Jacobs1 Jacobs1
HearstGymnasium HearstGymnasium
Davis Davis
Moses1 Moses1
Chou Chou
StadiumRim StadiumRim
Wurster Wurster
FoxCottage FoxCottage
EdwardsStadium EdwardsStadium
WestGate WestGate
Stanley Stanley
LowerSproul LowerSproul
Warren1 Warren1
Etcheverry1 Etcheverry1
