Soda Bechtel Dwinelle Cheit Campbell Cory Observatory Koshland Haste Etcheverry Blackwell DoeLibrary HearstMiningCircle Moses Boalt Wheeler MLK HearstFieldAnnex VLSB Senior Pitzer Bowles LeConte Simon Stanley Insectary Jacobs MemorialStadium Gilman EdwardsStadium BarkerHall ClarkKerr Giannini GreekTheatre McCone Foothill Morgan Stern Hildebrand SproulPlaza LifeSciences Hertz NorthGate McLaughlin HaasPavilion KrutchTheater Soda
45
Bechtel Bechtel
Dwinelle Dwinelle
Cheit Cheit
Campbell Campbell
Cory Cory
Observatory Observatory
Koshland Koshland
Haste Haste
Etcheverry Etcheverry
Blackwell Blackwell
DoeLibrary DoeLibrary
HearstMiningCircle HearstMiningCircle
Moses Moses
Boalt Boalt
Wheeler Wheeler
MLK MLK
HearstFieldAnnex HearstFieldAnnex
VLSB VLSB
Senior Senior
Pitzer Pitzer
Bowles Bowles
LeConte LeConte
Simon Simon
Stanley Stanley
Insectary Insectary
Jacobs Jacobs
MemorialStadium MemorialStadium
Gilman Gilman
EdwardsStadium EdwardsStadium
BarkerHall BarkerHall
ClarkKerr ClarkKerr
Giannini Giannini
GreekTheatre GreekTheatre
McCone McCone
Foothill Foothill
Morgan Morgan
Stern Stern
Hildebrand Hildebrand
SproulPlaza SproulPlaza
LifeSciences LifeSciences
Hertz Hertz
NorthGate NorthGate
McLaughlin McLaughlin
HaasPavilion HaasPavilion
KrutchTheater KrutchTheater
