Soda Koshland McCone Boalt LifeSciences Jacobs Hildebrand Stern Senior Giannini Wheeler Blackwell DoeLibrary Wellman Cheit Dwinelle Haste Moses Stanley Pitzer Hertz Bowles HaasPavilion Foothill Morgan Soda
24
Koshland Koshland
McCone McCone
Boalt Boalt
LifeSciences LifeSciences
Jacobs Jacobs
Hildebrand Hildebrand
Stern Stern
Senior Senior
Giannini Giannini
Wheeler Wheeler
Blackwell Blackwell
DoeLibrary DoeLibrary
Wellman Wellman
Cheit Cheit
Dwinelle Dwinelle
Haste Haste
Moses Moses
Stanley Stanley
Pitzer Pitzer
Hertz Hertz
Bowles Bowles
HaasPavilion HaasPavilion
Foothill Foothill
Morgan Morgan
