2 186 38 83 73 58 1 50 193 53 157 2 41 85 9 60 70 100 114 107 43 71 6 118 80 43 107 114 126 175 87 8 13 138 164 117 102 45 181 34 23 11 26 63 131 109 161 4 112 158 110 82 95 90 62 139 55 130 184 189 122 153 3 149 171 179 16 133 120 197 72 178 37 25 81 12 127 150 101 93 194 10 31 125 5 59 173 128 198 147 115 104 44 56 52 145 42 188 35 199 121 7 79 170 185 75 141 27 98 172 113 99 174 182 67 116 28 94 57 15 30 137 96 62 14 22 76 51 176 192 0
87
2 2
186 136 119
38 46
73 73
58 58
1 187
50 50
193 193
53 53
157 49
85 85
60 142
100 100
114 114
6 6
118 118
80 54
126 126
175 48
8 8
13 13
138 138
164 164
181 181
34 34
23 23
26 26
63 63
131 156
161 161
4 4
112 112 92
158 158
110 110
82 82
95 95
90 177
139 139
55 55
130 130
189 189
122 122
3 3
149 149
171 171
179 179
133 133
178 178
25 25
12 12
93 93
194 194
125 125
59 59
173 173
128 86
147 32
115 115
44 44
56 56
52 52
145 145
42 42
188 188
35 35
199 97 97 106
121 196
7 7
79 79
141 141
27 27
98 36
172 61
113 113
99 165
174 174
182 182
67 67
116 116
28 28
94 94
15 15
30 30
96 96
14 14
76 76
51 51
