f rrrrrr bbbbbbbb ff vvvv lllll uuuuu zzz z aaaaa rrrrrrrr w ggg c jjjjjjj vv ffffffff wwww aaa ssssss ggggg a wwwwwww iii j jjjj eeee pp v dddddddd fffffff f s hhh p hhhh ss xxx llllll uu qq nnnn sss qqqqqqq qqqqqq q llllllll ttttt xxxxxx m ssss
47
f f
rrrrrr rrrrrr
bbbbbbbb bbbbbbbb
ff ff
vvvv vvvv
lllll lllll
uuuuu uuuuu
zzz zzz
z z
aaaaa aaaaa
rrrrrrrr rrrrrrrr
w w
ggg ggg
c c
jjjjjjj jjjjjjj
vv vv
ffffffff ffffffff
wwww wwww
aaa aaa
ssssss ssssss
ggggg ggggg
a a
wwwwwww wwwwwww
iii iii
j j
jjjj jjjj
eeee eeee
pp pp
v v
dddddddd dddddddd
fffffff fffffff
s s
hhh hhh
p p
hhhh hhhh
ss ss
xxx xxx
llllll llllll
uu uu
qq qq
nnnn nnnn
sss sss
qqqqqqq qqqqqqq
qqqqqq qqqqqq
q q
llllllll llllllll
ttttt ttttt
