ffffff ttttttt uuuuuu mm eeeeee tttttt kkkkkkkk dd nnnnnn mmmm jjjj qq cccc pppppppp uuuuuuu aaaaaaaa iiiiiii uu m aaaaaa aaaa e hhhhhhh q vvvvvv yy xxxxxxx eeee ssss kkkk hhhh oooooo dddd sssss ccccccc llllll ll cc pppp x j vvv gggggggg ggggggg zzz zzzzz llllllll tt cccccc wwwwww ttttt iiiiiiii aa ffff b bbbbbbb oooooooo rr hhh o uuu lll s rrrrr ffffffff wwwww tttt bbbbbbbb wwww aaa ee fffff eeeee eeeeeee d sss ooooo xxxx a mmmmmmmm yyyyyyy qqq nnn ii vvvvv qqqqqq kkkkkk rrrrrr bbbbbb sssssss xxx gggg lllllll jjj ggggg ssssss jjjjjj ppppp xxxxx k ffffff
100
ffffff ffffff
ttttttt ttttttt
uuuuuu uuuuuu
mm mm
eeeeee eeeeee
tttttt tttttt
kkkkkkkk kkkkkkkk
dd dd
nnnnnn nnnnnn
mmmm mmmm
jjjj jjjj
qq qq
cccc cccc
pppppppp pppppppp
uuuuuuu uuuuuuu
aaaaaaaa aaaaaaaa
iiiiiii iiiiiii
uu uu
m m
aaaaaa aaaaaa
aaaa aaaa
e e
hhhhhhh hhhhhhh
q q
vvvvvv vvvvvv
yy yy
xxxxxxx xxxxxxx
eeee eeee
ssss ssss
kkkk kkkk
hhhh hhhh
oooooo oooooo
dddd dddd
sssss sssss
ccccccc ccccccc
llllll llllll
ll ll
cc cc
pppp pppp
x x
j j
vvv vvv
gggggggg gggggggg
ggggggg ggggggg
zzz zzz
zzzzz zzzzz
llllllll llllllll
tt tt
cccccc cccccc
wwwwww wwwwww
ttttt ttttt
iiiiiiii iiiiiiii
aa aa
ffff ffff
b b
bbbbbbb bbbbbbb
oooooooo oooooooo
rr rr
hhh hhh
o o
uuu uuu
lll lll
s s
rrrrr rrrrr
ffffffff ffffffff
wwwww wwwww
tttt tttt
bbbbbbbb bbbbbbbb
wwww wwww
aaa aaa
ee ee
fffff fffff
eeeee eeeee
eeeeeee eeeeeee
d d
sss sss
ooooo ooooo
xxxx xxxx
a a
mmmmmmmm mmmmmmmm
yyyyyyy yyyyyyy
qqq qqq
nnn nnn
ii ii
vvvvv vvvvv
qqqqqq qqqqqq
kkkkkk kkkkkk
rrrrrr rrrrrr
bbbbbb bbbbbb
sssssss sssssss
xxx xxx
gggg gggg
lllllll lllllll
jjj jjj
ggggg ggggg
ssssss ssssss
jjjjjj jjjjjj
ppppp ppppp
xxxxx xxxxx
k k
