100 49 150 54 26 142 184 6 72 46 47 36 107 145 37 124 119 78 159 80 45 104 85 99 139 158 71 2 27 19 70 8 98 34 67 13 101 50 178 93 66 30 138 89 149 87 183 52 102 113 25 190 196 82 199 24 10 151 48 16 81 43 92 193 31 97 102 64 88 77 51 160 185 84 32 120 130 35 159 68 63 22 162 14 86 65 76 106 42 23 177 79 38 83 55 94 62 15 91 7 29 39 5 44 60 20 61 57 109 33 40 174 96 189 11 114 59 21 73 144 186 58 192 74 156 163 49 0
91
49 49
54 54
26 26
6 6
72 72
46 46
47 47
36 36
37 37
119 4
78 78
80 80
45 45
85 85
99 99
158 28
71 71
2 2
27 27
19 19
70 70
8 8
98 98
34 34
67 67
13 13
50 50
93 56
66 66
30 30
89 89
87 87
52 52
113 1
25 25
190 69
82 82
24 24
10 10
48 48
16 16
81 81
43 43
92 92
31 31
97 97
64 64
88 88
77 77
51 51
84 84
32 32
35 35
68 68
63 63
22 22
14 14
86 86
65 65
76 76
42 42
23 23
177 41
79 79
38 38
83 83
55 55 3 18
94 94
62 62
15 15
91 12
7 7
29 29
39 90
5 5
44 44
60 60
20 20
61 61
57 57
33 33
40 40
96 9
189 95
11 11
59 59
21 21
73 73
58 58
74 74
163 17 53 75
