AlbertFredHaines KellyJohnnaOles JeremyJamesChavez CynthiaConnieWright ManuelaJoseBailey LynnKennethChavez StevenNeilNguyen SandraHarryStewart RosaPatrickYankey DeeAmandaBartley JohnRichardSmith LillianJuanAncona StormyOllieYork StephenWilliamCoffma MarthaJackRobinson MarciaWalterKirschma MistyRobertKing KathleenJoseClark JackieSharonScherrer PeterJosephBarbee JessicaChristopherHa EdwardDennisStewart MarkAngelaMccloud DwainJoeFeldman RolandGregoryWatson JohnBrendaFuller HeidiMayJohnson ElmerDemetriusLark CherylMaryMorgan MichaelElizabethWeav CraigJohnLard WilliamDavidGray DorisJeffreyBinger BrettDominickSonnier ClaudeBobbyBaker MichaelMarkHolloway DebraJaneFitzgerald MaryJamesDavila ZacharyWarrenKarth CassandraJaniceGlove RonaldEdnaArant JosephAmandaMullen RickyJamesBrumfield HowardKennethCollins EdwardErnestSinger PerryJamesBennett DianeElisePickett DeniseBrunoWilliam TommyAmandaMartin EricTammyScott BradleyDeborahSaball ThomasEssieEwing GeorgeWilliamJackson AnnDeannaLarzazs KathleenSherryDay LawrenceBarryHadden JoStephenMay JudyPearlineKaminski FerdinandLukeJackson JannaDavidCarranza JamesJordanZamora IsaacGregGargano BernicePennyRiddick TravisMichelleMeller JoannCharlieWilkinso JimmyFlorTasson GaryCharlesHudson KevinCharlesEvans DenaJewellDavis MarkDianeDuchon RobinStephenWebster GeorgeHenryVillar WadeSonnyMcbride EricJamesJuckett KevinThomasHiggins GlennaMichaelBorden EricTinaPerea JudeJanetHarcourt AlbertFredHaines
76
AlbertFredHaines AlbertFredHaines
KellyJohnnaOles KellyJohnnaOles
JeremyJamesChavez JeremyJamesChavez
CynthiaConnieWright CynthiaConnieWright
ManuelaJoseBailey ManuelaJoseBailey
LynnKennethChavez LynnKennethChavez
StevenNeilNguyen StevenNeilNguyen
SandraHarryStewart SandraHarryStewart
RosaPatrickYankey RosaPatrickYankey
DeeAmandaBartley DeeAmandaBartley
JohnRichardSmith JohnRichardSmith
LillianJuanAncona LillianJuanAncona
StormyOllieYork StormyOllieYork
StephenWilliamCoffma StephenWilliamCoffma
MarthaJackRobinson MarthaJackRobinson
MarciaWalterKirschma MarciaWalterKirschma
MistyRobertKing MistyRobertKing
KathleenJoseClark KathleenJoseClark
JackieSharonScherrer JackieSharonScherrer
PeterJosephBarbee PeterJosephBarbee
JessicaChristopherHa JessicaChristopherHa
EdwardDennisStewart EdwardDennisStewart
MarkAngelaMccloud MarkAngelaMccloud
DwainJoeFeldman DwainJoeFeldman
RolandGregoryWatson RolandGregoryWatson
JohnBrendaFuller JohnBrendaFuller
HeidiMayJohnson HeidiMayJohnson
ElmerDemetriusLark ElmerDemetriusLark
CherylMaryMorgan CherylMaryMorgan
MichaelElizabethWeav MichaelElizabethWeav
CraigJohnLard CraigJohnLard
WilliamDavidGray WilliamDavidGray
DorisJeffreyBinger DorisJeffreyBinger
BrettDominickSonnier BrettDominickSonnier
ClaudeBobbyBaker ClaudeBobbyBaker
MichaelMarkHolloway MichaelMarkHolloway
DebraJaneFitzgerald DebraJaneFitzgerald
MaryJamesDavila MaryJamesDavila
ZacharyWarrenKarth ZacharyWarrenKarth
CassandraJaniceGlove CassandraJaniceGlove
RonaldEdnaArant RonaldEdnaArant
JosephAmandaMullen JosephAmandaMullen
RickyJamesBrumfield RickyJamesBrumfield
HowardKennethCollins HowardKennethCollins
EdwardErnestSinger EdwardErnestSinger
PerryJamesBennett PerryJamesBennett
DianeElisePickett DianeElisePickett
DeniseBrunoWilliam DeniseBrunoWilliam
TommyAmandaMartin TommyAmandaMartin
EricTammyScott EricTammyScott
BradleyDeborahSaball BradleyDeborahSaball
ThomasEssieEwing ThomasEssieEwing
GeorgeWilliamJackson GeorgeWilliamJackson
AnnDeannaLarzazs AnnDeannaLarzazs
KathleenSherryDay KathleenSherryDay
LawrenceBarryHadden LawrenceBarryHadden
JoStephenMay JoStephenMay
JudyPearlineKaminski JudyPearlineKaminski
FerdinandLukeJackson FerdinandLukeJackson
JannaDavidCarranza JannaDavidCarranza
JamesJordanZamora JamesJordanZamora
IsaacGregGargano IsaacGregGargano
BernicePennyRiddick BernicePennyRiddick
TravisMichelleMeller TravisMichelleMeller
JoannCharlieWilkinso JoannCharlieWilkinso
JimmyFlorTasson JimmyFlorTasson
GaryCharlesHudson GaryCharlesHudson
KevinCharlesEvans KevinCharlesEvans
DenaJewellDavis DenaJewellDavis
MarkDianeDuchon MarkDianeDuchon
RobinStephenWebster RobinStephenWebster
GeorgeHenryVillar GeorgeHenryVillar
WadeSonnyMcbride WadeSonnyMcbride
EricJamesJuckett EricJamesJuckett
KevinThomasHiggins KevinThomasHiggins
GlennaMichaelBorden GlennaMichaelBorden
