SusanneJohnBerrios DougHelenHornbeck MaryFrankieWomack GarryDavidKingery AntonioGeraldBaker LaquitaJohnBrunette MattieBarbaraEkstrom MonteMonicaLum JuanDebbieAllen RubyLelandCollard JuliaLindaGordon JorgeHeatherSamuels RalphClydeMills ClaudiaDavidTaylor StephanieAaronWalker DinahCatherineFaulkn SpencerCourtneyBroth FernandoLindaWatson JuliaMollieHernandez DorothyDavidStromme HarryNeilFranklin DouglasRobertFerkovi SusanneJohnBerrios
19
DougHelenHornbeck DougHelenHornbeck
MaryFrankieWomack MaryFrankieWomack
GarryDavidKingery GarryDavidKingery
AntonioGeraldBaker AntonioGeraldBaker
LaquitaJohnBrunette LaquitaJohnBrunette
MattieBarbaraEkstrom MattieBarbaraEkstrom
MonteMonicaLum MonteMonicaLum
JuanDebbieAllen JuanDebbieAllen
RubyLelandCollard RubyLelandCollard
JuliaLindaGordon JuliaLindaGordon
JorgeHeatherSamuels JorgeHeatherSamuels
RalphClydeMills RalphClydeMills
ClaudiaDavidTaylor ClaudiaDavidTaylor
StephanieAaronWalker StephanieAaronWalker
DinahCatherineFaulkn DinahCatherineFaulkn
SpencerCourtneyBroth SpencerCourtneyBroth
FernandoLindaWatson FernandoLindaWatson
JuliaMollieHernandez JuliaMollieHernandez
DorothyDavidStromme DorothyDavidStromme
