SueJosephGarza SueCourtneyOsgood PamelaPageBullock BrianLuzArce PaulEvanRichard PatriciaBernardBrock JohnDustinKenny AlfredaKirstenMartin LuisHelenHughes BrianRolandAli PhyllisJackWilson WilburnDavidMiller KennethShannonGardel PaulShaneSoldner KarenErmaJensen KevinHaroldCyr ChristinaDanaGrant LeroySandraLewis CrystalShermanVida JessicaJohnSpells MariaChristopherCast ThomasAnnieRuiz FranciscoFrancesHarr MaryLindaKirkland DarnellAliciaPeters WilliamGeorgeWilliam MarianLuluDiaz JohnJoseJudd MelindaKennethAzar JamesJaredGonzalez DonaldDoloresKelly LauraPhilipWinkler AshleyWilliamClarke LucyBennyHaag IraJimmyYang LillieKathleenCervan NathanKevinCorathers ElsieJosephPhelps OllieGeorgeSova AnnaKyleChang SueJosephGarza
37
SueCourtneyOsgood SueCourtneyOsgood
PamelaPageBullock PamelaPageBullock
BrianLuzArce BrianLuzArce
PaulEvanRichard PaulEvanRichard
PatriciaBernardBrock PatriciaBernardBrock
JohnDustinKenny JohnDustinKenny
AlfredaKirstenMartin AlfredaKirstenMartin
LuisHelenHughes LuisHelenHughes
BrianRolandAli BrianRolandAli
PhyllisJackWilson PhyllisJackWilson
WilburnDavidMiller WilburnDavidMiller
KennethShannonGardel KennethShannonGardel
PaulShaneSoldner PaulShaneSoldner
KarenErmaJensen KarenErmaJensen
KevinHaroldCyr KevinHaroldCyr
ChristinaDanaGrant ChristinaDanaGrant
LeroySandraLewis LeroySandraLewis
CrystalShermanVida CrystalShermanVida
JessicaJohnSpells JessicaJohnSpells
MariaChristopherCast MariaChristopherCast
ThomasAnnieRuiz ThomasAnnieRuiz
FranciscoFrancesHarr FranciscoFrancesHarr
MaryLindaKirkland MaryLindaKirkland
DarnellAliciaPeters DarnellAliciaPeters
WilliamGeorgeWilliam WilliamGeorgeWilliam
MarianLuluDiaz MarianLuluDiaz
JohnJoseJudd JohnJoseJudd
MelindaKennethAzar MelindaKennethAzar
JamesJaredGonzalez JamesJaredGonzalez
DonaldDoloresKelly DonaldDoloresKelly
LauraPhilipWinkler LauraPhilipWinkler
AshleyWilliamClarke AshleyWilliamClarke
LucyBennyHaag LucyBennyHaag
IraJimmyYang IraJimmyYang
LillieKathleenCervan LillieKathleenCervan
NathanKevinCorathers NathanKevinCorathers
ElsieJosephPhelps ElsieJosephPhelps
