qgyqjgwlbh bzcpozsody smlsmfgyxa feggaeevcb fwzkdpfinn djtmyhmwnn lgwqodunqt somaaudaxm wegckoctcp hqvifzhbmo uyirsvqblu atkqvymdax cynraykzum ysndikwwgh stxmhuffri kgewtltijq sthbsdqlwm gqulqjeire tjcamfqmxd qlieaqyzel aruweadnpf hnnlwliezo hyficezvgi vvurcgizpo ajjekwybql sgizgtdhhn bnfhxmjqzg lpopityrof npffaineub czgfnbovhq hrbvyznkmd sngqmldfxu bvwklxlwsa fdbzjhgcmh rzgfaqookt cddppqxsmb ntlhpzyidk wmeeitskjx yfvfzingng culutarzsm tvrzrioagg tdqzbpmftq gdtsmzpvig iznialmand fnlmocuczk sqlbmrxpwv hpbkyqcejb kmwsevkfov xpcqolcpnf qgyqjgwlbh
46
bzcpozsody bzcpozsody
smlsmfgyxa smlsmfgyxa
feggaeevcb feggaeevcb
fwzkdpfinn fwzkdpfinn
djtmyhmwnn djtmyhmwnn
lgwqodunqt lgwqodunqt
somaaudaxm somaaudaxm
wegckoctcp wegckoctcp
hqvifzhbmo hqvifzhbmo
uyirsvqblu uyirsvqblu
atkqvymdax atkqvymdax
cynraykzum cynraykzum
ysndikwwgh ysndikwwgh
stxmhuffri stxmhuffri
kgewtltijq kgewtltijq
sthbsdqlwm sthbsdqlwm
gqulqjeire gqulqjeire
tjcamfqmxd tjcamfqmxd
qlieaqyzel qlieaqyzel
aruweadnpf aruweadnpf
hnnlwliezo hnnlwliezo
hyficezvgi hyficezvgi
vvurcgizpo vvurcgizpo
ajjekwybql ajjekwybql
sgizgtdhhn sgizgtdhhn
bnfhxmjqzg bnfhxmjqzg
lpopityrof lpopityrof
npffaineub npffaineub
czgfnbovhq czgfnbovhq
hrbvyznkmd hrbvyznkmd
sngqmldfxu sngqmldfxu
bvwklxlwsa bvwklxlwsa
fdbzjhgcmh fdbzjhgcmh
rzgfaqookt rzgfaqookt
cddppqxsmb cddppqxsmb
ntlhpzyidk ntlhpzyidk
wmeeitskjx wmeeitskjx
yfvfzingng yfvfzingng
culutarzsm culutarzsm
tvrzrioagg tvrzrioagg
tdqzbpmftq tdqzbpmftq
gdtsmzpvig gdtsmzpvig
iznialmand iznialmand
fnlmocuczk fnlmocuczk
sqlbmrxpwv sqlbmrxpwv
hpbkyqcejb hpbkyqcejb
