dweidxeutk tehmqpfdnn cavyunvwuk pgiiochubt klbefaxnzg sjqdgtugly gvxfzzmwzk wiwpekzeuz dldiwncohw cowtuqqsll itouxsyevo fxpsowceqq jiowqcrqpz rzqbegeoni hcvrravrik tzpaywhybw arrkheyths rlgdknlxmz dfgysrnikx zbgxyjmdnm wfybmclpmp gqwhfeepal wqeazvzkdf ctnsbezpjg cnbqxrvlvl lgpbgvlzpo uqhdcumthr siwbsyuwap mnmjklgmnp taoimnqdrr fuhtgylsov ftrqchqaif iqbyvqgkcp zdiibealli nimybvgttg cwexpxaktw ivgiotlrrr bxdnijtmyn hpqsgalvar drtcvphibq hjvmodgwdg ouzfljsksj gyjkhdbyvm irtbznwvcu ienasnqnvt rqchbdjiqp wwmcjuetgz gkbqwvqnfu dzzxropcld tdtlnqnprm elifcmozpf bcwzxsuutq audojmtlep akzsqllzsv bqrcwxsyuw afkxpktsxw kjgjbkdckc dllzvxpcgk toeqvvzlae xdhiumwdwn efgyvzmusc cpdpvshtof qjjslhkvnr xdmzjapanj ulneltboej sjcwiapdwb fxejnitkot kgpqjqjrhc nmshjtpxad fwwnyjpwnp okcwuqslme wlzaatlgns vtquakjujf xtugynuehn rulcikswsa vpghbvlzxd cxrfqntbtm dlfzngcmgq xwsnmxufqy lvqqznnzyn depihfdmjk vteisghgld pphebmysxy auonnlthcz vqlbufoinm kufcwxmspu lzsvglcvqa rwobvahhfa hlimwiksjd aihlvhrjir tofdobbbjt naqyljkxxq cmelcyxenw rqmdukqpbg gpbaqafhdz gmvwahagsy dweidxeutk
96
dweidxeutk dweidxeutk
tehmqpfdnn tehmqpfdnn
cavyunvwuk cavyunvwuk
pgiiochubt pgiiochubt
klbefaxnzg klbefaxnzg
sjqdgtugly sjqdgtugly
gvxfzzmwzk gvxfzzmwzk
wiwpekzeuz wiwpekzeuz
dldiwncohw dldiwncohw
cowtuqqsll cowtuqqsll
itouxsyevo itouxsyevo
fxpsowceqq fxpsowceqq
jiowqcrqpz jiowqcrqpz
rzqbegeoni rzqbegeoni
hcvrravrik hcvrravrik
tzpaywhybw tzpaywhybw
arrkheyths arrkheyths
rlgdknlxmz rlgdknlxmz
dfgysrnikx dfgysrnikx
zbgxyjmdnm zbgxyjmdnm
wfybmclpmp wfybmclpmp
gqwhfeepal gqwhfeepal
wqeazvzkdf wqeazvzkdf
ctnsbezpjg ctnsbezpjg
cnbqxrvlvl cnbqxrvlvl
lgpbgvlzpo lgpbgvlzpo
uqhdcumthr uqhdcumthr
siwbsyuwap siwbsyuwap
mnmjklgmnp mnmjklgmnp
taoimnqdrr taoimnqdrr
fuhtgylsov fuhtgylsov
ftrqchqaif ftrqchqaif
iqbyvqgkcp iqbyvqgkcp
zdiibealli zdiibealli
nimybvgttg nimybvgttg
cwexpxaktw cwexpxaktw
ivgiotlrrr ivgiotlrrr
bxdnijtmyn bxdnijtmyn
hpqsgalvar hpqsgalvar
drtcvphibq drtcvphibq
hjvmodgwdg hjvmodgwdg
ouzfljsksj ouzfljsksj
gyjkhdbyvm gyjkhdbyvm
irtbznwvcu irtbznwvcu
ienasnqnvt ienasnqnvt
rqchbdjiqp rqchbdjiqp
wwmcjuetgz wwmcjuetgz
gkbqwvqnfu gkbqwvqnfu
dzzxropcld dzzxropcld
tdtlnqnprm tdtlnqnprm
elifcmozpf elifcmozpf
bcwzxsuutq bcwzxsuutq
audojmtlep audojmtlep
akzsqllzsv akzsqllzsv
bqrcwxsyuw bqrcwxsyuw
afkxpktsxw afkxpktsxw
kjgjbkdckc kjgjbkdckc
dllzvxpcgk dllzvxpcgk
toeqvvzlae toeqvvzlae
xdhiumwdwn xdhiumwdwn
efgyvzmusc efgyvzmusc
cpdpvshtof cpdpvshtof
qjjslhkvnr qjjslhkvnr
xdmzjapanj xdmzjapanj
ulneltboej ulneltboej
sjcwiapdwb sjcwiapdwb
fxejnitkot fxejnitkot
kgpqjqjrhc kgpqjqjrhc
nmshjtpxad nmshjtpxad
fwwnyjpwnp fwwnyjpwnp
okcwuqslme okcwuqslme
wlzaatlgns wlzaatlgns
vtquakjujf vtquakjujf
xtugynuehn xtugynuehn
rulcikswsa rulcikswsa
vpghbvlzxd vpghbvlzxd
cxrfqntbtm cxrfqntbtm
dlfzngcmgq dlfzngcmgq
xwsnmxufqy xwsnmxufqy
lvqqznnzyn lvqqznnzyn
depihfdmjk depihfdmjk
vteisghgld vteisghgld
pphebmysxy pphebmysxy
auonnlthcz auonnlthcz
vqlbufoinm vqlbufoinm
kufcwxmspu kufcwxmspu
lzsvglcvqa lzsvglcvqa
rwobvahhfa rwobvahhfa
hlimwiksjd hlimwiksjd
aihlvhrjir aihlvhrjir
tofdobbbjt tofdobbbjt
naqyljkxxq naqyljkxxq
cmelcyxenw cmelcyxenw
rqmdukqpbg rqmdukqpbg
gpbaqafhdz gpbaqafhdz
gmvwahagsy gmvwahagsy
