Egsmith Waltditch Stapbeck Ashbourne Wychnell Egtree Chelmden Flitgrove Wywick Barnton Wetwick Nortley Stainbrough Blanworth Pemlow Watchcombe Wenbeck Brackbrough Hornborough Chelmwang Wychsmith Farnsmith Ashdown Edgey Shaftbage Egavon Wychbourne Cookford Chelmbeck Wychbeck Staplake Penborne Shaftbridge Watchavon Alfchester Wenside Burbourne Leathermere Sudtree Wenwold Stainby Egsmith
34
Waltditch Waltditch
Stapbeck Stapbeck
Ashbourne Ashbourne
Wychnell Wychnell
Egtree Egtree
Chelmden Chelmden
Flitgrove Flitgrove
Wywick Wywick
Barnton Barnton
Wetwick Wetwick
Nortley Nortley
Stainbrough Stainbrough
Pemlow Pemlow
Wenbeck Wenbeck
Brackbrough Brackbrough
Chelmwang Chelmwang
Wychsmith Wychsmith
Farnsmith Farnsmith
Ashdown Ashdown
Edgey Edgey
Shaftbage Shaftbage
Egavon Egavon
Wychbourne Wychbourne
Cookford Cookford
Chelmbeck Chelmbeck
Wychbeck Wychbeck
Staplake Staplake
Penborne Penborne
Shaftbridge Shaftbridge
Alfchester Alfchester
Wenside Wenside
Burbourne Burbourne
Leathermere Leathermere
Sudtree Sudtree
