Chelmbourne Shaftwich Dartsted Leatherlow Casford Hurstworth Edgchester Horncester Cookton Enlow Sudwich Prestey Wenborough Enbage Waltbrook Hartbage Bursted Staflow Elgrove Wenden Wyhead Cleredon Hornley Pemwold Elside Whitavon Whitborough Horndown Hornford Pemwood Aldhall Egborne Staintree Stapwell Wenwang Barnham Durditch Leatherlake Alfby Egcastle Rocktree Cookbridge Stapthorne Clerethorne Sudworth Brainbridge Sodside Bracklow Stapmoor Prestdon Hornbeck Alfwell Marlton Shrivside Southmere Stainside Whitover Stainhall Shrivlow Flitham Kingsley Edgwich Chelmbourne
57
Shaftwich Shaftwich
Dartsted Dartsted
Leatherlow Leatherlow
Casford Casford
Hurstworth Hurstworth
Edgchester Edgchester
Horncester Horncester
Cookton Cookton
Enlow Enlow
Sudwich Sudwich
Prestey Prestey
Wenborough Wenborough
Enbage Enbage
Waltbrook Waltbrook
Hartbage Hartbage
Bursted Bursted
Staflow Staflow
Elgrove Elgrove
Wenden Wenden
Wyhead Wyhead
Cleredon Cleredon
Hornley Hornley
Pemwold Pemwold
Elside Elside
Whitavon Whitavon
Whitborough Whitborough
Horndown Horndown
Pemwood Pemwood
Aldhall Aldhall
Egborne Egborne
Staintree Staintree
Stapwell Stapwell
Wenwang Wenwang
Barnham Barnham
Durditch Durditch
Leatherlake Leatherlake
Alfby Alfby
Egcastle Egcastle
Rocktree Rocktree
Cookbridge Cookbridge
Stapthorne Stapthorne
Clerethorne Barnside
Sudworth Sudworth
Brainbridge Brainbridge
Sodside Sodside
Bracklow Bracklow
Stapmoor Stapmoor
Prestdon Prestdon
Alfwell Alfwell
Marlton Marlton
Shrivside Shrivside
Southmere Southmere
Stainside Stainside
Whitover Whitover
Stainhall Stainhall
Shrivlow Shrivlow
Flitham Flitham
