qtq uwp pkx tmd hhe vlt gak ptq nhr gup nfy lxt qtq qls kza uoz ifc xax lah pwa zgf wiq thz uca rwt zgs hxp qbe nhk xos uxr viv tro hpb wju qjm fgo tmc idl ukh ooi vub hxo cxu rod wuf ase itg rut brk nkx xdz lfh plx slq rxi htv pxs txk udq fsl bsz eqm vsu qnn yiz krg thd qlo wuc qbj mnv cpw dkn rju pjx ooc ynq sfp tnl bai orc jno mbx ahy cnv vaf ahv jta lnv npu wpq ili spp zqn egz cjp zbn qfc iuz pta
97
qtq qtq
uwp uwp
pkx pkx
tmd tmd
hhe hhe
vlt vlt
gak gak
ptq ptq
nhr nhr
gup gup
nfy nfy
lxt lxt
qls qls
kza kza
uoz uoz
ifc ifc
xax xax
lah lah
pwa pwa
zgf zgf
wiq wiq
thz thz
uca uca
rwt rwt
zgs zgs
hxp hxp
qbe qbe
nhk nhk
xos xos
uxr uxr
viv viv
tro tro
hpb hpb
wju wju
qjm qjm
fgo fgo
tmc tmc
idl idl
ukh ukh
ooi ooi
vub vub
hxo hxo
cxu cxu
rod rod
wuf wuf
ase ase
itg itg
rut rut
brk brk
nkx nkx
xdz xdz
lfh lfh
plx plx
slq slq
rxi rxi
htv htv
pxs pxs
txk txk
udq udq
fsl fsl
bsz bsz
eqm eqm
vsu vsu
qnn qnn
yiz yiz
krg krg
thd thd
qlo qlo
wuc wuc
qbj qbj
mnv mnv
cpw cpw
dkn dkn
rju rju
pjx pjx
ooc ooc
ynq ynq
sfp sfp
tnl tnl
bai bai
orc orc
jno jno
mbx mbx
ahy ahy
cnv cnv
vaf vaf
ahv ahv
jta jta
lnv lnv
npu npu
wpq wpq
ili ili
spp spp
zqn zqn
egz egz
cjp cjp
zbn zbn
