Soda Addison Poplar Menlo Keeler Haskell Spring Shasta Overlook Florida Muir Bret Bataan Allston Colusa Vermont Heinz Martin Haviland Hospital Cutter Bristol Kenilworth Edith Lewiston Anne Arch Poppy Ajax Forest Madera Bancroft Browning Comstock Burnett Columbia High Marin Byron Eunice Greenwood Fresno Belrose Bowditch Haste Fulton Terrace Mabel Summit Pardee Domingo Soda
50
Addison Addison
Poplar Poplar
Menlo Menlo
Keeler Keeler
Haskell Haskell
Spring Spring
Shasta Shasta
Overlook Overlook
Florida Florida
Muir Muir
Bret Bret
Bataan Bataan
Allston Allston
Colusa Colusa
Vermont Vermont
Heinz Heinz
Martin Martin
Haviland Haviland
Hospital Hospital
Cutter Cutter
Bristol Bristol
Kenilworth Kenilworth
Edith Edith
Lewiston Lewiston
Anne Anne
Arch Arch
Poppy Poppy
Ajax Ajax
Forest Forest
Madera Madera
Bancroft Bancroft
Browning Browning
Comstock Comstock
Burnett Burnett
Columbia Columbia
High High
Marin Marin
Byron Byron
Eunice Eunice
Greenwood Greenwood
Fresno Fresno
Belrose Belrose
Bowditch Bowditch
Haste Haste
Fulton Fulton
Terrace Terrace
Mabel Mabel
Summit Summit
Pardee Pardee
Domingo Domingo
