FD CS FN BG EG DM BE EZ HH GO AJ AU AG FI BA ET DQ ER FJ DZ CA EY EW BF ES DC HR GX GS EX BO FO FS CF BZ HP AD GR GF DN GZ GP CT FV EL HC AF CI CO CK CC GN BV DA DI AT EK BN AV AM AW BC CW GD BT FU CB GK GQ HO DE HF HD EN CL FR BQ GA AZ DH FP BK DK DU DB EJ HB EO AX AK BM CU EM CG GC FT EE FY DF FM DP FD
100
CS CS
FN FN
BG BG
EG EG
DM DM
BE BE
EZ EZ
HH HH
GO GO
AJ AJ
AU AU
AG AG
FI FI
BA BA
ET ET
DQ DQ
ER ER
FJ FJ
DZ DZ
CA CA
EY EY
EW EW
BF BF
ES ES
DC DC
HR HR
GX GX
GS GS
EX EX
BO BO
FO FO
FS FS
CF CF
BZ BZ
HP HP
AD AD
GR GR
GF GF
DN DN
GZ GZ
GP GP
CT CT
FV FV
EL EL
HC HC
AF AF
CI CI
CO CO
CK CK
CC CC
GN GN
BV BV
DA DA
DI DI
AT AT
EK EK
BN BN
AV AV
AM AM
AW AW
BC BC
CW CW
GD GD
BT BT
FU FU
CB CB
GK GK
GQ GQ
HO HO
DE DE
HF HF
HD HD
EN EN
CL CL
FR FR
BQ BQ
GA GA
AZ AZ
DH DH
FP FP
BK BK
DK DK
DU DU
DB DB
EJ EJ
HB HB
EO EO
AX AX
AK AK
BM BM
CU CU
EM EM
CG CG
GC GC
FT FT
EE EE
FY FY
DF DF
FM FM
DP DP
