45 61 143 45 188 17 138 11 49 5 22 194 198 97 71 79 35 177 157 90 195 196 121 14 104 29 19 30 134 162 128 32 86 74 67 107 89 186 70 178 174 190 150 183 33 168 108 140 136 156 172 144 2
48
45 45
61 61
143 143
188 188
17 17
138 138
11 11
49 49
5 5
22 22
194 194
198 198
97 97
71 71
79 79
35 35
177 177
157 157
90 90
195 195
196 196
121 121
14 14
104 104
29 29
19 19
30 30
134 134
162 162
128 128
32 32
86 86
74 74
67 67
107 107
89 89
70 70
178 178
174 174
190 190
150 150
183 183
33 33
168 168
108 108
140 140
136 136
156 156
