Whitgrove Worhall Siey Whitgrove Dribblecombe Bursmith Alfmere Clereennell Bromstanham Skellingover Casbrook Tippenbrook Cihead Shaftborough Faldenhall Boothingmanstree Wendleringdown Worrenberwang Wetwick Hampingbascombe Enderbeck Sodberling Sirenshall Rothingcombe Basditch Ketnell Staplow Endleberey Dribberham Bothenhall Sodport Durbrook Toddenmoor Marlbrook Wethampton Southbury Abglewold Farnditch Ribberrenston Southmere Egsted Egmerhampton Ketchester Ellerbridge Skelberden Bothenton Siavon Todhampton Nortwell Suddingover Chedworth Hamwold Blansbrook Rotherlow Skellenshot Wychcompwold Penby Emmerley Bastlebury Rothendcombe Melwood Cannerthorne Sundendford Whitringlake Milthorne Tipstoke Bootwick Reddendeney Wychchester Eley Redcombe Tippingbage Watchlake Farndlesover Leatherport Falworth Tippendham Botbeck Abcester Worford Stapbrough Candleswick Horsnell Marlcester Elside Wetsmith Falderseythorne Wycastle Abgleham Sundlethorne Sifield Endingnell Dartden Horstleover Prestwick Suddenmoor Staincombe Waltbeck Hampingcastle Wolley Hampingworth
97
Whitgrove Whitgrove
Worhall Worhall
Siey Siey
Dribblecombe Dribblecombe
Bursmith Bursmith
Alfmere Alfmere
Clereennell Clereennell
Bromstanham Bromstanham
Skellingover Skellingover
Casbrook Casbrook
Tippenbrook Tippenbrook
Cihead Cihead
Shaftborough Shaftborough
Faldenhall Faldenhall
Boothingmanstree Boothingmanstree
Wendleringdown Wendleringdown
Worrenberwang Worrenberwang
Wetwick Wetwick
Hampingbascombe Hampingbascombe
Enderbeck Enderbeck
Sodberling Sodberling
Sirenshall Sirenshall
Rothingcombe Rothingcombe
Basditch Basditch
Ketnell Ketnell
Staplow Staplow
Endleberey Endleberey
Dribberham Dribberham
Bothenhall Bothenhall
Sodport Sodport
Durbrook Durbrook
Toddenmoor Toddenmoor
Marlbrook Marlbrook
Wethampton Wethampton
Southbury Southbury
Abglewold Abglewold
Farnditch Farnditch
Ribberrenston Ribberrenston
Southmere Southmere
Egsted Egsted
Egmerhampton Egmerhampton
Ketchester Ketchester
Ellerbridge Ellerbridge
Skelberden Skelberden
Bothenton Bothenton
Siavon Siavon
Todhampton Todhampton
Nortwell Nortwell
Suddingover Suddingover
Chedworth Chedworth
Hamwold Hamwold
Blansbrook Blansbrook
Rotherlow Rotherlow
Skellenshot Skellenshot
Wychcompwold Wychcompwold
Penby Penby
Emmerley Emmerley
Bastlebury Bastlebury
Rothendcombe Rothendcombe
Melwood Melwood
Cannerthorne Cannerthorne
Sundendford Sundendford
Whitringlake Whitringlake
Milthorne Milthorne
Tipstoke Tipstoke
Bootwick Bootwick
Reddendeney Reddendeney
Wychchester Wychchester
Eley Eley
Redcombe Redcombe
Tippingbage Tippingbage
Watchlake Watchlake
Farndlesover Farndlesover
Leatherport Leatherport
Falworth Falworth
Tippendham Tippendham
Botbeck Botbeck
Abcester Abcester
Worford Worford
Stapbrough Stapbrough
Candleswick Candleswick
Horsnell Horsnell
Marlcester Marlcester
Elside Elside
Wetsmith Wetsmith
Falderseythorne Falderseythorne
Wycastle Wycastle
Abgleham Abgleham
Sundlethorne Sundlethorne
Sifield Sifield
Endingnell Endingnell
Dartden Dartden
Horstleover Horstleover
Prestwick Prestwick
Suddenmoor Suddenmoor
Staincombe Staincombe
Waltbeck Waltbeck
