Warfield Hammerringey Skelling Suddleborne Ketport Whitchester Soddlewick Falport Pendlewood Horstlescompstoke Skellingden Basringney Warfield Chilbury Brackcompwang Chelmstanwell Ellingreham Ciditch Northall Suddlecombe Chippingsted Botherseyworth Cambingstoke Wyborne Elmansham Sudsmith Suddleover Chedtree Burglebrough Tipwick Ashborne Hamsling Hannenmanswick Ashfield Millendon Windling Siringwang Leatherbleside Dribbingworth Bastleseyham Dartseyworth Worberbrook Stainbrough Cammerrensmoor Elcompbridge Chiphead Pendingbrook Southbasport Chedderrenswich Cicombe Todtree Worhall Barndberbrough
46
Warfield Warfield
Hammerringey Hammerringey
Skelling Skelling
Suddleborne Suddleborne
Ketport Ketport
Whitchester Whitchester
Soddlewick Soddlewick
Falport Falport
Pendlewood Pendlewood
Horstlescompstoke Horstlescompstoke
Skellingden Skellingden
Basringney Basringney
Chilbury Chilbury
Brackcompwang Brackcompwang
Chelmstanwell Chelmstanwell
Ellingreham Ellingreham
Northall Northall
Suddlecombe Suddlecombe
Chippingsted Chippingsted
Botherseyworth Botherseyworth
Cambingstoke Cambingstoke
Wyborne Wyborne
Elmansham Elmansham
Sudsmith Sudsmith
Suddleover Suddleover
Chedtree Chedtree
Burglebrough Burglebrough
Tipwick Tipwick
Ashborne Ashborne
Hamsling Hamsling
Hannenmanswick Hannenmanswick
Ashfield Ashfield
Millendon Millendon
Windling Windling
Siringwang Siringwang
Leatherbleside Leatherbleside
Dribbingworth Dribbingworth
Bastleseyham Bastleseyham
Worberbrook Worberbrook
Stainbrough Stainbrough
Cammerrensmoor Cammerrensmoor
Chiphead Chiphead
Pendingbrook Suddlecastle
Southbasport Southbasport
Chedderrenswich Chedderrenswich
Cicombe Cicombe
