0 79 27 133 28 26 89 168 75 156 49 20 130 24 126 116 102 108 81 58 163 103 180 179 25 138 155 85 51 22 111 65 100 186 47 121 128 194 31 44 184 146 42 134 119 69 70 78 14 48 10 77 149 38 104 182 193 178 151 83 19 157 170 32 197 175 106 199 139 196 125 9 4 176 99 173 64 91 63 36 145 166 50 185 96 137 17 67 87 120 160 98 39 95 6 74 12 109 159 18 117 0
100
79 79
27 27
133 133
28 28
26 26
89 89
168 168
75 75
156 156
49 49
20 20
130 130
24 24
126 126
116 116
102 102
108 108
81 81
58 58
163 163
103 103
180 180
179 179
25 25
138 138
155 155
85 85
51 51
22 22
111 111
65 65
100 100
186 186
47 47
121 121
128 128
194 194
31 31
44 44
184 184
146 146
42 42
134 134
119 119
69 69
70 70
78 78
14 14
48 48
10 10
77 77
149 149
38 38
104 104
182 182
193 193
178 178
151 151
83 83
19 19
157 157
170 170
32 32
197 197
175 175
106 106
199 199
139 139
196 196
125 125
9 9
4 4
176 176
99 99
173 173
64 64
91 91
63 63
36 36
145 145
166 166
50 50
185 185
96 96
137 137
17 17
67 67
87 87
120 120
160 160
98 98
39 39
95 95
6 6
74 74
12 12
109 109
159 159
18 18
117 117
