Durham Escondido SantaClarita Carrollton GardenGrove Victorville Concord Escondido Fayetteville Independence Bellevue Scottsdale SiouxFalls OklahomaCity Lafayette Newark StPetersburg Orlando LosAngeles Brownsville Worcester Garland Alexandria Boston Ontario Omaha Allentown Pomona Stockton Indianapolis Austin PembrokePines Frisco Waco Washington StLouis Wichita LexingtonFa LouisvilleJefferson LongBeach Hartford Visalia Sunnyvale Surprise WestValleyCity SanDiego Stamford RanchoCucamonga NewportNews Beaumont Shreveport Huntsville Thornton Yonkers
47
Carrollton Carrollton
GardenGrove GardenGrove
Victorville Victorville
Concord Concord
Escondido Henderson
Fayetteville Fayetteville
Independence Midland
Bellevue Bellevue
Scottsdale Scottsdale
SiouxFalls SiouxFalls
OklahomaCity OklahomaCity
Lafayette Lafayette
Newark Newark
StPetersburg StPetersburg
Orlando Orlando
LosAngeles LosAngeles
Brownsville Brownsville
Worcester Worcester
Garland Garland
Alexandria Alexandria
Boston Boston
Ontario Ontario
Omaha Omaha
Allentown Allentown
Pomona Pomona
Stockton Stockton
Indianapolis Indianapolis
Austin Austin
PembrokePines PembrokePines
Waco Waco
Washington Washington
StLouis StLouis
Wichita Wichita
LexingtonFa LexingtonFa
LouisvilleJefferson LouisvilleJefferson
LongBeach LongBeach
Hartford Hartford
Visalia Visalia
Sunnyvale Sunnyvale
Surprise Surprise
WestValleyCity WestValleyCity
SanDiego Paterson
Stamford Stamford
RanchoCucamonga RanchoCucamonga
NewportNews NewportNews
Beaumont Beaumont
Shreveport Shreveport
