Plano Rockford Riverside SanFrancisco LasVegas Vallejo Miami AugustaRichmond NewOrleans Dallas Hartford Mobile Surprise Greensboro HuntingtonBeach GardenGrove Salinas Anaheim JerseyCity Torrance Akron Hollywood Escondido LouisvilleJefferson Tulsa Glasses SanJose Killeen Allentown Stamford Fremont Corona Brownsville Houston Madison Knoxville SantaClarita CorpusChristi SanBernardino SimiValley Irvine LittleRock NewHaven Anchorage Thornton Worcester Mesquite AnnArbor Lincoln Pikachu Huntsville SantaRosa SiouxFalls FortCollins Laredo McAllen GrandPrairie Portland Elizabeth Lancaster Lafayette Wichita Waco Ontario Denver Hayward Omaha StLouis Norfolk FortLauderdale SanAntonio Davidson Lafayette Garland Beaumont OWO Mesa Montgomery Atlanta Vancouver KansasCity Pomona Raleigh Glendale Denton Chicago Tampa ThousandOaks HuntingtonBeach Oxnard Memphis Charleston MorenoValley Irving Pasadena Cincinnati Olathe Hampton Cary OklahomaCity Warren Sunnyvale Norman SantaClara Plano
100
Rockford Rockford
Riverside Riverside
SanFrancisco SanFrancisco
LasVegas LasVegas
Vallejo Vallejo
Miami Miami
AugustaRichmond AugustaRichmond
NewOrleans NewOrleans
Dallas Dallas
Hartford Hartford
Mobile Mobile
Surprise Surprise
Greensboro Greensboro
HuntingtonBeach HuntingtonBeach
GardenGrove GardenGrove
Salinas Salinas
Anaheim Anaheim
JerseyCity JerseyCity
Torrance Torrance
Akron Akron
Hollywood Hollywood
Escondido Escondido
LouisvilleJefferson LouisvilleJefferson
Tulsa Tulsa
Glasses Glasses
SanJose SanJose
Killeen Killeen
Allentown Allentown
Stamford Stamford
Fremont Fremont
Corona Corona
Brownsville Brownsville
Houston Houston
Madison Madison
Knoxville Knoxville
SantaClarita SantaClarita
CorpusChristi CorpusChristi
SanBernardino SanBernardino
SimiValley SimiValley
Irvine Irvine
LittleRock LittleRock
NewHaven NewHaven
Anchorage Anchorage
Thornton Thornton
Worcester Worcester
Mesquite Mesquite
AnnArbor AnnArbor
Lincoln Lincoln
Pikachu Pikachu
Huntsville Huntsville
SantaRosa SantaRosa
SiouxFalls SiouxFalls
FortCollins FortCollins
Laredo Laredo
McAllen McAllen
GrandPrairie GrandPrairie
Portland Portland
Elizabeth Elizabeth
Lancaster Lancaster
Lafayette Lafayette
Wichita Wichita
Waco Waco
Ontario Ontario
Denver Denver
Hayward Hayward
Omaha Omaha
StLouis StLouis
Norfolk Norfolk
FortLauderdale FortLauderdale
SanAntonio SanAntonio
Davidson Davidson
Garland Garland
Beaumont Beaumont
OWO OWO
Mesa Mesa
Montgomery Montgomery
Atlanta Atlanta
Vancouver Vancouver
Pomona Pomona
Raleigh Raleigh
Glendale Glendale
Denton Denton
Chicago Chicago
Tampa Tampa
ThousandOaks ThousandOaks
Oxnard Oxnard
Memphis Memphis
Charleston Charleston
MorenoValley MorenoValley
Irving Irving
Pasadena Pasadena
Cincinnati Cincinnati
Olathe Olathe
Hampton Hampton
Cary Cary
OklahomaCity OklahomaCity
Warren Warren
Sunnyvale Sunnyvale
Norman Norman
SantaClara SantaClara
