0 66 115 160 129 47 69 158 27 3 4 154 114 74 43 13 102 159 42 143 59 199 35 157 183 100 125 38 96 133 1 22 187 65 50 17 70 94 26 80 2 72 78 174 52 167 120 14 151 31 24 21 193 20 28 86 182 137 56 166 146 141 128 81 93 23 39 15 83 5 103 89 98 84 173 190 9 116 18 177 16 68 101 197 152 33 153 111 164 51 107 134 172 184 138 11 130 8 71 67 0
98
0 0
66 66
115 115
160 160
129 129
47 47
69 69
158 158
27 27
3 3
4 4
154 154
114 114
74 74
43 43
13 13
102 102
159 159
42 42
143 143
59 59
199 199
35 35
157 157
183 183
100 100
125 125
38 38
96 96
133 133
1 1
22 22
187 187
65 65
50 50
17 17
70 70
94 94
26 26
80 80
2 2
72 72
78 78
174 174
52 52
167 167
120 120
14 14
151 151
31 31
24 24
21 21
193 193
20 20
28 28
86 86
182 182
137 137
56 56
166 166
146 146
141 141
128 128
81 81
93 93
23 23
39 39
15 15
83 83
5 5
103 103
89 89
98 98
84 84
173 173
190 190
9 9
116 116
18 18
177 177
16 16
68 68
101 101
197 197
152 152
33 33
153 153
111 111
164 164
51 51
107 107
134 134
172 172
184 184
138 138
11 11
130 130
8 8
