0 144 173 101 102 108 163 139 167 195 127 181 191 142 107 152 194 122 189 146 159 116 165 120 140 136 161 141 185 121 176 112 118 113 131 196 192 197 128 187 193 110 153 150 104 160 133 190 109 154 135 138 157 177 188 168 182 172 171 156 199 134 117 170 180 174 175 155 166 184 123 169 111 115 129 125 198 124 178 130 179 126 164 103 106 151 105 158 114 145 148 162 143 186 147 100 137 183 119 132 149 13
98
144 144
173 173
101 101
102 102
108 108
163 163
139 139
167 167
195 195
127 127
181 181
191 191
142 142
107 107
152 152
194 194
122 122
189 189
146 146
159 159
116 116
165 165
120 120
140 140
136 136
161 161
141 141
185 185
121 121
176 176
112 112
118 118
113 113
131 131
196 196
192 192
197 197
128 128
187 187
193 193
110 110
153 153
150 150
104 104
160 160
133 133
190 190
109 109
154 154
135 135
138 138
157 157
177 177
188 188
168 168
182 182
172 172
171 171
156 156
199 199
134 134
117 117
170 170
180 180
174 174
175 175
155 155
166 166
184 184
123 123
169 169
111 111
115 115
129 129
125 125
198 198
124 124
178 178
130 130
179 179
126 126
164 164
103 103
106 106
151 151
105 105
158 158
114 114
145 145
148 148
162 162
143 143
186 186
147 147
100 100
137 137
183 183
119 119
