vLeODpVlYSBeYNDYoXha EWpsBSEfAOWAjikCpvhc CmbFyJmcvVqyCmJgQxeI NciLXNPTvMoXdbTDZmlg gIttwvzcgONwFblnGIqq gzxzakmqbxbsOczuQVLG wRjMmrpRuknxqunJrMAE DqUxIMslnixWfmkjQTmS ajvbaFpYiEBJySPsSLaI sBkAYRISjTYinLFSNcKW vGdJmIpYPUGRspXiVLdc UgFPXEAdAfcfHGIbNTsq gMqbbwopmbxmOomqZjfm NAHeKyyhAObyyUEUSkSU fHcdXnOxSadpKeCUwNYm fvEcAuRDdfuHEPLNpaTz sXfgLMwoysnMazVSWnhc sdSgCnaZeeOuPKljZOSr FEqXJcVrZfnSsHEUPhnl WCCOEUYmDvzZlrkDAqoi xQaDpDGAXhDYzSMnMWvb TwgqMzgExFHTIfcwfBnr cZgmtoPGHxdozTaDMiyf DWWCMAjZQQIEKOIiHFQN aWvnTxwRCeZSoCnPnhDt ybrQlUhznqOhsvndWAbl ruLqpYqEzGGiKysvsarb AdXveYSBaneNwCQzrdSw QkAjrUUuVdzSMnlfJLcO PSVkjNlrWHpVSTVIEkGG PLDOWRIeaCSVLMyDadzC VhDSPHxolLkNxxDnpUyx jwIBHKkXHTPVsOJwBOsr QQSjCkgLAWAPObYQvNsB qbmGewAditsWkTFHdxjP LOMgYipCQQXQnRqEqRwO FcEsyaTmqpoyvbDrHjlc TCAkluAESUWAMGFeNcGN MlwlINEFqmyzZNPXRLJF tVzUgXVoBYxBMnkkwFmk ZbyHJLmoTqNpTnlUVJZC aCucdhmWbhlrgfstQigR BXzACdzjLITNgbmDPlEu UAwuKFcUHFyvaFCTLpOT jzQJaGLLiuQLhhyqBagr iBYHAWUhqeQPjphQzpdN mevvwcZLudaokctOWvKe mlipOrSnGcxXtoXBbRyl iDucfyZGMCbCQbXjbQqM CfkBzkPETvagyIDCsLTD oCvaAQKOXXWgeSNnUmae OVoYVQPnlYoZBBKtyuLk CPszTohYUHARNedzFlDK pdXCnKagnvEntNTuPHdK dyUDfEGgAoSshTRjMZZg zxeoSbTqbWPpSzalAtBI uyPyJzKFqWxgSNmpkDrB vLeODpVlYSBeYNDYoXha
44
CmbFyJmcvVqyCmJgQxeI CmbFyJmcvVqyCmJgQxeI
NciLXNPTvMoXdbTDZmlg NciLXNPTvMoXdbTDZmlg
gIttwvzcgONwFblnGIqq gIttwvzcgONwFblnGIqq
gzxzakmqbxbsOczuQVLG gEufXNuuWhnlbNYaoQFJ
wRjMmrpRuknxqunJrMAE iBjjCWwkYToOKfrrLnny
DqUxIMslnixWfmkjQTmS TqyFrXuGvuBuqnpYbjKc
ajvbaFpYiEBJySPsSLaI fToHwimUqLsKcKLZHiUX
sBkAYRISjTYinLFSNcKW sBkAYRISjTYinLFSNcKW
UgFPXEAdAfcfHGIbNTsq UgFPXEAdAfcfHGIbNTsq
gMqbbwopmbxmOomqZjfm gMqbbwopmbxmOomqZjfm
NAHeKyyhAObyyUEUSkSU NAHeKyyhAObyyUEUSkSU
fHcdXnOxSadpKeCUwNYm fHcdXnOxSadpKeCUwNYm
fvEcAuRDdfuHEPLNpaTz fvEcAuRDdfuHEPLNpaTz
sXfgLMwoysnMazVSWnhc sXfgLMwoysnMazVSWnhc
FEqXJcVrZfnSsHEUPhnl ASXwCgVTXDdhSXJwFovC
WCCOEUYmDvzZlrkDAqoi WCCOEUYmDvzZlrkDAqoi
xQaDpDGAXhDYzSMnMWvb xQaDpDGAXhDYzSMnMWvb
TwgqMzgExFHTIfcwfBnr TwgqMzgExFHTIfcwfBnr
cZgmtoPGHxdozTaDMiyf cZgmtoPGHxdozTaDMiyf
DWWCMAjZQQIEKOIiHFQN DWWCMAjZQQIEKOIiHFQN
ybrQlUhznqOhsvndWAbl ybrQlUhznqOhsvndWAbl
ruLqpYqEzGGiKysvsarb ruLqpYqEzGGiKysvsarb
AdXveYSBaneNwCQzrdSw AdXveYSBaneNwCQzrdSw
QkAjrUUuVdzSMnlfJLcO QkAjrUUuVdzSMnlfJLcO
PLDOWRIeaCSVLMyDadzC PLDOWRIeaCSVLMyDadzC
VhDSPHxolLkNxxDnpUyx VhDSPHxolLkNxxDnpUyx
jwIBHKkXHTPVsOJwBOsr jwIBHKkXHTPVsOJwBOsr
QQSjCkgLAWAPObYQvNsB RjKEHTlRvtaVBbyqZVAw
qbmGewAditsWkTFHdxjP cvlwIwajcIlbhZbyFgmq
FcEsyaTmqpoyvbDrHjlc FcEsyaTmqpoyvbDrHjlc
MlwlINEFqmyzZNPXRLJF MlwlINEFqmyzZNPXRLJF
tVzUgXVoBYxBMnkkwFmk tVzUgXVoBYxBMnkkwFmk
ZbyHJLmoTqNpTnlUVJZC fPxvnMVMFwhJbNBURdgD
aCucdhmWbhlrgfstQigR aCucdhmWbhlrgfstQigR
BXzACdzjLITNgbmDPlEu BXzACdzjLITNgbmDPlEu
jzQJaGLLiuQLhhyqBagr jzQJaGLLiuQLhhyqBagr
iBYHAWUhqeQPjphQzpdN iBYHAWUhqeQPjphQzpdN
mlipOrSnGcxXtoXBbRyl NVEtShKeuxpaFIOiyVqE
iDucfyZGMCbCQbXjbQqM iDucfyZGMCbCQbXjbQqM
CfkBzkPETvagyIDCsLTD CfkBzkPETvagyIDCsLTD
OVoYVQPnlYoZBBKtyuLk OVoYVQPnlYoZBBKtyuLk
CPszTohYUHARNedzFlDK CPszTohYUHARNedzFlDK
pdXCnKagnvEntNTuPHdK pdXCnKagnvEntNTuPHdK
dyUDfEGgAoSshTRjMZZg dyUDfEGgAoSshTRjMZZg
