wNqlpYNsRbJEgiGpKxrU lbWonvEbeplndKguSTkk qfRRtdRbhYJBARMfPlZM eobSFtKBbBdcVrTOREdK UIlSMnVKIdNiXZNSiHsI fgzJCwocQniGlXAZHJId vIbIQYXZnmYrooTLYNtu EmbDgEECbkHbfAfHCgwB xgBrJmdXVwtxgRuCBhMe pzrGQEObzJGPnfATEYDc hLaNXBYgTzgUhvjmqUTu jUSlIFtitQxyvVLJjiCc XPPBMlNyfVVeZGIzTCEW pMOSpTzPTPLXHLOQMjnt oLMkSrYLQRLHmPiuLCTC HAIYkMkIfhypoRlxuZoB ZwvojvRdUOYNJXIwAqgC qDLPWLkWayzdxIYSKLER gDYKDrbERUXTnCayjBrC QePOUWiXcAUCoHETxuGS wfEFdNDcColoskjTjcLm lIpVoDPUIfHCPpjswogJ cwgJAHVpCCTmuckJkncL wuSVWJYvpiWaQAHXocSG cMYyKTXGNKnFzrpwnXUl vTbNxpVTEoFlSjvvVvfG zHPSSEtFTQIbLYMdHqgP SitzoubgYFeTjmkLjVPz wlySPverjehsBxldyigf NYdfLxXxFVvLEbDKzXWn igyeOiSdezmmXGTwMzLw oKAKfpUUuLItChLyByFh IvXQutSorlqOgnSVAIUd JvFxbsySBAiFiOUrzrBi scpUkbcaYSAsHhSktebT JVONrXhhmtFWhFfDiOXW VIPPawblKbhOVWrmrWBx NjdqbLVqGQWIXWnBFpZZ oHoxoLeyDYnKZDzgMtxI TEPaiCedHTXapLxoBXMp bFmSeBrfNuxjYPUDCLYq szyiMlKhtyOynWjcoMsm ihxEqMQIIvyQmtrtMjeO kyApsCeFkLoLFCdkazaE gcXUxTVUZWsOwtRNeDDa aIuYyryCOUGVeCAqbqkg EhDFVLWZueLOrdjEOzEQ QeYNNLpZMBxyiFbZMPFY wvSJDoqoPGAkYgSuPFPw NzDQJknJPDEkcwCHzzbF NPSPGRTNRcKKVpsBRSwh CvZkdIYtdeDHtwufupie ZXihCBEQBTdisqSlEMsj ayQgUwyRuQVKeyFLPNbQ gFUGYXSirCYiFTivWNah erZKLqpCZsYKDnOCaBGq NIJaJxCurulNUdZZMxFk edlAtPQdNXJQPCIzpkyX XvUPApTFkqaSSizYsCIr UdSbtwxTqTJxOiUoxEqw eOfnBeTgmYCNEnRUhlEK KcrnMnFDTrBKaUaGpdLY fpoTaBKmVdlDCxFwCFoz FWnudSYFvYQJHehOpEKf YTwycpmzEWCqqTELtzXc bEfUXCTlwRBndElSbPGf imEmCMbYEtZJJkwxkSDD xlbpuxAjoVPJWPCWBEkJ zNRhhVdMWUgTnnqmAfeY syonLisTOSczosCwoILE kqcEdfKLaRzxOhAIzchh jznspKyqlmxZtgfQUJVB RlHeRhvUOhGhZVGGJuED WMWBpOSnHGywZjCgaYyY XtZHoAxqEyzvMChzPHpN CbGuHgZfQMmSOfHDFJnK MBJqOYmxhUYbldNVEdRy PZwTcKCPsEmpxetNZvef ZauPfhkpsGmhbvkhkltR ndaHivGVVtIUvLiyUWcm ADVVlRLpnspleRTgeTdu DZEpVGVXkxHljziwItaS QjbdwbUnopENkiNyqirZ nreoVgWrBhNXFZgTBlXO nCedHqGgdWAicwyuYWpg VRpSthoDcomqMDsGoVql yscsUFTNNyaVMKBztBdV NJZlnWyeJFrkOwoqHKtT shugRMnaHVqQSmKaNBgu efZntVbfQTvIUOiRNPSH EEeDJaHeajXXlwYcHTeJ juzxSpUVuccJUMBOcJjO ANDviqMIuFwdcboQDprt QyXpliHSeQOPIsurIcpa DpztIuGTRpGuLsdlODJw lSJjEsqamUCgRZdCmdyI aGPbLNWYAMujnfHCTCMo HeWrJOKsDjgdrcamgZLN ccdJRKiTXwIErdhSIxfh eiLPqIroFfCGzqSAlzAp svUOWvTJLneAqJGnExpc oZXYedlbtBLmkfoVmgta joWAhkfNqIEECnBeulGl GMxGouyyndiUBMqMdOoc kwPuYZgJgVVJfdBGUtPw mgNeYYUOPKpLeiVEFIXd NtyLZDOaSczVvOGdocUp jwjTVkTZQzfvrCAtqcyG wNqlpYNsRbJEgiGpKxrU
99
lbWonvEbeplndKguSTkk lbWonvEbeplndKguSTkk
qfRRtdRbhYJBARMfPlZM qfRRtdRbhYJBARMfPlZM
eobSFtKBbBdcVrTOREdK eobSFtKBbBdcVrTOREdK
UIlSMnVKIdNiXZNSiHsI UIlSMnVKIdNiXZNSiHsI
fgzJCwocQniGlXAZHJId fgzJCwocQniGlXAZHJId
vIbIQYXZnmYrooTLYNtu vIbIQYXZnmYrooTLYNtu
EmbDgEECbkHbfAfHCgwB EmbDgEECbkHbfAfHCgwB
xgBrJmdXVwtxgRuCBhMe xgBrJmdXVwtxgRuCBhMe
pzrGQEObzJGPnfATEYDc pzrGQEObzJGPnfATEYDc
hLaNXBYgTzgUhvjmqUTu hLaNXBYgTzgUhvjmqUTu
jUSlIFtitQxyvVLJjiCc jUSlIFtitQxyvVLJjiCc
XPPBMlNyfVVeZGIzTCEW XPPBMlNyfVVeZGIzTCEW
pMOSpTzPTPLXHLOQMjnt pMOSpTzPTPLXHLOQMjnt
oLMkSrYLQRLHmPiuLCTC oLMkSrYLQRLHmPiuLCTC
ZwvojvRdUOYNJXIwAqgC ZwvojvRdUOYNJXIwAqgC
gDYKDrbERUXTnCayjBrC gDYKDrbERUXTnCayjBrC
QePOUWiXcAUCoHETxuGS QePOUWiXcAUCoHETxuGS
wfEFdNDcColoskjTjcLm wfEFdNDcColoskjTjcLm
cwgJAHVpCCTmuckJkncL cwgJAHVpCCTmuckJkncL
wuSVWJYvpiWaQAHXocSG wuSVWJYvpiWaQAHXocSG
cMYyKTXGNKnFzrpwnXUl cMYyKTXGNKnFzrpwnXUl
vTbNxpVTEoFlSjvvVvfG vTbNxpVTEoFlSjvvVvfG
zHPSSEtFTQIbLYMdHqgP zHPSSEtFTQIbLYMdHqgP
SitzoubgYFeTjmkLjVPz SitzoubgYFeTjmkLjVPz
wlySPverjehsBxldyigf wlySPverjehsBxldyigf
NYdfLxXxFVvLEbDKzXWn NYdfLxXxFVvLEbDKzXWn
igyeOiSdezmmXGTwMzLw igyeOiSdezmmXGTwMzLw
oKAKfpUUuLItChLyByFh oKAKfpUUuLItChLyByFh
IvXQutSorlqOgnSVAIUd IvXQutSorlqOgnSVAIUd
JvFxbsySBAiFiOUrzrBi JvFxbsySBAiFiOUrzrBi
scpUkbcaYSAsHhSktebT scpUkbcaYSAsHhSktebT
JVONrXhhmtFWhFfDiOXW JVONrXhhmtFWhFfDiOXW
VIPPawblKbhOVWrmrWBx VIPPawblKbhOVWrmrWBx
oHoxoLeyDYnKZDzgMtxI oHoxoLeyDYnKZDzgMtxI
TEPaiCedHTXapLxoBXMp TEPaiCedHTXapLxoBXMp
bFmSeBrfNuxjYPUDCLYq bFmSeBrfNuxjYPUDCLYq
szyiMlKhtyOynWjcoMsm szyiMlKhtyOynWjcoMsm
ihxEqMQIIvyQmtrtMjeO ihxEqMQIIvyQmtrtMjeO
kyApsCeFkLoLFCdkazaE kyApsCeFkLoLFCdkazaE
gcXUxTVUZWsOwtRNeDDa gcXUxTVUZWsOwtRNeDDa
aIuYyryCOUGVeCAqbqkg aIuYyryCOUGVeCAqbqkg
EhDFVLWZueLOrdjEOzEQ EhDFVLWZueLOrdjEOzEQ
QeYNNLpZMBxyiFbZMPFY QeYNNLpZMBxyiFbZMPFY
wvSJDoqoPGAkYgSuPFPw wvSJDoqoPGAkYgSuPFPw
NzDQJknJPDEkcwCHzzbF NzDQJknJPDEkcwCHzzbF
NPSPGRTNRcKKVpsBRSwh NPSPGRTNRcKKVpsBRSwh
CvZkdIYtdeDHtwufupie CvZkdIYtdeDHtwufupie
ZXihCBEQBTdisqSlEMsj ZXihCBEQBTdisqSlEMsj
ayQgUwyRuQVKeyFLPNbQ ayQgUwyRuQVKeyFLPNbQ
erZKLqpCZsYKDnOCaBGq erZKLqpCZsYKDnOCaBGq
NIJaJxCurulNUdZZMxFk NIJaJxCurulNUdZZMxFk
edlAtPQdNXJQPCIzpkyX edlAtPQdNXJQPCIzpkyX
XvUPApTFkqaSSizYsCIr XvUPApTFkqaSSizYsCIr
UdSbtwxTqTJxOiUoxEqw UdSbtwxTqTJxOiUoxEqw
eOfnBeTgmYCNEnRUhlEK eOfnBeTgmYCNEnRUhlEK
KcrnMnFDTrBKaUaGpdLY KcrnMnFDTrBKaUaGpdLY
fpoTaBKmVdlDCxFwCFoz fpoTaBKmVdlDCxFwCFoz
FWnudSYFvYQJHehOpEKf FWnudSYFvYQJHehOpEKf
YTwycpmzEWCqqTELtzXc YTwycpmzEWCqqTELtzXc
bEfUXCTlwRBndElSbPGf bEfUXCTlwRBndElSbPGf
imEmCMbYEtZJJkwxkSDD imEmCMbYEtZJJkwxkSDD
xlbpuxAjoVPJWPCWBEkJ xlbpuxAjoVPJWPCWBEkJ
zNRhhVdMWUgTnnqmAfeY zNRhhVdMWUgTnnqmAfeY
syonLisTOSczosCwoILE syonLisTOSczosCwoILE
kqcEdfKLaRzxOhAIzchh kqcEdfKLaRzxOhAIzchh
jznspKyqlmxZtgfQUJVB jznspKyqlmxZtgfQUJVB
RlHeRhvUOhGhZVGGJuED RlHeRhvUOhGhZVGGJuED
WMWBpOSnHGywZjCgaYyY WMWBpOSnHGywZjCgaYyY
XtZHoAxqEyzvMChzPHpN XtZHoAxqEyzvMChzPHpN
CbGuHgZfQMmSOfHDFJnK CbGuHgZfQMmSOfHDFJnK
MBJqOYmxhUYbldNVEdRy MBJqOYmxhUYbldNVEdRy
PZwTcKCPsEmpxetNZvef PZwTcKCPsEmpxetNZvef
ZauPfhkpsGmhbvkhkltR ZauPfhkpsGmhbvkhkltR
ADVVlRLpnspleRTgeTdu ADVVlRLpnspleRTgeTdu
DZEpVGVXkxHljziwItaS DZEpVGVXkxHljziwItaS
QjbdwbUnopENkiNyqirZ QjbdwbUnopENkiNyqirZ
nreoVgWrBhNXFZgTBlXO nreoVgWrBhNXFZgTBlXO
nCedHqGgdWAicwyuYWpg nCedHqGgdWAicwyuYWpg
VRpSthoDcomqMDsGoVql VRpSthoDcomqMDsGoVql
yscsUFTNNyaVMKBztBdV yscsUFTNNyaVMKBztBdV
NJZlnWyeJFrkOwoqHKtT NJZlnWyeJFrkOwoqHKtT
shugRMnaHVqQSmKaNBgu shugRMnaHVqQSmKaNBgu
efZntVbfQTvIUOiRNPSH efZntVbfQTvIUOiRNPSH
EEeDJaHeajXXlwYcHTeJ EEeDJaHeajXXlwYcHTeJ
juzxSpUVuccJUMBOcJjO juzxSpUVuccJUMBOcJjO
ANDviqMIuFwdcboQDprt ANDviqMIuFwdcboQDprt
QyXpliHSeQOPIsurIcpa QyXpliHSeQOPIsurIcpa
DpztIuGTRpGuLsdlODJw DpztIuGTRpGuLsdlODJw
lSJjEsqamUCgRZdCmdyI lSJjEsqamUCgRZdCmdyI
aGPbLNWYAMujnfHCTCMo aGPbLNWYAMujnfHCTCMo
HeWrJOKsDjgdrcamgZLN HeWrJOKsDjgdrcamgZLN
ccdJRKiTXwIErdhSIxfh ccdJRKiTXwIErdhSIxfh
eiLPqIroFfCGzqSAlzAp eiLPqIroFfCGzqSAlzAp
svUOWvTJLneAqJGnExpc svUOWvTJLneAqJGnExpc
oZXYedlbtBLmkfoVmgta oZXYedlbtBLmkfoVmgta
joWAhkfNqIEECnBeulGl joWAhkfNqIEECnBeulGl
GMxGouyyndiUBMqMdOoc GMxGouyyndiUBMqMdOoc
kwPuYZgJgVVJfdBGUtPw kwPuYZgJgVVJfdBGUtPw
mgNeYYUOPKpLeiVEFIXd mgNeYYUOPKpLeiVEFIXd
