0 46 68 95 23 82 100 57 75 40 49 53 52 85 30 86 59 87 76 81 69 38 77 79 90 91 10 5 54 9 13 17 16 37 36 27 84 97 73 88 4 51 12 8 55 14 2 1 56 24 98 6 3 7 29 99 67 20 45 39 34 19 70 18 62 32 35 94 83 43 42 72 41 78 61 31 93 92 89 66 28 21 96 48 63 71 60 15 26 22 33 25 64 50 65 11 58 74 80 44 47 0
100
46 46
68 68
95 95
23 23
82 82
100 100
57 57
75 75
40 40
49 49
53 53
52 52
85 85
30 30
86 86
59 59
87 87
76 76
81 81
69 69
38 38
77 77
79 79
90 90
91 91
10 10
5 5
54 54
9 9
13 13
17 17
16 16
37 37
36 36
27 27
84 84
97 97
73 73
88 88
4 4
51 51
12 12
8 8
55 55
14 14
2 2
1 1
56 56
24 24
98 98
6 6
3 3
7 7
29 29
99 99
67 67
20 20
45 45
39 39
34 34
19 19
70 70
18 18
62 62
32 32
35 35
94 94
83 83
43 43
42 42
72 72
41 41
78 78
61 61
31 31
93 93
92 92
89 89
66 66
28 28
21 21
96 96
48 48
63 63
71 71
60 60
15 15
26 26
22 22
33 33
25 25
64 64
50 50
65 65
11 11
58 58
74 74
80 80
44 44
47 47
