Soda connor patagonia davis walsh rabie woolf yip lo ashley sarina ritter amanda krishnan shen daniel winifred andrew jarrett sunny tamara caroline lewke castro singhal chloe aidan rob noor garbers ian juliann alvin sriram berit meghan grace shah golden ruhi martinez kevin massachusetts danyal garcia rosen vilaythong annie roshan eshaan djajadi Soda
48
connor connor
patagonia patagonia
davis davis
walsh walsh
rabie rabie
woolf woolf
yip yip
lo lo
ashley ashley
sarina sarina
ritter ritter
amanda amanda
krishnan krishnan
shen shen
daniel daniel
winifred winifred
andrew andrew
jarrett jarrett
sunny sunny
tamara tamara
caroline caroline
lewke lewke
castro castro
singhal singhal
chloe chloe
aidan aidan
rob rob
noor noor
garbers garbers
ian ian
juliann juliann
alvin alvin
sriram sriram
berit berit
meghan meghan
grace grace
shah shah
golden golden
ruhi ruhi
martinez martinez
kevin kevin
massachusetts massachusetts
danyal danyal
garcia garcia
rosen rosen
vilaythong vilaythong
annie annie
roshan roshan
