Soda chung chase kanika melissa lewke aanika krishnan djajadi eshaan maniku mack ani liang wyatt evan emily scott lebron brett grace franco tyler andrew logan srinivasan greg amanda nichole george daniel vikram devesh singorahardjo bears hanlon mittal shah ravi srivastava caroline sun zhou winifred adhikiari zou jacob cal berit soman vilaythong zhifei yip chen ishaan weaver king william charles kevin subbaraj xin annie kaur gregory saurav ohio sophia patagonia connor ahluwalia ashley danyal lindsey umar krista maya celine rouzbahani hari erika gobears angelis chloe ruhi ritter du massachusetts ellen li rob oscar sunny parham singhal wong barth wu alvin doshi olivia Soda
100
chung chung
chase chase
kanika kanika
melissa melissa
lewke lewke
aanika aanika
krishnan krishnan
djajadi djajadi
eshaan eshaan
maniku maniku
mack mack
ani ani
liang liang
wyatt wyatt
evan evan
emily emily
scott scott
lebron lebron
brett brett
grace grace
franco franco
tyler tyler
andrew andrew
logan logan
srinivasan srinivasan
greg greg
amanda amanda
nichole nichole
george george
daniel daniel
vikram vikram
devesh devesh
singorahardjo singorahardjo
bears bears
hanlon hanlon
mittal mittal
shah shah
ravi ravi
srivastava srivastava
caroline caroline
sun sun
zhou zhou
winifred winifred
adhikiari adhikiari
zou zou
jacob jacob
cal cal
berit berit
soman soman
vilaythong vilaythong
zhifei zhifei
yip yip
chen chen
ishaan ishaan
weaver weaver
king king
william william
charles charles
kevin kevin
subbaraj subbaraj
xin xin
annie annie
kaur kaur
gregory gregory
saurav saurav
ohio ohio
sophia sophia
patagonia patagonia
connor connor
ahluwalia ahluwalia
ashley ashley
danyal danyal
lindsey lindsey
umar umar
krista krista
maya maya
celine celine
rouzbahani rouzbahani
hari hari
erika erika
gobears gobears
angelis angelis
chloe chloe
ruhi ruhi
ritter ritter
du du
massachusetts massachusetts
ellen ellen
li li
rob rob
oscar oscar
sunny sunny
parham parham
singhal singhal
wong wong
barth barth
wu wu
alvin alvin
doshi doshi
olivia olivia
