Jingzhou Ghugus Manduria Sanaa JabalosSaraj Frosinone SaintMichael Rangae Shively TanahMerah Gangtok Bejucal Ronse AzZuwaytinah Sarzedo Tabatinga Veenendaal Shizunaifurukawacho Shumen Ermelo Kheri Malnate Kabarnet Chittaranjan SanJosedeOcoa Tottori Thamaga BurgbeiMagdeburg Sagalo CoonRapids SmederevskaPalanka Kirovsk Srinagar Entroncamento Ouarzazat Ketrzyn Colachel LondonderryCountyBor Radnor Carouge Depok FortLauderdale Ibri BeneBeraq Carmichael elCampello Jeypore RioFormoso Rembangan Crespo Khabarovsk Chegem Lysva Jingzhou
48
Ghugus Ghugus
Manduria Manduria
Sanaa Sanaa
JabalosSaraj JabalosSaraj
SaintMichael SaintMichael
Rangae Rangae
Shively Shively
TanahMerah TanahMerah
Gangtok Gangtok
Bejucal Bejucal
Ronse Ronse
AzZuwaytinah AzZuwaytinah
Sarzedo Sarzedo
Tabatinga Tabatinga
Veenendaal Veenendaal
Shizunaifurukawacho Shizunaifurukawacho
Shumen Shumen
Ermelo Ermelo
Kheri Kheri
Malnate Malnate
Kabarnet Kabarnet
Chittaranjan Chittaranjan
SanJosedeOcoa SanJosedeOcoa
Tottori Tottori
Thamaga Thamaga
BurgbeiMagdeburg BurgbeiMagdeburg
Sagalo Sagalo
CoonRapids CoonRapids
Kirovsk Kirovsk
Srinagar Srinagar
Entroncamento Entroncamento
Ouarzazat Ouarzazat
Ketrzyn Ketrzyn
Colachel Colachel
LondonderryCountyBor LondonderryCountyBor
Radnor Radnor
Carouge Carouge
Depok Depok
FortLauderdale FortLauderdale
Ibri Ibri
BeneBeraq BeneBeraq
Carmichael Carmichael
elCampello elCampello
Jeypore Jeypore
RioFormoso RioFormoso
Rembangan Rembangan
Crespo Crespo
Khabarovsk Khabarovsk
