LesLilas SantanadoLivramento Mocoa Shieli Yafo Vaniyambadi Prostejov Skelmersdale Vyazniki Ontinyent Ibirataia Izhevsk SpanishTown Sosnovka Wenchi Gunzenhausen Khulm Lloydminster GuaMusang Andrychow SanJuandelaMaguana NoblePark Kotka PortoVelho Rhondda Anjarah Oerlinghausen Sorada Baramula Fuxin Nagar FortWorth Arzamas Haripur Turek Manacapuru Kineshma Haora Escada Kairouan Johnston SaintCyrlEcole NahiyatashShinafiyah Gorgan Twante Itororo MadinatHamad AinArnat Battambang Braila Morwa Korsakov Sobue Pozzuoli VillaPauladeSarmient KotRadhaKishan HaciendaLaCalera Acarau SenadorPompeu Angleton SouthSaintPaul Mabopane Hirosaki Daokou Hangu Wangon EastLongmeadow Gowurdak Shurugwi Kemise Bury PriegodeCordoba Shimofurano TagbilaranCity MineralnyeVody AshtonunderLyne Shchekino Espiye Rivas ChalcodeDiazCovarrub BlueIsland Garbsen Ortaca CapimGrosso MonteAlegre Kondrovo Kaifeng Butuan NewtonAycliffe Zhaodong Aracuai AinBessem Langenhorn Acireale Tabou SenaMadureira Belalcazar Pezinok FetestiGara Embu WestIslip Mauban Akcaabat Kambove LesLilas
98
SantanadoLivramento SantanadoLivramento
Mocoa Mocoa
Shieli Shieli
Yafo Yafo
Vaniyambadi Vaniyambadi
Prostejov Prostejov
Skelmersdale Skelmersdale
Vyazniki Vyazniki
Ontinyent Ontinyent
Ibirataia Ibirataia
Izhevsk Izhevsk
SpanishTown SpanishTown
Sosnovka Sosnovka
Wenchi Wenchi
Gunzenhausen Gunzenhausen
Khulm Khulm
Lloydminster Lloydminster
GuaMusang GuaMusang
Andrychow Andrychow
SanJuandelaMaguana SanJuandelaMaguana
NoblePark NoblePark
Kotka Kotka
PortoVelho PortoVelho
Rhondda Rhondda
Anjarah Anjarah
Oerlinghausen Oerlinghausen
Sorada Sorada
Baramula Baramula
Fuxin Fuxin
Nagar Nagar
FortWorth FortWorth
Arzamas Arzamas
Haripur Haripur
Turek Turek
Manacapuru Manacapuru
Kineshma Kineshma
Haora Haora
Escada Escada
Kairouan Kairouan
Johnston Johnston
SaintCyrlEcole SaintCyrlEcole
NahiyatashShinafiyah NahiyatashShinafiyah
Gorgan Gorgan
Twante Twante
Itororo Itororo
MadinatHamad MadinatHamad
AinArnat AinArnat
Battambang Battambang
Braila Braila
Morwa Morwa
Korsakov Korsakov
Sobue Sobue
Pozzuoli Pozzuoli
VillaPauladeSarmient VillaPauladeSarmient
KotRadhaKishan KotRadhaKishan
HaciendaLaCalera HaciendaLaCalera
Acarau Acarau
SenadorPompeu SenadorPompeu
Angleton Angleton
SouthSaintPaul SouthSaintPaul
Mabopane Mabopane
Hirosaki Hirosaki
Daokou Daokou
Hangu Hangu
Wangon Wangon
EastLongmeadow EastLongmeadow
Gowurdak Gowurdak
Shurugwi Shurugwi
Kemise Kemise
Bury Bury
PriegodeCordoba PriegodeCordoba
Shimofurano Shimofurano
TagbilaranCity TagbilaranCity
MineralnyeVody MineralnyeVody
AshtonunderLyne AshtonunderLyne
Shchekino Shchekino
Espiye Espiye
Rivas Rivas
ChalcodeDiazCovarrub ChalcodeDiazCovarrub
BlueIsland BlueIsland
Garbsen Garbsen
Ortaca Ortaca
CapimGrosso CapimGrosso
MonteAlegre MonteAlegre
Kaifeng Kaifeng
Butuan Butuan
Zhaodong Zhaodong
Aracuai Aracuai
AinBessem AinBessem
Langenhorn Langenhorn
Acireale Acireale
Tabou Tabou
SenaMadureira SenaMadureira
Belalcazar Belalcazar
Pezinok Pezinok
FetestiGara FetestiGara
Embu Embu
WestIslip WestIslip
