Kaimganj Fagaras Pilibhit Norristown Brecht Tsirang Mesa EncarnaciondeDiaz Kansk PinhalNovo Racine Gobo Tocache Fandriana Korolev Yucheng Tsukawaki Karasuyama Albi Novopokrovskaya Anahuac MilpaAlta GobernadorGalvez Narangba Dankov MontecatiniTerme Leixlip Isakogorka Kaimganj
22
Fagaras Fagaras
Pilibhit Irvine
Brecht Brecht
Tsirang Tsirang
EncarnaciondeDiaz EncarnaciondeDiaz
PinhalNovo PinhalNovo
Racine Racine
Gobo Gobo
Tocache Tocache
Fandriana Fandriana
Korolev Korolev
Yucheng Yucheng
Tsukawaki Tsukawaki
Karasuyama Karasuyama
Albi Albi
Novopokrovskaya Novopokrovskaya
Anahuac Anahuac
MilpaAlta MilpaAlta
GobernadorGalvez GobernadorGalvez
Narangba Narangba
Dankov Dankov
MontecatiniTerme MontecatiniTerme
