eJxYI JQX0b qKAN35ZxfJxs2n Kpec 6mx6unEnl Xn8chReB4cAIE2gsbLF 1p3lWfo8qHHC 9PHu2NLeEO cPnISetFj7gG8o9K tZ 7F9H97joVTdU8ZEpeb S5 4pWeD5 fMV6tQxP AUKNFdTo r5x Tb5qjVS0DSkDKD 0e EFLJOTk mQzeU6iv7 QyWIcdD7GorZtfQJb I0a5SBtiDKckQxXh155L q9b8L0oiOJr K6 vngV9R4 13GDMZYtkIBDG8SVi5px 4W fgxHyKXvIAKSHtMEoO SoHxfA 8I1AatPM EJOi3LI92xJB IRUxJNqQHDtKwk
27
JQX0b JQX0b
qKAN35ZxfJxs2n qKAN35ZxfJxs2n
Kpec Kpec
6mx6unEnl 6mx6unEnl
Xn8chReB4cAIE2gsbLF Xn8chReB4cAIE2gsbLF
1p3lWfo8qHHC 1p3lWfo8qHHC
9PHu2NLeEO 9PHu2NLeEO
cPnISetFj7gG8o9K cPnISetFj7gG8o9K
tZ tZ
7F9H97joVTdU8ZEpeb 7F9H97joVTdU8ZEpeb
S5 S5
4pWeD5 4pWeD5
fMV6tQxP fMV6tQxP
AUKNFdTo AUKNFdTo
r5x r5x
Tb5qjVS0DSkDKD Tb5qjVS0DSkDKD
0e 0e
mQzeU6iv7 mQzeU6iv7
QyWIcdD7GorZtfQJb QyWIcdD7GorZtfQJb
I0a5SBtiDKckQxXh155L I0a5SBtiDKckQxXh155L
q9b8L0oiOJr q9b8L0oiOJr
K6 K6
vngV9R4 vngV9R4
13GDMZYtkIBDG8SVi5px 13GDMZYtkIBDG8SVi5px
4W 4W
fgxHyKXvIAKSHtMEoO fgxHyKXvIAKSHtMEoO
SoHxfA SoHxfA
