tfSU akZmiQ7tmX 2AR73oQdnbYqnDCGMFS wcmx8dhmsO KtvQaJqCJTRpXM8ZI lyenDXSN M1PxrOPSNUVpc o3refHnx4qioqHztqMYE vJxAK1LaHyuu4yFNeul A67f ImSpax K0A9bbVLm9atwTf 6DVIvuGfPs2BU BR G50hiUpVStHCMrd hjCFXN9kbqn0UCNsZ frNA534JEvY4f HwQeXpOEZHQ3s zI hVfqebryM4wN VNvsbB7eWJcAK0fU 61 cYPTdnJWL nqeGwct CmV 7Q lt1a5E0H L zzYmU5YFhvp1 wBJRoqVxn1t Mu nWkakNi6Qt9d4g llx2p Plmj0j jvdVvQ 6yeW7sat9rvd l MBLHuIgjJIXs hU vAIBd1Ae f GPeb
37
akZmiQ7tmX akZmiQ7tmX
2AR73oQdnbYqnDCGMFS 2AR73oQdnbYqnDCGMFS
wcmx8dhmsO wcmx8dhmsO
KtvQaJqCJTRpXM8ZI KtvQaJqCJTRpXM8ZI
M1PxrOPSNUVpc M1PxrOPSNUVpc
o3refHnx4qioqHztqMYE o3refHnx4qioqHztqMYE
vJxAK1LaHyuu4yFNeul vJxAK1LaHyuu4yFNeul
A67f A67f
ImSpax ImSpax
K0A9bbVLm9atwTf K0A9bbVLm9atwTf
6DVIvuGfPs2BU 6DVIvuGfPs2BU
BR BR
G50hiUpVStHCMrd G50hiUpVStHCMrd
hjCFXN9kbqn0UCNsZ hjCFXN9kbqn0UCNsZ
frNA534JEvY4f frNA534JEvY4f
HwQeXpOEZHQ3s HwQeXpOEZHQ3s
zI zI
hVfqebryM4wN hVfqebryM4wN
VNvsbB7eWJcAK0fU VNvsbB7eWJcAK0fU
61 61
cYPTdnJWL cYPTdnJWL
nqeGwct nqeGwct
CmV CmV
7Q 7Q
lt1a5E0H lt1a5E0H
L L
zzYmU5YFhvp1 zzYmU5YFhvp1
wBJRoqVxn1t wBJRoqVxn1t
Mu Mu
nWkakNi6Qt9d4g nWkakNi6Qt9d4g
llx2p llx2p
Plmj0j Plmj0j
jvdVvQ jvdVvQ
6yeW7sat9rvd 6yeW7sat9rvd
l l
MBLHuIgjJIXs MBLHuIgjJIXs
hU hU
