0 6 76 65 114 107 35 116 93 26 23 67 132 78 159 195 119 174 86 10 84 125 77 96 191 70 190 21 30 68 48 172 168 83 176 187 97 134 39 24 40 183 169 38 85 171 58 175 148 163 41 188 81 185 115 62 182 51 109 160 60 104 20 14 5 55 37 102 32 166 144 42 59 19 57 113 110 3 88 64 126 146 56 8 103 53 72 71 105 43 151 52 66 22 100 173 121 162 25 196 0
98
0 0
6 6
76 76
65 65
114 114
107 107
35 35
116 116
93 93
26 26
23 23
67 67
132 132
78 78
159 159
195 195
119 119
174 174
86 86
10 10
84 84
125 125
77 77
96 96
191 191
70 70
190 190
21 21
30 30
68 68
48 48
172 172
168 168
83 83
176 176
187 187
97 97
134 134
39 39
24 24
40 40
183 183
169 169
38 38
85 85
171 171
58 58
175 175
148 148
163 163
41 41
188 188
81 81
185 185
115 115
62 62
182 182
51 51
109 109
160 160
60 60
104 104
20 20
14 14
5 5
55 55
37 37
102 102
32 32
166 166
144 144
42 42
59 59
19 19
57 57
113 113
110 110
3 3
88 88
64 64
126 126
146 146
56 56
8 8
103 103
53 53
72 72
71 71
105 105
43 43
151 151
52 52
66 66
22 22
100 100
173 173
121 121
162 162
