0 2 178 27 147 176 164 197 141 174 163 5 140 131 189 151 149 199 150 135 138 195 171 152 133 181 193 161 154 190 146 160 168 167 162 170 183 136 137 192 134 184 142 180 185 144 196 145 188 156 198 130 173 132 153 175 172 177 166 191 148 194 158 186 187 27 155 179 139 165 157 143 169 159 182 2 0
70
178 178
147 147
176 176
164 164
197 197
141 141
174 174
163 163
140 140
131 131
189 189
151 151
149 149
199 199
150 150
135 135
138 138
195 195
171 171
152 152
133 133
181 181
193 193
161 161
154 154
190 190
146 146
160 160
168 168
167 167
162 162
170 170
183 183
136 136
137 137
192 192
134 134
184 184
142 142
180 180
185 185
144 144
196 196
145 145
188 188
156 156
198 198
130 130
173 173
132 132
153 153
175 175
172 172
177 177
166 166
191 191
148 148
194 194
158 158
186 186
187 187
155 155
179 179
139 139
165 165
157 157
143 143
169 169
159 159
182 182
