2 51 111 185 161 7 181 165 151 193 113 137 17 69 63 15 157 109 45 121 119 189 101 73 65 199 191 195 105 53 177 89 2 179 117 95 49 85 145 75 83 41 127 115 9 125 187 77 129 23 133 87 67 93 155 175 91 167 163 71 29 169 107 135 197 141 123 103 19 13 25 47 3 21 81 5 61 31 39 33 55 79 143 159 97 139 131 11 147 153 43 37 27 35 173 99 149 59 57 171 183 1
97
51 51
111 111
185 185
161 161
7 7
181 181
165 165
151 151
193 193
113 113
137 137
17 17
69 69
63 63
15 15
157 157
109 109
45 45
121 121
119 119
189 189
101 101
73 73
65 65
199 199
191 191
195 195
105 105
53 53
177 177
89 89
179 179
117 117
95 95
49 49
85 85
145 145
75 75
83 83
41 41
127 127
115 115
9 9
125 125
187 187
77 77
129 129
23 23
133 133
87 87
67 67
93 93
155 155
175 175
91 91
167 167
163 163
71 71
29 29
169 169
107 107
135 135
197 197
141 141
123 123
103 103
19 19
13 13
25 25
47 47
3 3
21 21
81 81
5 5
61 61
31 31
39 39
33 33
55 55
79 79
143 143
159 159
97 97
139 139
131 131
11 11
147 147
153 153
43 43
37 37
27 27
35 35
173 173
99 99
149 149
59 59
57 57
