S 1M 1Ba 1Bf 1M 1Aa 1Ab 1Af 1M S 3M 3Aa 3Ab 3Af 3M 3Bf 3Ba 3M S 2M 2Ba 2Bf 2M 2Aa 2Ab 2Af 2M S 4M 4Bf 4Ba 4M 4Af 4Ab 4Aa 4M S
24
1M 1De 1Dd 1Ca 1Ca 1Cb 1Cb 1Cc 1Cd 1Fe 1Ei 1Eh 1Ee 1Ek
1Ba 1Bb
1Bf 1Bi 1Bj
1Aa 1Aa
1Ab 1Ad 1Ac 1Ae
1Af 1Ag 1Ah 1Ai 1Aj
3M 3Ei 3Eh 3Ek 3Ee 3Ca 3Ca 3Cb 3Cb 3Cc 3Cd 3Fe 3De 3Dd
3Aa 3Aa
3Ab 3Ad 3Ae 3Ac
3Af 3Ag 3Ah 3Ai 3Aj
3Bf 3Bj 3Bi
3Ba 3Bb
2M 2Ek 2Ee 2Eh 2Ei 2Fe 2Ca 2Ca 2Cb 2Cb 2Cc 2Cd 2Dd 2De
2Ba 2Bb
2Bf 2Bi 2Bj
2Aa 2Aa
2Ab 2Ae 2Ad 2Ac
2Af 2Ag 2Ah 2Aj 2Ai
4Bf 4Bj 4Bi
4Ba 4Bb
4M 4De 4Dd 4Ek 4Ei 4Eh 4Ee 4Fe 4Ca 4Ca 4Cb 4Cb 4Cc 4Cd
4Af 4Ag 4Aj 4Ah 4Ai
4Ab 4Ac 4Ae 4Ad
4Aa 4Aa
