0 1 6 11 16 20 19 16 17 18 16 22 23 21 26 27 28 26 32 33 31 36 40 39 36 41 43 42 41 44 45 41 46 52 53 51 57 56 61 63 62 61 67 66 72 73 71 76 79 80 76 81 86 91 95 94 91 92 93 91 86 81 82 83 81 76 71 72 66 68 67 61 65 64 61 56 58 57 51 52 46 48 47 46 50 49 0
48
1 4 3
6 9
11 15
20 20
19 19
17 17
18 18
23 23
21 25
27 27
28 28
33 33
31 34
40 40
39 39
36 38
43 43
42 42
44 44
45 45
53 53
51 54
57 57
63 63
62 62
67 67
72 72
73 73
76 78
79 79
80 80
81 84
95 95
94 94
92 92
93 93
86 88 89
82 82
83 83
66 70
68 68
65 65
64 64
58 58
48 48
47 47
50 50
49 49
