0 1 6 11 13 12 11 16 21 25 24 21 26 30 29 26 32 33 31 34 35 31 37 38 36 42 41 46 48 47 46 51 53 52 51 57 58 56 60 59 56 61 65 64 61 62 63 61 66 71 72 73 71 74 75 71 76 79 80 76 81 83 82 81 87 86 92 93 91 94 95 91 96 99 100 96 98 97 96 101 105 104 101 102 103 101 106 108 107 106 112 113 111 116 121 127 128 126 129 130 126 131 136 137 138 136 139 140 136 141 143 142 141 144 145 141 146 151 152 153 151 156 162 163 161 164 165 161 167 166 169 170 166 171 176 180 179 176 181 185 184 181 186 192 193 191 196 197 198 0
97
1 3
6 7
13 13
12 12
11 14
16 17 19
25 25
24 24
21 22
26 27
30 30
29 29
32 32
33 33
34 34
35 35
38 38
36 39
42 42
41 44
48 48
47 47
53 53
52 52
58 58
60 60
59 59
65 65
64 64
62 62
63 63
66 70 68
72 72
73 73
74 74
75 75
79 79
80 80
76 78
83 83
82 82
81 84
87 87
86 90
93 93
94 94
95 95
99 99
100 100
98 98
97 97
105 105
104 104
102 102
103 103
108 108
107 107
106 109
112 112
113 113
111 114
116 118
121 122
127 127
128 128
129 129
130 130
131 135
137 137
138 138
139 139
140 140
143 143
142 142
144 144
145 145
146 149
152 152
153 153
151 155
156 159
162 162
163 163
164 164
165 165
169 169
170 170
171 173
180 180
179 179
181 183
185 185
184 184
186 187 189
192 192
193 193
191 195
