S9dNuWxm K3J88UDV 9IHe97Yy 0zB29H2A R4zDiMu3 ucMA0iSv UfRMeyI7 OpfVa1HT NL9qZEp0 Rv8rDvqp 1cr6aFpX mXjWiYol 8ni5D4t7 xULc5Xg4 1aJdK4y9 H2BV5cDz c9Hgvc9w q1vN3eei 7IV7YjRX JMul31yq WlxPulQd tDh0gTYH xTHVuNZl yqX5KOVJ 8tOszPqV Af1jBIly 2mQchaeu B0wYReom HEJxX3gA CrvusN6e lvlSObqb 8e8OWOIi FPDwKJIj nKZTEeUl PagRRYIg rZiSDNtK g5YhtPSt hc6YxxqG gd207oOq aPSEsY2w sR6JAufL BY5DUgv6 UmgiH1K9 iT0t8noc ayFODfwg S9dNuWxm rGjz0gOd AMieum8U QeSUIsQ1 o1w8sSXK gbolqDJc 6nj6dyOK
47
S9dNuWxm S9dNuWxm
K3J88UDV K3J88UDV
9IHe97Yy 9IHe97Yy
0zB29H2A 0zB29H2A
R4zDiMu3 R4zDiMu3
ucMA0iSv ucMA0iSv
UfRMeyI7 UfRMeyI7
OpfVa1HT OpfVa1HT
NL9qZEp0 NL9qZEp0
Rv8rDvqp Rv8rDvqp
1cr6aFpX 1cr6aFpX
mXjWiYol mXjWiYol
8ni5D4t7 8ni5D4t7
xULc5Xg4 xULc5Xg4
1aJdK4y9 1aJdK4y9
H2BV5cDz H2BV5cDz
c9Hgvc9w c9Hgvc9w
q1vN3eei q1vN3eei
7IV7YjRX 7IV7YjRX
JMul31yq JMul31yq
WlxPulQd WlxPulQd
tDh0gTYH tDh0gTYH
xTHVuNZl xTHVuNZl
yqX5KOVJ yqX5KOVJ
8tOszPqV 8tOszPqV
Af1jBIly Af1jBIly
2mQchaeu 2mQchaeu
B0wYReom B0wYReom
HEJxX3gA HEJxX3gA
CrvusN6e CrvusN6e
lvlSObqb lvlSObqb
8e8OWOIi 8e8OWOIi
FPDwKJIj FPDwKJIj
nKZTEeUl nKZTEeUl
PagRRYIg PagRRYIg
rZiSDNtK rZiSDNtK
g5YhtPSt g5YhtPSt
hc6YxxqG hc6YxxqG
gd207oOq gd207oOq
aPSEsY2w aPSEsY2w
sR6JAufL sR6JAufL
UmgiH1K9 UmgiH1K9
iT0t8noc iT0t8noc
ayFODfwg ayFODfwg
rGjz0gOd rGjz0gOd
AMieum8U AMieum8U
QeSUIsQ1 QeSUIsQ1
