ZtfcEeD9 ZS8CQaI7 Fj27Gybu mlHu9OVg EAWv9kfQ FdbcCrtB RjDUex61 lqKnzPvP VDai7XkI eF0ueRyu bJ22zvWV yRH0nOtz uMuBYvMK ntaFp6yn IdGLl1to ca785uLx EB4WBsTV wZJN4OBT kMauNR5Y BkhTgoaJ W7b2i2pG PMzcqvQL sAdwIwgI KZzTlcqA KbQF6Z1I VgwgAKMz FqE4GP0Y Wznv2rRv gX4kBNm4 CBKWpDQv BOlNhFGU o4xf7nVd 62Mn9lau NpH6Hpsr jKNn1ZQ1 CGddIqkC mrK2EXuk lWuh5cH8 CxnbNU8s VDai7XkI kTn5Wdms xRPgtW5C 8Rfeklr1 eFJgi8X6 aSd01nMZ 91Uq51QB qnVestAH poaWnZDO LvdUl8D5 d5gzYuse Q7hUKAHQ nFqouQp3 rbWYBihd YWqBlkAs 3MYamZSb SG64DwCC NSdaWdL7 dzvtjag1 PLFYaVF6 U7cZo0h2 wusYsf5E OJgw7XgR Rd2M5nw8 X4DALK1Z B65DnegI xzWL2Pp8 tCAdUY4B JfDq1Cs2 1gtWVzKV VDai7XkI 7Xy44hse mSd4Nw6v AmaYXBsi 0MyIUMFM n0riP8Jl w0QWGw2L 43ehQX6O zvH4AKmS fa3ra0T7 Tb8W969R 7P5zi9hu VDai7XkI aWGQETjI gKOyNQPh svPb07cv y7NjqOqM ciNFdHxl 8LVjFaQv WOCLylig sFR9mcaG miUcr0K7 FGbFUcoj 8avKqSxh VDai7XkI RleTQaHw zpLQ0R0G ijk5cHsH Pz0LLMil hBRDGWam TNblhkGK 1dr1nBQ7 O5yBujnu WvzZeqnS aDGqWHym yptfWPBC HTyyntxa VDai7XkI 2KepLMXB J2tz5Jy2 ZtfcEeD9
100
ZtfcEeD9 ZtfcEeD9
ZS8CQaI7 ZS8CQaI7
Fj27Gybu Fj27Gybu
mlHu9OVg mlHu9OVg
EAWv9kfQ EAWv9kfQ
FdbcCrtB FdbcCrtB
RjDUex61 RjDUex61
lqKnzPvP lqKnzPvP
eF0ueRyu eF0ueRyu
bJ22zvWV bJ22zvWV
yRH0nOtz yRH0nOtz
uMuBYvMK uMuBYvMK
ntaFp6yn ntaFp6yn
IdGLl1to IdGLl1to
ca785uLx ca785uLx
EB4WBsTV EB4WBsTV
wZJN4OBT wZJN4OBT
kMauNR5Y kMauNR5Y
BkhTgoaJ CIF8DWXL
W7b2i2pG W7b2i2pG
PMzcqvQL PMzcqvQL
KZzTlcqA KZzTlcqA
VgwgAKMz VgwgAKMz
FqE4GP0Y FqE4GP0Y
Wznv2rRv Wznv2rRv
gX4kBNm4 gX4kBNm4
CBKWpDQv CBKWpDQv
BOlNhFGU BOlNhFGU
o4xf7nVd o4xf7nVd
62Mn9lau 62Mn9lau
NpH6Hpsr NpH6Hpsr
jKNn1ZQ1 jKNn1ZQ1
CGddIqkC CGddIqkC
mrK2EXuk mrK2EXuk
lWuh5cH8 lWuh5cH8
CxnbNU8s CxnbNU8s
kTn5Wdms kTn5Wdms
xRPgtW5C xRPgtW5C
8Rfeklr1 8Rfeklr1
eFJgi8X6 eFJgi8X6
aSd01nMZ aSd01nMZ
91Uq51QB 91Uq51QB
qnVestAH qnVestAH
poaWnZDO poaWnZDO
LvdUl8D5 LvdUl8D5
d5gzYuse d5gzYuse
Q7hUKAHQ Q7hUKAHQ
nFqouQp3 nFqouQp3
rbWYBihd rbWYBihd
YWqBlkAs YWqBlkAs
3MYamZSb 3MYamZSb
SG64DwCC SG64DwCC
NSdaWdL7 NSdaWdL7
dzvtjag1 dzvtjag1
PLFYaVF6 PLFYaVF6
U7cZo0h2 U7cZo0h2
wusYsf5E wusYsf5E
OJgw7XgR OJgw7XgR
Rd2M5nw8 Rd2M5nw8
X4DALK1Z X4DALK1Z
B65DnegI B65DnegI
xzWL2Pp8 xzWL2Pp8
tCAdUY4B tCAdUY4B
JfDq1Cs2 JfDq1Cs2
1gtWVzKV 1gtWVzKV
7Xy44hse 7Xy44hse
mSd4Nw6v mSd4Nw6v
AmaYXBsi AmaYXBsi
0MyIUMFM 0MyIUMFM
w0QWGw2L w0QWGw2L
43ehQX6O 43ehQX6O
zvH4AKmS zvH4AKmS
fa3ra0T7 fa3ra0T7
Tb8W969R Tb8W969R
7P5zi9hu 7P5zi9hu
aWGQETjI aWGQETjI
gKOyNQPh gKOyNQPh
svPb07cv svPb07cv
y7NjqOqM y7NjqOqM
ciNFdHxl ciNFdHxl
8LVjFaQv 8LVjFaQv
WOCLylig WOCLylig
sFR9mcaG sFR9mcaG
miUcr0K7 miUcr0K7
FGbFUcoj FGbFUcoj
8avKqSxh 8avKqSxh
RleTQaHw RleTQaHw
zpLQ0R0G zpLQ0R0G
ijk5cHsH ijk5cHsH
Pz0LLMil Pz0LLMil
hBRDGWam hBRDGWam
TNblhkGK TNblhkGK
1dr1nBQ7 1dr1nBQ7
O5yBujnu O5yBujnu
WvzZeqnS 04vrMVdi
aDGqWHym aDGqWHym
yptfWPBC yptfWPBC
HTyyntxa HTyyntxa
2KepLMXB 2KepLMXB
J2tz5Jy2 J2tz5Jy2
