yqRn7pcv yqRn7pcv i4M5A6hw 7xyYvlir 6XOrbPEm 2XMfF8YA uzY67sfN Tv0Ngo2a ne5PzSYX XlaUIvCb mmiVeCrf LQU5lyru fsgAjhrq zcy1X765 RKTqv0lO Wvomb2LC hC2ZPbzA hcJG54h4 5Zo9R33z lRFv66dO 1JmiRMy2 rKjRBwvM mB6fiF0u rJm7nPd7 o5fxSomz xaYYL0Xr
22
yqRn7pcv yqRn7pcv
i4M5A6hw i4M5A6hw
7xyYvlir 7xyYvlir
6XOrbPEm 6XOrbPEm
2XMfF8YA 2XMfF8YA
uzY67sfN uzY67sfN
Tv0Ngo2a Tv0Ngo2a
ne5PzSYX ne5PzSYX
XlaUIvCb XlaUIvCb
mmiVeCrf mmiVeCrf
LQU5lyru LQU5lyru
fsgAjhrq fsgAjhrq
zcy1X765 zcy1X765
RKTqv0lO RKTqv0lO
Wvomb2LC Wvomb2LC
hC2ZPbzA hC2ZPbzA
hcJG54h4 hcJG54h4
5Zo9R33z 5Zo9R33z
lRFv66dO lRFv66dO
1JmiRMy2 1JmiRMy2
rKjRBwvM rKjRBwvM
mB6fiF0u mB6fiF0u
