66 13 44 22 60 52 34 9 1 65 27 57 55 54 48 10 20 31 7 41 12 42 11 47 59 64 3 40 5 37 36 39 35 33 32 25 18 62 23 49 14 21 56 26 51 19 53 61 16 15 2 74 8 30 24 28 17 63 50 6 45 58 4 43 29 38 46 0
63
13 13
44 44
22 22
60 60
52 52
34 34
9 9
1 1
65 65
27 27
57 57
55 55
54 54
48 48
10 10
20 20
31 31
7 7
41 41
12 12
42 42
11 11
47 47
59 59
64 64
3 3
40 40
5 5
37 37
36 36
39 39
35 35
33 33
32 32
25 25
18 18
62 62
23 23
49 49
14 14
21 21
56 56
26 26
51 51
19 19
53 53
61 61
16 16
15 15
2 2
8 8
30 30
24 24
28 28
17 17
63 63
50 50
6 6
45 45
58 58
4 4
43 43
29 29
