47 168 170 119 130 40 66 51 143 174 81 116 34 18 20 131 38 53 155 137 46 102 62 87 141 70 76 154 147 73 146 136 165 27 36 109 56 43 172 176 93 163 151 108 111 95 61 24 26 72 129 75 117 82 84 47 122 52 101 98 64 57 86 39 19 4 14 110 105 77 125 121 80 2 171 115 99 63 74 140 49 177 91 161 90 67 79 138 65 124 157 169 1
88
47 47
168 168
170 170
119 119
130 130
40 40
66 66
51 51
143 143
174 174
81 81
116 116
34 34
18 18
20 20
131 131
38 38
53 53
155 155
137 137
46 46
102 102
62 62
87 87
141 141
70 70
76 76
154 154
147 147
73 73
146 146
136 136
165 165
27 27
36 36
109 109
56 56
43 43
172 172
176 176
163 163
151 151
108 108
111 111
95 95
61 61
24 24
26 26
72 72
129 129
75 75
117 117
82 82
84 84
122 122
52 52
101 101
98 98
64 64
57 57
86 86
39 39
19 19
4 4
14 14
110 110
105 105
77 77
125 125
121 121
80 80
2 2
171 171
115 115
99 99
63 63
74 74
140 140
49 49
177 177
91 91
161 161
90 90
67 67
79 79
138 138
65 65
124 124
