Dannemora Fabius Fonda Fleischmanns Hewlett Fairview Geneva Fairport Fulton Gardiner Falconer Gasport Oceanside Flower Herricks Depew Hicksville Herkimer Fayetteville Harbor Fredonia Depauville Ghent Freeport Forestville Davis Fishkill Galeville Delevan Dansville Franklinville Gowanda Dexter Fairmount DeRuyter Frankfort Flanders Odessa Forest Fishers Deferiet Germantown Delmar Herricks Deposit Earlville Firthcliffe Highland Farmingville Frewsburg Dunkirk Delanson Deer Florida Farnham Freeville Delhi Franklin Goshen Fire Dannemora
48
Fabius Fabius
Fonda Fonda
Fleischmanns Fleischmanns
Fairview Fairview
Geneva Geneva
Fairport Fairport
Fulton Fulton
Gardiner Friendship
Falconer Falconer
Gasport Gasport
Oceanside Fair
Flower Flower
Depew Depew
Fayetteville Fayetteville
Fredonia Fredonia
Depauville Depauville
Ghent Ghent
Freeport Freeport
Forestville Forestville
Davis Davis
Fishkill Fishkill
Galeville Galeville
Delevan Delevan
Dansville Dansville
Franklinville Franklinville
Dexter Dexter
Fairmount Fairmount
DeRuyter DeRuyter
Frankfort Frankfort
Flanders Flanders
Forest Forest
Fishers Fishers
Deferiet Deferiet
Germantown Germantown
Delmar Delmar
Deposit Deposit
Earlville Earlville
Firthcliffe Firthcliffe
Farmingville Farmingville
Frewsburg Frewsburg
Dunkirk Dunkirk
Delanson Delanson
Deer Deer
Florida Florida
Farnham Farnham
Freeville Freeville
Delhi Delhi
Franklin Franklin
