Acton Compton Bowles Buttonwillow Boronda Beckwourth Calistoga Belvedere Bonita Carrick Alameda Berkeley Auburn Ceres Avalon Alamo Banning Antioch Bluewater Fresno Artesia Bell Alpaugh Benicia Beaumont Calabasas Brentwood Biola Arbuckle Cartago Bodfish Cotati August Castroville Dorrington Commerce Atherton Blairsden Calexico Corona Auberry Cupertino Bloomington Carson Calwa Anaheim Brisbane Belmont Arcadia Burbank Calimesa Barstow Aromas Bystrom Aptos Fairfield Alturas Dinuba Bayview Albany Escondido Atwater Emeryville Folsom Caribou Anderson Cerritos Broadmoor Amesti Cabazon Crockett Campbell Arnold Bradley Caruthers Freedom Carmichael Duarte Burney Bakersfield Canyondam Fontana Alpine Columbia Carpinteria Gardena Belden Arcata Clayton Adelanto Bradbury Colma Ashland Alhambra Burlingame Ducor Cloverdale Bootjack Azusa Capitola Avery Brea Bishop Arvin Cayucos Cambria Almanor Brawley Biggs Byron Fruitdale Avenal Fortuna Bonsall Atascadero Angwin Bolinas Bellflower Carlsbad Acton
95
Bowles Bowles
Buttonwillow Buttonwillow
Boronda Boronda
Beckwourth Beckwourth
Calistoga Calistoga
Belvedere Belvedere
Bonita Bonita
Carrick Carrick
Alameda Alameda
Berkeley Armona
Auburn Auburn
Ceres Ceres
Avalon Avalon
Alamo Alamo
Banning Banning
Antioch Antioch
Bluewater Bluewater
Artesia Artesia
Bell Bell
Alpaugh Alpaugh
Benicia Benicia
Beaumont Beaumont
Calabasas Calabasas
Brentwood Brentwood
Biola Biola
Arbuckle Blythe
Cartago Cartago
Bodfish Bodfish
Cotati Boron
August August
Castroville Castroville
Atherton Atherton
Blairsden Blairsden
Calexico Calexico
Auberry Auberry
Bloomington Bloomington
Carson Carson
Calwa Calwa
Anaheim Anaheim
Brisbane Brisbane
Belmont Belmont
Arcadia Arcadia
Burbank Camarillo
Calimesa Calimesa
Barstow Barstow
Aromas Aromas
Bystrom Bystrom
Aptos Aptos
Alturas Alturas
Bayview Bayview
Albany Albany
Atwater Atwater
Caribou Caribou
Anderson Anderson
Cerritos Cerritos
Broadmoor Broadmoor
Amesti Amesti
Cabazon Cabazon
Crockett Calipatria
Campbell Campbell
Arnold Arnold
Bradley Bradley
Caruthers Caruthers
Carmichael Carmichael
Burney Burney
Bakersfield Bakersfield
Canyondam Canyondam
Alpine Alpine
Carpinteria Carpinteria
Belden Belden
Arcata Arcata
Adelanto Adelanto
Bradbury Bradbury
Ashland Ashland
Alhambra Alhambra
Burlingame Burlingame
Cloverdale Altadena
Bootjack Bootjack
Azusa Azusa
Capitola Capitola
Avery Avery
Brea Brea
Bishop Bishop
Arvin Arvin
Cayucos Cayucos
Cambria Cambria
Almanor Almanor
Brawley Brawley
Biggs Biggs
Byron Byron
Avenal Avenal
Bonsall Bonsall
Atascadero Atascadero
Angwin Angwin
Bolinas Bolinas
