Acadia Cascades Canyonlands Brycecanyon Glacier Gateway Teton Isle Guadalupe Sequoia Arches Olympic Crater Badlands Basin Gunnison Tortugas Bend Voyageurs Smoky Lassen Channel Indiana Haleakala Teddy Denali Katmai Everglades Caverns Congaree Cuyahoga Biscayne Acadia
25
Canyonlands Canyonlands
Brycecanyon Brycecanyon
Glacier Glacier
Gateway Gateway
Teton Teton
Isle Isle
Guadalupe Guadalupe
Arches Arches
Crater Crater
Badlands Badlands
Basin Basin
Gunnison Gunnison
Tortugas Tortugas
Bend Bend
Smoky Smoky
Channel Channel
Indiana Indiana
Haleakala Haleakala
Denali Denali
Everglades Everglades
Caverns Caverns
Congaree Congaree
Cuyahoga Cuyahoga
Biscayne Biscayne
Acadia Capitol
