0a 0b 0c 0a 0d 0e 0g 0f 0e 0h 0i 0k 0j 0i 0l 1a 1c 1b 1a 1d 1e 1g 1f 1e 1h 1i 1k 1j 1i 1l 2a 2c 2b 2a 2d 2e 2g 2f 2e 2h 2i 2k 2j 2i 2l 3a 3c 3b 3a 3d 3e 3g 3f 3e 3h 3i 3k 3j 3i 3l 4a 4c 4b 4a 4d 4e 4g 4f 4e 4h 4i 4k 4j 4i 4l 5a 5c 5b 5a 5d 5e 5g 5f 5e 5h 5i 5k 5j 5i 5l 6a 6c 6b 6a 6d 6e 6g 6f 6e 6h 6i 6j 6k 6i 6l 7a 7b 7c 7a 7d 7e 7f 7g 7e 7h 7i 7j 7k 7i 7l 0a
48
0b 0b
0c 0c
0g 0g
0f 0f
0k 0k
0j 0j
1c 1c
1b 1b
1g 1g
1f 1f
1k 1k
1j 1j
2c 2c
2b 2b
2g 2g
2f 2f
2k 2k
2j 2j
3c 3c
3b 3b
3g 3g
3f 3f
3k 3k
3j 3j
4c 4c
4b 4b
4g 4g
4f 4f
4k 4k
4j 4j
5c 5c
5b 5b
5g 5g
5f 5f
5k 5k
5j 5j
6c 6c
6b 6b
6g 6g
6f 6f
6j 6j
6k 6k
7b 7b
7c 7c
7f 7f
7g 7g
7j 7j
7k 7k
