0a 0b 0c 0a 0d 0e 0g 0f 0e 0h 0i 0k 0j 0i 0l 1a 1c 1b 1a 1d 1e 1g 1f 1e 1h 1i 1k 1j 1i 1l 2a 2c 2b 2a 2d 2e 2g 2f 2e 2h 2i 2k 2j 2i 2l 3a 3c 3b 3a 3d 3e 3g 3f 3e 3h 3i 3k 3j 3i 3l 4a 4c 4b 4a 4d 4e 4g 4f 4e 4h 4i 4k 4j 4i 4l 5a 5c 5b 5a 5d 5e 5g 5f 5e 5h 5i 5k 5j 5i 5l 6a 6c 6b 6a 6d 6e 6g 6f 6e 6h 6i 6k 6j 6i 6l 7a 7c 7b 7a 7d 7e 7g 7f 7e 7h 7i 7k 7j 7i 7l 8a 8c 8b 8a 8d 8e 8g 8f 8e 8h 8i 8k 8j 8i 8l 9a 9c 9b 9a 9d 9e 9g 9f 9e 9h 9i 9k 9j 9i 9l 10a 10c 10b 10a 10d 10e 10g 10f 10e 10h 10i 10k 10j 10i 10l 11a 11c 11b 11a 11d 11e 11g 11f 11e 11h 11i 11k 11j 11i 11l 12a 12c 12b 12a 12d 12e 12g 12f 12e 12h 12i 12k 12j 12i 12l 13a 13c 13b 13a 13d 13e 13g 13f 13e 13h 13i 13k 13j 13i 13l 14a 14c 14b 14a 14d 14e 14g 14f 14e 14h 14i 14j 14k 14i 14l 15a 15b 15c 15a 15d 15e 15f 15g 15e 15h 15i 15j 15k 15i 15l 0a
96
0b 0b
0c 0c
0g 0g
0f 0f
0k 0k
0j 0j
1c 1c
1b 1b
1g 1g
1f 1f
1k 1k
1j 1j
2c 2c
2b 2b
2g 2g
2f 2f
2k 2k
2j 2j
3c 3c
3b 3b
3g 3g
3f 3f
3k 3k
3j 3j
4c 4c
4b 4b
4g 4g
4f 4f
4k 4k
4j 4j
5c 5c
5b 5b
5g 5g
5f 5f
5k 5k
5j 5j
6c 6c
6b 6b
6g 6g
6f 6f
6k 6k
6j 6j
7c 7c
7b 7b
7g 7g
7f 7f
7k 7k
7j 7j
8c 8c
8b 8b
8g 8g
8f 8f
8k 8k
8j 8j
9c 9c
9b 9b
9g 9g
9f 9f
9k 9k
9j 9j
10c 10c
10b 10b
10g 10g
10f 10f
10k 10k
10j 10j
11c 11c
11b 11b
11g 11g
11f 11f
11k 11k
11j 11j
12c 12c
12b 12b
12g 12g
12f 12f
12k 12k
12j 12j
13c 13c
13b 13b
13g 13g
13f 13f
13k 13k
13j 13j
14c 14c
14b 14b
14g 14g
14f 14f
14j 14j
14k 14k
15b 15b
15c 15c
15f 15f
15g 15g
15j 15j
15k 15k
