0 3 36 124 84 173 186 159 58 85 150 45 26 90 82 43 180 66 139 27 135 91 15 174 161 11 17 175 94 95 4 158 171 115 147 56 148 47 30 107 6 105 92 13 172 46 73 192 33 138 28 184 111 22 126 24 40 188 77 8 12 119 35 89 137 64 167 178 75 112 123 104 185 80 54 132 63 168 193 151 157 149 156 52 57 51 196 31 19 143 114 20 62 162 76 87 55 155 0
97
3 3
36 36
124 124
84 84
173 173
186 186
159 159
58 58
85 85
150 150
45 45
26 26
90 90
82 82
43 43
180 180
66 66
139 139
27 27
135 135
91 91
15 15
174 174
161 161
11 11
17 17
175 175
94 94
95 95
4 4
158 158
171 171
115 115
147 147
56 56
148 148
47 47
30 30
107 107
6 6
105 105
92 92
13 13
172 172
46 46
73 73
192 192
33 33
138 138
28 28
184 184
111 111
22 22
126 126
24 24
40 40
188 188
77 77
8 8
12 12
119 119
35 35
89 89
137 137
64 64
167 167
178 178
75 75
112 112
123 123
104 104
185 185
80 80
54 54
132 132
63 63
168 168
193 193
151 151
157 157
149 149
156 156
52 52
57 57
51 51
196 196
31 31
19 19
143 143
114 114
20 20
62 62
162 162
76 76
87 87
55 55
155 155
