pace king banana figure understand paper imposter pain circulation output glasses autonomy enter mystery throne quality headline rob lake page demand seize sunrise shiver likely enhance thumb prison injury honor nationalist shy title tablet cigarette vegetarian forge winner assignment tool dough linger chair brake write dip exclusive class sign tolerate legislation bitter guarantee buffet excuse other swear financial voice pace
50
king king
figure figure
paper paper
imposter imposter
pain pain
circulation circulation
output output
glasses glasses
autonomy autonomy
enter enter
mystery mystery
throne throne
quality quality
headline headline
rob rob
lake lake
page page
demand demand
seize seize
sunrise sunrise
likely likely
enhance enhance
thumb thumb
prison prison
injury injury
honor honor
nationalist nationalist
shy shy
title title
tablet tablet
cigarette cigarette
vegetarian vegetarian
winner winner
tool tool
dough dough
linger linger
brake brake
dip dip
exclusive exclusive
class class
sign sign
tolerate tolerate
legislation legislation
bitter bitter
guarantee guarantee
buffet buffet
other other
swear swear
financial financial
voice voice
