pace market banana driver imposter quadruple ask enemy candle teacher ex spoil bleed environment interface electronics swop liver tool swear rent atmosphere viable paper cotton lifestyle coast forge confrontation railcar guarantee election interactive error widen native mercy financial injection pardon chair respect throne boom triple country knot skeleton profound virgin winner assignment expression straighten pig weapon illusion tolerate injury flag home dialogue rage bitter coffin attraction exclusive dip excuse curriculum rob mature page nationalist acceptance assume pipe title due certain scheme brake bowel headline smile drawer chew offset enter feature development exempt buffet output structure shiver ignore decisive greeting dough physics note tablet address thumb terms deter identity coincide dive honor comfortable likely other pace
94
pace pace
market market
driver driver
imposter imposter
quadruple quadruple
ask ask
enemy stress control
candle candle
teacher teacher
spoil spoil
environment environment
interface interface
electronics electronics
swop swop
liver liver
tool tool
swear swear
rent rent
atmosphere atmosphere
viable viable
paper autonomy
cotton cotton
lifestyle lifestyle
coast coast
forge forge
confrontation confrontation
railcar railcar
guarantee guarantee
election election
interactive interactive
error error
widen widen
native native
mercy mercy
financial financial
injection injection
pardon pardon
chair chair
respect respect
throne throne
boom boom
triple triple
country country
knot knot
skeleton skeleton
profound profound
virgin virgin
assignment assignment
straighten straighten
pig pig
illusion illusion
injury injury
flag flag
home home
rage rage
coffin coffin
attraction attraction
exclusive exclusive
dip dip
excuse excuse
curriculum curriculum
rob rob
mature mature
page page
acceptance acceptance
pipe pipe
title exile
due due
scheme scheme
bowel bowel
headline headline
smile smile
drawer drawer
offset offset
feature feature
development development
exempt exempt
buffet buffet
output output
structure structure
shiver shiver
ignore audience
decisive decisive
greeting begin
dough dough
physics physics
note note
tablet tablet
thumb thumb
deter deter
identity identity
coincide coincide
dive dive
comfortable comfortable
