pace exclusive output injury exempt market mixture voice approval king likely circulation headline brake opposed skeleton deposit enter guarantee page audience gate excuse feature nationalist pace
22
exclusive throne
output output
injury injury
exempt exempt
market market
mixture mixture
voice voice
approval approval
king king
likely likely
circulation circulation
headline headline
brake brake
opposed opposed
skeleton skeleton
deposit deposit
enter enter honor
guarantee guarantee
page page
audience audience
gate gate
excuse excuse
