0 182 27 34 133 134 38 132 40 131 44 135 138 1 139 141 5 24 144 20 146 145 14 147 149 11 150 152 151 60 153 57 54 154 155 52 156 47 157 159 160 120 162 163 67 164 72 165 76 166 167 80 92 86 168 89 169 94 102 171 170 172 175 106 176 111 114 118 177 178 179 181 182 0
30
27 33 29 31 30 32 28
34 37 36 35
38 39
40 43 42 41
44 45 46
1 2 4 13 3
5 8 7 10 6 9
24 26 25
20 22 23 21
14 17 18 19 15 16
11 12
60 62 66 65 63 61 64
57 58 59
54 56 55
52 53
47 49 48 50 51
120 123 124 129 127 121 126 122 130 125 128
67 68 71 70 69
72 75 73 74
76 78 77 79
80 85 84 81 82 83
92 93
86 87 88
89 91 90
94 97 99 98 101 95 100 96
102 103 105 104
106 108 107 110 109
111 112 113
114 117 116 115
118 119
