9iIwk XZKtP bXinH Be0ab 5ioW1 AgYPL tnjfN YH6mk Y7IDR WJNpN 5BDPJ jT5CK qkJ6b XYzcU 5VT1H 1pxZM 1uRw3 7G74f knY3U vE0Pj WGJpQ y89SK Ri2t4 jAwQw kmzhT SgDk6 RhUVQ aHGHb LZomt Ew56P jYfXn MA43U ZzWHp iEXNY Mj2eQ oqPYQ 0GdkR jASvw 9iIwk 1xmtC h2rea 1eRkH ChXAd 5R5Xa rrNj1 Esl6u fS0W8 k64Ok BnAjj Vake4 ZgtaX iCgvV JgjFI veOJ7 ZgtaX pXCjI k6V9L vrNke 5ioW1
47
9iIwk 9iIwk
XZKtP dw7aX
bXinH bXinH
Be0ab Be0ab
5ioW1 5ioW1
AgYPL AgYPL
tnjfN tnjfN
YH6mk YH6mk
Y7IDR 4a0W8
5BDPJ 5BDPJ
jT5CK jT5CK
qkJ6b qkJ6b
XYzcU XYzcU
5VT1H 5VT1H
1pxZM 1pxZM
1uRw3 1uRw3
7G74f 7G74f
vE0Pj vE0Pj
WGJpQ WGJpQ
y89SK y89SK
Ri2t4 Ri2t4
jAwQw jAwQw
kmzhT kmzhT
SgDk6 SgDk6
RhUVQ RhUVQ
aHGHb aHGHb
LZomt LZomt
jYfXn jYfXn
ZzWHp ZzWHp
iEXNY iEXNY
Mj2eQ Mj2eQ
oqPYQ oqPYQ
0GdkR 0GdkR
jASvw jASvw
1xmtC 1xmtC
h2rea h2rea
1eRkH 1eRkH
ChXAd ChXAd
5R5Xa 5R5Xa
fS0W8 p9vQm
BnAjj BnAjj
Vake4 Vake4
ZgtaX ZgtaX
iCgvV iCgvV
JgjFI JgjFI
veOJ7 veOJ7
pXCjI pXCjI
