4PSW9 rH3nx 1gvq4 DaieK uPUO1 O8CwF TlJnt aegld C4biR p3gJd cC0Rg 0F8yg gpbSj u60s4 Zxvdf zcuSA cC0Rg lJnz7 aWuHk vfAR8 X2hjX GxQg8 bW6Ms CXkxa RN9nS ED9em EyMEe iKwe0 wnnBN Cg1yP J0OP0 4Eg1F HAZtD 6gp0A z82fM kPB79 Ssao4 UqGfS NqBQW Xqwfz Zok18 IOpdQ pLg86 1VA1I BaYb3 SxklZ 0moVI Pk19A OWqP4 6owsT iimZq HAKlt 7kY28 fiXIW URrao qz2Of 8Qx0C iPRoT Q8lcd GaZ4O H1xt8 o2JtM BIY9X DuU0x e7SjH E6pda xKTIz RkCLD SfSL1 CHx6u lF8gH bMhFI rmW0U GrnJ7 v9joy UbqWX iaaYU 4jcrD Vg6Sz iIQll 4jcrD gNinx DmTRc 3JtxZ 5EAEu sU69u 2GCiD 0FMEI R6NzB ZKvNM mdIe6 iHR3J fWz4T EgumV ox9Gx zrVPv wedr3 69WZh Q5zY0 VG4na Ia6ul eVDVP Agb0E WVEjT SEkfX v7hOX fExZu 2zHfe AwFdf kNG2j 4AhmX acHTt jesVt cpzS8 cu5FB
91
rH3nx rH3nx
1gvq4 1gvq4
DaieK DaieK
uPUO1 uPUO1
O8CwF O8CwF
TlJnt TlJnt
aegld aegld
p3gJd p3gJd
cC0Rg cC0Rg
0F8yg 0F8yg
gpbSj gpbSj
u60s4 u60s4
Zxvdf Zxvdf
zcuSA zcuSA
lJnz7 lJnz7
aWuHk aWuHk
vfAR8 vfAR8
X2hjX X2hjX
GxQg8 GxQg8
bW6Ms bW6Ms
CXkxa Lusir
RN9nS RN9nS
ED9em 5h4rt
iKwe0 iKwe0
wnnBN wnnBN
Cg1yP Cg1yP
J0OP0 J0OP0
z82fM z82fM
kPB79 4PXv9 4Tt2a
Ssao4 Ssao4
UqGfS iqOI4
NqBQW NqBQW
Zok18 Zok18
IOpdQ IOpdQ
pLg86 pLg86
1VA1I 1VA1I
BaYb3 BaYb3
SxklZ VESmp
0moVI 0moVI
Pk19A Pk19A
OWqP4 OWqP4
6owsT 6owsT
iimZq iimZq
HAKlt HAKlt
7kY28 7kY28
fiXIW fiXIW
URrao URrao
8Qx0C 8Qx0C
Q8lcd Q8lcd
H1xt8 H1xt8
BIY9X BIY9X
DuU0x DuU0x
e7SjH 2LhKB
E6pda E6pda
xKTIz xKTIz
CHx6u CHx6u
lF8gH lF8gH
bMhFI bMhFI
rmW0U 9tf0w HOuAL
v9joy v9joy
UbqWX UbqWX
iaaYU iaaYU
4jcrD 4jcrD
Vg6Sz Vg6Sz
iIQll p4kTx
gNinx gNinx
DmTRc DmTRc
5EAEu 5EAEu
2GCiD 2GCiD
R6NzB R6NzB
ZKvNM TzGS5
mdIe6 mdIe6
iHR3J iHR3J
fWz4T fWz4T
EgumV EgumV
ox9Gx ox9Gx
zrVPv zrVPv
wedr3 wedr3
69WZh 69WZh
VG4na VG4na
Ia6ul Ia6ul
eVDVP eVDVP
Agb0E Agb0E
WVEjT WVEjT
SEkfX SEkfX
v7hOX v7hOX
fExZu fExZu
AwFdf AwFdf
kNG2j kNG2j
4AhmX 4AhmX
acHTt acHTt
