1 82 119 103 138 49 121 105 128 130 31 90 46 23 127 110 26 83 193 101 175 185 98 156 161 182 157 163 58 93 7 14 174 71 66 129 152 60 3 64 116 12 190 13 15 108 57 84 140 194 137 56 99 43 132 153 42 95 147 142 51 176 186 92 86 162 53 136 159 96 18 89 88 52 115 36 91 78 199 1
78
82 82
119 119
103 103
138 138
49 49
121 121
105 105
128 128
130 130
31 31
90 90
46 46
23 23
127 127
110 110
26 26
83 83
193 193
101 101
175 175
185 185
98 98
156 156
161 161
182 182
157 157
163 163
58 58
93 93
7 7
14 14
174 174
71 71
66 66
129 129
152 152
60 60
3 3
64 64
116 116
12 12
190 190
13 13
15 15
108 108
57 57
84 84
140 140
194 194
137 137
56 56
99 99
43 43
132 132
153 153
42 42
95 95
147 147
142 142
51 51
176 176
186 186
92 92
86 86
162 162
53 53
136 136
159 159
96 96
18 18
89 89
88 88
52 52
115 115
36 36
91 91
78 78
199 199
