Abbey Isabella Haven Avni Eden Kimberly Vivian Tanya Yoselin Helen Kiera Karma Marisol Shannon Tara Ruth Rebecca Rayna Alexia Beatrice Harley Carlee Liberty Lillie Nora Lilia Presley Riley Ayanna Dana Jordin Kayley Maeve Mckinley Jamiya Matilda Kristina Mira Sophia Lana Lisa Abbey
38
Isabella Isabella
Haven Haven
Avni Avni
Eden Eden
Kimberly Kimberly
Vivian Vivian
Tanya Tanya
Yoselin Yoselin
Helen Helen
Kiera Kiera
Karma Karma
Marisol Marisol
Shannon Shannon
Tara Tara
Ruth Ruth
Rebecca Rebecca
Rayna Rayna
Alexia Alexia
Beatrice Beatrice
Harley Harley
Carlee Carlee
Liberty Liberty
Lillie Lillie
Nora Nora
Lilia Lilia
Presley Presley
Riley Riley
Ayanna Ayanna
Dana Dana
Jordin Jordin
Kayley Kayley
Maeve Maeve
Mckinley Mckinley
Jamiya Jamiya
Matilda Matilda
Kristina Kristina
Mira Mira
Sophia Sophia
