Abbey Aryana Janiya Jimena Mckayla Alia Ariel Sophie Kenzie Shyanne Elianna Emilie Myah Carleigh Jade Jaden Carlie Natalee Avni Keyla Alivia Haven Claire Jasmin Jamiya Kaley Zion Brooklyn Juliette Lilia Chasity Lainey Kira Alexus Jazmyn Ingrid Taniyah Kristina Rylee Mya Lilyana Gillian Baylee Neveah Lindsay Dayami Kristin Sophia Imani Dana Carly Melina Kaydence Lacey Kiana Maggie Jillian Kimberly Bryanna Diana Aubree Iyana Noelle Riley Laylah Emma Aniya Alexia Tara Christine Kiley Kayden Camilla Lucille Mckinley Ciara Parker Leila Sharon Mira Matilda Carlee Madilynn Zara Arielle Mireya Denisse Nia Zaria Ashley Abbey
88
Abbey Abbey
Aryana Aryana
Janiya Janiya
Jimena Jimena
Mckayla Mckayla
Alia Alia
Ariel Ariel
Sophie Sophie
Kenzie Kenzie
Shyanne Shyanne
Elianna Elianna
Emilie Emilie
Myah Myah
Carleigh Carleigh
Jade Jade
Jaden Jaden
Carlie Carlie
Natalee Natalee
Avni Avni
Keyla Keyla
Alivia Alivia
Haven Haven
Claire Claire
Jasmin Jasmin
Jamiya Jamiya
Kaley Kaley
Zion Zion
Brooklyn Brooklyn
Juliette Juliette
Lilia Lilia
Chasity Chasity
Lainey Lainey
Kira Kira
Alexus Alexus
Jazmyn Jazmyn
Ingrid Ingrid
Taniyah Taniyah
Kristina Kristina
Rylee Rylee
Mya Mya
Lilyana Lilyana
Gillian Gillian
Baylee Baylee
Neveah Neveah
Lindsay Lindsay
Dayami Dayami
Kristin Kristin
Sophia Sophia
Imani Imani
Dana Dana
Carly Carly
Melina Melina
Kaydence Kaydence
Lacey Lacey
Kiana Kiana
Maggie Maggie
Jillian Jillian
Kimberly Kimberly
Bryanna Bryanna
Diana Diana
Aubree Aubree
Iyana Iyana
Noelle Noelle
Riley Riley
Laylah Laylah
Emma Emma
Aniya Aniya
Alexia Alexia
Tara Tara
Christine Christine
Kiley Kiley
Kayden Kayden
Camilla Camilla
Lucille Lucille
Mckinley Mckinley
Ciara Ciara
Parker Parker
Leila Leila
Sharon Sharon
Mira Mira
Matilda Matilda
Carlee Carlee
Madilynn Madilynn
Zara Zara
Arielle Arielle
Mireya Mireya
Denisse Denisse
Nia Nia
