Taozhuang Fort Oulmes Rutherglen Ilesa Somma Rafiganj Uran Besuki Middle Uran Cibinong Strathfield Nonsan Waverly Azrou Ramla Sarandi Uran Durazno Artur Wesseling Uran Jackson Rosedale Camayenne Uran Freetown Ulu New Memmingen Sicklerville Esmeraldas Aytos Hechingen Bang Esperanza Gudermes Bourbonnais Longgang Norco Uran Jinotepe Alatyr Kallio Tupelo Gauting Boo Calauan Villa Donggongon Caravaca Uran Severodvinsk Uran
46
Fort Fort
Oulmes Oulmes
Rutherglen Rutherglen
Ilesa Ilesa
Somma Somma
Rafiganj Rafiganj
Uran Uran Taozhuang Taozhuang Pottstown Jingzhou
Besuki Besuki
Middle Middle
Cibinong Cibinong
Strathfield Strathfield
Nonsan Nonsan
Waverly Waverly
Azrou Azrou
Ramla Ramla
Sarandi Sarandi
Durazno Durazno
Artur Artur
Wesseling Wesseling
Jackson Jackson
Rosedale Rosedale
Camayenne Camayenne
Freetown Freetown
Ulu Ulu
New New
Memmingen Memmingen
Sicklerville Sicklerville
Esmeraldas Esmeraldas
Aytos Aytos
Hechingen Hechingen
Bang Bang
Esperanza Esperanza
Gudermes Gudermes
Bourbonnais Bourbonnais
Longgang Longgang
Norco Udumalaippettai
Jinotepe Jinotepe
Alatyr Alatyr
Kallio Kallio
Tupelo Tupelo
Gauting Gauting
Boo Boo
Calauan Calauan
Villa Villa
Donggongon Donggongon
Caravaca Caravaca
