Ilesa Tharu Bensheim Dahlem MitryMory Guli Bon An Bobigny Copperas Bensheim Shaowu Chacabuco Ramla Yingkou Milledgeville Mouscron Bogovinje Tak Talipparamba Alexandria WaltonontheNaze Landshut Puducherry Claremont Bensheim Paredes Valday Magomeni Jashpurnagar Rhosllanerchrugog Aklera Stuttgart Rutland Zaozhuang Bensheim Brzeg Kyzylorda Bensheim Ada Great Resplendor Ilesa Campobasso Bensheim Gariadhar Bavly American Marburg Lille Bensheim Shagamu Bang Tupelo Sishui Toledo Davis Sorsogon Oberhausen Palm Memmingen Barracas Aurora Malden Tupiza DehiwalaMount Uran Viewpark Palafrugell Villaquilambre Stupino PortVila Meizhou Milagro Azrou Oulmes Mexborough Tiruppuvanam Onex Puerto Foshan Sillanwali Ventimiglia Alfenas Aleshtar Polohy Lodwar Jagna Niort Bensheim PointeClaire Perth New Bensheim GernikaLumo LonsleSaunier Jiangyan Brunswick Hermsdorf Ponta Sirsi Itacoatiara Valletta Sceaux Calauan UlanUde Bensheim
95
Ilesa Ilesa
Tharu Tharu
Bensheim Bensheim Clermont Skalica
Dahlem Dahlem
MitryMory MitryMory
Guli Guli
Bon Bon
An An
Bobigny Bobigny
Copperas Copperas
Shaowu Shaowu
Chacabuco Chacabuco
Ramla Ramla
Yingkou Yingkou
Milledgeville Milledgeville
Mouscron Mouscron
Bogovinje Bogovinje
Tak Tak
Talipparamba Talipparamba
Alexandria Alexandria
WaltonontheNaze WaltonontheNaze
Landshut Landshut
Puducherry Puducherry
Claremont Claremont
Paredes Paredes
Valday Valday
Magomeni Magomeni
Jashpurnagar Jashpurnagar
Rhosllanerchrugog Rhosllanerchrugog
Aklera Aklera
Stuttgart Stuttgart
Rutland Rutland
Zaozhuang Zaozhuang
Brzeg Brzeg
Kyzylorda Kyzylorda
Ada Ada
Great Tyoply
Resplendor Resplendor
Campobasso Campobasso
Gariadhar Gariadhar
Bavly Bavly
American American
Marburg Marburg
Lille Lille
Shagamu Shagamu
Bang Bang
Tupelo Tupelo
Sishui Sishui
Toledo Toledo
Davis Davis
Sorsogon Sorsogon
Oberhausen Oberhausen
Palm Palm
Memmingen Memmingen
Barracas Barracas
Aurora Aurora
Malden Malden
Tupiza Tupiza
DehiwalaMount DehiwalaMount
Uran Uran
Viewpark Viewpark
Palafrugell Palafrugell
Villaquilambre Villaquilambre
Stupino Stupino
PortVila PortVila
Meizhou Meizhou
Milagro Milagro
Azrou Azrou
Oulmes Oulmes
Mexborough Mexborough
Tiruppuvanam Tiruppuvanam
Onex Onex
Puerto Puerto
Foshan Foshan
Sillanwali Sillanwali
Ventimiglia Ventimiglia
Alfenas Alfenas
Aleshtar Aleshtar
Polohy Polohy
Lodwar Lodwar
Jagna Jagna
Niort Niort
PointeClaire PointeClaire
Perth Perth
New New
GernikaLumo GernikaLumo
LonsleSaunier LonsleSaunier
Jiangyan Jiangyan
Brunswick Brunswick
Hermsdorf Hermsdorf
Ponta Ponta
Sirsi Sirsi
Itacoatiara Itacoatiara
Valletta Valletta
Sceaux Sceaux
