Lesnoy GatesNorth Sungurlu Ishim Stade Portogruaro Artur Gisborne Yangambi Zgorzelec Brentwood Beveren Dharmapuri Hueytown Franceville Rutherglen Sun Winsford Beveren Pingyi Malaut Blackpool Meerut Visitacion Glogovac Hudiksvall Lesnoy
25
Lesnoy Lesnoy
GatesNorth GatesNorth
Sungurlu Sungurlu
Ishim Ishim
Stade Stade
Portogruaro Portogruaro
Artur Artur
Gisborne Gisborne
Yangambi Yangambi
Zgorzelec Zgorzelec
Brentwood Brentwood
Beveren Kundla
Dharmapuri Dharmapuri
Hueytown Hueytown
Franceville Franceville
Rutherglen Rutherglen
Sun Sun
Winsford Winsford
Pingyi Pingyi
Malaut Malaut
Blackpool Blackpool
Meerut Meerut
Visitacion Visitacion
Glogovac Glogovac
Hudiksvall Hudiksvall
