108 35 7 26 167 118 48 190 148 45 23 134 15 107 176 61 75 186 82 69 34 157 79 49 63 84 182 114 77 184 110 24 109 153 146 197 144 181 65 17 32 188 174 177 78 14 92 66 100 96 28 31 56 151 136 99 95 64 85 53 54 67 179 68 81 142 43 137 73 170 71 130 133 117 128 150 101 1 121 140 44 57 19 126 46 143 129 138 5 38 39 187 83 11 13 37 120 36 108
97
35 35
7 7
26 26
167 167
118 118
48 48
190 190
148 148
45 45
23 23
134 134
15 15
107 107
176 176
61 61
75 75
186 186
82 82
69 69
34 34
157 157
79 79
49 49
63 63
84 84
182 182
114 114
77 77
184 184
110 110
24 24
109 109
153 153
146 146
197 197
144 144
181 181
65 65
17 17
32 32
188 188
174 174
177 177
78 78
14 14
92 92
66 66
100 100
96 96
28 28
31 31
56 56
151 151
136 136
99 99
95 95
64 64
85 85
53 53
54 54
67 67
179 179
68 68
81 81
142 142
43 43
137 137
73 73
170 170
71 71
130 130
133 133
117 117
128 128
150 150
101 101
1 1
121 121
140 140
44 44
57 57
19 19
126 126
46 46
143 143
129 129
138 138
5 5
38 38
39 39
187 187
83 83
11 11
13 13
37 37
120 120
36 36
