1 95 126 122 1 17 118 4 144 5 1 76 6 56 132 92 130 52 120 44 1 98 84 2 18 20 96 100 42 71 1 137 48 124 1 125 10 74 24 26 22 23 1 59 72 14 114 28 138 68 1 107 60 47 1 101 90 104 30 134 1 40 36 86 1 35 142 50 34 143 12 8 66 113 94 41 1 62 78 83 54 80 70 29 106 32 108 89 82 77 58 38 102 16 46 112 1
83
95 95
126 126
122 122
1 88 119 128 136 131 11 64 110 140 53 65 116
17 17
118 118
4 4
144 144
5 5
76 76
6 6
56 56
132 132
92 92
130 130
52 52
120 120
44 44
98 98
84 84
2 2
18 18
20 20
96 96
100 100
42 42
71 71
137 137
48 48
124 124
125 125
10 10
74 74
24 24
26 26
22 22
23 23
59 59
72 72
14 14
114 114
28 28
138 138
68 68
107 107
60 60
47 47
101 101
90 90
104 104
30 30
134 134
40 40
36 36
86 86
35 35
142 142
50 50
34 34
143 143
12 12
8 8
66 66
113 113
94 94
41 41
62 62
78 78
83 83
54 54
80 80
70 70
29 29
106 106
32 32
108 108
89 89
82 82
77 77
58 58
38 38
102 102
16 16
