create hide scrap deck suffer merit contract creation celebration ballot battery think colon top predict skip cancel prove appear mechanism line concern pupil magnitude dose pride nationalism maze community tin transmission bracket belief childish absorption fuss direct accessible feign company perception linear farewell minimize basketball crew exotic breakin adult pastel steward create
50
hide hide
scrap scrap
deck deck
suffer suffer
merit merit
contract contract
creation creation
celebration celebration
ballot ballot
battery battery
think think
colon colon
top top
predict predict
skip skip
cancel cancel
prove prove
appear appear
mechanism mechanism
line line
concern concern
pupil pupil
magnitude magnitude
dose dose
pride pride
nationalism nationalism
maze maze
community community
tin tin
transmission transmission
bracket bracket
belief belief
childish childish
absorption absorption
fuss fuss
direct direct
accessible accessible
feign feign
company company
perception perception
linear linear
farewell farewell
minimize minimize
basketball basketball
crew crew
exotic exotic
breakin breakin
adult adult
pastel pastel
steward steward
