pride feign traction direct create seller dialect ballot fuss maze pupil pastel thread skip line wrong formation deck scrap colon suffer leash nationalism domestic magnitude accessible celebration appear snap magnetic trance mosaic inhibition concern desk partnership farewell adult belief crew steward integrated craftsman childish community tin fortune valid battery linear whole work mechanism breakin hide contract loud bring equinox dilemma makeup berry prove knit dedicate creation think minimize dose glide perception absorption car cancel denial merit bracket transmission exotic huge shelter predict gift salmon east tribe thank transaction homosexual mind company top present lobby rabbit vote offensive deter basketball dramatic pride
100
pride pride
feign feign
traction traction
direct direct
create create
seller seller
dialect dialect
ballot ballot
fuss fuss
maze maze
pupil pupil
pastel pastel
thread thread
skip skip
line line
wrong wrong
formation formation
deck deck
scrap scrap
colon colon
suffer suffer
leash leash
nationalism nationalism
domestic domestic
magnitude magnitude
accessible accessible
celebration celebration
appear appear
snap snap
magnetic magnetic
trance trance
mosaic mosaic
inhibition inhibition
concern concern
desk desk
partnership partnership
farewell farewell
adult adult
belief belief
crew crew
steward steward
integrated integrated
craftsman craftsman
childish childish
community community
tin tin
fortune fortune
valid valid
battery battery
linear linear
whole whole
work work
mechanism mechanism
breakin breakin
hide hide
contract contract
loud loud
bring bring
equinox equinox
dilemma dilemma
makeup makeup
berry berry
prove prove
knit knit
dedicate dedicate
creation creation
think think
minimize minimize
dose dose
glide glide
perception perception
absorption absorption
car car
cancel cancel
denial denial
merit merit
bracket bracket
transmission transmission
exotic exotic
huge huge
shelter shelter
predict predict
gift gift
salmon salmon
east east
tribe tribe
thank thank
transaction transaction
homosexual homosexual
mind mind
company company
top top
present present
lobby lobby
rabbit rabbit
vote vote
offensive offensive
deter deter
basketball basketball
dramatic dramatic
