suffer think perception company deck childish pastel scrap exotic farewell belief creation appear skip linear tin ballot battery minimize community basketball top crew adult hide steward concern
23
think think
perception perception
company company
deck deck
childish childish
pastel pastel
scrap scrap
exotic exotic
farewell farewell
belief belief
creation creation
appear appear
skip skip
linear linear
tin tin
ballot ballot
battery battery
minimize minimize
community community
basketball basketball
top top
crew crew
adult adult
