1 18 19 21 20 18 1 114 115 117 116 114 1 122 123 125 124 122 1 150 151 152 155 153 154 152 151 150 1 110 112 113 111 110 1 106 107 109 108 106 1 22 24 25 23 22 1 56 58 59 57 56 1 14 16 17 15 14 1 60 63 62 61 60 1 72 75 73 74 72 1 118 120 121 119 118 1 160 163 162 161 160 1 64 67 66 65 64 1 6 9 8 7 6 1 50 51 52 53 54 55 52 51 50 1 10 11 12 13 10 1 2 3 5 4 2 1 168 170 171 169 168 1 164 166 167 165 164 1 156 158 157 159 156 1 100 101 102 104 103 105 102 101 100 1 68 70 71 69 68 1 172 174 175 173 172 1
72
19 19
21 21
20 20
115 115
117 117
116 116
123 123
125 125
124 124
155 155
153 153
154 154
112 112
113 113
111 111
107 107
109 109
108 108
24 24
25 25
23 23
58 58
59 59
57 57
16 16
17 17
15 15
63 63
62 62
61 61
75 75
73 73
74 74
120 120
121 121
119 119
163 163
162 162
161 161
67 67
66 66
65 65
9 9
8 8
7 7
53 53
54 54
55 55
11 11
12 12
13 13
1 178 178 180 28 28 30 78 78 80 128 128 130
3 3
5 5
4 4
170 170
171 171
169 169
166 166
167 167
165 165
158 158
157 157
159 159
104 104
103 103
105 105
70 70
71 71
69 69
174 174
175 175
