0 1 2 12 3 4 5 15 26 16 17 8 9 18 29 39 38 37 48 57 68 77 78 89 99 98 108 118 129 139 149 158 168 178 189 199 198 188 187 196 186 175 176 167 166 165 174 184 183 182 181 170 160 161 151 150 140 130 120 121 122 111 101 102 103 104 94 105 114 125 124 123 133 132 142 152 153 164 154 155 146 147 136 127 116 107 96 95 86 87 76 67 56 46 45 34 24 33 43 53 64 73 72 83 82 81 80 70 71 61 51 42 31 22 21 20 10 0
99
2 2
12 12
4 4
5 5
15 15
26 26
16 16
17 17
8 8
9 9
18 18
29 29
39 39
37 37
48 48
68 68
77 77
89 89
99 99
98 98
108 108
118 118
129 129
139 139
149 149
158 158
178 178
189 189
199 199
198 198
188 188
187 187
196 196
186 186
175 175
176 176
167 167
166 166
165 165
184 184
183 183
182 182
181 181
160 160
161 161
151 151
150 150
140 140
130 130
120 120
122 122
111 111
101 101
102 102
103 103
104 104
94 94
105 105
114 114
125 125
123 123
133 133
132 132
152 152
153 153
164 164
154 154
155 155
146 146
147 147
127 127
116 116
107 107
96 96
95 95
86 86
87 87
76 76
67 67
45 45
24 24
33 33
43 43
53 53
64 64
73 73
72 72
83 83
82 82
81 81
80 80
70 70
71 71
61 61
51 51
42 42
31 31
22 22
21 21
