0 26 63 62 98 47 39 50 96 20 13 11 19 72 78 48 88 84 15 90 38 12 25 68 55 5 4 81 40 76 93 34 28 82 58 30 73 44 33 66 75 79 74 16 14 23 69 94 10 17 49 21 52 67 64 99 89 27 36 37 77 80 51 92 7 8 6 3 86 31 56 9 59 53 71 22 70 41 43 91 83 1 57 95 54 35 60 42 2 85 18 24 32 65 29 61 46 87 97 45 0
98
0 0
26 26
63 63
62 62
98 98
47 47
39 39
50 50
96 96
20 20
13 13
11 11
19 19
72 72
78 78
48 48
88 88
84 84
15 15
90 90
38 38
12 12
25 25
68 68
55 55
5 5
4 4
81 81
40 40
76 76
93 93
34 34
28 28
82 82
58 58
30 30
73 73
44 44
33 33
66 66
75 75
79 79
74 74
16 16
14 14
23 23
69 69
94 94
10 10
17 17
49 49
21 21
52 52
67 67
64 64
99 99
89 89
27 27
36 36
37 37
77 77
80 80
51 51
92 92
7 7
8 8
6 6
3 3
86 86
31 31
56 56
9 9
59 59
53 53
71 71
22 22
70 70
41 41
43 43
91 91
83 83
1 1
57 57
95 95
54 54
35 35
60 60
42 42
2 2
85 85
18 18
24 24
32 32
65 65
29 29
61 61
46 46
87 87
