start c6 c7 c24 c18 c17 c20 c21 c23 c30 c29 c28 c26 c27 c31 c35 c36 c20 c11 c12 c13 c15 c14 c10 c9 c8 c3 start e1 e19 e2 e20 e3 e4 e6 e8 e22 e10 e23 e12 e24 e15 e17 start f14 f10 f20 f19 f18 f9 f14 f7 f17 f16 f15 f5 f13 f12 f11 start g8 g10 g11 g14 g19 g24 g20 g15 g12 g16 g21 g17 g13 g9 g7 g6 g2 g5 g1 g4 g3 start d3 d4 d5 d6 d3 d1 start h4 h23 h24 h25 h3 h26 h2 h8 h9 h10 h11 h12 h16 h17 h6 start a1 a3 a2 a5 a4 start
62
c17 c17
c21 c21
c23 c23
c26 c26
c27 c27
c31 c33
c13 c13
c15 c15
c10 c10
c3 c5 c1
start b25 b15 b24 b26 b2 b1 b5 b6 b4 b3
e19 e19
e20 e20
e4 e21
e22 e22
e23 e23
e24 e24
e15 e25
f14 f14
f20 f20
f19 f19
f18 f18
f17 f17
f16 f16
f15 f15
f13 f13
f12 f12
f11 f11
g8 g8
g10 g10
g11 g11
g14 g14
g19 g19 g23 g18
g24 g24
g20 g20
g15 g15
g12 g12
g16 g16
g21 g21 g25 g22
g17 g17
g13 g13
g9 g9
g7 g7
g6 g6
g2 g2
g5 g5
g1 g1
g4 g4
g3 g3
d4 d4
d5 d5
d1 d1
h4 h22
h24 h24
h26 h26
h9 h9
h12 h13
h17 h17
h6 h18
a1 a1
a3 a3
a2 a2
