BU AT BF CY FP EC DM CR GQ EY HJ FL DR GE BQ EO FU BY CS BM DU GA FG EK AN AV EL DZ GP DD HA ER BZ FF CX DV ES FR HM CV DE AQ AX BA EQ EG AR BN GK CK DJ CA CO CI GM CZ DI DX DP BE EV DS FS GH GO CM AY ET CT AP EH FB EN DT CQ BW CD FW DQ HH FD AF FY HC HG GN DK HP CW GY BG GS FN DL BU HF GT BH FI BK AE
97
BU BU
AT AT
BF BF
CY CY
FP FP
EC EC
DM DM
CR CR
GQ GQ
EY EY
HJ HJ
FL FL
DR DR
GE GE
BQ BQ
EO EO
FU FU
BY BY
CS CS
BM BM
DU DU
GA GA
FG FG
EK EK
AN AN
AV AV
EL EL
DZ DZ
GP GP
DD DD
HA HA
ER ER
BZ BZ
FF FF
CX CX
DV DV
ES ES
FR FR
HM HM
CV CV
DE DE
AQ AQ
AX AX
BA BA
EQ EQ
EG EG
AR AR
BN BN
GK GK
CK CK
DJ DJ
CA CA
CO CO
CI CI
GM GM
CZ CZ
DI DI
DX DX
DP DP
BE BE
EV EV
DS DS
FS FS
GH GH
GO GO
CM CM
AY AY
ET ET
CT CT
AP AP
EH EH
FB FB
EN EN
DT DT
CQ CQ
BW BW
CD CD
FW FW
DQ DQ
HH HH
FD FD
AF AF
FY FY
HC HC
HG HG
GN GN
DK DK
HP HP
CW CW
GY GY
BG BG
GS GS
FN FN
DL DL
HF HF
GT GT
BH BH
