Qatar SanMarino Kyrgyzstan Kosovo UnitedKingdom Armenia America Haiti Mali Peru Tuvalu Morocco Lebanon Sweden Gabon Netherlands Angola Liberia Malta Burundi Georgia DemofChina Mongolia Australia RussianFederation Danzig Guyana Andorra SierraLeone Mozambique Tajikistan France Albania CzechRepublic Tanzania VaticanCity GuineaBissau CostaRica Senegal UAE Nicaragua Montenegro Tunisia Estonia Singapore SaintLucia Egypt Macedonia Belarus Uzbekistan Belgium Qatar
50
SanMarino SanMarino
Kyrgyzstan Kyrgyzstan
Kosovo Kosovo
UnitedKingdom UnitedKingdom
Armenia Armenia
America America
Haiti Haiti
Mali Mali
Peru Peru
Tuvalu Tuvalu
Morocco Morocco
Lebanon Lebanon
Sweden Sweden
Gabon Gabon
Netherlands Netherlands
Angola Angola
Liberia Liberia
Malta Malta
Burundi Burundi
Georgia Georgia
DemofChina DemofChina
Mongolia Mongolia
Australia Australia
RussianFederation RussianFederation
Danzig Danzig
Guyana Guyana
Andorra Andorra
SierraLeone SierraLeone
Mozambique Mozambique
Tajikistan Tajikistan
France France
Albania Albania
CzechRepublic CzechRepublic
Tanzania Tanzania
VaticanCity VaticanCity
GuineaBissau GuineaBissau
CostaRica CostaRica
Senegal Senegal
UAE UAE
Nicaragua Nicaragua
Montenegro Montenegro
Tunisia Tunisia
Estonia Estonia
Singapore Singapore
SaintLucia SaintLucia
Egypt Egypt
Macedonia Macedonia
Belarus Belarus
Uzbekistan Uzbekistan
Belgium Belgium
