Albania Mali Cambodia Lithuania Yemen Seychelles SaintLucia Fiji Qatar Togo Danzig Panama Romania EquatorGuinea PapuaNewGuinea America Grenada Portugal Gabon Venezuela BosHerzegovina Latvia SierraLeone Burkina Maldives Peru Finland UAE Cuba Kazakhstan Mauritania IvoryCoast Japan Kiribati Belarus MountAthos Rwanda Argentina Estonia Newfoundland Algeria Switzerland Greece TheGambia Jamaica Paraguay Laos Australia Djibouti France Italy SaoTomPrincipe NorthKorea SriLanka Thailand Poland Nepal Eritrea VaticanCity Serbia Dominica SolomonIslands CentralAfricanRep Chile Israel Tanzania Cyprus Pakistan Vanuatu Comoros Luxembourg Germany Norway CapeVerde SaudiArabia RussianFederation SaintKitts Mongolia Bhutan Lesotho Andorra NewZealand Brazil Philippines Rome Bulgaria Bahamas Niger Ukraine Mauritius Tunisia Suriname Liechtenstein Kosovo Guatemala Ethiopia Burma Malaysia Hungary UnitedKingdom Slovenia Albania
98
Mali Mali
Cambodia Cambodia
Lithuania Lithuania
Yemen Yemen
Seychelles Seychelles
SaintLucia SaintLucia
Fiji Fiji
Qatar Qatar
Togo Togo
Danzig Danzig
Panama Panama
Romania Romania
EquatorGuinea EquatorGuinea
PapuaNewGuinea PapuaNewGuinea
America America
Grenada Grenada
Portugal Portugal
Gabon Gabon
Venezuela Venezuela
BosHerzegovina BosHerzegovina
Latvia Latvia
SierraLeone SierraLeone
Burkina Burkina
Maldives Maldives
Peru Peru
Finland Finland
UAE UAE
Cuba Cuba
Kazakhstan Kazakhstan
Mauritania Mauritania
IvoryCoast IvoryCoast
Japan Japan
Kiribati Kiribati
Belarus Belarus
MountAthos MountAthos
Rwanda Rwanda
Argentina Argentina
Estonia Estonia
Newfoundland Newfoundland
Algeria Algeria
Switzerland Switzerland
Greece Greece
TheGambia TheGambia
Jamaica Jamaica
Paraguay Paraguay
Laos Laos
Australia Australia
Djibouti Djibouti
France France
Italy Italy
SaoTomPrincipe SaoTomPrincipe
NorthKorea NorthKorea
SriLanka SriLanka
Thailand Thailand
Poland Poland
Nepal Nepal
Eritrea Eritrea
VaticanCity VaticanCity
Serbia Serbia
Dominica Dominica
SolomonIslands SolomonIslands
CentralAfricanRep CentralAfricanRep
Chile Chile
Israel Israel
Tanzania Tanzania
Cyprus Cyprus
Pakistan Pakistan
Vanuatu Vanuatu
Comoros Comoros
Luxembourg Luxembourg
Germany Germany
Norway Norway
CapeVerde CapeVerde
SaudiArabia SaudiArabia
RussianFederation RussianFederation
SaintKitts SaintKitts
Mongolia Mongolia
Bhutan Bhutan
Lesotho Lesotho
Andorra Andorra
NewZealand NewZealand
Brazil Brazil
Philippines Philippines
Rome Rome
Bulgaria Bulgaria
Bahamas Bahamas
Niger Niger
Ukraine Ukraine
Mauritius Mauritius
Tunisia Tunisia
Suriname Suriname
Liechtenstein Liechtenstein
Kosovo Kosovo
Guatemala Guatemala
Ethiopia Ethiopia
Burma Burma
Malaysia Malaysia
Hungary Hungary
