Nepal Vietnam Liechtenstein Palau Estonia VaticanCity Tanzania NewZealand Fiji Azerbaijan MarshallIslands Suriname Botswana Kuwait Mauritius Niger Georgia Belarus Tajikistan Slovakia Argentina Serbia UAE SaintLucia Panama Afghanistan Nepal
23
Vietnam Vietnam
Liechtenstein Liechtenstein
Palau Palau
Estonia Estonia
VaticanCity VaticanCity
Tanzania Tanzania
NewZealand NewZealand
Fiji Fiji
Azerbaijan Azerbaijan
MarshallIslands MarshallIslands
Suriname Suriname
Botswana Botswana
Kuwait Kuwait
Mauritius Mauritius
Niger Niger
Georgia Georgia
Belarus Belarus
Tajikistan Tajikistan
Slovakia Slovakia
Argentina Argentina
Serbia Serbia
UAE UAE
SaintLucia SaintLucia
