Zo0umr3KFWOZJQPm 1bDI0W7o3Pb2zYhB fBCH5yXHMW5jQJjk uuhviI1p7F0sChqp asqla05DvWvndrgH 5TjXpBJuIWCWGZis kWAnmn2xV4T8moWO drsNw5E8nXGgcxxE 2yhNJ9fcTz8hRVDj jVrty3u6KGOjBg80 K5TJWlCDC2GiIJEC z6aHWvfWV1YcOU3s 3PEg9lFbqEimkqjc HAZt9xslXTTIQrh6 uRc2j178KRm3sVAY bpy0VAq3GZuO2R8U Byr8ftz6Pn4uac3K CvZWFxoaMZYhwHYj 3SYpu8y7n2lFaEgA PDtM7hU3L1QjW9eR HqZKcXPbTIsIN6eT 0Pfip4BXzoRzyFv2 xlWntBwCLfHgHam8 2hsCdf5s2NPqItPy e9DWnoEu0mxMb9VK LI7uFZ34s97AeNpk OMjRZA0G6vbBxKd5 rvadWwbDVrEOdUmt J5iqQt6wukvg6KLY qQzEeIfIOpoI9qKk Gypke7sesv6WDuj9 9L0zlmq9jRh6nd1I tZ46uZudk7AfSXt1 PmJZCdR41rbLgXgi WVwd9ExLXa3zphJn ziJdi0Y4mj4TIJZ9 9pH9xdreYrmVM1JI RnvIh4TOetAfG82E EotYPttMvJbBfyaO LdwRPFzBNqStC5X8 Dg4uIWuVD7Xd3FfI KHBd51v9Lk79JoNu ZsdU4FLz0FoJAHOC qeVT6FbNKHRizFU8 1yeDQmwUGYi8LEVC 8pFqGmxaOhvFeBf4 eRAtRmExinGYKjYs QSabhET5tNnXgX60 fg0WyZdFGAAZWRqK W4POX5YqpnnI3x1U 9dVIdmIqrww8IL0A Zo0umr3KFWOZJQPm
50
1bDI0W7o3Pb2zYhB 1bDI0W7o3Pb2zYhB
fBCH5yXHMW5jQJjk fBCH5yXHMW5jQJjk
uuhviI1p7F0sChqp uuhviI1p7F0sChqp
asqla05DvWvndrgH asqla05DvWvndrgH
5TjXpBJuIWCWGZis 5TjXpBJuIWCWGZis
kWAnmn2xV4T8moWO kWAnmn2xV4T8moWO
drsNw5E8nXGgcxxE drsNw5E8nXGgcxxE
2yhNJ9fcTz8hRVDj 2yhNJ9fcTz8hRVDj
jVrty3u6KGOjBg80 jVrty3u6KGOjBg80
K5TJWlCDC2GiIJEC K5TJWlCDC2GiIJEC
z6aHWvfWV1YcOU3s z6aHWvfWV1YcOU3s
3PEg9lFbqEimkqjc 3PEg9lFbqEimkqjc
HAZt9xslXTTIQrh6 HAZt9xslXTTIQrh6
uRc2j178KRm3sVAY uRc2j178KRm3sVAY
bpy0VAq3GZuO2R8U bpy0VAq3GZuO2R8U
Byr8ftz6Pn4uac3K Byr8ftz6Pn4uac3K
CvZWFxoaMZYhwHYj CvZWFxoaMZYhwHYj
3SYpu8y7n2lFaEgA 3SYpu8y7n2lFaEgA
PDtM7hU3L1QjW9eR PDtM7hU3L1QjW9eR
HqZKcXPbTIsIN6eT HqZKcXPbTIsIN6eT
0Pfip4BXzoRzyFv2 0Pfip4BXzoRzyFv2
xlWntBwCLfHgHam8 xlWntBwCLfHgHam8
2hsCdf5s2NPqItPy 2hsCdf5s2NPqItPy
e9DWnoEu0mxMb9VK e9DWnoEu0mxMb9VK
LI7uFZ34s97AeNpk LI7uFZ34s97AeNpk
OMjRZA0G6vbBxKd5 OMjRZA0G6vbBxKd5
rvadWwbDVrEOdUmt rvadWwbDVrEOdUmt
J5iqQt6wukvg6KLY J5iqQt6wukvg6KLY
qQzEeIfIOpoI9qKk qQzEeIfIOpoI9qKk
Gypke7sesv6WDuj9 Gypke7sesv6WDuj9
9L0zlmq9jRh6nd1I 9L0zlmq9jRh6nd1I
tZ46uZudk7AfSXt1 tZ46uZudk7AfSXt1
PmJZCdR41rbLgXgi PmJZCdR41rbLgXgi
WVwd9ExLXa3zphJn WVwd9ExLXa3zphJn
ziJdi0Y4mj4TIJZ9 ziJdi0Y4mj4TIJZ9
9pH9xdreYrmVM1JI 9pH9xdreYrmVM1JI
RnvIh4TOetAfG82E RnvIh4TOetAfG82E
EotYPttMvJbBfyaO EotYPttMvJbBfyaO
LdwRPFzBNqStC5X8 LdwRPFzBNqStC5X8
Dg4uIWuVD7Xd3FfI Dg4uIWuVD7Xd3FfI
KHBd51v9Lk79JoNu KHBd51v9Lk79JoNu
ZsdU4FLz0FoJAHOC ZsdU4FLz0FoJAHOC
qeVT6FbNKHRizFU8 qeVT6FbNKHRizFU8
1yeDQmwUGYi8LEVC 1yeDQmwUGYi8LEVC
8pFqGmxaOhvFeBf4 8pFqGmxaOhvFeBf4
eRAtRmExinGYKjYs eRAtRmExinGYKjYs
QSabhET5tNnXgX60 QSabhET5tNnXgX60
fg0WyZdFGAAZWRqK fg0WyZdFGAAZWRqK
W4POX5YqpnnI3x1U W4POX5YqpnnI3x1U
9dVIdmIqrww8IL0A 9dVIdmIqrww8IL0A
