JTnpCiiBDFzgRSXg kWAnmn2xV4T8moWO LZyPcj0slZv1Vk6U PmJZCdR41rbLgXgi kmMzOIvorXbmvHXw MxcmtGZ6qJUnGaxB 1Eq6CyZRaHXkARva 3th5kfdmmYoxH6sF 9L0zlmq9jRh6nd1I xlWntBwCLfHgHam8 R43sDxzHzrO5kncN pi9Gjwqb8nw39ALT 8vLm5GS8pptr9y8t yILnNjtdKS6kD3NP uN0YmlR4YKMmyTVh 8pFqGmxaOhvFeBf4 uRc2j178KRm3sVAY Gypke7sesv6WDuj9 K5TJWlCDC2GiIJEC 0Pfip4BXzoRzyFv2 6La4alyyQSzgrmmj 8ae7BICLTSRkgPWv PDtM7hU3L1QjW9eR xLhGn69fZWxkF2ME LsIlvCjQu9Xqre9U LUoJ0iRCc71uZfNX QSabhET5tNnXgX60 bpy0VAq3GZuO2R8U Uw31N0oW965MP4qr Plb766RuoiNfkOGW ziJdi0Y4mj4TIJZ9 2v7uFoKD90sPVOTA jVrty3u6KGOjBg80 drsNw5E8nXGgcxxE EuY7nNg1nWHDnCBx 1yeDQmwUGYi8LEVC u7i0C02E9nMoZ6Ab TbM88DujEo9BSxqT AvHIDL41dbfeNksW EotYPttMvJbBfyaO LI7uFZ34s97AeNpk RnvIh4TOetAfG82E 9dVIdmIqrww8IL0A 1r13Qnmq9ixI97Qj 3PEg9lFbqEimkqjc OMjRZA0G6vbBxKd5 M9il2j2XBWeGdURv e9DWnoEu0mxMb9VK HqZKcXPbTIsIN6eT quCqGzaCZ5rVk9Gn gqX9V4QU6KrO7JGI SLuZYQ4lYwLMQuMp rvadWwbDVrEOdUmt 3SYpu8y7n2lFaEgA ZASkL5Mxwr8cbBFG 1ByTcIJH8XabOIWu tZ46uZudk7AfSXt1 6Gt5ffOE5tOJA8A7 asqla05DvWvndrgH CvZWFxoaMZYhwHYj nPVdEshNZOOx6qGx WVwd9ExLXa3zphJn fBCH5yXHMW5jQJjk eRAtRmExinGYKjYs 2hsCdf5s2NPqItPy 6GsK7I0daq8OZxaS dBEYMpdveobbOa64 qQzEeIfIOpoI9qKk 1bDI0W7o3Pb2zYhB YHVvi99ucaU9tYgf LdwRPFzBNqStC5X8 Of6XUqufA1wxpnuj qeVT6FbNKHRizFU8 J5iqQt6wukvg6KLY pKGVzMiXVo3v1oQu qKKAwpkuJY9E8dpl m8Rn3gh3HBuT9R8d fg0WyZdFGAAZWRqK 0BNdm9hpaqd4q3Tx ZsdU4FLz0FoJAHOC 5TjXpBJuIWCWGZis StSocpbFeWB0czP8 27KMNaF72cTW0PDA 2yhNJ9fcTz8hRVDj FzSHaHADmN7Zbhbr KHBd51v9Lk79JoNu Dg4uIWuVD7Xd3FfI 9pH9xdreYrmVM1JI ngcwhTcmwXuonGlk 0rKC7Chib5iDGjTC TEBcdk0AQd6dKevH Zo0umr3KFWOZJQPm U5CEflgpFptgqHUL W4POX5YqpnnI3x1U LjKfvPnu1IVb9d8E uuhviI1p7F0sChqp z6aHWvfWV1YcOU3s Zjo93yXsdcDV6Oit nkKMB647tDItOdTX Byr8ftz6Pn4uac3K YpZJ50mXHPeALpEr HAZt9xslXTTIQrh6
97
kWAnmn2xV4T8moWO kWAnmn2xV4T8moWO
LZyPcj0slZv1Vk6U LZyPcj0slZv1Vk6U
PmJZCdR41rbLgXgi PmJZCdR41rbLgXgi
kmMzOIvorXbmvHXw kmMzOIvorXbmvHXw
MxcmtGZ6qJUnGaxB MxcmtGZ6qJUnGaxB
1Eq6CyZRaHXkARva 1Eq6CyZRaHXkARva
3th5kfdmmYoxH6sF 3th5kfdmmYoxH6sF
9L0zlmq9jRh6nd1I 9L0zlmq9jRh6nd1I
xlWntBwCLfHgHam8 xlWntBwCLfHgHam8
R43sDxzHzrO5kncN R43sDxzHzrO5kncN
pi9Gjwqb8nw39ALT pi9Gjwqb8nw39ALT
8vLm5GS8pptr9y8t 8vLm5GS8pptr9y8t
yILnNjtdKS6kD3NP yILnNjtdKS6kD3NP
uN0YmlR4YKMmyTVh uN0YmlR4YKMmyTVh
8pFqGmxaOhvFeBf4 8pFqGmxaOhvFeBf4
uRc2j178KRm3sVAY uRc2j178KRm3sVAY
Gypke7sesv6WDuj9 Gypke7sesv6WDuj9
K5TJWlCDC2GiIJEC K5TJWlCDC2GiIJEC
0Pfip4BXzoRzyFv2 0Pfip4BXzoRzyFv2
6La4alyyQSzgrmmj 6La4alyyQSzgrmmj
8ae7BICLTSRkgPWv 8ae7BICLTSRkgPWv
PDtM7hU3L1QjW9eR PDtM7hU3L1QjW9eR
xLhGn69fZWxkF2ME xLhGn69fZWxkF2ME
LsIlvCjQu9Xqre9U LsIlvCjQu9Xqre9U
LUoJ0iRCc71uZfNX LUoJ0iRCc71uZfNX
QSabhET5tNnXgX60 QSabhET5tNnXgX60
bpy0VAq3GZuO2R8U bpy0VAq3GZuO2R8U
Uw31N0oW965MP4qr Uw31N0oW965MP4qr
Plb766RuoiNfkOGW Plb766RuoiNfkOGW
ziJdi0Y4mj4TIJZ9 ziJdi0Y4mj4TIJZ9
2v7uFoKD90sPVOTA 2v7uFoKD90sPVOTA
jVrty3u6KGOjBg80 jVrty3u6KGOjBg80
drsNw5E8nXGgcxxE drsNw5E8nXGgcxxE
EuY7nNg1nWHDnCBx EuY7nNg1nWHDnCBx
1yeDQmwUGYi8LEVC 1yeDQmwUGYi8LEVC
u7i0C02E9nMoZ6Ab u7i0C02E9nMoZ6Ab
TbM88DujEo9BSxqT TbM88DujEo9BSxqT
AvHIDL41dbfeNksW AvHIDL41dbfeNksW
EotYPttMvJbBfyaO EotYPttMvJbBfyaO
LI7uFZ34s97AeNpk LI7uFZ34s97AeNpk
RnvIh4TOetAfG82E RnvIh4TOetAfG82E
9dVIdmIqrww8IL0A 9dVIdmIqrww8IL0A
1r13Qnmq9ixI97Qj 1r13Qnmq9ixI97Qj
3PEg9lFbqEimkqjc 3PEg9lFbqEimkqjc
OMjRZA0G6vbBxKd5 OMjRZA0G6vbBxKd5
M9il2j2XBWeGdURv M9il2j2XBWeGdURv
e9DWnoEu0mxMb9VK e9DWnoEu0mxMb9VK
HqZKcXPbTIsIN6eT HqZKcXPbTIsIN6eT
quCqGzaCZ5rVk9Gn quCqGzaCZ5rVk9Gn
gqX9V4QU6KrO7JGI gqX9V4QU6KrO7JGI
SLuZYQ4lYwLMQuMp SLuZYQ4lYwLMQuMp
rvadWwbDVrEOdUmt rvadWwbDVrEOdUmt
3SYpu8y7n2lFaEgA 3SYpu8y7n2lFaEgA
ZASkL5Mxwr8cbBFG ZASkL5Mxwr8cbBFG
1ByTcIJH8XabOIWu 1ByTcIJH8XabOIWu
tZ46uZudk7AfSXt1 tZ46uZudk7AfSXt1
6Gt5ffOE5tOJA8A7 6Gt5ffOE5tOJA8A7
asqla05DvWvndrgH asqla05DvWvndrgH
CvZWFxoaMZYhwHYj CvZWFxoaMZYhwHYj
nPVdEshNZOOx6qGx nPVdEshNZOOx6qGx
WVwd9ExLXa3zphJn WVwd9ExLXa3zphJn
fBCH5yXHMW5jQJjk fBCH5yXHMW5jQJjk
eRAtRmExinGYKjYs eRAtRmExinGYKjYs
2hsCdf5s2NPqItPy 2hsCdf5s2NPqItPy
6GsK7I0daq8OZxaS 6GsK7I0daq8OZxaS
dBEYMpdveobbOa64 dBEYMpdveobbOa64
qQzEeIfIOpoI9qKk qQzEeIfIOpoI9qKk
1bDI0W7o3Pb2zYhB 1bDI0W7o3Pb2zYhB
YHVvi99ucaU9tYgf YHVvi99ucaU9tYgf
LdwRPFzBNqStC5X8 LdwRPFzBNqStC5X8
Of6XUqufA1wxpnuj Of6XUqufA1wxpnuj
qeVT6FbNKHRizFU8 qeVT6FbNKHRizFU8
J5iqQt6wukvg6KLY J5iqQt6wukvg6KLY
pKGVzMiXVo3v1oQu pKGVzMiXVo3v1oQu
qKKAwpkuJY9E8dpl qKKAwpkuJY9E8dpl
m8Rn3gh3HBuT9R8d m8Rn3gh3HBuT9R8d
fg0WyZdFGAAZWRqK fg0WyZdFGAAZWRqK
0BNdm9hpaqd4q3Tx 0BNdm9hpaqd4q3Tx
ZsdU4FLz0FoJAHOC ZsdU4FLz0FoJAHOC
5TjXpBJuIWCWGZis 5TjXpBJuIWCWGZis
StSocpbFeWB0czP8 StSocpbFeWB0czP8
27KMNaF72cTW0PDA 27KMNaF72cTW0PDA
2yhNJ9fcTz8hRVDj 2yhNJ9fcTz8hRVDj
FzSHaHADmN7Zbhbr FzSHaHADmN7Zbhbr
KHBd51v9Lk79JoNu KHBd51v9Lk79JoNu
Dg4uIWuVD7Xd3FfI Dg4uIWuVD7Xd3FfI
9pH9xdreYrmVM1JI 9pH9xdreYrmVM1JI
ngcwhTcmwXuonGlk ngcwhTcmwXuonGlk
0rKC7Chib5iDGjTC 0rKC7Chib5iDGjTC
TEBcdk0AQd6dKevH TEBcdk0AQd6dKevH
Zo0umr3KFWOZJQPm Zo0umr3KFWOZJQPm
U5CEflgpFptgqHUL U5CEflgpFptgqHUL
W4POX5YqpnnI3x1U W4POX5YqpnnI3x1U
LjKfvPnu1IVb9d8E LjKfvPnu1IVb9d8E
uuhviI1p7F0sChqp uuhviI1p7F0sChqp
z6aHWvfWV1YcOU3s z6aHWvfWV1YcOU3s
nkKMB647tDItOdTX nkKMB647tDItOdTX
