vBhpoFdJZxyttIlfaf7D mv3tFPDoT2NlrLp24T9l tUVqKo1E6AibIE6zShkv WwLzOfqcc3FIzub2jh8R rkMvLqMMN5Aq3onq5XeZ JEGgKJfdY8owvwdYhKMk rMd1TXBMCuFfO59jF1Tq MiPSEwVMn3bbGh4tbRTf WN0Nl06Zx9w6LYUHMZam 4ilNvg3IkxoJuvkwqYsS RRlYwTFLYqL48JIMSAmC qM7lEl3z2COceXw7x0EC EHYUZOt1fTtm7KJue8on XWHR07Y6kfSBbEuD62PN iki3BohF22ET0rMPxXQ5 eKaPpzrMwOPxNzeoOSFH uUumBfQJDh6S0d06Kb78 zs7X4IJgeJEM8iqAbvF3 XX8iZd9Mw56dkKCstFAC fp9JaV5iTp8QxXwwkR68 oFNlFPub6zLirsQwo0fu qkrT0EYt8AHuefFD25g1 J00g7hlLLSWTXvTYK9v2 7PoxePhwnlLvMilKVpER d6xeP6xeDJ3O2jY8D4pB 8Le4AI986fwHZXPoOMK1 37APL8dpwT5Ds5AIG0t4 n2Cqtp5v2DuwGX7LhuzE R6ZzYYWqarkWldqbKDab XYk0VV4ujV55qqS8YiHV 2LthmnS3Cdd5FBfY5GQ9 vLwJebpyApE3MPksc9OW DybFcuyeWxt51LawzVvs ohy3S5QXymEhh63dMBQE cs6LkMYfySGYUzb8VLcc W1jWYYdH0atiKtbaVDRT 535WuquKiicRqEyzCI3d 9B0w6Ahn3NsugfNn6veD NAqhSs9OpS9XtIaJtTCD 6PPTzNGrNxrgfdvm8cwZ nB1RHSnvjX4nG0Tch5En RpMJGAvULIBCQ0RI369s 8mLI4Cl8exxeLw5eLCvi 6koX1rNvAwrB84m39eQv jTdja1e2hUhydiExPlJM fHfopcx4v3MKBN0TMn7s 17OoKHzumyPaqfjSSc7S wHEcyeduhdH7p3Lr1PtC R7crXexksQ4TN5zY2ck3 XBxLd5K0m0Gtk5fTL45q InZnvPu8h9zAoLCNj2in vBhpoFdJZxyttIlfaf7D
50
mv3tFPDoT2NlrLp24T9l mv3tFPDoT2NlrLp24T9l
tUVqKo1E6AibIE6zShkv tUVqKo1E6AibIE6zShkv
WwLzOfqcc3FIzub2jh8R WwLzOfqcc3FIzub2jh8R
rkMvLqMMN5Aq3onq5XeZ rkMvLqMMN5Aq3onq5XeZ
JEGgKJfdY8owvwdYhKMk JEGgKJfdY8owvwdYhKMk
rMd1TXBMCuFfO59jF1Tq rMd1TXBMCuFfO59jF1Tq
MiPSEwVMn3bbGh4tbRTf MiPSEwVMn3bbGh4tbRTf
WN0Nl06Zx9w6LYUHMZam WN0Nl06Zx9w6LYUHMZam
4ilNvg3IkxoJuvkwqYsS 4ilNvg3IkxoJuvkwqYsS
RRlYwTFLYqL48JIMSAmC RRlYwTFLYqL48JIMSAmC
qM7lEl3z2COceXw7x0EC qM7lEl3z2COceXw7x0EC
EHYUZOt1fTtm7KJue8on EHYUZOt1fTtm7KJue8on
XWHR07Y6kfSBbEuD62PN XWHR07Y6kfSBbEuD62PN
iki3BohF22ET0rMPxXQ5 iki3BohF22ET0rMPxXQ5
eKaPpzrMwOPxNzeoOSFH eKaPpzrMwOPxNzeoOSFH
uUumBfQJDh6S0d06Kb78 uUumBfQJDh6S0d06Kb78
zs7X4IJgeJEM8iqAbvF3 zs7X4IJgeJEM8iqAbvF3
XX8iZd9Mw56dkKCstFAC XX8iZd9Mw56dkKCstFAC
fp9JaV5iTp8QxXwwkR68 fp9JaV5iTp8QxXwwkR68
oFNlFPub6zLirsQwo0fu oFNlFPub6zLirsQwo0fu
qkrT0EYt8AHuefFD25g1 qkrT0EYt8AHuefFD25g1
J00g7hlLLSWTXvTYK9v2 J00g7hlLLSWTXvTYK9v2
7PoxePhwnlLvMilKVpER 7PoxePhwnlLvMilKVpER
d6xeP6xeDJ3O2jY8D4pB d6xeP6xeDJ3O2jY8D4pB
8Le4AI986fwHZXPoOMK1 8Le4AI986fwHZXPoOMK1
37APL8dpwT5Ds5AIG0t4 37APL8dpwT5Ds5AIG0t4
n2Cqtp5v2DuwGX7LhuzE n2Cqtp5v2DuwGX7LhuzE
R6ZzYYWqarkWldqbKDab R6ZzYYWqarkWldqbKDab
XYk0VV4ujV55qqS8YiHV XYk0VV4ujV55qqS8YiHV
2LthmnS3Cdd5FBfY5GQ9 2LthmnS3Cdd5FBfY5GQ9
vLwJebpyApE3MPksc9OW vLwJebpyApE3MPksc9OW
DybFcuyeWxt51LawzVvs DybFcuyeWxt51LawzVvs
ohy3S5QXymEhh63dMBQE ohy3S5QXymEhh63dMBQE
cs6LkMYfySGYUzb8VLcc cs6LkMYfySGYUzb8VLcc
W1jWYYdH0atiKtbaVDRT W1jWYYdH0atiKtbaVDRT
535WuquKiicRqEyzCI3d 535WuquKiicRqEyzCI3d
9B0w6Ahn3NsugfNn6veD 9B0w6Ahn3NsugfNn6veD
NAqhSs9OpS9XtIaJtTCD NAqhSs9OpS9XtIaJtTCD
6PPTzNGrNxrgfdvm8cwZ 6PPTzNGrNxrgfdvm8cwZ
nB1RHSnvjX4nG0Tch5En nB1RHSnvjX4nG0Tch5En
RpMJGAvULIBCQ0RI369s RpMJGAvULIBCQ0RI369s
8mLI4Cl8exxeLw5eLCvi 8mLI4Cl8exxeLw5eLCvi
6koX1rNvAwrB84m39eQv 6koX1rNvAwrB84m39eQv
jTdja1e2hUhydiExPlJM jTdja1e2hUhydiExPlJM
fHfopcx4v3MKBN0TMn7s fHfopcx4v3MKBN0TMn7s
17OoKHzumyPaqfjSSc7S 17OoKHzumyPaqfjSSc7S
wHEcyeduhdH7p3Lr1PtC wHEcyeduhdH7p3Lr1PtC
R7crXexksQ4TN5zY2ck3 R7crXexksQ4TN5zY2ck3
XBxLd5K0m0Gtk5fTL45q XBxLd5K0m0Gtk5fTL45q
InZnvPu8h9zAoLCNj2in InZnvPu8h9zAoLCNj2in
