Mf966TmCJF9l0PTKetVd JfWSVxbK8iOEPzK7FV9x XfWllIgv9lA6ZwGuKvLt ZPAxEbVjKWTr0cDqLbA0 GzkbHop7cJv0CvjQalTE HhITLZSwERe6osGRUBXt BLgd9OLqnPIJY5LCIxDK 7ArLVA3N0doHBQAlCDtl TkZ4LHIfwKap48xdp8m2 bLojQFXmB5k6r0zKTWYe 4mdSIFCsq2HySOzm2H4M dOWv4G57nxm9UArCvQlq JWE9kJZ3fUSBbRtkVScl wyZ3Q4gHyaxpdYdezyjU CHHJQHxp9VQGraviPBS2 VaRx19QfIOvUT5pZyulj jZUUy27kZ3z2uIv0PGPy cAkwFDH7tSQkP40ewGcD km12BN3CByUGmRV2tX7b fsCdklolnC3ndvzFtyM3 BcvYB1mubFuRTbgMUsXg S0PhmGw8tyUPzxvRSE5R eA2uctxdjBuXDZUrmUHy mGfIqoDGGajPXw9RvY8S Ad4iMaOuAofXNjJzNKWl ul7ierPjffkmvfh4Ylme Hpniux0SkkA6CliHWNDc a6uUA0TEdnZwD1b73O9r b2icxuMf1zEyF7ImMEzE NtZncVsU7O40k1BXousH CxdADQl1Lh5mGQMAravk p6bp9pYgtaGo4Q50DQAM BCVfaQnOCgLubJ23r8nF 4CVQrsejmjPmVL7elf2w zDq8bGYKiSYw3c53IWfw TBEGhhvsdStRJh2Eqkyf Xucw5TdPOzp0SQGWHjkE HKK5Jm9eHd0V7gvBWuw9 Q4jkxyPtGKis0eXik3Gg R87rV3jFUvYuE0RN4Z4a CLNCAWQgYnzuvt7RChAf UvtGaTsTes8Gs4gE8ya3 flliQzyn5hSC8yLOMyYJ QZIvvAQe1weWyQjLrGi1 WQlZty1AKP9gLfjz0EYW aH2XDl7CjGFhEP3bbYjH ZDA7k1XMUYTsnmCfuUtR ydEppVwK15UN0USyP00U u4VGAkqq00Jhej3knMJI KCy3uvDFe4h3kwRgxFiX YrtjNlKZcZnAXu7owFPA 7c4FoaFf1TJetsLZUEok QMmklR1fA1rnjMsU1WMc 5ebtvAsyAh8vEmm1Z3wm Y5ZKsuPbCDUQp5LjPNey byF5FvS6RJUrgCsP3o6T Crbc9OlCoJ9dTIJXXsjb Ic20PkDM6xxefUTvJEIQ iRg3oRlKsAtLuOm5tUrC KKiBHd9DTQAd6AZYxlK3 4mRiy2s23Ljl4N4CqEav kGhQ3uDjcFA7MLP7UF4W pxBA1Tii62WPeRWcccVp jAzyDyaN1mD5Ei1RjCiO wtlCpdxHbUUmSY7DnD2u IwnN6xRahpjWnxZTYR2F SQhK0n9L9aixdJxvdeKd N7mkTpLI9Mgh0txBOflw sSdPSXUotKahf03SRnBn 3Yod5nNtIcKNmTtNQ3xH 1aGCWVuyE8DRxIV204ZW lrLgTYF7nIsDkEYlxuHz acwLCbshqBQuYbTzAPRI W1IcDWCQWwTCriXsjtm4 wNmo9den9k6ySqzO7o0M 2bMCdMiNzTpm8a2kNe9G JfzkldRR1w0Y52KBg47D RrBlUMzlEzdRa5S1pyiF NvfSRypj4POoHWC3jDz3 56ePYTmTGzdOHfvnLEPd WZxeHszJ2ShfYgJs53YV trOoQ3enuOI8GUJqwAMC GfTqQpqjWivAFXbCN2BL 1wZce3qjltyIzzlL1Zfw kVdbGuYm0jD2q8vsLFHY TmdW4dU59umpgT9XX8G3 OGxA8YvD4WfIxOfmtWm4 czjPVxJvSz9DoMc0Y7Vv 0O3lDJvzYSiuZNzHimQX y3cL4LyhfEAlU1Jj1Xj6 1crXui4lUlMG7IuTFiXo aU4DeG46NC8vRU6N0ahg VqBuOSJBVqxMG4rldwQn OyOgefgJfgx6VwEfudZn AjMqEYKq0eELwsiEhQNE bBJ5TDHtVrSIxXmQJ63J tH0lbMmdJDVlC4Pr7uAb rzYdrZxXnbXlOjFVWVaR PLyQF48YPXs4LxxIxWHM e2usEAoRX2qu6mneHOxg Yw0z9L8p6xIk7hgYCgVd Mf966TmCJF9l0PTKetVd
100
JfWSVxbK8iOEPzK7FV9x JfWSVxbK8iOEPzK7FV9x
XfWllIgv9lA6ZwGuKvLt XfWllIgv9lA6ZwGuKvLt
ZPAxEbVjKWTr0cDqLbA0 ZPAxEbVjKWTr0cDqLbA0
GzkbHop7cJv0CvjQalTE GzkbHop7cJv0CvjQalTE
HhITLZSwERe6osGRUBXt HhITLZSwERe6osGRUBXt
BLgd9OLqnPIJY5LCIxDK BLgd9OLqnPIJY5LCIxDK
7ArLVA3N0doHBQAlCDtl 7ArLVA3N0doHBQAlCDtl
TkZ4LHIfwKap48xdp8m2 TkZ4LHIfwKap48xdp8m2
bLojQFXmB5k6r0zKTWYe bLojQFXmB5k6r0zKTWYe
4mdSIFCsq2HySOzm2H4M 4mdSIFCsq2HySOzm2H4M
dOWv4G57nxm9UArCvQlq dOWv4G57nxm9UArCvQlq
JWE9kJZ3fUSBbRtkVScl JWE9kJZ3fUSBbRtkVScl
wyZ3Q4gHyaxpdYdezyjU wyZ3Q4gHyaxpdYdezyjU
CHHJQHxp9VQGraviPBS2 CHHJQHxp9VQGraviPBS2
VaRx19QfIOvUT5pZyulj VaRx19QfIOvUT5pZyulj
jZUUy27kZ3z2uIv0PGPy jZUUy27kZ3z2uIv0PGPy
cAkwFDH7tSQkP40ewGcD cAkwFDH7tSQkP40ewGcD
km12BN3CByUGmRV2tX7b km12BN3CByUGmRV2tX7b
fsCdklolnC3ndvzFtyM3 fsCdklolnC3ndvzFtyM3
BcvYB1mubFuRTbgMUsXg BcvYB1mubFuRTbgMUsXg
S0PhmGw8tyUPzxvRSE5R S0PhmGw8tyUPzxvRSE5R
eA2uctxdjBuXDZUrmUHy eA2uctxdjBuXDZUrmUHy
mGfIqoDGGajPXw9RvY8S mGfIqoDGGajPXw9RvY8S
Ad4iMaOuAofXNjJzNKWl Ad4iMaOuAofXNjJzNKWl
ul7ierPjffkmvfh4Ylme ul7ierPjffkmvfh4Ylme
Hpniux0SkkA6CliHWNDc Hpniux0SkkA6CliHWNDc
a6uUA0TEdnZwD1b73O9r a6uUA0TEdnZwD1b73O9r
b2icxuMf1zEyF7ImMEzE b2icxuMf1zEyF7ImMEzE
NtZncVsU7O40k1BXousH NtZncVsU7O40k1BXousH
CxdADQl1Lh5mGQMAravk CxdADQl1Lh5mGQMAravk
p6bp9pYgtaGo4Q50DQAM p6bp9pYgtaGo4Q50DQAM
BCVfaQnOCgLubJ23r8nF BCVfaQnOCgLubJ23r8nF
4CVQrsejmjPmVL7elf2w 4CVQrsejmjPmVL7elf2w
zDq8bGYKiSYw3c53IWfw zDq8bGYKiSYw3c53IWfw
TBEGhhvsdStRJh2Eqkyf TBEGhhvsdStRJh2Eqkyf
Xucw5TdPOzp0SQGWHjkE Xucw5TdPOzp0SQGWHjkE
HKK5Jm9eHd0V7gvBWuw9 HKK5Jm9eHd0V7gvBWuw9
Q4jkxyPtGKis0eXik3Gg Q4jkxyPtGKis0eXik3Gg
R87rV3jFUvYuE0RN4Z4a R87rV3jFUvYuE0RN4Z4a
CLNCAWQgYnzuvt7RChAf CLNCAWQgYnzuvt7RChAf
UvtGaTsTes8Gs4gE8ya3 UvtGaTsTes8Gs4gE8ya3
flliQzyn5hSC8yLOMyYJ flliQzyn5hSC8yLOMyYJ
QZIvvAQe1weWyQjLrGi1 QZIvvAQe1weWyQjLrGi1
WQlZty1AKP9gLfjz0EYW WQlZty1AKP9gLfjz0EYW
aH2XDl7CjGFhEP3bbYjH aH2XDl7CjGFhEP3bbYjH
ZDA7k1XMUYTsnmCfuUtR ZDA7k1XMUYTsnmCfuUtR
ydEppVwK15UN0USyP00U ydEppVwK15UN0USyP00U
u4VGAkqq00Jhej3knMJI u4VGAkqq00Jhej3knMJI
KCy3uvDFe4h3kwRgxFiX KCy3uvDFe4h3kwRgxFiX
YrtjNlKZcZnAXu7owFPA YrtjNlKZcZnAXu7owFPA
7c4FoaFf1TJetsLZUEok 7c4FoaFf1TJetsLZUEok
QMmklR1fA1rnjMsU1WMc QMmklR1fA1rnjMsU1WMc
5ebtvAsyAh8vEmm1Z3wm 5ebtvAsyAh8vEmm1Z3wm
Y5ZKsuPbCDUQp5LjPNey Y5ZKsuPbCDUQp5LjPNey
byF5FvS6RJUrgCsP3o6T byF5FvS6RJUrgCsP3o6T
Crbc9OlCoJ9dTIJXXsjb Crbc9OlCoJ9dTIJXXsjb
Ic20PkDM6xxefUTvJEIQ Ic20PkDM6xxefUTvJEIQ
iRg3oRlKsAtLuOm5tUrC iRg3oRlKsAtLuOm5tUrC
KKiBHd9DTQAd6AZYxlK3 KKiBHd9DTQAd6AZYxlK3
4mRiy2s23Ljl4N4CqEav 4mRiy2s23Ljl4N4CqEav
kGhQ3uDjcFA7MLP7UF4W kGhQ3uDjcFA7MLP7UF4W
pxBA1Tii62WPeRWcccVp pxBA1Tii62WPeRWcccVp
jAzyDyaN1mD5Ei1RjCiO jAzyDyaN1mD5Ei1RjCiO
wtlCpdxHbUUmSY7DnD2u wtlCpdxHbUUmSY7DnD2u
IwnN6xRahpjWnxZTYR2F IwnN6xRahpjWnxZTYR2F
SQhK0n9L9aixdJxvdeKd SQhK0n9L9aixdJxvdeKd
N7mkTpLI9Mgh0txBOflw N7mkTpLI9Mgh0txBOflw
sSdPSXUotKahf03SRnBn sSdPSXUotKahf03SRnBn
3Yod5nNtIcKNmTtNQ3xH 3Yod5nNtIcKNmTtNQ3xH
1aGCWVuyE8DRxIV204ZW 1aGCWVuyE8DRxIV204ZW
lrLgTYF7nIsDkEYlxuHz lrLgTYF7nIsDkEYlxuHz
acwLCbshqBQuYbTzAPRI acwLCbshqBQuYbTzAPRI
W1IcDWCQWwTCriXsjtm4 W1IcDWCQWwTCriXsjtm4
wNmo9den9k6ySqzO7o0M wNmo9den9k6ySqzO7o0M
2bMCdMiNzTpm8a2kNe9G 2bMCdMiNzTpm8a2kNe9G
JfzkldRR1w0Y52KBg47D JfzkldRR1w0Y52KBg47D
RrBlUMzlEzdRa5S1pyiF RrBlUMzlEzdRa5S1pyiF
NvfSRypj4POoHWC3jDz3 NvfSRypj4POoHWC3jDz3
56ePYTmTGzdOHfvnLEPd 56ePYTmTGzdOHfvnLEPd
WZxeHszJ2ShfYgJs53YV WZxeHszJ2ShfYgJs53YV
trOoQ3enuOI8GUJqwAMC trOoQ3enuOI8GUJqwAMC
GfTqQpqjWivAFXbCN2BL GfTqQpqjWivAFXbCN2BL
1wZce3qjltyIzzlL1Zfw 1wZce3qjltyIzzlL1Zfw
kVdbGuYm0jD2q8vsLFHY kVdbGuYm0jD2q8vsLFHY
TmdW4dU59umpgT9XX8G3 TmdW4dU59umpgT9XX8G3
OGxA8YvD4WfIxOfmtWm4 OGxA8YvD4WfIxOfmtWm4
czjPVxJvSz9DoMc0Y7Vv czjPVxJvSz9DoMc0Y7Vv
0O3lDJvzYSiuZNzHimQX 0O3lDJvzYSiuZNzHimQX
y3cL4LyhfEAlU1Jj1Xj6 y3cL4LyhfEAlU1Jj1Xj6
1crXui4lUlMG7IuTFiXo 1crXui4lUlMG7IuTFiXo
aU4DeG46NC8vRU6N0ahg aU4DeG46NC8vRU6N0ahg
VqBuOSJBVqxMG4rldwQn VqBuOSJBVqxMG4rldwQn
OyOgefgJfgx6VwEfudZn OyOgefgJfgx6VwEfudZn
AjMqEYKq0eELwsiEhQNE AjMqEYKq0eELwsiEhQNE
bBJ5TDHtVrSIxXmQJ63J bBJ5TDHtVrSIxXmQJ63J
tH0lbMmdJDVlC4Pr7uAb tH0lbMmdJDVlC4Pr7uAb
rzYdrZxXnbXlOjFVWVaR rzYdrZxXnbXlOjFVWVaR
PLyQF48YPXs4LxxIxWHM PLyQF48YPXs4LxxIxWHM
e2usEAoRX2qu6mneHOxg e2usEAoRX2qu6mneHOxg
Yw0z9L8p6xIk7hgYCgVd Yw0z9L8p6xIk7hgYCgVd
