pv0BsC9reZAUPyAAwfcN j7jI3vJM5SWQs3N9YWK4 vgcAaadTbDs3lU9Z1t49 TWpWLT2JICvczaB6q8Bo pWBi6tyyRZpOm0dbsZfH cZGUbNgsLGnuZE3Ot20K b69ITlIgTtPRUIpmSw5o LtVuPtXkki7L0rCf1ysG YRtAAkfi0YIaAv0XqGni tnUjNl6cWuoaXQEfxH4p idUlMWK1ZaKWh4awCdHY 0EzLvznzqSsDTCbR5WWQ lEZ0YMvUzTvQYxlTiMir LTgssryHh3BZe1w1IMJd N0EmviMgt156P2Bd7oet hk9ECfFhibg7bmIlco5h IVZaGmLbfT5MQpxXO2DP 3iRTkaf7suaV2i91D7AI HET4yE4ksHFmFRytJhfu 75EgdJC8MacBE2zKZlon K5LnOJV1Zh18kgMnZsVe I7VRK3VugXxRlgxCe54Q wrf0xNKoLGLKfuhe6hpI LS3fS52ozGva9KBtcfZZ oFJmSdI9Mubs3awqWY5w 4ZMxz7AKccmgx6JK5gZn m5Au4RgVgXhOUKbKSdGW
22
j7jI3vJM5SWQs3N9YWK4 j7jI3vJM5SWQs3N9YWK4
vgcAaadTbDs3lU9Z1t49 vgcAaadTbDs3lU9Z1t49
TWpWLT2JICvczaB6q8Bo TWpWLT2JICvczaB6q8Bo
pWBi6tyyRZpOm0dbsZfH pWBi6tyyRZpOm0dbsZfH
cZGUbNgsLGnuZE3Ot20K cZGUbNgsLGnuZE3Ot20K
b69ITlIgTtPRUIpmSw5o b69ITlIgTtPRUIpmSw5o
LtVuPtXkki7L0rCf1ysG LtVuPtXkki7L0rCf1ysG
YRtAAkfi0YIaAv0XqGni YRtAAkfi0YIaAv0XqGni
tnUjNl6cWuoaXQEfxH4p tnUjNl6cWuoaXQEfxH4p
idUlMWK1ZaKWh4awCdHY idUlMWK1ZaKWh4awCdHY
lEZ0YMvUzTvQYxlTiMir lEZ0YMvUzTvQYxlTiMir
LTgssryHh3BZe1w1IMJd LTgssryHh3BZe1w1IMJd
N0EmviMgt156P2Bd7oet N0EmviMgt156P2Bd7oet
hk9ECfFhibg7bmIlco5h hk9ECfFhibg7bmIlco5h
IVZaGmLbfT5MQpxXO2DP IVZaGmLbfT5MQpxXO2DP
3iRTkaf7suaV2i91D7AI 3iRTkaf7suaV2i91D7AI
HET4yE4ksHFmFRytJhfu HET4yE4ksHFmFRytJhfu
75EgdJC8MacBE2zKZlon 75EgdJC8MacBE2zKZlon
K5LnOJV1Zh18kgMnZsVe K5LnOJV1Zh18kgMnZsVe
I7VRK3VugXxRlgxCe54Q I7VRK3VugXxRlgxCe54Q
wrf0xNKoLGLKfuhe6hpI wrf0xNKoLGLKfuhe6hpI
LS3fS52ozGva9KBtcfZZ LS3fS52ozGva9KBtcfZZ
