26 148 85 137 163 126 88 29 122 97 55 109 101 105 20 12 107 9 15 113 115 26 45 43 42 116 27 118 16 146 151 152 135 173 36 86 49 134 83 77 71 74 53 56 175 171 172 170 166 159 133 66 63 80 67 90 78 158 106 182 32 58 140 91 81 162 160 149 189 185 168 179 177 181 186 57 111 40 59 131 33 150 30 54 48 11 76 62 61 153 184 114 13 17 119 41 188 8
93
26 26
148 148
85 85
137 137
163 163
126 126
88 88
29 29
122 122
97 97
109 109
101 101
105 105
20 20
12 12
107 107
9 9
15 15
113 113
115 115
45 45
43 43
42 42
116 116
27 27
118 118
16 16
146 146
151 151
152 152
135 135
173 173
36 36
86 86
49 49
134 134
83 83
77 77
71 71
74 74
53 53
56 56
175 175
171 171
172 172
170 170
166 166
159 159
133 133
66 66
63 63
80 80
67 67
90 90
78 78
158 158
106 106
182 182
32 32
58 58
140 140
91 91
81 81
162 162
160 160
149 149
189 189
185 185
168 168
179 179
177 177
181 181
186 186
57 57
111 111
40 40
59 59
131 131
33 33
150 150
30 30
54 54
48 48
11 11
76 76
62 62
61 61
153 153
184 184
114 114
13 13
17 17
119 119
